[2024-09-02T13:58:07.244+0000] {processor.py:161} INFO - Started process (PID=83) to work on /home/airflow/.local/lib/python3.12/site-packages/airflow/example_dags/example_xcomargs.py
[2024-09-02T13:58:07.247+0000] {processor.py:830} INFO - Processing file /home/airflow/.local/lib/python3.12/site-packages/airflow/example_dags/example_xcomargs.py for tasks to queue
[2024-09-02T13:58:07.249+0000] {logging_mixin.py:188} INFO - [2024-09-02T13:58:07.249+0000] {dagbag.py:545} INFO - Filling up the DagBag from /home/airflow/.local/lib/python3.12/site-packages/airflow/example_dags/example_xcomargs.py
[2024-09-02T13:58:07.273+0000] {processor.py:840} INFO - DAG(s) 'example_xcom_args_with_operators', 'example_xcom_args' retrieved from /home/airflow/.local/lib/python3.12/site-packages/airflow/example_dags/example_xcomargs.py
[2024-09-02T13:58:07.610+0000] {logging_mixin.py:188} INFO - [2024-09-02T13:58:07.610+0000] {dag.py:3096} INFO - Sync 2 DAGs
[2024-09-02T13:58:07.641+0000] {logging_mixin.py:188} INFO - [2024-09-02T13:58:07.641+0000] {dag.py:3954} INFO - Setting next_dagrun for example_xcom_args to None, run_after=None
[2024-09-02T13:58:07.656+0000] {logging_mixin.py:188} INFO - [2024-09-02T13:58:07.655+0000] {dag.py:3954} INFO - Setting next_dagrun for example_xcom_args_with_operators to None, run_after=None
[2024-09-02T13:58:07.739+0000] {processor.py:183} INFO - Processing /home/airflow/.local/lib/python3.12/site-packages/airflow/example_dags/example_xcomargs.py took 0.512 seconds
[2024-09-02T13:58:38.468+0000] {processor.py:161} INFO - Started process (PID=141) to work on /home/airflow/.local/lib/python3.12/site-packages/airflow/example_dags/example_xcomargs.py
[2024-09-02T13:58:38.469+0000] {processor.py:830} INFO - Processing file /home/airflow/.local/lib/python3.12/site-packages/airflow/example_dags/example_xcomargs.py for tasks to queue
[2024-09-02T13:58:38.472+0000] {logging_mixin.py:188} INFO - [2024-09-02T13:58:38.471+0000] {dagbag.py:545} INFO - Filling up the DagBag from /home/airflow/.local/lib/python3.12/site-packages/airflow/example_dags/example_xcomargs.py
[2024-09-02T13:58:38.482+0000] {processor.py:840} INFO - DAG(s) 'example_xcom_args', 'example_xcom_args_with_operators' retrieved from /home/airflow/.local/lib/python3.12/site-packages/airflow/example_dags/example_xcomargs.py
[2024-09-02T13:58:38.548+0000] {logging_mixin.py:188} INFO - [2024-09-02T13:58:38.547+0000] {dag.py:3096} INFO - Sync 2 DAGs
[2024-09-02T13:58:38.614+0000] {logging_mixin.py:188} INFO - [2024-09-02T13:58:38.614+0000] {dag.py:3954} INFO - Setting next_dagrun for example_xcom_args to None, run_after=None
[2024-09-02T13:58:38.636+0000] {logging_mixin.py:188} INFO - [2024-09-02T13:58:38.635+0000] {dag.py:3954} INFO - Setting next_dagrun for example_xcom_args_with_operators to None, run_after=None
[2024-09-02T13:58:38.705+0000] {processor.py:183} INFO - Processing /home/airflow/.local/lib/python3.12/site-packages/airflow/example_dags/example_xcomargs.py took 0.244 seconds
[2024-09-02T13:59:08.777+0000] {processor.py:161} INFO - Started process (PID=198) to work on /home/airflow/.local/lib/python3.12/site-packages/airflow/example_dags/example_xcomargs.py
[2024-09-02T13:59:08.778+0000] {processor.py:830} INFO - Processing file /home/airflow/.local/lib/python3.12/site-packages/airflow/example_dags/example_xcomargs.py for tasks to queue
[2024-09-02T13:59:08.789+0000] {logging_mixin.py:188} INFO - [2024-09-02T13:59:08.788+0000] {dagbag.py:545} INFO - Filling up the DagBag from /home/airflow/.local/lib/python3.12/site-packages/airflow/example_dags/example_xcomargs.py
[2024-09-02T13:59:08.801+0000] {processor.py:840} INFO - DAG(s) 'example_xcom_args_with_operators', 'example_xcom_args' retrieved from /home/airflow/.local/lib/python3.12/site-packages/airflow/example_dags/example_xcomargs.py
[2024-09-02T13:59:08.849+0000] {logging_mixin.py:188} INFO - [2024-09-02T13:59:08.848+0000] {dag.py:3096} INFO - Sync 2 DAGs
[2024-09-02T13:59:08.872+0000] {logging_mixin.py:188} INFO - [2024-09-02T13:59:08.872+0000] {dag.py:3954} INFO - Setting next_dagrun for example_xcom_args to None, run_after=None
[2024-09-02T13:59:08.881+0000] {logging_mixin.py:188} INFO - [2024-09-02T13:59:08.881+0000] {dag.py:3954} INFO - Setting next_dagrun for example_xcom_args_with_operators to None, run_after=None
[2024-09-02T13:59:08.927+0000] {processor.py:183} INFO - Processing /home/airflow/.local/lib/python3.12/site-packages/airflow/example_dags/example_xcomargs.py took 0.159 seconds
[2024-09-02T13:59:39.182+0000] {processor.py:161} INFO - Started process (PID=256) to work on /home/airflow/.local/lib/python3.12/site-packages/airflow/example_dags/example_xcomargs.py
[2024-09-02T13:59:39.190+0000] {processor.py:830} INFO - Processing file /home/airflow/.local/lib/python3.12/site-packages/airflow/example_dags/example_xcomargs.py for tasks to queue
[2024-09-02T13:59:39.196+0000] {logging_mixin.py:188} INFO - [2024-09-02T13:59:39.195+0000] {dagbag.py:545} INFO - Filling up the DagBag from /home/airflow/.local/lib/python3.12/site-packages/airflow/example_dags/example_xcomargs.py
[2024-09-02T13:59:39.227+0000] {processor.py:840} INFO - DAG(s) 'example_xcom_args_with_operators', 'example_xcom_args' retrieved from /home/airflow/.local/lib/python3.12/site-packages/airflow/example_dags/example_xcomargs.py
[2024-09-02T13:59:39.286+0000] {logging_mixin.py:188} INFO - [2024-09-02T13:59:39.285+0000] {dag.py:3096} INFO - Sync 2 DAGs
[2024-09-02T13:59:39.321+0000] {logging_mixin.py:188} INFO - [2024-09-02T13:59:39.321+0000] {dag.py:3954} INFO - Setting next_dagrun for example_xcom_args to None, run_after=None
[2024-09-02T13:59:39.326+0000] {logging_mixin.py:188} INFO - [2024-09-02T13:59:39.326+0000] {dag.py:3954} INFO - Setting next_dagrun for example_xcom_args_with_operators to None, run_after=None
[2024-09-02T13:59:39.369+0000] {processor.py:183} INFO - Processing /home/airflow/.local/lib/python3.12/site-packages/airflow/example_dags/example_xcomargs.py took 0.201 seconds
[2024-09-02T14:00:10.671+0000] {processor.py:161} INFO - Started process (PID=313) to work on /home/airflow/.local/lib/python3.12/site-packages/airflow/example_dags/example_xcomargs.py
[2024-09-02T14:00:10.672+0000] {processor.py:830} INFO - Processing file /home/airflow/.local/lib/python3.12/site-packages/airflow/example_dags/example_xcomargs.py for tasks to queue
[2024-09-02T14:00:10.675+0000] {logging_mixin.py:188} INFO - [2024-09-02T14:00:10.674+0000] {dagbag.py:545} INFO - Filling up the DagBag from /home/airflow/.local/lib/python3.12/site-packages/airflow/example_dags/example_xcomargs.py
[2024-09-02T14:00:10.693+0000] {processor.py:840} INFO - DAG(s) 'example_xcom_args_with_operators', 'example_xcom_args' retrieved from /home/airflow/.local/lib/python3.12/site-packages/airflow/example_dags/example_xcomargs.py
[2024-09-02T14:00:10.908+0000] {logging_mixin.py:188} INFO - [2024-09-02T14:00:10.908+0000] {dag.py:3096} INFO - Sync 2 DAGs
[2024-09-02T14:00:10.921+0000] {logging_mixin.py:188} INFO - [2024-09-02T14:00:10.921+0000] {dag.py:3954} INFO - Setting next_dagrun for example_xcom_args to None, run_after=None
[2024-09-02T14:00:10.927+0000] {logging_mixin.py:188} INFO - [2024-09-02T14:00:10.927+0000] {dag.py:3954} INFO - Setting next_dagrun for example_xcom_args_with_operators to None, run_after=None
[2024-09-02T14:00:10.951+0000] {processor.py:183} INFO - Processing /home/airflow/.local/lib/python3.12/site-packages/airflow/example_dags/example_xcomargs.py took 0.298 seconds
[2024-09-02T14:00:59.751+0000] {processor.py:161} INFO - Started process (PID=372) to work on /home/airflow/.local/lib/python3.12/site-packages/airflow/example_dags/example_xcomargs.py
[2024-09-02T14:00:59.763+0000] {processor.py:830} INFO - Processing file /home/airflow/.local/lib/python3.12/site-packages/airflow/example_dags/example_xcomargs.py for tasks to queue
[2024-09-02T14:00:59.766+0000] {logging_mixin.py:188} INFO - [2024-09-02T14:00:59.766+0000] {dagbag.py:545} INFO - Filling up the DagBag from /home/airflow/.local/lib/python3.12/site-packages/airflow/example_dags/example_xcomargs.py
[2024-09-02T14:00:59.784+0000] {processor.py:840} INFO - DAG(s) 'example_xcom_args', 'example_xcom_args_with_operators' retrieved from /home/airflow/.local/lib/python3.12/site-packages/airflow/example_dags/example_xcomargs.py
[2024-09-02T14:00:59.847+0000] {logging_mixin.py:188} INFO - [2024-09-02T14:00:59.847+0000] {dag.py:3096} INFO - Sync 2 DAGs
[2024-09-02T14:00:59.863+0000] {logging_mixin.py:188} INFO - [2024-09-02T14:00:59.862+0000] {dag.py:3954} INFO - Setting next_dagrun for example_xcom_args to None, run_after=None
[2024-09-02T14:00:59.866+0000] {logging_mixin.py:188} INFO - [2024-09-02T14:00:59.866+0000] {dag.py:3954} INFO - Setting next_dagrun for example_xcom_args_with_operators to None, run_after=None
[2024-09-02T14:00:59.930+0000] {processor.py:183} INFO - Processing /home/airflow/.local/lib/python3.12/site-packages/airflow/example_dags/example_xcomargs.py took 0.188 seconds
[2024-09-02T14:01:30.414+0000] {processor.py:161} INFO - Started process (PID=429) to work on /home/airflow/.local/lib/python3.12/site-packages/airflow/example_dags/example_xcomargs.py
[2024-09-02T14:01:30.421+0000] {processor.py:830} INFO - Processing file /home/airflow/.local/lib/python3.12/site-packages/airflow/example_dags/example_xcomargs.py for tasks to queue
[2024-09-02T14:01:30.427+0000] {logging_mixin.py:188} INFO - [2024-09-02T14:01:30.427+0000] {dagbag.py:545} INFO - Filling up the DagBag from /home/airflow/.local/lib/python3.12/site-packages/airflow/example_dags/example_xcomargs.py
[2024-09-02T14:01:30.453+0000] {processor.py:840} INFO - DAG(s) 'example_xcom_args_with_operators', 'example_xcom_args' retrieved from /home/airflow/.local/lib/python3.12/site-packages/airflow/example_dags/example_xcomargs.py
[2024-09-02T14:01:30.557+0000] {logging_mixin.py:188} INFO - [2024-09-02T14:01:30.557+0000] {dag.py:3096} INFO - Sync 2 DAGs
[2024-09-02T14:01:30.658+0000] {logging_mixin.py:188} INFO - [2024-09-02T14:01:30.657+0000] {dag.py:3954} INFO - Setting next_dagrun for example_xcom_args to None, run_after=None
[2024-09-02T14:01:30.726+0000] {logging_mixin.py:188} INFO - [2024-09-02T14:01:30.726+0000] {dag.py:3954} INFO - Setting next_dagrun for example_xcom_args_with_operators to None, run_after=None
[2024-09-02T14:01:30.919+0000] {processor.py:183} INFO - Processing /home/airflow/.local/lib/python3.12/site-packages/airflow/example_dags/example_xcomargs.py took 0.517 seconds
[2024-09-02T14:02:01.330+0000] {processor.py:161} INFO - Started process (PID=487) to work on /home/airflow/.local/lib/python3.12/site-packages/airflow/example_dags/example_xcomargs.py
[2024-09-02T14:02:01.331+0000] {processor.py:830} INFO - Processing file /home/airflow/.local/lib/python3.12/site-packages/airflow/example_dags/example_xcomargs.py for tasks to queue
[2024-09-02T14:02:01.333+0000] {logging_mixin.py:188} INFO - [2024-09-02T14:02:01.333+0000] {dagbag.py:545} INFO - Filling up the DagBag from /home/airflow/.local/lib/python3.12/site-packages/airflow/example_dags/example_xcomargs.py
[2024-09-02T14:02:01.343+0000] {processor.py:840} INFO - DAG(s) 'example_xcom_args', 'example_xcom_args_with_operators' retrieved from /home/airflow/.local/lib/python3.12/site-packages/airflow/example_dags/example_xcomargs.py
[2024-09-02T14:02:01.371+0000] {logging_mixin.py:188} INFO - [2024-09-02T14:02:01.371+0000] {dag.py:3096} INFO - Sync 2 DAGs
[2024-09-02T14:02:01.388+0000] {logging_mixin.py:188} INFO - [2024-09-02T14:02:01.388+0000] {dag.py:3954} INFO - Setting next_dagrun for example_xcom_args to None, run_after=None
[2024-09-02T14:02:01.392+0000] {logging_mixin.py:188} INFO - [2024-09-02T14:02:01.392+0000] {dag.py:3954} INFO - Setting next_dagrun for example_xcom_args_with_operators to None, run_after=None
[2024-09-02T14:02:01.416+0000] {processor.py:183} INFO - Processing /home/airflow/.local/lib/python3.12/site-packages/airflow/example_dags/example_xcomargs.py took 0.092 seconds
[2024-09-02T14:02:32.218+0000] {processor.py:161} INFO - Started process (PID=546) to work on /home/airflow/.local/lib/python3.12/site-packages/airflow/example_dags/example_xcomargs.py
[2024-09-02T14:02:32.219+0000] {processor.py:830} INFO - Processing file /home/airflow/.local/lib/python3.12/site-packages/airflow/example_dags/example_xcomargs.py for tasks to queue
[2024-09-02T14:02:32.221+0000] {logging_mixin.py:188} INFO - [2024-09-02T14:02:32.221+0000] {dagbag.py:545} INFO - Filling up the DagBag from /home/airflow/.local/lib/python3.12/site-packages/airflow/example_dags/example_xcomargs.py
[2024-09-02T14:02:32.231+0000] {processor.py:840} INFO - DAG(s) 'example_xcom_args_with_operators', 'example_xcom_args' retrieved from /home/airflow/.local/lib/python3.12/site-packages/airflow/example_dags/example_xcomargs.py
[2024-09-02T14:02:32.262+0000] {logging_mixin.py:188} INFO - [2024-09-02T14:02:32.262+0000] {dag.py:3096} INFO - Sync 2 DAGs
[2024-09-02T14:02:32.279+0000] {logging_mixin.py:188} INFO - [2024-09-02T14:02:32.279+0000] {dag.py:3954} INFO - Setting next_dagrun for example_xcom_args to None, run_after=None
[2024-09-02T14:02:32.284+0000] {logging_mixin.py:188} INFO - [2024-09-02T14:02:32.284+0000] {dag.py:3954} INFO - Setting next_dagrun for example_xcom_args_with_operators to None, run_after=None
[2024-09-02T14:02:32.311+0000] {processor.py:183} INFO - Processing /home/airflow/.local/lib/python3.12/site-packages/airflow/example_dags/example_xcomargs.py took 0.100 seconds
[2024-09-02T14:03:02.482+0000] {processor.py:161} INFO - Started process (PID=604) to work on /home/airflow/.local/lib/python3.12/site-packages/airflow/example_dags/example_xcomargs.py
[2024-09-02T14:03:02.483+0000] {processor.py:830} INFO - Processing file /home/airflow/.local/lib/python3.12/site-packages/airflow/example_dags/example_xcomargs.py for tasks to queue
[2024-09-02T14:03:02.485+0000] {logging_mixin.py:188} INFO - [2024-09-02T14:03:02.485+0000] {dagbag.py:545} INFO - Filling up the DagBag from /home/airflow/.local/lib/python3.12/site-packages/airflow/example_dags/example_xcomargs.py
[2024-09-02T14:03:02.507+0000] {processor.py:840} INFO - DAG(s) 'example_xcom_args_with_operators', 'example_xcom_args' retrieved from /home/airflow/.local/lib/python3.12/site-packages/airflow/example_dags/example_xcomargs.py
[2024-09-02T14:03:02.535+0000] {logging_mixin.py:188} INFO - [2024-09-02T14:03:02.535+0000] {dag.py:3096} INFO - Sync 2 DAGs
[2024-09-02T14:03:02.553+0000] {logging_mixin.py:188} INFO - [2024-09-02T14:03:02.552+0000] {dag.py:3954} INFO - Setting next_dagrun for example_xcom_args to None, run_after=None
[2024-09-02T14:03:02.557+0000] {logging_mixin.py:188} INFO - [2024-09-02T14:03:02.557+0000] {dag.py:3954} INFO - Setting next_dagrun for example_xcom_args_with_operators to None, run_after=None
[2024-09-02T14:03:02.590+0000] {processor.py:183} INFO - Processing /home/airflow/.local/lib/python3.12/site-packages/airflow/example_dags/example_xcomargs.py took 0.124 seconds
[2024-09-02T14:03:33.648+0000] {processor.py:161} INFO - Started process (PID=661) to work on /home/airflow/.local/lib/python3.12/site-packages/airflow/example_dags/example_xcomargs.py
[2024-09-02T14:03:33.651+0000] {processor.py:830} INFO - Processing file /home/airflow/.local/lib/python3.12/site-packages/airflow/example_dags/example_xcomargs.py for tasks to queue
[2024-09-02T14:03:33.658+0000] {logging_mixin.py:188} INFO - [2024-09-02T14:03:33.658+0000] {dagbag.py:545} INFO - Filling up the DagBag from /home/airflow/.local/lib/python3.12/site-packages/airflow/example_dags/example_xcomargs.py
[2024-09-02T14:03:33.679+0000] {processor.py:840} INFO - DAG(s) 'example_xcom_args_with_operators', 'example_xcom_args' retrieved from /home/airflow/.local/lib/python3.12/site-packages/airflow/example_dags/example_xcomargs.py
[2024-09-02T14:03:33.807+0000] {logging_mixin.py:188} INFO - [2024-09-02T14:03:33.807+0000] {dag.py:3096} INFO - Sync 2 DAGs
[2024-09-02T14:03:33.926+0000] {logging_mixin.py:188} INFO - [2024-09-02T14:03:33.926+0000] {dag.py:3954} INFO - Setting next_dagrun for example_xcom_args to None, run_after=None
[2024-09-02T14:03:33.982+0000] {logging_mixin.py:188} INFO - [2024-09-02T14:03:33.982+0000] {dag.py:3954} INFO - Setting next_dagrun for example_xcom_args_with_operators to None, run_after=None
[2024-09-02T14:03:34.121+0000] {processor.py:183} INFO - Processing /home/airflow/.local/lib/python3.12/site-packages/airflow/example_dags/example_xcomargs.py took 0.485 seconds
[2024-09-02T14:04:04.896+0000] {processor.py:161} INFO - Started process (PID=725) to work on /home/airflow/.local/lib/python3.12/site-packages/airflow/example_dags/example_xcomargs.py
[2024-09-02T14:04:04.897+0000] {processor.py:830} INFO - Processing file /home/airflow/.local/lib/python3.12/site-packages/airflow/example_dags/example_xcomargs.py for tasks to queue
[2024-09-02T14:04:04.899+0000] {logging_mixin.py:188} INFO - [2024-09-02T14:04:04.898+0000] {dagbag.py:545} INFO - Filling up the DagBag from /home/airflow/.local/lib/python3.12/site-packages/airflow/example_dags/example_xcomargs.py
[2024-09-02T14:04:04.909+0000] {processor.py:840} INFO - DAG(s) 'example_xcom_args', 'example_xcom_args_with_operators' retrieved from /home/airflow/.local/lib/python3.12/site-packages/airflow/example_dags/example_xcomargs.py
[2024-09-02T14:04:04.938+0000] {logging_mixin.py:188} INFO - [2024-09-02T14:04:04.938+0000] {dag.py:3096} INFO - Sync 2 DAGs
[2024-09-02T14:04:04.968+0000] {logging_mixin.py:188} INFO - [2024-09-02T14:04:04.962+0000] {dag.py:3954} INFO - Setting next_dagrun for example_xcom_args to None, run_after=None
[2024-09-02T14:04:04.974+0000] {logging_mixin.py:188} INFO - [2024-09-02T14:04:04.974+0000] {dag.py:3954} INFO - Setting next_dagrun for example_xcom_args_with_operators to None, run_after=None
[2024-09-02T14:04:04.996+0000] {processor.py:183} INFO - Processing /home/airflow/.local/lib/python3.12/site-packages/airflow/example_dags/example_xcomargs.py took 0.107 seconds
