[2024-09-02T13:57:54.533+0000] {processor.py:161} INFO - Started process (PID=62) to work on /home/airflow/.local/lib/python3.12/site-packages/airflow/example_dags/example_branch_labels.py
[2024-09-02T13:57:54.559+0000] {processor.py:830} INFO - Processing file /home/airflow/.local/lib/python3.12/site-packages/airflow/example_dags/example_branch_labels.py for tasks to queue
[2024-09-02T13:57:54.562+0000] {logging_mixin.py:188} INFO - [2024-09-02T13:57:54.562+0000] {dagbag.py:545} INFO - Filling up the DagBag from /home/airflow/.local/lib/python3.12/site-packages/airflow/example_dags/example_branch_labels.py
[2024-09-02T13:57:54.766+0000] {processor.py:840} INFO - DAG(s) 'example_branch_labels' retrieved from /home/airflow/.local/lib/python3.12/site-packages/airflow/example_dags/example_branch_labels.py
[2024-09-02T13:57:57.092+0000] {logging_mixin.py:188} INFO - [2024-09-02T13:57:57.091+0000] {dag.py:3096} INFO - Sync 1 DAGs
[2024-09-02T13:57:57.332+0000] {logging_mixin.py:188} INFO - [2024-09-02T13:57:57.332+0000] {dag.py:3954} INFO - Setting next_dagrun for example_branch_labels to 2024-09-01 00:00:00+00:00, run_after=2024-09-02 00:00:00+00:00
[2024-09-02T13:57:57.496+0000] {processor.py:183} INFO - Processing /home/airflow/.local/lib/python3.12/site-packages/airflow/example_dags/example_branch_labels.py took 2.991 seconds
[2024-09-02T13:58:28.285+0000] {processor.py:161} INFO - Started process (PID=121) to work on /home/airflow/.local/lib/python3.12/site-packages/airflow/example_dags/example_branch_labels.py
[2024-09-02T13:58:28.286+0000] {processor.py:830} INFO - Processing file /home/airflow/.local/lib/python3.12/site-packages/airflow/example_dags/example_branch_labels.py for tasks to queue
[2024-09-02T13:58:28.289+0000] {logging_mixin.py:188} INFO - [2024-09-02T13:58:28.288+0000] {dagbag.py:545} INFO - Filling up the DagBag from /home/airflow/.local/lib/python3.12/site-packages/airflow/example_dags/example_branch_labels.py
[2024-09-02T13:58:28.299+0000] {processor.py:840} INFO - DAG(s) 'example_branch_labels' retrieved from /home/airflow/.local/lib/python3.12/site-packages/airflow/example_dags/example_branch_labels.py
[2024-09-02T13:58:28.328+0000] {logging_mixin.py:188} INFO - [2024-09-02T13:58:28.328+0000] {dag.py:3096} INFO - Sync 1 DAGs
[2024-09-02T13:58:28.358+0000] {logging_mixin.py:188} INFO - [2024-09-02T13:58:28.357+0000] {dag.py:3954} INFO - Setting next_dagrun for example_branch_labels to 2024-09-01 00:00:00+00:00, run_after=2024-09-02 00:00:00+00:00
[2024-09-02T13:58:28.385+0000] {processor.py:183} INFO - Processing /home/airflow/.local/lib/python3.12/site-packages/airflow/example_dags/example_branch_labels.py took 0.112 seconds
[2024-09-02T13:58:58.565+0000] {processor.py:161} INFO - Started process (PID=179) to work on /home/airflow/.local/lib/python3.12/site-packages/airflow/example_dags/example_branch_labels.py
[2024-09-02T13:58:58.568+0000] {processor.py:830} INFO - Processing file /home/airflow/.local/lib/python3.12/site-packages/airflow/example_dags/example_branch_labels.py for tasks to queue
[2024-09-02T13:58:58.574+0000] {logging_mixin.py:188} INFO - [2024-09-02T13:58:58.573+0000] {dagbag.py:545} INFO - Filling up the DagBag from /home/airflow/.local/lib/python3.12/site-packages/airflow/example_dags/example_branch_labels.py
[2024-09-02T13:58:58.588+0000] {processor.py:840} INFO - DAG(s) 'example_branch_labels' retrieved from /home/airflow/.local/lib/python3.12/site-packages/airflow/example_dags/example_branch_labels.py
[2024-09-02T13:58:58.637+0000] {logging_mixin.py:188} INFO - [2024-09-02T13:58:58.637+0000] {dag.py:3096} INFO - Sync 1 DAGs
[2024-09-02T13:58:58.687+0000] {logging_mixin.py:188} INFO - [2024-09-02T13:58:58.686+0000] {dag.py:3954} INFO - Setting next_dagrun for example_branch_labels to 2024-09-01 00:00:00+00:00, run_after=2024-09-02 00:00:00+00:00
[2024-09-02T13:58:58.752+0000] {processor.py:183} INFO - Processing /home/airflow/.local/lib/python3.12/site-packages/airflow/example_dags/example_branch_labels.py took 0.201 seconds
[2024-09-02T13:59:28.812+0000] {processor.py:161} INFO - Started process (PID=237) to work on /home/airflow/.local/lib/python3.12/site-packages/airflow/example_dags/example_branch_labels.py
[2024-09-02T13:59:28.813+0000] {processor.py:830} INFO - Processing file /home/airflow/.local/lib/python3.12/site-packages/airflow/example_dags/example_branch_labels.py for tasks to queue
[2024-09-02T13:59:28.815+0000] {logging_mixin.py:188} INFO - [2024-09-02T13:59:28.815+0000] {dagbag.py:545} INFO - Filling up the DagBag from /home/airflow/.local/lib/python3.12/site-packages/airflow/example_dags/example_branch_labels.py
[2024-09-02T13:59:28.842+0000] {processor.py:840} INFO - DAG(s) 'example_branch_labels' retrieved from /home/airflow/.local/lib/python3.12/site-packages/airflow/example_dags/example_branch_labels.py
[2024-09-02T13:59:28.856+0000] {logging_mixin.py:188} INFO - [2024-09-02T13:59:28.856+0000] {dag.py:3096} INFO - Sync 1 DAGs
[2024-09-02T13:59:28.886+0000] {logging_mixin.py:188} INFO - [2024-09-02T13:59:28.886+0000] {dag.py:3954} INFO - Setting next_dagrun for example_branch_labels to 2024-09-01 00:00:00+00:00, run_after=2024-09-02 00:00:00+00:00
[2024-09-02T13:59:28.913+0000] {processor.py:183} INFO - Processing /home/airflow/.local/lib/python3.12/site-packages/airflow/example_dags/example_branch_labels.py took 0.110 seconds
[2024-09-02T13:59:59.351+0000] {processor.py:161} INFO - Started process (PID=294) to work on /home/airflow/.local/lib/python3.12/site-packages/airflow/example_dags/example_branch_labels.py
[2024-09-02T13:59:59.352+0000] {processor.py:830} INFO - Processing file /home/airflow/.local/lib/python3.12/site-packages/airflow/example_dags/example_branch_labels.py for tasks to queue
[2024-09-02T13:59:59.355+0000] {logging_mixin.py:188} INFO - [2024-09-02T13:59:59.355+0000] {dagbag.py:545} INFO - Filling up the DagBag from /home/airflow/.local/lib/python3.12/site-packages/airflow/example_dags/example_branch_labels.py
[2024-09-02T13:59:59.375+0000] {processor.py:840} INFO - DAG(s) 'example_branch_labels' retrieved from /home/airflow/.local/lib/python3.12/site-packages/airflow/example_dags/example_branch_labels.py
[2024-09-02T13:59:59.796+0000] {logging_mixin.py:188} INFO - [2024-09-02T13:59:59.796+0000] {dag.py:3096} INFO - Sync 1 DAGs
[2024-09-02T13:59:59.861+0000] {logging_mixin.py:188} INFO - [2024-09-02T13:59:59.860+0000] {dag.py:3954} INFO - Setting next_dagrun for example_branch_labels to 2024-09-01 00:00:00+00:00, run_after=2024-09-02 00:00:00+00:00
[2024-09-02T13:59:59.967+0000] {processor.py:183} INFO - Processing /home/airflow/.local/lib/python3.12/site-packages/airflow/example_dags/example_branch_labels.py took 0.624 seconds
[2024-09-02T14:00:30.417+0000] {processor.py:161} INFO - Started process (PID=351) to work on /home/airflow/.local/lib/python3.12/site-packages/airflow/example_dags/example_branch_labels.py
[2024-09-02T14:00:30.420+0000] {processor.py:830} INFO - Processing file /home/airflow/.local/lib/python3.12/site-packages/airflow/example_dags/example_branch_labels.py for tasks to queue
[2024-09-02T14:00:30.427+0000] {logging_mixin.py:188} INFO - [2024-09-02T14:00:30.427+0000] {dagbag.py:545} INFO - Filling up the DagBag from /home/airflow/.local/lib/python3.12/site-packages/airflow/example_dags/example_branch_labels.py
[2024-09-02T14:00:30.493+0000] {processor.py:840} INFO - DAG(s) 'example_branch_labels' retrieved from /home/airflow/.local/lib/python3.12/site-packages/airflow/example_dags/example_branch_labels.py
[2024-09-02T14:00:30.567+0000] {logging_mixin.py:188} INFO - [2024-09-02T14:00:30.567+0000] {dag.py:3096} INFO - Sync 1 DAGs
[2024-09-02T14:00:30.620+0000] {logging_mixin.py:188} INFO - [2024-09-02T14:00:30.620+0000] {dag.py:3954} INFO - Setting next_dagrun for example_branch_labels to 2024-09-01 00:00:00+00:00, run_after=2024-09-02 00:00:00+00:00
[2024-09-02T14:00:30.693+0000] {processor.py:183} INFO - Processing /home/airflow/.local/lib/python3.12/site-packages/airflow/example_dags/example_branch_labels.py took 0.285 seconds
[2024-09-02T14:01:04.153+0000] {processor.py:161} INFO - Started process (PID=398) to work on /home/airflow/.local/lib/python3.12/site-packages/airflow/example_dags/example_branch_labels.py
[2024-09-02T14:01:04.165+0000] {processor.py:830} INFO - Processing file /home/airflow/.local/lib/python3.12/site-packages/airflow/example_dags/example_branch_labels.py for tasks to queue
[2024-09-02T14:01:04.172+0000] {logging_mixin.py:188} INFO - [2024-09-02T14:01:04.171+0000] {dagbag.py:545} INFO - Filling up the DagBag from /home/airflow/.local/lib/python3.12/site-packages/airflow/example_dags/example_branch_labels.py
[2024-09-02T14:01:04.189+0000] {processor.py:840} INFO - DAG(s) 'example_branch_labels' retrieved from /home/airflow/.local/lib/python3.12/site-packages/airflow/example_dags/example_branch_labels.py
[2024-09-02T14:01:04.256+0000] {logging_mixin.py:188} INFO - [2024-09-02T14:01:04.255+0000] {dag.py:3096} INFO - Sync 1 DAGs
[2024-09-02T14:01:04.318+0000] {logging_mixin.py:188} INFO - [2024-09-02T14:01:04.318+0000] {dag.py:3954} INFO - Setting next_dagrun for example_branch_labels to 2024-09-01 00:00:00+00:00, run_after=2024-09-02 00:00:00+00:00
[2024-09-02T14:01:04.381+0000] {processor.py:183} INFO - Processing /home/airflow/.local/lib/python3.12/site-packages/airflow/example_dags/example_branch_labels.py took 0.236 seconds
[2024-09-02T14:01:36.592+0000] {processor.py:161} INFO - Started process (PID=454) to work on /home/airflow/.local/lib/python3.12/site-packages/airflow/example_dags/example_branch_labels.py
[2024-09-02T14:01:36.593+0000] {processor.py:830} INFO - Processing file /home/airflow/.local/lib/python3.12/site-packages/airflow/example_dags/example_branch_labels.py for tasks to queue
[2024-09-02T14:01:36.595+0000] {logging_mixin.py:188} INFO - [2024-09-02T14:01:36.595+0000] {dagbag.py:545} INFO - Filling up the DagBag from /home/airflow/.local/lib/python3.12/site-packages/airflow/example_dags/example_branch_labels.py
[2024-09-02T14:01:36.621+0000] {processor.py:840} INFO - DAG(s) 'example_branch_labels' retrieved from /home/airflow/.local/lib/python3.12/site-packages/airflow/example_dags/example_branch_labels.py
[2024-09-02T14:01:36.680+0000] {logging_mixin.py:188} INFO - [2024-09-02T14:01:36.680+0000] {dag.py:3096} INFO - Sync 1 DAGs
[2024-09-02T14:01:36.733+0000] {logging_mixin.py:188} INFO - [2024-09-02T14:01:36.733+0000] {dag.py:3954} INFO - Setting next_dagrun for example_branch_labels to 2024-09-01 00:00:00+00:00, run_after=2024-09-02 00:00:00+00:00
[2024-09-02T14:01:36.773+0000] {processor.py:183} INFO - Processing /home/airflow/.local/lib/python3.12/site-packages/airflow/example_dags/example_branch_labels.py took 0.192 seconds
[2024-09-02T14:02:06.836+0000] {processor.py:161} INFO - Started process (PID=513) to work on /home/airflow/.local/lib/python3.12/site-packages/airflow/example_dags/example_branch_labels.py
[2024-09-02T14:02:06.837+0000] {processor.py:830} INFO - Processing file /home/airflow/.local/lib/python3.12/site-packages/airflow/example_dags/example_branch_labels.py for tasks to queue
[2024-09-02T14:02:06.838+0000] {logging_mixin.py:188} INFO - [2024-09-02T14:02:06.838+0000] {dagbag.py:545} INFO - Filling up the DagBag from /home/airflow/.local/lib/python3.12/site-packages/airflow/example_dags/example_branch_labels.py
[2024-09-02T14:02:06.845+0000] {processor.py:840} INFO - DAG(s) 'example_branch_labels' retrieved from /home/airflow/.local/lib/python3.12/site-packages/airflow/example_dags/example_branch_labels.py
[2024-09-02T14:02:06.863+0000] {logging_mixin.py:188} INFO - [2024-09-02T14:02:06.863+0000] {dag.py:3096} INFO - Sync 1 DAGs
[2024-09-02T14:02:06.882+0000] {logging_mixin.py:188} INFO - [2024-09-02T14:02:06.882+0000] {dag.py:3954} INFO - Setting next_dagrun for example_branch_labels to 2024-09-01 00:00:00+00:00, run_after=2024-09-02 00:00:00+00:00
[2024-09-02T14:02:06.905+0000] {processor.py:183} INFO - Processing /home/airflow/.local/lib/python3.12/site-packages/airflow/example_dags/example_branch_labels.py took 0.073 seconds
[2024-09-02T14:02:37.027+0000] {processor.py:161} INFO - Started process (PID=563) to work on /home/airflow/.local/lib/python3.12/site-packages/airflow/example_dags/example_branch_labels.py
[2024-09-02T14:02:37.028+0000] {processor.py:830} INFO - Processing file /home/airflow/.local/lib/python3.12/site-packages/airflow/example_dags/example_branch_labels.py for tasks to queue
[2024-09-02T14:02:37.030+0000] {logging_mixin.py:188} INFO - [2024-09-02T14:02:37.030+0000] {dagbag.py:545} INFO - Filling up the DagBag from /home/airflow/.local/lib/python3.12/site-packages/airflow/example_dags/example_branch_labels.py
[2024-09-02T14:02:37.040+0000] {processor.py:840} INFO - DAG(s) 'example_branch_labels' retrieved from /home/airflow/.local/lib/python3.12/site-packages/airflow/example_dags/example_branch_labels.py
[2024-09-02T14:02:37.066+0000] {logging_mixin.py:188} INFO - [2024-09-02T14:02:37.065+0000] {dag.py:3096} INFO - Sync 1 DAGs
[2024-09-02T14:02:37.098+0000] {logging_mixin.py:188} INFO - [2024-09-02T14:02:37.098+0000] {dag.py:3954} INFO - Setting next_dagrun for example_branch_labels to 2024-09-01 00:00:00+00:00, run_after=2024-09-02 00:00:00+00:00
[2024-09-02T14:02:37.132+0000] {processor.py:183} INFO - Processing /home/airflow/.local/lib/python3.12/site-packages/airflow/example_dags/example_branch_labels.py took 0.111 seconds
[2024-09-02T14:03:07.989+0000] {processor.py:161} INFO - Started process (PID=620) to work on /home/airflow/.local/lib/python3.12/site-packages/airflow/example_dags/example_branch_labels.py
[2024-09-02T14:03:07.994+0000] {processor.py:830} INFO - Processing file /home/airflow/.local/lib/python3.12/site-packages/airflow/example_dags/example_branch_labels.py for tasks to queue
[2024-09-02T14:03:07.996+0000] {logging_mixin.py:188} INFO - [2024-09-02T14:03:07.995+0000] {dagbag.py:545} INFO - Filling up the DagBag from /home/airflow/.local/lib/python3.12/site-packages/airflow/example_dags/example_branch_labels.py
[2024-09-02T14:03:08.016+0000] {processor.py:840} INFO - DAG(s) 'example_branch_labels' retrieved from /home/airflow/.local/lib/python3.12/site-packages/airflow/example_dags/example_branch_labels.py
[2024-09-02T14:03:08.067+0000] {logging_mixin.py:188} INFO - [2024-09-02T14:03:08.067+0000] {dag.py:3096} INFO - Sync 1 DAGs
[2024-09-02T14:03:08.125+0000] {logging_mixin.py:188} INFO - [2024-09-02T14:03:08.125+0000] {dag.py:3954} INFO - Setting next_dagrun for example_branch_labels to 2024-09-01 00:00:00+00:00, run_after=2024-09-02 00:00:00+00:00
[2024-09-02T14:03:08.212+0000] {processor.py:183} INFO - Processing /home/airflow/.local/lib/python3.12/site-packages/airflow/example_dags/example_branch_labels.py took 0.238 seconds
[2024-09-02T14:03:38.437+0000] {processor.py:161} INFO - Started process (PID=679) to work on /home/airflow/.local/lib/python3.12/site-packages/airflow/example_dags/example_branch_labels.py
[2024-09-02T14:03:38.438+0000] {processor.py:830} INFO - Processing file /home/airflow/.local/lib/python3.12/site-packages/airflow/example_dags/example_branch_labels.py for tasks to queue
[2024-09-02T14:03:38.440+0000] {logging_mixin.py:188} INFO - [2024-09-02T14:03:38.439+0000] {dagbag.py:545} INFO - Filling up the DagBag from /home/airflow/.local/lib/python3.12/site-packages/airflow/example_dags/example_branch_labels.py
[2024-09-02T14:03:38.449+0000] {processor.py:840} INFO - DAG(s) 'example_branch_labels' retrieved from /home/airflow/.local/lib/python3.12/site-packages/airflow/example_dags/example_branch_labels.py
[2024-09-02T14:03:38.475+0000] {logging_mixin.py:188} INFO - [2024-09-02T14:03:38.475+0000] {dag.py:3096} INFO - Sync 1 DAGs
[2024-09-02T14:03:38.503+0000] {logging_mixin.py:188} INFO - [2024-09-02T14:03:38.503+0000] {dag.py:3954} INFO - Setting next_dagrun for example_branch_labels to 2024-09-01 00:00:00+00:00, run_after=2024-09-02 00:00:00+00:00
[2024-09-02T14:03:38.538+0000] {processor.py:183} INFO - Processing /home/airflow/.local/lib/python3.12/site-packages/airflow/example_dags/example_branch_labels.py took 0.108 seconds
[2024-09-02T14:04:09.083+0000] {processor.py:161} INFO - Started process (PID=736) to work on /home/airflow/.local/lib/python3.12/site-packages/airflow/example_dags/example_branch_labels.py
[2024-09-02T14:04:09.091+0000] {processor.py:830} INFO - Processing file /home/airflow/.local/lib/python3.12/site-packages/airflow/example_dags/example_branch_labels.py for tasks to queue
[2024-09-02T14:04:09.103+0000] {logging_mixin.py:188} INFO - [2024-09-02T14:04:09.103+0000] {dagbag.py:545} INFO - Filling up the DagBag from /home/airflow/.local/lib/python3.12/site-packages/airflow/example_dags/example_branch_labels.py
[2024-09-02T14:04:09.127+0000] {processor.py:840} INFO - DAG(s) 'example_branch_labels' retrieved from /home/airflow/.local/lib/python3.12/site-packages/airflow/example_dags/example_branch_labels.py
[2024-09-02T14:04:09.220+0000] {logging_mixin.py:188} INFO - [2024-09-02T14:04:09.219+0000] {dag.py:3096} INFO - Sync 1 DAGs
[2024-09-02T14:04:09.302+0000] {logging_mixin.py:188} INFO - [2024-09-02T14:04:09.301+0000] {dag.py:3954} INFO - Setting next_dagrun for example_branch_labels to 2024-09-01 00:00:00+00:00, run_after=2024-09-02 00:00:00+00:00
[2024-09-02T14:04:09.364+0000] {processor.py:183} INFO - Processing /home/airflow/.local/lib/python3.12/site-packages/airflow/example_dags/example_branch_labels.py took 0.292 seconds
