[2024-09-02T13:58:04.385+0000] {processor.py:161} INFO - Started process (PID=74) to work on /home/airflow/.local/lib/python3.12/site-packages/airflow/example_dags/example_short_circuit_operator.py
[2024-09-02T13:58:04.385+0000] {processor.py:830} INFO - Processing file /home/airflow/.local/lib/python3.12/site-packages/airflow/example_dags/example_short_circuit_operator.py for tasks to queue
[2024-09-02T13:58:04.387+0000] {logging_mixin.py:188} INFO - [2024-09-02T13:58:04.387+0000] {dagbag.py:545} INFO - Filling up the DagBag from /home/airflow/.local/lib/python3.12/site-packages/airflow/example_dags/example_short_circuit_operator.py
[2024-09-02T13:58:04.408+0000] {processor.py:840} INFO - DAG(s) 'example_short_circuit_operator' retrieved from /home/airflow/.local/lib/python3.12/site-packages/airflow/example_dags/example_short_circuit_operator.py
[2024-09-02T13:58:04.706+0000] {logging_mixin.py:188} INFO - [2024-09-02T13:58:04.706+0000] {dag.py:3096} INFO - Sync 1 DAGs
[2024-09-02T13:58:04.757+0000] {logging_mixin.py:188} INFO - [2024-09-02T13:58:04.757+0000] {dag.py:3954} INFO - Setting next_dagrun for example_short_circuit_operator to 2024-09-01 00:00:00+00:00, run_after=2024-09-02 00:00:00+00:00
[2024-09-02T13:58:04.804+0000] {processor.py:183} INFO - Processing /home/airflow/.local/lib/python3.12/site-packages/airflow/example_dags/example_short_circuit_operator.py took 0.444 seconds
[2024-09-02T13:58:35.016+0000] {processor.py:161} INFO - Started process (PID=132) to work on /home/airflow/.local/lib/python3.12/site-packages/airflow/example_dags/example_short_circuit_operator.py
[2024-09-02T13:58:35.017+0000] {processor.py:830} INFO - Processing file /home/airflow/.local/lib/python3.12/site-packages/airflow/example_dags/example_short_circuit_operator.py for tasks to queue
[2024-09-02T13:58:35.019+0000] {logging_mixin.py:188} INFO - [2024-09-02T13:58:35.019+0000] {dagbag.py:545} INFO - Filling up the DagBag from /home/airflow/.local/lib/python3.12/site-packages/airflow/example_dags/example_short_circuit_operator.py
[2024-09-02T13:58:35.030+0000] {processor.py:840} INFO - DAG(s) 'example_short_circuit_operator' retrieved from /home/airflow/.local/lib/python3.12/site-packages/airflow/example_dags/example_short_circuit_operator.py
[2024-09-02T13:58:35.077+0000] {logging_mixin.py:188} INFO - [2024-09-02T13:58:35.077+0000] {dag.py:3096} INFO - Sync 1 DAGs
[2024-09-02T13:58:35.121+0000] {logging_mixin.py:188} INFO - [2024-09-02T13:58:35.120+0000] {dag.py:3954} INFO - Setting next_dagrun for example_short_circuit_operator to 2024-09-01 00:00:00+00:00, run_after=2024-09-02 00:00:00+00:00
[2024-09-02T13:58:35.159+0000] {processor.py:183} INFO - Processing /home/airflow/.local/lib/python3.12/site-packages/airflow/example_dags/example_short_circuit_operator.py took 0.160 seconds
[2024-09-02T13:59:07.254+0000] {processor.py:161} INFO - Started process (PID=190) to work on /home/airflow/.local/lib/python3.12/site-packages/airflow/example_dags/example_short_circuit_operator.py
[2024-09-02T13:59:07.266+0000] {processor.py:830} INFO - Processing file /home/airflow/.local/lib/python3.12/site-packages/airflow/example_dags/example_short_circuit_operator.py for tasks to queue
[2024-09-02T13:59:07.279+0000] {logging_mixin.py:188} INFO - [2024-09-02T13:59:07.278+0000] {dagbag.py:545} INFO - Filling up the DagBag from /home/airflow/.local/lib/python3.12/site-packages/airflow/example_dags/example_short_circuit_operator.py
[2024-09-02T13:59:07.407+0000] {processor.py:840} INFO - DAG(s) 'example_short_circuit_operator' retrieved from /home/airflow/.local/lib/python3.12/site-packages/airflow/example_dags/example_short_circuit_operator.py
[2024-09-02T13:59:07.533+0000] {logging_mixin.py:188} INFO - [2024-09-02T13:59:07.533+0000] {dag.py:3096} INFO - Sync 1 DAGs
[2024-09-02T13:59:07.630+0000] {logging_mixin.py:188} INFO - [2024-09-02T13:59:07.629+0000] {dag.py:3954} INFO - Setting next_dagrun for example_short_circuit_operator to 2024-09-01 00:00:00+00:00, run_after=2024-09-02 00:00:00+00:00
[2024-09-02T13:59:07.713+0000] {processor.py:183} INFO - Processing /home/airflow/.local/lib/python3.12/site-packages/airflow/example_dags/example_short_circuit_operator.py took 0.488 seconds
[2024-09-02T13:59:37.782+0000] {processor.py:161} INFO - Started process (PID=248) to work on /home/airflow/.local/lib/python3.12/site-packages/airflow/example_dags/example_short_circuit_operator.py
[2024-09-02T13:59:37.783+0000] {processor.py:830} INFO - Processing file /home/airflow/.local/lib/python3.12/site-packages/airflow/example_dags/example_short_circuit_operator.py for tasks to queue
[2024-09-02T13:59:37.785+0000] {logging_mixin.py:188} INFO - [2024-09-02T13:59:37.785+0000] {dagbag.py:545} INFO - Filling up the DagBag from /home/airflow/.local/lib/python3.12/site-packages/airflow/example_dags/example_short_circuit_operator.py
[2024-09-02T13:59:37.816+0000] {processor.py:840} INFO - DAG(s) 'example_short_circuit_operator' retrieved from /home/airflow/.local/lib/python3.12/site-packages/airflow/example_dags/example_short_circuit_operator.py
[2024-09-02T13:59:37.840+0000] {logging_mixin.py:188} INFO - [2024-09-02T13:59:37.840+0000] {dag.py:3096} INFO - Sync 1 DAGs
[2024-09-02T13:59:37.934+0000] {logging_mixin.py:188} INFO - [2024-09-02T13:59:37.933+0000] {dag.py:3954} INFO - Setting next_dagrun for example_short_circuit_operator to 2024-09-01 00:00:00+00:00, run_after=2024-09-02 00:00:00+00:00
[2024-09-02T13:59:37.984+0000] {processor.py:183} INFO - Processing /home/airflow/.local/lib/python3.12/site-packages/airflow/example_dags/example_short_circuit_operator.py took 0.213 seconds
[2024-09-02T14:00:08.877+0000] {processor.py:161} INFO - Started process (PID=305) to work on /home/airflow/.local/lib/python3.12/site-packages/airflow/example_dags/example_short_circuit_operator.py
[2024-09-02T14:00:08.887+0000] {processor.py:830} INFO - Processing file /home/airflow/.local/lib/python3.12/site-packages/airflow/example_dags/example_short_circuit_operator.py for tasks to queue
[2024-09-02T14:00:08.889+0000] {logging_mixin.py:188} INFO - [2024-09-02T14:00:08.889+0000] {dagbag.py:545} INFO - Filling up the DagBag from /home/airflow/.local/lib/python3.12/site-packages/airflow/example_dags/example_short_circuit_operator.py
[2024-09-02T14:00:08.910+0000] {processor.py:840} INFO - DAG(s) 'example_short_circuit_operator' retrieved from /home/airflow/.local/lib/python3.12/site-packages/airflow/example_dags/example_short_circuit_operator.py
[2024-09-02T14:00:09.205+0000] {logging_mixin.py:188} INFO - [2024-09-02T14:00:09.205+0000] {dag.py:3096} INFO - Sync 1 DAGs
[2024-09-02T14:00:09.240+0000] {logging_mixin.py:188} INFO - [2024-09-02T14:00:09.240+0000] {dag.py:3954} INFO - Setting next_dagrun for example_short_circuit_operator to 2024-09-01 00:00:00+00:00, run_after=2024-09-02 00:00:00+00:00
[2024-09-02T14:00:09.286+0000] {processor.py:183} INFO - Processing /home/airflow/.local/lib/python3.12/site-packages/airflow/example_dags/example_short_circuit_operator.py took 0.426 seconds
[2024-09-02T14:00:50.347+0000] {processor.py:161} INFO - Started process (PID=363) to work on /home/airflow/.local/lib/python3.12/site-packages/airflow/example_dags/example_short_circuit_operator.py
[2024-09-02T14:00:50.353+0000] {processor.py:830} INFO - Processing file /home/airflow/.local/lib/python3.12/site-packages/airflow/example_dags/example_short_circuit_operator.py for tasks to queue
[2024-09-02T14:00:50.355+0000] {logging_mixin.py:188} INFO - [2024-09-02T14:00:50.354+0000] {dagbag.py:545} INFO - Filling up the DagBag from /home/airflow/.local/lib/python3.12/site-packages/airflow/example_dags/example_short_circuit_operator.py
[2024-09-02T14:00:50.381+0000] {processor.py:840} INFO - DAG(s) 'example_short_circuit_operator' retrieved from /home/airflow/.local/lib/python3.12/site-packages/airflow/example_dags/example_short_circuit_operator.py
[2024-09-02T14:00:58.553+0000] {logging_mixin.py:188} INFO - [2024-09-02T14:00:58.553+0000] {dag.py:3096} INFO - Sync 1 DAGs
[2024-09-02T14:00:58.575+0000] {logging_mixin.py:188} INFO - [2024-09-02T14:00:58.574+0000] {dag.py:3954} INFO - Setting next_dagrun for example_short_circuit_operator to 2024-09-01 00:00:00+00:00, run_after=2024-09-02 00:00:00+00:00
[2024-09-02T14:00:58.602+0000] {processor.py:183} INFO - Processing /home/airflow/.local/lib/python3.12/site-packages/airflow/example_dags/example_short_circuit_operator.py took 8.295 seconds
[2024-09-02T14:01:28.900+0000] {processor.py:161} INFO - Started process (PID=420) to work on /home/airflow/.local/lib/python3.12/site-packages/airflow/example_dags/example_short_circuit_operator.py
[2024-09-02T14:01:28.908+0000] {processor.py:830} INFO - Processing file /home/airflow/.local/lib/python3.12/site-packages/airflow/example_dags/example_short_circuit_operator.py for tasks to queue
[2024-09-02T14:01:28.911+0000] {logging_mixin.py:188} INFO - [2024-09-02T14:01:28.910+0000] {dagbag.py:545} INFO - Filling up the DagBag from /home/airflow/.local/lib/python3.12/site-packages/airflow/example_dags/example_short_circuit_operator.py
[2024-09-02T14:01:28.927+0000] {processor.py:840} INFO - DAG(s) 'example_short_circuit_operator' retrieved from /home/airflow/.local/lib/python3.12/site-packages/airflow/example_dags/example_short_circuit_operator.py
[2024-09-02T14:01:29.052+0000] {logging_mixin.py:188} INFO - [2024-09-02T14:01:29.051+0000] {dag.py:3096} INFO - Sync 1 DAGs
[2024-09-02T14:01:29.218+0000] {logging_mixin.py:188} INFO - [2024-09-02T14:01:29.218+0000] {dag.py:3954} INFO - Setting next_dagrun for example_short_circuit_operator to 2024-09-01 00:00:00+00:00, run_after=2024-09-02 00:00:00+00:00
[2024-09-02T14:01:29.275+0000] {processor.py:183} INFO - Processing /home/airflow/.local/lib/python3.12/site-packages/airflow/example_dags/example_short_circuit_operator.py took 0.438 seconds
[2024-09-02T14:01:59.709+0000] {processor.py:161} INFO - Started process (PID=478) to work on /home/airflow/.local/lib/python3.12/site-packages/airflow/example_dags/example_short_circuit_operator.py
[2024-09-02T14:01:59.710+0000] {processor.py:830} INFO - Processing file /home/airflow/.local/lib/python3.12/site-packages/airflow/example_dags/example_short_circuit_operator.py for tasks to queue
[2024-09-02T14:01:59.712+0000] {logging_mixin.py:188} INFO - [2024-09-02T14:01:59.712+0000] {dagbag.py:545} INFO - Filling up the DagBag from /home/airflow/.local/lib/python3.12/site-packages/airflow/example_dags/example_short_circuit_operator.py
[2024-09-02T14:01:59.721+0000] {processor.py:840} INFO - DAG(s) 'example_short_circuit_operator' retrieved from /home/airflow/.local/lib/python3.12/site-packages/airflow/example_dags/example_short_circuit_operator.py
[2024-09-02T14:01:59.751+0000] {logging_mixin.py:188} INFO - [2024-09-02T14:01:59.751+0000] {dag.py:3096} INFO - Sync 1 DAGs
[2024-09-02T14:01:59.778+0000] {logging_mixin.py:188} INFO - [2024-09-02T14:01:59.778+0000] {dag.py:3954} INFO - Setting next_dagrun for example_short_circuit_operator to 2024-09-01 00:00:00+00:00, run_after=2024-09-02 00:00:00+00:00
[2024-09-02T14:01:59.806+0000] {processor.py:183} INFO - Processing /home/airflow/.local/lib/python3.12/site-packages/airflow/example_dags/example_short_circuit_operator.py took 0.102 seconds
[2024-09-02T14:02:30.483+0000] {processor.py:161} INFO - Started process (PID=537) to work on /home/airflow/.local/lib/python3.12/site-packages/airflow/example_dags/example_short_circuit_operator.py
[2024-09-02T14:02:30.484+0000] {processor.py:830} INFO - Processing file /home/airflow/.local/lib/python3.12/site-packages/airflow/example_dags/example_short_circuit_operator.py for tasks to queue
[2024-09-02T14:02:30.486+0000] {logging_mixin.py:188} INFO - [2024-09-02T14:02:30.486+0000] {dagbag.py:545} INFO - Filling up the DagBag from /home/airflow/.local/lib/python3.12/site-packages/airflow/example_dags/example_short_circuit_operator.py
[2024-09-02T14:02:30.495+0000] {processor.py:840} INFO - DAG(s) 'example_short_circuit_operator' retrieved from /home/airflow/.local/lib/python3.12/site-packages/airflow/example_dags/example_short_circuit_operator.py
[2024-09-02T14:02:30.530+0000] {logging_mixin.py:188} INFO - [2024-09-02T14:02:30.529+0000] {dag.py:3096} INFO - Sync 1 DAGs
[2024-09-02T14:02:30.558+0000] {logging_mixin.py:188} INFO - [2024-09-02T14:02:30.558+0000] {dag.py:3954} INFO - Setting next_dagrun for example_short_circuit_operator to 2024-09-01 00:00:00+00:00, run_after=2024-09-02 00:00:00+00:00
[2024-09-02T14:02:30.586+0000] {processor.py:183} INFO - Processing /home/airflow/.local/lib/python3.12/site-packages/airflow/example_dags/example_short_circuit_operator.py took 0.112 seconds
[2024-09-02T14:03:00.707+0000] {processor.py:161} INFO - Started process (PID=595) to work on /home/airflow/.local/lib/python3.12/site-packages/airflow/example_dags/example_short_circuit_operator.py
[2024-09-02T14:03:00.709+0000] {processor.py:830} INFO - Processing file /home/airflow/.local/lib/python3.12/site-packages/airflow/example_dags/example_short_circuit_operator.py for tasks to queue
[2024-09-02T14:03:00.719+0000] {logging_mixin.py:188} INFO - [2024-09-02T14:03:00.719+0000] {dagbag.py:545} INFO - Filling up the DagBag from /home/airflow/.local/lib/python3.12/site-packages/airflow/example_dags/example_short_circuit_operator.py
[2024-09-02T14:03:00.765+0000] {processor.py:840} INFO - DAG(s) 'example_short_circuit_operator' retrieved from /home/airflow/.local/lib/python3.12/site-packages/airflow/example_dags/example_short_circuit_operator.py
[2024-09-02T14:03:00.817+0000] {logging_mixin.py:188} INFO - [2024-09-02T14:03:00.816+0000] {dag.py:3096} INFO - Sync 1 DAGs
[2024-09-02T14:03:00.880+0000] {logging_mixin.py:188} INFO - [2024-09-02T14:03:00.880+0000] {dag.py:3954} INFO - Setting next_dagrun for example_short_circuit_operator to 2024-09-01 00:00:00+00:00, run_after=2024-09-02 00:00:00+00:00
[2024-09-02T14:03:00.920+0000] {processor.py:183} INFO - Processing /home/airflow/.local/lib/python3.12/site-packages/airflow/example_dags/example_short_circuit_operator.py took 0.278 seconds
[2024-09-02T14:03:31.763+0000] {processor.py:161} INFO - Started process (PID=652) to work on /home/airflow/.local/lib/python3.12/site-packages/airflow/example_dags/example_short_circuit_operator.py
[2024-09-02T14:03:31.764+0000] {processor.py:830} INFO - Processing file /home/airflow/.local/lib/python3.12/site-packages/airflow/example_dags/example_short_circuit_operator.py for tasks to queue
[2024-09-02T14:03:31.766+0000] {logging_mixin.py:188} INFO - [2024-09-02T14:03:31.766+0000] {dagbag.py:545} INFO - Filling up the DagBag from /home/airflow/.local/lib/python3.12/site-packages/airflow/example_dags/example_short_circuit_operator.py
[2024-09-02T14:03:31.796+0000] {processor.py:840} INFO - DAG(s) 'example_short_circuit_operator' retrieved from /home/airflow/.local/lib/python3.12/site-packages/airflow/example_dags/example_short_circuit_operator.py
[2024-09-02T14:03:31.892+0000] {logging_mixin.py:188} INFO - [2024-09-02T14:03:31.891+0000] {dag.py:3096} INFO - Sync 1 DAGs
[2024-09-02T14:03:32.016+0000] {logging_mixin.py:188} INFO - [2024-09-02T14:03:32.016+0000] {dag.py:3954} INFO - Setting next_dagrun for example_short_circuit_operator to 2024-09-01 00:00:00+00:00, run_after=2024-09-02 00:00:00+00:00
[2024-09-02T14:03:32.084+0000] {processor.py:183} INFO - Processing /home/airflow/.local/lib/python3.12/site-packages/airflow/example_dags/example_short_circuit_operator.py took 0.336 seconds
[2024-09-02T14:04:02.354+0000] {processor.py:161} INFO - Started process (PID=710) to work on /home/airflow/.local/lib/python3.12/site-packages/airflow/example_dags/example_short_circuit_operator.py
[2024-09-02T14:04:02.355+0000] {processor.py:830} INFO - Processing file /home/airflow/.local/lib/python3.12/site-packages/airflow/example_dags/example_short_circuit_operator.py for tasks to queue
[2024-09-02T14:04:02.358+0000] {logging_mixin.py:188} INFO - [2024-09-02T14:04:02.357+0000] {dagbag.py:545} INFO - Filling up the DagBag from /home/airflow/.local/lib/python3.12/site-packages/airflow/example_dags/example_short_circuit_operator.py
[2024-09-02T14:04:02.366+0000] {processor.py:840} INFO - DAG(s) 'example_short_circuit_operator' retrieved from /home/airflow/.local/lib/python3.12/site-packages/airflow/example_dags/example_short_circuit_operator.py
[2024-09-02T14:04:02.396+0000] {logging_mixin.py:188} INFO - [2024-09-02T14:04:02.396+0000] {dag.py:3096} INFO - Sync 1 DAGs
[2024-09-02T14:04:02.423+0000] {logging_mixin.py:188} INFO - [2024-09-02T14:04:02.423+0000] {dag.py:3954} INFO - Setting next_dagrun for example_short_circuit_operator to 2024-09-01 00:00:00+00:00, run_after=2024-09-02 00:00:00+00:00
[2024-09-02T14:04:02.465+0000] {processor.py:183} INFO - Processing /home/airflow/.local/lib/python3.12/site-packages/airflow/example_dags/example_short_circuit_operator.py took 0.117 seconds
