[2024-09-02T13:58:14.762+0000] {processor.py:161} INFO - Started process (PID=107) to work on /home/airflow/.local/lib/python3.12/site-packages/airflow/example_dags/example_time_delta_sensor_async.py
[2024-09-02T13:58:14.763+0000] {processor.py:830} INFO - Processing file /home/airflow/.local/lib/python3.12/site-packages/airflow/example_dags/example_time_delta_sensor_async.py for tasks to queue
[2024-09-02T13:58:14.765+0000] {logging_mixin.py:188} INFO - [2024-09-02T13:58:14.765+0000] {dagbag.py:545} INFO - Filling up the DagBag from /home/airflow/.local/lib/python3.12/site-packages/airflow/example_dags/example_time_delta_sensor_async.py
[2024-09-02T13:58:14.771+0000] {processor.py:840} INFO - DAG(s) 'example_time_delta_sensor_async' retrieved from /home/airflow/.local/lib/python3.12/site-packages/airflow/example_dags/example_time_delta_sensor_async.py
[2024-09-02T13:58:15.037+0000] {logging_mixin.py:188} INFO - [2024-09-02T13:58:15.036+0000] {dag.py:3096} INFO - Sync 1 DAGs
[2024-09-02T13:58:15.081+0000] {logging_mixin.py:188} INFO - [2024-09-02T13:58:15.081+0000] {dag.py:3954} INFO - Setting next_dagrun for example_time_delta_sensor_async to None, run_after=None
[2024-09-02T13:58:15.147+0000] {processor.py:183} INFO - Processing /home/airflow/.local/lib/python3.12/site-packages/airflow/example_dags/example_time_delta_sensor_async.py took 0.400 seconds
[2024-09-02T13:58:45.290+0000] {processor.py:161} INFO - Started process (PID=165) to work on /home/airflow/.local/lib/python3.12/site-packages/airflow/example_dags/example_time_delta_sensor_async.py
[2024-09-02T13:58:45.290+0000] {processor.py:830} INFO - Processing file /home/airflow/.local/lib/python3.12/site-packages/airflow/example_dags/example_time_delta_sensor_async.py for tasks to queue
[2024-09-02T13:58:45.292+0000] {logging_mixin.py:188} INFO - [2024-09-02T13:58:45.292+0000] {dagbag.py:545} INFO - Filling up the DagBag from /home/airflow/.local/lib/python3.12/site-packages/airflow/example_dags/example_time_delta_sensor_async.py
[2024-09-02T13:58:45.306+0000] {processor.py:840} INFO - DAG(s) 'example_time_delta_sensor_async' retrieved from /home/airflow/.local/lib/python3.12/site-packages/airflow/example_dags/example_time_delta_sensor_async.py
[2024-09-02T13:58:45.330+0000] {logging_mixin.py:188} INFO - [2024-09-02T13:58:45.330+0000] {dag.py:3096} INFO - Sync 1 DAGs
[2024-09-02T13:58:45.362+0000] {logging_mixin.py:188} INFO - [2024-09-02T13:58:45.362+0000] {dag.py:3954} INFO - Setting next_dagrun for example_time_delta_sensor_async to None, run_after=None
[2024-09-02T13:58:45.388+0000] {processor.py:183} INFO - Processing /home/airflow/.local/lib/python3.12/site-packages/airflow/example_dags/example_time_delta_sensor_async.py took 0.105 seconds
[2024-09-02T13:59:18.724+0000] {processor.py:161} INFO - Started process (PID=223) to work on /home/airflow/.local/lib/python3.12/site-packages/airflow/example_dags/example_time_delta_sensor_async.py
[2024-09-02T13:59:18.735+0000] {processor.py:830} INFO - Processing file /home/airflow/.local/lib/python3.12/site-packages/airflow/example_dags/example_time_delta_sensor_async.py for tasks to queue
[2024-09-02T13:59:18.742+0000] {logging_mixin.py:188} INFO - [2024-09-02T13:59:18.742+0000] {dagbag.py:545} INFO - Filling up the DagBag from /home/airflow/.local/lib/python3.12/site-packages/airflow/example_dags/example_time_delta_sensor_async.py
[2024-09-02T13:59:18.768+0000] {processor.py:840} INFO - DAG(s) 'example_time_delta_sensor_async' retrieved from /home/airflow/.local/lib/python3.12/site-packages/airflow/example_dags/example_time_delta_sensor_async.py
[2024-09-02T13:59:18.849+0000] {logging_mixin.py:188} INFO - [2024-09-02T13:59:18.846+0000] {dag.py:3096} INFO - Sync 1 DAGs
[2024-09-02T13:59:18.888+0000] {logging_mixin.py:188} INFO - [2024-09-02T13:59:18.886+0000] {dag.py:3954} INFO - Setting next_dagrun for example_time_delta_sensor_async to None, run_after=None
[2024-09-02T13:59:19.017+0000] {processor.py:183} INFO - Processing /home/airflow/.local/lib/python3.12/site-packages/airflow/example_dags/example_time_delta_sensor_async.py took 0.324 seconds
[2024-09-02T13:59:49.232+0000] {processor.py:161} INFO - Started process (PID=281) to work on /home/airflow/.local/lib/python3.12/site-packages/airflow/example_dags/example_time_delta_sensor_async.py
[2024-09-02T13:59:49.233+0000] {processor.py:830} INFO - Processing file /home/airflow/.local/lib/python3.12/site-packages/airflow/example_dags/example_time_delta_sensor_async.py for tasks to queue
[2024-09-02T13:59:49.236+0000] {logging_mixin.py:188} INFO - [2024-09-02T13:59:49.235+0000] {dagbag.py:545} INFO - Filling up the DagBag from /home/airflow/.local/lib/python3.12/site-packages/airflow/example_dags/example_time_delta_sensor_async.py
[2024-09-02T13:59:49.241+0000] {processor.py:840} INFO - DAG(s) 'example_time_delta_sensor_async' retrieved from /home/airflow/.local/lib/python3.12/site-packages/airflow/example_dags/example_time_delta_sensor_async.py
[2024-09-02T13:59:49.255+0000] {logging_mixin.py:188} INFO - [2024-09-02T13:59:49.255+0000] {dag.py:3096} INFO - Sync 1 DAGs
[2024-09-02T13:59:49.285+0000] {logging_mixin.py:188} INFO - [2024-09-02T13:59:49.285+0000] {dag.py:3954} INFO - Setting next_dagrun for example_time_delta_sensor_async to None, run_after=None
[2024-09-02T13:59:49.383+0000] {processor.py:183} INFO - Processing /home/airflow/.local/lib/python3.12/site-packages/airflow/example_dags/example_time_delta_sensor_async.py took 0.165 seconds
[2024-09-02T14:00:20.969+0000] {processor.py:161} INFO - Started process (PID=338) to work on /home/airflow/.local/lib/python3.12/site-packages/airflow/example_dags/example_time_delta_sensor_async.py
[2024-09-02T14:00:20.979+0000] {processor.py:830} INFO - Processing file /home/airflow/.local/lib/python3.12/site-packages/airflow/example_dags/example_time_delta_sensor_async.py for tasks to queue
[2024-09-02T14:00:20.981+0000] {logging_mixin.py:188} INFO - [2024-09-02T14:00:20.981+0000] {dagbag.py:545} INFO - Filling up the DagBag from /home/airflow/.local/lib/python3.12/site-packages/airflow/example_dags/example_time_delta_sensor_async.py
[2024-09-02T14:00:20.986+0000] {processor.py:840} INFO - DAG(s) 'example_time_delta_sensor_async' retrieved from /home/airflow/.local/lib/python3.12/site-packages/airflow/example_dags/example_time_delta_sensor_async.py
[2024-09-02T14:00:21.720+0000] {logging_mixin.py:188} INFO - [2024-09-02T14:00:21.720+0000] {dag.py:3096} INFO - Sync 1 DAGs
[2024-09-02T14:00:21.765+0000] {logging_mixin.py:188} INFO - [2024-09-02T14:00:21.765+0000] {dag.py:3954} INFO - Setting next_dagrun for example_time_delta_sensor_async to None, run_after=None
[2024-09-02T14:00:21.879+0000] {processor.py:183} INFO - Processing /home/airflow/.local/lib/python3.12/site-packages/airflow/example_dags/example_time_delta_sensor_async.py took 0.930 seconds
[2024-09-02T14:01:05.077+0000] {processor.py:161} INFO - Started process (PID=405) to work on /home/airflow/.local/lib/python3.12/site-packages/airflow/example_dags/example_time_delta_sensor_async.py
[2024-09-02T14:01:05.081+0000] {processor.py:830} INFO - Processing file /home/airflow/.local/lib/python3.12/site-packages/airflow/example_dags/example_time_delta_sensor_async.py for tasks to queue
[2024-09-02T14:01:05.083+0000] {logging_mixin.py:188} INFO - [2024-09-02T14:01:05.083+0000] {dagbag.py:545} INFO - Filling up the DagBag from /home/airflow/.local/lib/python3.12/site-packages/airflow/example_dags/example_time_delta_sensor_async.py
[2024-09-02T14:01:05.088+0000] {processor.py:840} INFO - DAG(s) 'example_time_delta_sensor_async' retrieved from /home/airflow/.local/lib/python3.12/site-packages/airflow/example_dags/example_time_delta_sensor_async.py
[2024-09-02T14:01:05.121+0000] {logging_mixin.py:188} INFO - [2024-09-02T14:01:05.121+0000] {dag.py:3096} INFO - Sync 1 DAGs
[2024-09-02T14:01:05.174+0000] {logging_mixin.py:188} INFO - [2024-09-02T14:01:05.172+0000] {dag.py:3954} INFO - Setting next_dagrun for example_time_delta_sensor_async to None, run_after=None
[2024-09-02T14:01:05.271+0000] {processor.py:183} INFO - Processing /home/airflow/.local/lib/python3.12/site-packages/airflow/example_dags/example_time_delta_sensor_async.py took 0.202 seconds
[2024-09-02T14:01:38.570+0000] {processor.py:161} INFO - Started process (PID=465) to work on /home/airflow/.local/lib/python3.12/site-packages/airflow/example_dags/example_time_delta_sensor_async.py
[2024-09-02T14:01:38.596+0000] {processor.py:830} INFO - Processing file /home/airflow/.local/lib/python3.12/site-packages/airflow/example_dags/example_time_delta_sensor_async.py for tasks to queue
[2024-09-02T14:01:38.598+0000] {logging_mixin.py:188} INFO - [2024-09-02T14:01:38.598+0000] {dagbag.py:545} INFO - Filling up the DagBag from /home/airflow/.local/lib/python3.12/site-packages/airflow/example_dags/example_time_delta_sensor_async.py
[2024-09-02T14:01:38.634+0000] {processor.py:840} INFO - DAG(s) 'example_time_delta_sensor_async' retrieved from /home/airflow/.local/lib/python3.12/site-packages/airflow/example_dags/example_time_delta_sensor_async.py
[2024-09-02T14:01:38.718+0000] {logging_mixin.py:188} INFO - [2024-09-02T14:01:38.718+0000] {dag.py:3096} INFO - Sync 1 DAGs
[2024-09-02T14:01:38.789+0000] {logging_mixin.py:188} INFO - [2024-09-02T14:01:38.789+0000] {dag.py:3954} INFO - Setting next_dagrun for example_time_delta_sensor_async to None, run_after=None
[2024-09-02T14:01:38.845+0000] {processor.py:183} INFO - Processing /home/airflow/.local/lib/python3.12/site-packages/airflow/example_dags/example_time_delta_sensor_async.py took 0.302 seconds
[2024-09-02T14:02:09.663+0000] {processor.py:161} INFO - Started process (PID=524) to work on /home/airflow/.local/lib/python3.12/site-packages/airflow/example_dags/example_time_delta_sensor_async.py
[2024-09-02T14:02:09.664+0000] {processor.py:830} INFO - Processing file /home/airflow/.local/lib/python3.12/site-packages/airflow/example_dags/example_time_delta_sensor_async.py for tasks to queue
[2024-09-02T14:02:09.672+0000] {logging_mixin.py:188} INFO - [2024-09-02T14:02:09.671+0000] {dagbag.py:545} INFO - Filling up the DagBag from /home/airflow/.local/lib/python3.12/site-packages/airflow/example_dags/example_time_delta_sensor_async.py
[2024-09-02T14:02:09.677+0000] {processor.py:840} INFO - DAG(s) 'example_time_delta_sensor_async' retrieved from /home/airflow/.local/lib/python3.12/site-packages/airflow/example_dags/example_time_delta_sensor_async.py
[2024-09-02T14:02:09.771+0000] {logging_mixin.py:188} INFO - [2024-09-02T14:02:09.771+0000] {dag.py:3096} INFO - Sync 1 DAGs
[2024-09-02T14:02:09.858+0000] {logging_mixin.py:188} INFO - [2024-09-02T14:02:09.858+0000] {dag.py:3954} INFO - Setting next_dagrun for example_time_delta_sensor_async to None, run_after=None
[2024-09-02T14:02:09.968+0000] {processor.py:183} INFO - Processing /home/airflow/.local/lib/python3.12/site-packages/airflow/example_dags/example_time_delta_sensor_async.py took 0.328 seconds
[2024-09-02T14:02:40.447+0000] {processor.py:161} INFO - Started process (PID=582) to work on /home/airflow/.local/lib/python3.12/site-packages/airflow/example_dags/example_time_delta_sensor_async.py
[2024-09-02T14:02:40.448+0000] {processor.py:830} INFO - Processing file /home/airflow/.local/lib/python3.12/site-packages/airflow/example_dags/example_time_delta_sensor_async.py for tasks to queue
[2024-09-02T14:02:40.449+0000] {logging_mixin.py:188} INFO - [2024-09-02T14:02:40.449+0000] {dagbag.py:545} INFO - Filling up the DagBag from /home/airflow/.local/lib/python3.12/site-packages/airflow/example_dags/example_time_delta_sensor_async.py
[2024-09-02T14:02:40.454+0000] {processor.py:840} INFO - DAG(s) 'example_time_delta_sensor_async' retrieved from /home/airflow/.local/lib/python3.12/site-packages/airflow/example_dags/example_time_delta_sensor_async.py
[2024-09-02T14:02:40.478+0000] {logging_mixin.py:188} INFO - [2024-09-02T14:02:40.478+0000] {dag.py:3096} INFO - Sync 1 DAGs
[2024-09-02T14:02:40.495+0000] {logging_mixin.py:188} INFO - [2024-09-02T14:02:40.494+0000] {dag.py:3954} INFO - Setting next_dagrun for example_time_delta_sensor_async to None, run_after=None
[2024-09-02T14:02:40.546+0000] {processor.py:183} INFO - Processing /home/airflow/.local/lib/python3.12/site-packages/airflow/example_dags/example_time_delta_sensor_async.py took 0.106 seconds
[2024-09-02T14:03:10.643+0000] {processor.py:161} INFO - Started process (PID=639) to work on /home/airflow/.local/lib/python3.12/site-packages/airflow/example_dags/example_time_delta_sensor_async.py
[2024-09-02T14:03:10.663+0000] {processor.py:830} INFO - Processing file /home/airflow/.local/lib/python3.12/site-packages/airflow/example_dags/example_time_delta_sensor_async.py for tasks to queue
[2024-09-02T14:03:10.666+0000] {logging_mixin.py:188} INFO - [2024-09-02T14:03:10.665+0000] {dagbag.py:545} INFO - Filling up the DagBag from /home/airflow/.local/lib/python3.12/site-packages/airflow/example_dags/example_time_delta_sensor_async.py
[2024-09-02T14:03:10.680+0000] {processor.py:840} INFO - DAG(s) 'example_time_delta_sensor_async' retrieved from /home/airflow/.local/lib/python3.12/site-packages/airflow/example_dags/example_time_delta_sensor_async.py
[2024-09-02T14:03:10.716+0000] {logging_mixin.py:188} INFO - [2024-09-02T14:03:10.715+0000] {dag.py:3096} INFO - Sync 1 DAGs
[2024-09-02T14:03:10.754+0000] {logging_mixin.py:188} INFO - [2024-09-02T14:03:10.754+0000] {dag.py:3954} INFO - Setting next_dagrun for example_time_delta_sensor_async to None, run_after=None
[2024-09-02T14:03:10.800+0000] {processor.py:183} INFO - Processing /home/airflow/.local/lib/python3.12/site-packages/airflow/example_dags/example_time_delta_sensor_async.py took 0.166 seconds
[2024-09-02T14:03:41.684+0000] {processor.py:161} INFO - Started process (PID=697) to work on /home/airflow/.local/lib/python3.12/site-packages/airflow/example_dags/example_time_delta_sensor_async.py
[2024-09-02T14:03:41.685+0000] {processor.py:830} INFO - Processing file /home/airflow/.local/lib/python3.12/site-packages/airflow/example_dags/example_time_delta_sensor_async.py for tasks to queue
[2024-09-02T14:03:41.687+0000] {logging_mixin.py:188} INFO - [2024-09-02T14:03:41.687+0000] {dagbag.py:545} INFO - Filling up the DagBag from /home/airflow/.local/lib/python3.12/site-packages/airflow/example_dags/example_time_delta_sensor_async.py
[2024-09-02T14:03:41.692+0000] {processor.py:840} INFO - DAG(s) 'example_time_delta_sensor_async' retrieved from /home/airflow/.local/lib/python3.12/site-packages/airflow/example_dags/example_time_delta_sensor_async.py
[2024-09-02T14:03:41.719+0000] {logging_mixin.py:188} INFO - [2024-09-02T14:03:41.719+0000] {dag.py:3096} INFO - Sync 1 DAGs
[2024-09-02T14:03:41.734+0000] {logging_mixin.py:188} INFO - [2024-09-02T14:03:41.734+0000] {dag.py:3954} INFO - Setting next_dagrun for example_time_delta_sensor_async to None, run_after=None
[2024-09-02T14:03:41.762+0000] {processor.py:183} INFO - Processing /home/airflow/.local/lib/python3.12/site-packages/airflow/example_dags/example_time_delta_sensor_async.py took 0.084 seconds
[2024-09-02T14:04:14.598+0000] {processor.py:161} INFO - Started process (PID=758) to work on /home/airflow/.local/lib/python3.12/site-packages/airflow/example_dags/example_time_delta_sensor_async.py
[2024-09-02T14:04:14.600+0000] {processor.py:830} INFO - Processing file /home/airflow/.local/lib/python3.12/site-packages/airflow/example_dags/example_time_delta_sensor_async.py for tasks to queue
[2024-09-02T14:04:14.606+0000] {logging_mixin.py:188} INFO - [2024-09-02T14:04:14.605+0000] {dagbag.py:545} INFO - Filling up the DagBag from /home/airflow/.local/lib/python3.12/site-packages/airflow/example_dags/example_time_delta_sensor_async.py
[2024-09-02T14:04:14.612+0000] {processor.py:840} INFO - DAG(s) 'example_time_delta_sensor_async' retrieved from /home/airflow/.local/lib/python3.12/site-packages/airflow/example_dags/example_time_delta_sensor_async.py
[2024-09-02T14:04:14.700+0000] {logging_mixin.py:188} INFO - [2024-09-02T14:04:14.700+0000] {dag.py:3096} INFO - Sync 1 DAGs
[2024-09-02T14:04:14.763+0000] {logging_mixin.py:188} INFO - [2024-09-02T14:04:14.763+0000] {dag.py:3954} INFO - Setting next_dagrun for example_time_delta_sensor_async to None, run_after=None
[2024-09-02T14:04:14.822+0000] {processor.py:183} INFO - Processing /home/airflow/.local/lib/python3.12/site-packages/airflow/example_dags/example_time_delta_sensor_async.py took 0.245 seconds
