[2024-09-02T13:58:10.689+0000] {processor.py:161} INFO - Started process (PID=95) to work on /home/airflow/.local/lib/python3.12/site-packages/airflow/example_dags/example_datasets.py
[2024-09-02T13:58:10.691+0000] {processor.py:830} INFO - Processing file /home/airflow/.local/lib/python3.12/site-packages/airflow/example_dags/example_datasets.py for tasks to queue
[2024-09-02T13:58:10.693+0000] {logging_mixin.py:188} INFO - [2024-09-02T13:58:10.692+0000] {dagbag.py:545} INFO - Filling up the DagBag from /home/airflow/.local/lib/python3.12/site-packages/airflow/example_dags/example_datasets.py
[2024-09-02T13:58:10.789+0000] {processor.py:840} INFO - DAG(s) 'dataset_consumes_1_and_2', 'conditional_dataset_and_time_based_timetable', 'dataset_produces_1', 'consume_1_or_2_with_dataset_expressions', 'dataset_consumes_unknown_never_scheduled', 'dataset_produces_2', 'dataset_consumes_1', 'dataset_consumes_1_never_scheduled', 'consume_1_or_both_2_and_3_with_dataset_expressions', 'consume_1_and_2_with_dataset_expressions' retrieved from /home/airflow/.local/lib/python3.12/site-packages/airflow/example_dags/example_datasets.py
[2024-09-02T13:58:11.380+0000] {logging_mixin.py:188} INFO - [2024-09-02T13:58:11.380+0000] {dag.py:3096} INFO - Sync 10 DAGs
[2024-09-02T13:58:11.443+0000] {logging_mixin.py:188} INFO - [2024-09-02T13:58:11.442+0000] {dag.py:3954} INFO - Setting next_dagrun for conditional_dataset_and_time_based_timetable to 2024-08-28 01:00:00+00:00, run_after=2024-08-28 01:00:00+00:00
[2024-09-02T13:58:11.453+0000] {logging_mixin.py:188} INFO - [2024-09-02T13:58:11.452+0000] {dag.py:3954} INFO - Setting next_dagrun for consume_1_and_2_with_dataset_expressions to None, run_after=None
[2024-09-02T13:58:11.457+0000] {logging_mixin.py:188} INFO - [2024-09-02T13:58:11.457+0000] {dag.py:3954} INFO - Setting next_dagrun for consume_1_or_2_with_dataset_expressions to None, run_after=None
[2024-09-02T13:58:11.462+0000] {logging_mixin.py:188} INFO - [2024-09-02T13:58:11.462+0000] {dag.py:3954} INFO - Setting next_dagrun for consume_1_or_both_2_and_3_with_dataset_expressions to None, run_after=None
[2024-09-02T13:58:11.466+0000] {logging_mixin.py:188} INFO - [2024-09-02T13:58:11.466+0000] {dag.py:3954} INFO - Setting next_dagrun for dataset_consumes_1 to None, run_after=None
[2024-09-02T13:58:11.470+0000] {logging_mixin.py:188} INFO - [2024-09-02T13:58:11.470+0000] {dag.py:3954} INFO - Setting next_dagrun for dataset_consumes_1_and_2 to None, run_after=None
[2024-09-02T13:58:11.473+0000] {logging_mixin.py:188} INFO - [2024-09-02T13:58:11.473+0000] {dag.py:3954} INFO - Setting next_dagrun for dataset_consumes_1_never_scheduled to None, run_after=None
[2024-09-02T13:58:11.494+0000] {logging_mixin.py:188} INFO - [2024-09-02T13:58:11.494+0000] {dag.py:3954} INFO - Setting next_dagrun for dataset_consumes_unknown_never_scheduled to None, run_after=None
[2024-09-02T13:58:11.509+0000] {logging_mixin.py:188} INFO - [2024-09-02T13:58:11.509+0000] {dag.py:3954} INFO - Setting next_dagrun for dataset_produces_1 to 2024-09-01 00:00:00+00:00, run_after=2024-09-02 00:00:00+00:00
[2024-09-02T13:58:11.513+0000] {logging_mixin.py:188} INFO - [2024-09-02T13:58:11.513+0000] {dag.py:3954} INFO - Setting next_dagrun for dataset_produces_2 to None, run_after=None
[2024-09-02T13:58:11.660+0000] {processor.py:183} INFO - Processing /home/airflow/.local/lib/python3.12/site-packages/airflow/example_dags/example_datasets.py took 0.977 seconds
[2024-09-02T13:58:42.362+0000] {processor.py:161} INFO - Started process (PID=153) to work on /home/airflow/.local/lib/python3.12/site-packages/airflow/example_dags/example_datasets.py
[2024-09-02T13:58:42.363+0000] {processor.py:830} INFO - Processing file /home/airflow/.local/lib/python3.12/site-packages/airflow/example_dags/example_datasets.py for tasks to queue
[2024-09-02T13:58:42.365+0000] {logging_mixin.py:188} INFO - [2024-09-02T13:58:42.365+0000] {dagbag.py:545} INFO - Filling up the DagBag from /home/airflow/.local/lib/python3.12/site-packages/airflow/example_dags/example_datasets.py
[2024-09-02T13:58:42.383+0000] {processor.py:840} INFO - DAG(s) 'consume_1_and_2_with_dataset_expressions', 'dataset_produces_1', 'dataset_consumes_1', 'dataset_consumes_1_never_scheduled', 'dataset_consumes_unknown_never_scheduled', 'consume_1_or_both_2_and_3_with_dataset_expressions', 'consume_1_or_2_with_dataset_expressions', 'dataset_produces_2', 'dataset_consumes_1_and_2', 'conditional_dataset_and_time_based_timetable' retrieved from /home/airflow/.local/lib/python3.12/site-packages/airflow/example_dags/example_datasets.py
[2024-09-02T13:58:42.443+0000] {logging_mixin.py:188} INFO - [2024-09-02T13:58:42.443+0000] {dag.py:3096} INFO - Sync 10 DAGs
[2024-09-02T13:58:42.476+0000] {logging_mixin.py:188} INFO - [2024-09-02T13:58:42.476+0000] {dag.py:3954} INFO - Setting next_dagrun for conditional_dataset_and_time_based_timetable to 2024-08-28 01:00:00+00:00, run_after=2024-08-28 01:00:00+00:00
[2024-09-02T13:58:42.481+0000] {logging_mixin.py:188} INFO - [2024-09-02T13:58:42.480+0000] {dag.py:3954} INFO - Setting next_dagrun for consume_1_and_2_with_dataset_expressions to None, run_after=None
[2024-09-02T13:58:42.482+0000] {logging_mixin.py:188} INFO - [2024-09-02T13:58:42.482+0000] {dag.py:3954} INFO - Setting next_dagrun for consume_1_or_2_with_dataset_expressions to None, run_after=None
[2024-09-02T13:58:42.483+0000] {logging_mixin.py:188} INFO - [2024-09-02T13:58:42.483+0000] {dag.py:3954} INFO - Setting next_dagrun for consume_1_or_both_2_and_3_with_dataset_expressions to None, run_after=None
[2024-09-02T13:58:42.485+0000] {logging_mixin.py:188} INFO - [2024-09-02T13:58:42.484+0000] {dag.py:3954} INFO - Setting next_dagrun for dataset_consumes_1 to None, run_after=None
[2024-09-02T13:58:42.486+0000] {logging_mixin.py:188} INFO - [2024-09-02T13:58:42.486+0000] {dag.py:3954} INFO - Setting next_dagrun for dataset_consumes_1_and_2 to None, run_after=None
[2024-09-02T13:58:42.487+0000] {logging_mixin.py:188} INFO - [2024-09-02T13:58:42.487+0000] {dag.py:3954} INFO - Setting next_dagrun for dataset_consumes_1_never_scheduled to None, run_after=None
[2024-09-02T13:58:42.489+0000] {logging_mixin.py:188} INFO - [2024-09-02T13:58:42.488+0000] {dag.py:3954} INFO - Setting next_dagrun for dataset_consumes_unknown_never_scheduled to None, run_after=None
[2024-09-02T13:58:42.491+0000] {logging_mixin.py:188} INFO - [2024-09-02T13:58:42.491+0000] {dag.py:3954} INFO - Setting next_dagrun for dataset_produces_1 to 2024-09-01 00:00:00+00:00, run_after=2024-09-02 00:00:00+00:00
[2024-09-02T13:58:42.492+0000] {logging_mixin.py:188} INFO - [2024-09-02T13:58:42.492+0000] {dag.py:3954} INFO - Setting next_dagrun for dataset_produces_2 to None, run_after=None
[2024-09-02T13:58:42.558+0000] {processor.py:183} INFO - Processing /home/airflow/.local/lib/python3.12/site-packages/airflow/example_dags/example_datasets.py took 0.203 seconds
[2024-09-02T13:59:14.308+0000] {processor.py:161} INFO - Started process (PID=211) to work on /home/airflow/.local/lib/python3.12/site-packages/airflow/example_dags/example_datasets.py
[2024-09-02T13:59:14.319+0000] {processor.py:830} INFO - Processing file /home/airflow/.local/lib/python3.12/site-packages/airflow/example_dags/example_datasets.py for tasks to queue
[2024-09-02T13:59:14.336+0000] {logging_mixin.py:188} INFO - [2024-09-02T13:59:14.336+0000] {dagbag.py:545} INFO - Filling up the DagBag from /home/airflow/.local/lib/python3.12/site-packages/airflow/example_dags/example_datasets.py
[2024-09-02T13:59:14.473+0000] {processor.py:840} INFO - DAG(s) 'dataset_consumes_unknown_never_scheduled', 'dataset_produces_2', 'dataset_consumes_1', 'dataset_consumes_1_never_scheduled', 'consume_1_and_2_with_dataset_expressions', 'conditional_dataset_and_time_based_timetable', 'consume_1_or_2_with_dataset_expressions', 'dataset_consumes_1_and_2', 'consume_1_or_both_2_and_3_with_dataset_expressions', 'dataset_produces_1' retrieved from /home/airflow/.local/lib/python3.12/site-packages/airflow/example_dags/example_datasets.py
[2024-09-02T13:59:14.626+0000] {logging_mixin.py:188} INFO - [2024-09-02T13:59:14.626+0000] {dag.py:3096} INFO - Sync 10 DAGs
[2024-09-02T13:59:14.804+0000] {logging_mixin.py:188} INFO - [2024-09-02T13:59:14.803+0000] {dag.py:3954} INFO - Setting next_dagrun for conditional_dataset_and_time_based_timetable to 2024-08-28 01:00:00+00:00, run_after=2024-08-28 01:00:00+00:00
[2024-09-02T13:59:14.820+0000] {logging_mixin.py:188} INFO - [2024-09-02T13:59:14.820+0000] {dag.py:3954} INFO - Setting next_dagrun for consume_1_and_2_with_dataset_expressions to None, run_after=None
[2024-09-02T13:59:14.827+0000] {logging_mixin.py:188} INFO - [2024-09-02T13:59:14.827+0000] {dag.py:3954} INFO - Setting next_dagrun for consume_1_or_2_with_dataset_expressions to None, run_after=None
[2024-09-02T13:59:14.829+0000] {logging_mixin.py:188} INFO - [2024-09-02T13:59:14.829+0000] {dag.py:3954} INFO - Setting next_dagrun for consume_1_or_both_2_and_3_with_dataset_expressions to None, run_after=None
[2024-09-02T13:59:14.839+0000] {logging_mixin.py:188} INFO - [2024-09-02T13:59:14.839+0000] {dag.py:3954} INFO - Setting next_dagrun for dataset_consumes_1 to None, run_after=None
[2024-09-02T13:59:14.843+0000] {logging_mixin.py:188} INFO - [2024-09-02T13:59:14.843+0000] {dag.py:3954} INFO - Setting next_dagrun for dataset_consumes_1_and_2 to None, run_after=None
[2024-09-02T13:59:14.850+0000] {logging_mixin.py:188} INFO - [2024-09-02T13:59:14.849+0000] {dag.py:3954} INFO - Setting next_dagrun for dataset_consumes_1_never_scheduled to None, run_after=None
[2024-09-02T13:59:14.853+0000] {logging_mixin.py:188} INFO - [2024-09-02T13:59:14.853+0000] {dag.py:3954} INFO - Setting next_dagrun for dataset_consumes_unknown_never_scheduled to None, run_after=None
[2024-09-02T13:59:14.859+0000] {logging_mixin.py:188} INFO - [2024-09-02T13:59:14.858+0000] {dag.py:3954} INFO - Setting next_dagrun for dataset_produces_1 to 2024-09-01 00:00:00+00:00, run_after=2024-09-02 00:00:00+00:00
[2024-09-02T13:59:14.860+0000] {logging_mixin.py:188} INFO - [2024-09-02T13:59:14.860+0000] {dag.py:3954} INFO - Setting next_dagrun for dataset_produces_2 to None, run_after=None
[2024-09-02T13:59:14.928+0000] {processor.py:183} INFO - Processing /home/airflow/.local/lib/python3.12/site-packages/airflow/example_dags/example_datasets.py took 0.679 seconds
[2024-09-02T13:59:45.312+0000] {processor.py:161} INFO - Started process (PID=269) to work on /home/airflow/.local/lib/python3.12/site-packages/airflow/example_dags/example_datasets.py
[2024-09-02T13:59:45.330+0000] {processor.py:830} INFO - Processing file /home/airflow/.local/lib/python3.12/site-packages/airflow/example_dags/example_datasets.py for tasks to queue
[2024-09-02T13:59:45.333+0000] {logging_mixin.py:188} INFO - [2024-09-02T13:59:45.332+0000] {dagbag.py:545} INFO - Filling up the DagBag from /home/airflow/.local/lib/python3.12/site-packages/airflow/example_dags/example_datasets.py
[2024-09-02T13:59:45.472+0000] {processor.py:840} INFO - DAG(s) 'consume_1_or_both_2_and_3_with_dataset_expressions', 'conditional_dataset_and_time_based_timetable', 'dataset_consumes_1', 'dataset_consumes_1_and_2', 'dataset_consumes_1_never_scheduled', 'dataset_produces_2', 'dataset_produces_1', 'dataset_consumes_unknown_never_scheduled', 'consume_1_or_2_with_dataset_expressions', 'consume_1_and_2_with_dataset_expressions' retrieved from /home/airflow/.local/lib/python3.12/site-packages/airflow/example_dags/example_datasets.py
[2024-09-02T13:59:45.656+0000] {logging_mixin.py:188} INFO - [2024-09-02T13:59:45.655+0000] {dag.py:3096} INFO - Sync 10 DAGs
[2024-09-02T13:59:45.910+0000] {logging_mixin.py:188} INFO - [2024-09-02T13:59:45.909+0000] {dag.py:3954} INFO - Setting next_dagrun for conditional_dataset_and_time_based_timetable to 2024-08-28 01:00:00+00:00, run_after=2024-08-28 01:00:00+00:00
[2024-09-02T13:59:45.965+0000] {logging_mixin.py:188} INFO - [2024-09-02T13:59:45.965+0000] {dag.py:3954} INFO - Setting next_dagrun for consume_1_and_2_with_dataset_expressions to None, run_after=None
[2024-09-02T13:59:45.970+0000] {logging_mixin.py:188} INFO - [2024-09-02T13:59:45.970+0000] {dag.py:3954} INFO - Setting next_dagrun for consume_1_or_2_with_dataset_expressions to None, run_after=None
[2024-09-02T13:59:45.980+0000] {logging_mixin.py:188} INFO - [2024-09-02T13:59:45.980+0000] {dag.py:3954} INFO - Setting next_dagrun for consume_1_or_both_2_and_3_with_dataset_expressions to None, run_after=None
[2024-09-02T13:59:45.992+0000] {logging_mixin.py:188} INFO - [2024-09-02T13:59:45.992+0000] {dag.py:3954} INFO - Setting next_dagrun for dataset_consumes_1 to None, run_after=None
[2024-09-02T13:59:46.007+0000] {logging_mixin.py:188} INFO - [2024-09-02T13:59:46.007+0000] {dag.py:3954} INFO - Setting next_dagrun for dataset_consumes_1_and_2 to None, run_after=None
[2024-09-02T13:59:46.017+0000] {logging_mixin.py:188} INFO - [2024-09-02T13:59:46.016+0000] {dag.py:3954} INFO - Setting next_dagrun for dataset_consumes_1_never_scheduled to None, run_after=None
[2024-09-02T13:59:46.036+0000] {logging_mixin.py:188} INFO - [2024-09-02T13:59:46.036+0000] {dag.py:3954} INFO - Setting next_dagrun for dataset_consumes_unknown_never_scheduled to None, run_after=None
[2024-09-02T13:59:46.040+0000] {logging_mixin.py:188} INFO - [2024-09-02T13:59:46.040+0000] {dag.py:3954} INFO - Setting next_dagrun for dataset_produces_1 to 2024-09-01 00:00:00+00:00, run_after=2024-09-02 00:00:00+00:00
[2024-09-02T13:59:46.051+0000] {logging_mixin.py:188} INFO - [2024-09-02T13:59:46.051+0000] {dag.py:3954} INFO - Setting next_dagrun for dataset_produces_2 to None, run_after=None
[2024-09-02T13:59:46.159+0000] {processor.py:183} INFO - Processing /home/airflow/.local/lib/python3.12/site-packages/airflow/example_dags/example_datasets.py took 0.871 seconds
[2024-09-02T14:00:16.741+0000] {processor.py:161} INFO - Started process (PID=327) to work on /home/airflow/.local/lib/python3.12/site-packages/airflow/example_dags/example_datasets.py
[2024-09-02T14:00:16.747+0000] {processor.py:830} INFO - Processing file /home/airflow/.local/lib/python3.12/site-packages/airflow/example_dags/example_datasets.py for tasks to queue
[2024-09-02T14:00:16.750+0000] {logging_mixin.py:188} INFO - [2024-09-02T14:00:16.749+0000] {dagbag.py:545} INFO - Filling up the DagBag from /home/airflow/.local/lib/python3.12/site-packages/airflow/example_dags/example_datasets.py
[2024-09-02T14:00:16.851+0000] {processor.py:840} INFO - DAG(s) 'dataset_consumes_unknown_never_scheduled', 'consume_1_or_2_with_dataset_expressions', 'dataset_consumes_1_never_scheduled', 'consume_1_or_both_2_and_3_with_dataset_expressions', 'dataset_consumes_1_and_2', 'dataset_produces_1', 'dataset_consumes_1', 'consume_1_and_2_with_dataset_expressions', 'dataset_produces_2', 'conditional_dataset_and_time_based_timetable' retrieved from /home/airflow/.local/lib/python3.12/site-packages/airflow/example_dags/example_datasets.py
[2024-09-02T14:00:17.429+0000] {logging_mixin.py:188} INFO - [2024-09-02T14:00:17.429+0000] {dag.py:3096} INFO - Sync 10 DAGs
[2024-09-02T14:00:17.478+0000] {logging_mixin.py:188} INFO - [2024-09-02T14:00:17.477+0000] {dag.py:3954} INFO - Setting next_dagrun for conditional_dataset_and_time_based_timetable to 2024-08-28 01:00:00+00:00, run_after=2024-08-28 01:00:00+00:00
[2024-09-02T14:00:17.482+0000] {logging_mixin.py:188} INFO - [2024-09-02T14:00:17.482+0000] {dag.py:3954} INFO - Setting next_dagrun for consume_1_and_2_with_dataset_expressions to None, run_after=None
[2024-09-02T14:00:17.484+0000] {logging_mixin.py:188} INFO - [2024-09-02T14:00:17.483+0000] {dag.py:3954} INFO - Setting next_dagrun for consume_1_or_2_with_dataset_expressions to None, run_after=None
[2024-09-02T14:00:17.485+0000] {logging_mixin.py:188} INFO - [2024-09-02T14:00:17.485+0000] {dag.py:3954} INFO - Setting next_dagrun for consume_1_or_both_2_and_3_with_dataset_expressions to None, run_after=None
[2024-09-02T14:00:17.487+0000] {logging_mixin.py:188} INFO - [2024-09-02T14:00:17.486+0000] {dag.py:3954} INFO - Setting next_dagrun for dataset_consumes_1 to None, run_after=None
[2024-09-02T14:00:17.488+0000] {logging_mixin.py:188} INFO - [2024-09-02T14:00:17.488+0000] {dag.py:3954} INFO - Setting next_dagrun for dataset_consumes_1_and_2 to None, run_after=None
[2024-09-02T14:00:17.489+0000] {logging_mixin.py:188} INFO - [2024-09-02T14:00:17.489+0000] {dag.py:3954} INFO - Setting next_dagrun for dataset_consumes_1_never_scheduled to None, run_after=None
[2024-09-02T14:00:17.491+0000] {logging_mixin.py:188} INFO - [2024-09-02T14:00:17.491+0000] {dag.py:3954} INFO - Setting next_dagrun for dataset_consumes_unknown_never_scheduled to None, run_after=None
[2024-09-02T14:00:17.494+0000] {logging_mixin.py:188} INFO - [2024-09-02T14:00:17.494+0000] {dag.py:3954} INFO - Setting next_dagrun for dataset_produces_1 to 2024-09-01 00:00:00+00:00, run_after=2024-09-02 00:00:00+00:00
[2024-09-02T14:00:17.495+0000] {logging_mixin.py:188} INFO - [2024-09-02T14:00:17.495+0000] {dag.py:3954} INFO - Setting next_dagrun for dataset_produces_2 to None, run_after=None
[2024-09-02T14:00:17.597+0000] {processor.py:183} INFO - Processing /home/airflow/.local/lib/python3.12/site-packages/airflow/example_dags/example_datasets.py took 0.877 seconds
[2024-09-02T14:01:02.264+0000] {processor.py:161} INFO - Started process (PID=389) to work on /home/airflow/.local/lib/python3.12/site-packages/airflow/example_dags/example_datasets.py
[2024-09-02T14:01:02.284+0000] {processor.py:830} INFO - Processing file /home/airflow/.local/lib/python3.12/site-packages/airflow/example_dags/example_datasets.py for tasks to queue
[2024-09-02T14:01:02.286+0000] {logging_mixin.py:188} INFO - [2024-09-02T14:01:02.286+0000] {dagbag.py:545} INFO - Filling up the DagBag from /home/airflow/.local/lib/python3.12/site-packages/airflow/example_dags/example_datasets.py
[2024-09-02T14:01:02.344+0000] {processor.py:840} INFO - DAG(s) 'dataset_produces_2', 'dataset_consumes_1_and_2', 'consume_1_or_2_with_dataset_expressions', 'consume_1_and_2_with_dataset_expressions', 'dataset_consumes_1', 'consume_1_or_both_2_and_3_with_dataset_expressions', 'conditional_dataset_and_time_based_timetable', 'dataset_produces_1', 'dataset_consumes_1_never_scheduled', 'dataset_consumes_unknown_never_scheduled' retrieved from /home/airflow/.local/lib/python3.12/site-packages/airflow/example_dags/example_datasets.py
[2024-09-02T14:01:02.485+0000] {logging_mixin.py:188} INFO - [2024-09-02T14:01:02.485+0000] {dag.py:3096} INFO - Sync 10 DAGs
[2024-09-02T14:01:02.524+0000] {logging_mixin.py:188} INFO - [2024-09-02T14:01:02.524+0000] {dag.py:3954} INFO - Setting next_dagrun for conditional_dataset_and_time_based_timetable to 2024-08-28 01:00:00+00:00, run_after=2024-08-28 01:00:00+00:00
[2024-09-02T14:01:02.529+0000] {logging_mixin.py:188} INFO - [2024-09-02T14:01:02.529+0000] {dag.py:3954} INFO - Setting next_dagrun for consume_1_and_2_with_dataset_expressions to None, run_after=None
[2024-09-02T14:01:02.531+0000] {logging_mixin.py:188} INFO - [2024-09-02T14:01:02.531+0000] {dag.py:3954} INFO - Setting next_dagrun for consume_1_or_2_with_dataset_expressions to None, run_after=None
[2024-09-02T14:01:02.532+0000] {logging_mixin.py:188} INFO - [2024-09-02T14:01:02.532+0000] {dag.py:3954} INFO - Setting next_dagrun for consume_1_or_both_2_and_3_with_dataset_expressions to None, run_after=None
[2024-09-02T14:01:02.534+0000] {logging_mixin.py:188} INFO - [2024-09-02T14:01:02.534+0000] {dag.py:3954} INFO - Setting next_dagrun for dataset_consumes_1 to None, run_after=None
[2024-09-02T14:01:02.535+0000] {logging_mixin.py:188} INFO - [2024-09-02T14:01:02.535+0000] {dag.py:3954} INFO - Setting next_dagrun for dataset_consumes_1_and_2 to None, run_after=None
[2024-09-02T14:01:02.537+0000] {logging_mixin.py:188} INFO - [2024-09-02T14:01:02.537+0000] {dag.py:3954} INFO - Setting next_dagrun for dataset_consumes_1_never_scheduled to None, run_after=None
[2024-09-02T14:01:02.540+0000] {logging_mixin.py:188} INFO - [2024-09-02T14:01:02.540+0000] {dag.py:3954} INFO - Setting next_dagrun for dataset_consumes_unknown_never_scheduled to None, run_after=None
[2024-09-02T14:01:02.549+0000] {logging_mixin.py:188} INFO - [2024-09-02T14:01:02.549+0000] {dag.py:3954} INFO - Setting next_dagrun for dataset_produces_1 to 2024-09-01 00:00:00+00:00, run_after=2024-09-02 00:00:00+00:00
[2024-09-02T14:01:02.555+0000] {logging_mixin.py:188} INFO - [2024-09-02T14:01:02.555+0000] {dag.py:3954} INFO - Setting next_dagrun for dataset_produces_2 to None, run_after=None
[2024-09-02T14:01:02.815+0000] {processor.py:183} INFO - Processing /home/airflow/.local/lib/python3.12/site-packages/airflow/example_dags/example_datasets.py took 0.566 seconds
[2024-09-02T14:01:34.963+0000] {processor.py:161} INFO - Started process (PID=447) to work on /home/airflow/.local/lib/python3.12/site-packages/airflow/example_dags/example_datasets.py
[2024-09-02T14:01:34.964+0000] {processor.py:830} INFO - Processing file /home/airflow/.local/lib/python3.12/site-packages/airflow/example_dags/example_datasets.py for tasks to queue
[2024-09-02T14:01:34.966+0000] {logging_mixin.py:188} INFO - [2024-09-02T14:01:34.966+0000] {dagbag.py:545} INFO - Filling up the DagBag from /home/airflow/.local/lib/python3.12/site-packages/airflow/example_dags/example_datasets.py
[2024-09-02T14:01:34.987+0000] {processor.py:840} INFO - DAG(s) 'consume_1_or_both_2_and_3_with_dataset_expressions', 'dataset_produces_2', 'dataset_consumes_unknown_never_scheduled', 'dataset_consumes_1_never_scheduled', 'dataset_consumes_1_and_2', 'consume_1_and_2_with_dataset_expressions', 'dataset_produces_1', 'dataset_consumes_1', 'consume_1_or_2_with_dataset_expressions', 'conditional_dataset_and_time_based_timetable' retrieved from /home/airflow/.local/lib/python3.12/site-packages/airflow/example_dags/example_datasets.py
[2024-09-02T14:01:35.069+0000] {logging_mixin.py:188} INFO - [2024-09-02T14:01:35.068+0000] {dag.py:3096} INFO - Sync 10 DAGs
[2024-09-02T14:01:35.176+0000] {logging_mixin.py:188} INFO - [2024-09-02T14:01:35.175+0000] {dag.py:3954} INFO - Setting next_dagrun for conditional_dataset_and_time_based_timetable to 2024-08-28 01:00:00+00:00, run_after=2024-08-28 01:00:00+00:00
[2024-09-02T14:01:35.181+0000] {logging_mixin.py:188} INFO - [2024-09-02T14:01:35.181+0000] {dag.py:3954} INFO - Setting next_dagrun for consume_1_and_2_with_dataset_expressions to None, run_after=None
[2024-09-02T14:01:35.183+0000] {logging_mixin.py:188} INFO - [2024-09-02T14:01:35.183+0000] {dag.py:3954} INFO - Setting next_dagrun for consume_1_or_2_with_dataset_expressions to None, run_after=None
[2024-09-02T14:01:35.185+0000] {logging_mixin.py:188} INFO - [2024-09-02T14:01:35.184+0000] {dag.py:3954} INFO - Setting next_dagrun for consume_1_or_both_2_and_3_with_dataset_expressions to None, run_after=None
[2024-09-02T14:01:35.186+0000] {logging_mixin.py:188} INFO - [2024-09-02T14:01:35.186+0000] {dag.py:3954} INFO - Setting next_dagrun for dataset_consumes_1 to None, run_after=None
[2024-09-02T14:01:35.188+0000] {logging_mixin.py:188} INFO - [2024-09-02T14:01:35.187+0000] {dag.py:3954} INFO - Setting next_dagrun for dataset_consumes_1_and_2 to None, run_after=None
[2024-09-02T14:01:35.189+0000] {logging_mixin.py:188} INFO - [2024-09-02T14:01:35.189+0000] {dag.py:3954} INFO - Setting next_dagrun for dataset_consumes_1_never_scheduled to None, run_after=None
[2024-09-02T14:01:35.191+0000] {logging_mixin.py:188} INFO - [2024-09-02T14:01:35.190+0000] {dag.py:3954} INFO - Setting next_dagrun for dataset_consumes_unknown_never_scheduled to None, run_after=None
[2024-09-02T14:01:35.194+0000] {logging_mixin.py:188} INFO - [2024-09-02T14:01:35.194+0000] {dag.py:3954} INFO - Setting next_dagrun for dataset_produces_1 to 2024-09-01 00:00:00+00:00, run_after=2024-09-02 00:00:00+00:00
[2024-09-02T14:01:35.196+0000] {logging_mixin.py:188} INFO - [2024-09-02T14:01:35.196+0000] {dag.py:3954} INFO - Setting next_dagrun for dataset_produces_2 to None, run_after=None
[2024-09-02T14:01:35.265+0000] {processor.py:183} INFO - Processing /home/airflow/.local/lib/python3.12/site-packages/airflow/example_dags/example_datasets.py took 0.309 seconds
[2024-09-02T14:02:06.205+0000] {processor.py:161} INFO - Started process (PID=506) to work on /home/airflow/.local/lib/python3.12/site-packages/airflow/example_dags/example_datasets.py
[2024-09-02T14:02:06.205+0000] {processor.py:830} INFO - Processing file /home/airflow/.local/lib/python3.12/site-packages/airflow/example_dags/example_datasets.py for tasks to queue
[2024-09-02T14:02:06.207+0000] {logging_mixin.py:188} INFO - [2024-09-02T14:02:06.207+0000] {dagbag.py:545} INFO - Filling up the DagBag from /home/airflow/.local/lib/python3.12/site-packages/airflow/example_dags/example_datasets.py
[2024-09-02T14:02:06.242+0000] {processor.py:840} INFO - DAG(s) 'consume_1_and_2_with_dataset_expressions', 'dataset_consumes_1_and_2', 'dataset_consumes_unknown_never_scheduled', 'conditional_dataset_and_time_based_timetable', 'dataset_produces_2', 'dataset_produces_1', 'dataset_consumes_1', 'consume_1_or_2_with_dataset_expressions', 'dataset_consumes_1_never_scheduled', 'consume_1_or_both_2_and_3_with_dataset_expressions' retrieved from /home/airflow/.local/lib/python3.12/site-packages/airflow/example_dags/example_datasets.py
[2024-09-02T14:02:06.300+0000] {logging_mixin.py:188} INFO - [2024-09-02T14:02:06.300+0000] {dag.py:3096} INFO - Sync 10 DAGs
[2024-09-02T14:02:06.333+0000] {logging_mixin.py:188} INFO - [2024-09-02T14:02:06.333+0000] {dag.py:3954} INFO - Setting next_dagrun for conditional_dataset_and_time_based_timetable to 2024-08-28 01:00:00+00:00, run_after=2024-08-28 01:00:00+00:00
[2024-09-02T14:02:06.338+0000] {logging_mixin.py:188} INFO - [2024-09-02T14:02:06.338+0000] {dag.py:3954} INFO - Setting next_dagrun for consume_1_and_2_with_dataset_expressions to None, run_after=None
[2024-09-02T14:02:06.340+0000] {logging_mixin.py:188} INFO - [2024-09-02T14:02:06.339+0000] {dag.py:3954} INFO - Setting next_dagrun for consume_1_or_2_with_dataset_expressions to None, run_after=None
[2024-09-02T14:02:06.341+0000] {logging_mixin.py:188} INFO - [2024-09-02T14:02:06.341+0000] {dag.py:3954} INFO - Setting next_dagrun for consume_1_or_both_2_and_3_with_dataset_expressions to None, run_after=None
[2024-09-02T14:02:06.342+0000] {logging_mixin.py:188} INFO - [2024-09-02T14:02:06.342+0000] {dag.py:3954} INFO - Setting next_dagrun for dataset_consumes_1 to None, run_after=None
[2024-09-02T14:02:06.343+0000] {logging_mixin.py:188} INFO - [2024-09-02T14:02:06.343+0000] {dag.py:3954} INFO - Setting next_dagrun for dataset_consumes_1_and_2 to None, run_after=None
[2024-09-02T14:02:06.345+0000] {logging_mixin.py:188} INFO - [2024-09-02T14:02:06.345+0000] {dag.py:3954} INFO - Setting next_dagrun for dataset_consumes_1_never_scheduled to None, run_after=None
[2024-09-02T14:02:06.346+0000] {logging_mixin.py:188} INFO - [2024-09-02T14:02:06.346+0000] {dag.py:3954} INFO - Setting next_dagrun for dataset_consumes_unknown_never_scheduled to None, run_after=None
[2024-09-02T14:02:06.349+0000] {logging_mixin.py:188} INFO - [2024-09-02T14:02:06.349+0000] {dag.py:3954} INFO - Setting next_dagrun for dataset_produces_1 to 2024-09-01 00:00:00+00:00, run_after=2024-09-02 00:00:00+00:00
[2024-09-02T14:02:06.350+0000] {logging_mixin.py:188} INFO - [2024-09-02T14:02:06.350+0000] {dag.py:3954} INFO - Setting next_dagrun for dataset_produces_2 to None, run_after=None
[2024-09-02T14:02:06.394+0000] {processor.py:183} INFO - Processing /home/airflow/.local/lib/python3.12/site-packages/airflow/example_dags/example_datasets.py took 0.196 seconds
[2024-09-02T14:02:37.154+0000] {processor.py:161} INFO - Started process (PID=565) to work on /home/airflow/.local/lib/python3.12/site-packages/airflow/example_dags/example_datasets.py
[2024-09-02T14:02:37.155+0000] {processor.py:830} INFO - Processing file /home/airflow/.local/lib/python3.12/site-packages/airflow/example_dags/example_datasets.py for tasks to queue
[2024-09-02T14:02:37.157+0000] {logging_mixin.py:188} INFO - [2024-09-02T14:02:37.156+0000] {dagbag.py:545} INFO - Filling up the DagBag from /home/airflow/.local/lib/python3.12/site-packages/airflow/example_dags/example_datasets.py
[2024-09-02T14:02:37.174+0000] {processor.py:840} INFO - DAG(s) 'dataset_consumes_1_never_scheduled', 'dataset_produces_1', 'consume_1_or_both_2_and_3_with_dataset_expressions', 'dataset_consumes_1_and_2', 'dataset_consumes_unknown_never_scheduled', 'dataset_produces_2', 'consume_1_or_2_with_dataset_expressions', 'dataset_consumes_1', 'conditional_dataset_and_time_based_timetable', 'consume_1_and_2_with_dataset_expressions' retrieved from /home/airflow/.local/lib/python3.12/site-packages/airflow/example_dags/example_datasets.py
[2024-09-02T14:02:37.234+0000] {logging_mixin.py:188} INFO - [2024-09-02T14:02:37.234+0000] {dag.py:3096} INFO - Sync 10 DAGs
[2024-09-02T14:02:37.267+0000] {logging_mixin.py:188} INFO - [2024-09-02T14:02:37.267+0000] {dag.py:3954} INFO - Setting next_dagrun for conditional_dataset_and_time_based_timetable to 2024-08-28 01:00:00+00:00, run_after=2024-08-28 01:00:00+00:00
[2024-09-02T14:02:37.273+0000] {logging_mixin.py:188} INFO - [2024-09-02T14:02:37.272+0000] {dag.py:3954} INFO - Setting next_dagrun for consume_1_and_2_with_dataset_expressions to None, run_after=None
[2024-09-02T14:02:37.275+0000] {logging_mixin.py:188} INFO - [2024-09-02T14:02:37.274+0000] {dag.py:3954} INFO - Setting next_dagrun for consume_1_or_2_with_dataset_expressions to None, run_after=None
[2024-09-02T14:02:37.276+0000] {logging_mixin.py:188} INFO - [2024-09-02T14:02:37.276+0000] {dag.py:3954} INFO - Setting next_dagrun for consume_1_or_both_2_and_3_with_dataset_expressions to None, run_after=None
[2024-09-02T14:02:37.278+0000] {logging_mixin.py:188} INFO - [2024-09-02T14:02:37.278+0000] {dag.py:3954} INFO - Setting next_dagrun for dataset_consumes_1 to None, run_after=None
[2024-09-02T14:02:37.279+0000] {logging_mixin.py:188} INFO - [2024-09-02T14:02:37.279+0000] {dag.py:3954} INFO - Setting next_dagrun for dataset_consumes_1_and_2 to None, run_after=None
[2024-09-02T14:02:37.281+0000] {logging_mixin.py:188} INFO - [2024-09-02T14:02:37.281+0000] {dag.py:3954} INFO - Setting next_dagrun for dataset_consumes_1_never_scheduled to None, run_after=None
[2024-09-02T14:02:37.282+0000] {logging_mixin.py:188} INFO - [2024-09-02T14:02:37.282+0000] {dag.py:3954} INFO - Setting next_dagrun for dataset_consumes_unknown_never_scheduled to None, run_after=None
[2024-09-02T14:02:37.286+0000] {logging_mixin.py:188} INFO - [2024-09-02T14:02:37.286+0000] {dag.py:3954} INFO - Setting next_dagrun for dataset_produces_1 to 2024-09-01 00:00:00+00:00, run_after=2024-09-02 00:00:00+00:00
[2024-09-02T14:02:37.287+0000] {logging_mixin.py:188} INFO - [2024-09-02T14:02:37.287+0000] {dag.py:3954} INFO - Setting next_dagrun for dataset_produces_2 to None, run_after=None
[2024-09-02T14:02:37.330+0000] {processor.py:183} INFO - Processing /home/airflow/.local/lib/python3.12/site-packages/airflow/example_dags/example_datasets.py took 0.183 seconds
[2024-09-02T14:03:08.191+0000] {processor.py:161} INFO - Started process (PID=622) to work on /home/airflow/.local/lib/python3.12/site-packages/airflow/example_dags/example_datasets.py
[2024-09-02T14:03:08.193+0000] {processor.py:830} INFO - Processing file /home/airflow/.local/lib/python3.12/site-packages/airflow/example_dags/example_datasets.py for tasks to queue
[2024-09-02T14:03:08.195+0000] {logging_mixin.py:188} INFO - [2024-09-02T14:03:08.195+0000] {dagbag.py:545} INFO - Filling up the DagBag from /home/airflow/.local/lib/python3.12/site-packages/airflow/example_dags/example_datasets.py
[2024-09-02T14:03:08.217+0000] {processor.py:840} INFO - DAG(s) 'consume_1_or_both_2_and_3_with_dataset_expressions', 'consume_1_or_2_with_dataset_expressions', 'dataset_consumes_1_never_scheduled', 'dataset_produces_1', 'consume_1_and_2_with_dataset_expressions', 'conditional_dataset_and_time_based_timetable', 'dataset_consumes_1', 'dataset_produces_2', 'dataset_consumes_unknown_never_scheduled', 'dataset_consumes_1_and_2' retrieved from /home/airflow/.local/lib/python3.12/site-packages/airflow/example_dags/example_datasets.py
[2024-09-02T14:03:08.277+0000] {logging_mixin.py:188} INFO - [2024-09-02T14:03:08.277+0000] {dag.py:3096} INFO - Sync 10 DAGs
[2024-09-02T14:03:08.338+0000] {logging_mixin.py:188} INFO - [2024-09-02T14:03:08.337+0000] {dag.py:3954} INFO - Setting next_dagrun for conditional_dataset_and_time_based_timetable to 2024-08-28 01:00:00+00:00, run_after=2024-08-28 01:00:00+00:00
[2024-09-02T14:03:08.359+0000] {logging_mixin.py:188} INFO - [2024-09-02T14:03:08.359+0000] {dag.py:3954} INFO - Setting next_dagrun for consume_1_and_2_with_dataset_expressions to None, run_after=None
[2024-09-02T14:03:08.361+0000] {logging_mixin.py:188} INFO - [2024-09-02T14:03:08.361+0000] {dag.py:3954} INFO - Setting next_dagrun for consume_1_or_2_with_dataset_expressions to None, run_after=None
[2024-09-02T14:03:08.362+0000] {logging_mixin.py:188} INFO - [2024-09-02T14:03:08.362+0000] {dag.py:3954} INFO - Setting next_dagrun for consume_1_or_both_2_and_3_with_dataset_expressions to None, run_after=None
[2024-09-02T14:03:08.365+0000] {logging_mixin.py:188} INFO - [2024-09-02T14:03:08.365+0000] {dag.py:3954} INFO - Setting next_dagrun for dataset_consumes_1 to None, run_after=None
[2024-09-02T14:03:08.380+0000] {logging_mixin.py:188} INFO - [2024-09-02T14:03:08.380+0000] {dag.py:3954} INFO - Setting next_dagrun for dataset_consumes_1_and_2 to None, run_after=None
[2024-09-02T14:03:08.381+0000] {logging_mixin.py:188} INFO - [2024-09-02T14:03:08.381+0000] {dag.py:3954} INFO - Setting next_dagrun for dataset_consumes_1_never_scheduled to None, run_after=None
[2024-09-02T14:03:08.383+0000] {logging_mixin.py:188} INFO - [2024-09-02T14:03:08.382+0000] {dag.py:3954} INFO - Setting next_dagrun for dataset_consumes_unknown_never_scheduled to None, run_after=None
[2024-09-02T14:03:08.400+0000] {logging_mixin.py:188} INFO - [2024-09-02T14:03:08.400+0000] {dag.py:3954} INFO - Setting next_dagrun for dataset_produces_1 to 2024-09-01 00:00:00+00:00, run_after=2024-09-02 00:00:00+00:00
[2024-09-02T14:03:08.414+0000] {logging_mixin.py:188} INFO - [2024-09-02T14:03:08.414+0000] {dag.py:3954} INFO - Setting next_dagrun for dataset_produces_2 to None, run_after=None
[2024-09-02T14:03:08.576+0000] {processor.py:183} INFO - Processing /home/airflow/.local/lib/python3.12/site-packages/airflow/example_dags/example_datasets.py took 0.391 seconds
[2024-09-02T14:03:39.445+0000] {processor.py:161} INFO - Started process (PID=680) to work on /home/airflow/.local/lib/python3.12/site-packages/airflow/example_dags/example_datasets.py
[2024-09-02T14:03:39.445+0000] {processor.py:830} INFO - Processing file /home/airflow/.local/lib/python3.12/site-packages/airflow/example_dags/example_datasets.py for tasks to queue
[2024-09-02T14:03:39.447+0000] {logging_mixin.py:188} INFO - [2024-09-02T14:03:39.447+0000] {dagbag.py:545} INFO - Filling up the DagBag from /home/airflow/.local/lib/python3.12/site-packages/airflow/example_dags/example_datasets.py
[2024-09-02T14:03:39.468+0000] {processor.py:840} INFO - DAG(s) 'dataset_consumes_unknown_never_scheduled', 'consume_1_and_2_with_dataset_expressions', 'dataset_consumes_1_and_2', 'consume_1_or_both_2_and_3_with_dataset_expressions', 'conditional_dataset_and_time_based_timetable', 'dataset_consumes_1_never_scheduled', 'dataset_produces_1', 'consume_1_or_2_with_dataset_expressions', 'dataset_produces_2', 'dataset_consumes_1' retrieved from /home/airflow/.local/lib/python3.12/site-packages/airflow/example_dags/example_datasets.py
[2024-09-02T14:03:39.530+0000] {logging_mixin.py:188} INFO - [2024-09-02T14:03:39.530+0000] {dag.py:3096} INFO - Sync 10 DAGs
[2024-09-02T14:03:39.576+0000] {logging_mixin.py:188} INFO - [2024-09-02T14:03:39.576+0000] {dag.py:3954} INFO - Setting next_dagrun for conditional_dataset_and_time_based_timetable to 2024-08-28 01:00:00+00:00, run_after=2024-08-28 01:00:00+00:00
[2024-09-02T14:03:39.582+0000] {logging_mixin.py:188} INFO - [2024-09-02T14:03:39.581+0000] {dag.py:3954} INFO - Setting next_dagrun for consume_1_and_2_with_dataset_expressions to None, run_after=None
[2024-09-02T14:03:39.583+0000] {logging_mixin.py:188} INFO - [2024-09-02T14:03:39.583+0000] {dag.py:3954} INFO - Setting next_dagrun for consume_1_or_2_with_dataset_expressions to None, run_after=None
[2024-09-02T14:03:39.584+0000] {logging_mixin.py:188} INFO - [2024-09-02T14:03:39.584+0000] {dag.py:3954} INFO - Setting next_dagrun for consume_1_or_both_2_and_3_with_dataset_expressions to None, run_after=None
[2024-09-02T14:03:39.585+0000] {logging_mixin.py:188} INFO - [2024-09-02T14:03:39.585+0000] {dag.py:3954} INFO - Setting next_dagrun for dataset_consumes_1 to None, run_after=None
[2024-09-02T14:03:39.586+0000] {logging_mixin.py:188} INFO - [2024-09-02T14:03:39.586+0000] {dag.py:3954} INFO - Setting next_dagrun for dataset_consumes_1_and_2 to None, run_after=None
[2024-09-02T14:03:39.587+0000] {logging_mixin.py:188} INFO - [2024-09-02T14:03:39.587+0000] {dag.py:3954} INFO - Setting next_dagrun for dataset_consumes_1_never_scheduled to None, run_after=None
[2024-09-02T14:03:39.588+0000] {logging_mixin.py:188} INFO - [2024-09-02T14:03:39.588+0000] {dag.py:3954} INFO - Setting next_dagrun for dataset_consumes_unknown_never_scheduled to None, run_after=None
[2024-09-02T14:03:39.591+0000] {logging_mixin.py:188} INFO - [2024-09-02T14:03:39.591+0000] {dag.py:3954} INFO - Setting next_dagrun for dataset_produces_1 to 2024-09-01 00:00:00+00:00, run_after=2024-09-02 00:00:00+00:00
[2024-09-02T14:03:39.592+0000] {logging_mixin.py:188} INFO - [2024-09-02T14:03:39.592+0000] {dag.py:3954} INFO - Setting next_dagrun for dataset_produces_2 to None, run_after=None
[2024-09-02T14:03:39.635+0000] {processor.py:183} INFO - Processing /home/airflow/.local/lib/python3.12/site-packages/airflow/example_dags/example_datasets.py took 0.196 seconds
[2024-09-02T14:04:11.609+0000] {processor.py:161} INFO - Started process (PID=743) to work on /home/airflow/.local/lib/python3.12/site-packages/airflow/example_dags/example_datasets.py
[2024-09-02T14:04:11.611+0000] {processor.py:830} INFO - Processing file /home/airflow/.local/lib/python3.12/site-packages/airflow/example_dags/example_datasets.py for tasks to queue
[2024-09-02T14:04:11.615+0000] {logging_mixin.py:188} INFO - [2024-09-02T14:04:11.615+0000] {dagbag.py:545} INFO - Filling up the DagBag from /home/airflow/.local/lib/python3.12/site-packages/airflow/example_dags/example_datasets.py
[2024-09-02T14:04:11.747+0000] {processor.py:840} INFO - DAG(s) 'dataset_consumes_1_and_2', 'consume_1_or_2_with_dataset_expressions', 'dataset_produces_1', 'dataset_produces_2', 'dataset_consumes_unknown_never_scheduled', 'dataset_consumes_1', 'consume_1_and_2_with_dataset_expressions', 'dataset_consumes_1_never_scheduled', 'conditional_dataset_and_time_based_timetable', 'consume_1_or_both_2_and_3_with_dataset_expressions' retrieved from /home/airflow/.local/lib/python3.12/site-packages/airflow/example_dags/example_datasets.py
[2024-09-02T14:04:11.956+0000] {logging_mixin.py:188} INFO - [2024-09-02T14:04:11.955+0000] {dag.py:3096} INFO - Sync 10 DAGs
[2024-09-02T14:04:12.027+0000] {logging_mixin.py:188} INFO - [2024-09-02T14:04:12.027+0000] {dag.py:3954} INFO - Setting next_dagrun for conditional_dataset_and_time_based_timetable to 2024-08-28 01:00:00+00:00, run_after=2024-08-28 01:00:00+00:00
[2024-09-02T14:04:12.037+0000] {logging_mixin.py:188} INFO - [2024-09-02T14:04:12.037+0000] {dag.py:3954} INFO - Setting next_dagrun for consume_1_and_2_with_dataset_expressions to None, run_after=None
[2024-09-02T14:04:12.044+0000] {logging_mixin.py:188} INFO - [2024-09-02T14:04:12.043+0000] {dag.py:3954} INFO - Setting next_dagrun for consume_1_or_2_with_dataset_expressions to None, run_after=None
[2024-09-02T14:04:12.047+0000] {logging_mixin.py:188} INFO - [2024-09-02T14:04:12.046+0000] {dag.py:3954} INFO - Setting next_dagrun for consume_1_or_both_2_and_3_with_dataset_expressions to None, run_after=None
[2024-09-02T14:04:12.049+0000] {logging_mixin.py:188} INFO - [2024-09-02T14:04:12.049+0000] {dag.py:3954} INFO - Setting next_dagrun for dataset_consumes_1 to None, run_after=None
[2024-09-02T14:04:12.051+0000] {logging_mixin.py:188} INFO - [2024-09-02T14:04:12.051+0000] {dag.py:3954} INFO - Setting next_dagrun for dataset_consumes_1_and_2 to None, run_after=None
[2024-09-02T14:04:12.053+0000] {logging_mixin.py:188} INFO - [2024-09-02T14:04:12.053+0000] {dag.py:3954} INFO - Setting next_dagrun for dataset_consumes_1_never_scheduled to None, run_after=None
[2024-09-02T14:04:12.057+0000] {logging_mixin.py:188} INFO - [2024-09-02T14:04:12.056+0000] {dag.py:3954} INFO - Setting next_dagrun for dataset_consumes_unknown_never_scheduled to None, run_after=None
[2024-09-02T14:04:12.095+0000] {logging_mixin.py:188} INFO - [2024-09-02T14:04:12.094+0000] {dag.py:3954} INFO - Setting next_dagrun for dataset_produces_1 to 2024-09-01 00:00:00+00:00, run_after=2024-09-02 00:00:00+00:00
[2024-09-02T14:04:12.101+0000] {logging_mixin.py:188} INFO - [2024-09-02T14:04:12.100+0000] {dag.py:3954} INFO - Setting next_dagrun for dataset_produces_2 to None, run_after=None
[2024-09-02T14:04:12.209+0000] {processor.py:183} INFO - Processing /home/airflow/.local/lib/python3.12/site-packages/airflow/example_dags/example_datasets.py took 0.634 seconds
