[2024-09-02T13:58:08.621+0000] {processor.py:161} INFO - Started process (PID=88) to work on /home/airflow/.local/lib/python3.12/site-packages/airflow/example_dags/example_short_circuit_decorator.py
[2024-09-02T13:58:08.631+0000] {processor.py:830} INFO - Processing file /home/airflow/.local/lib/python3.12/site-packages/airflow/example_dags/example_short_circuit_decorator.py for tasks to queue
[2024-09-02T13:58:08.633+0000] {logging_mixin.py:188} INFO - [2024-09-02T13:58:08.633+0000] {dagbag.py:545} INFO - Filling up the DagBag from /home/airflow/.local/lib/python3.12/site-packages/airflow/example_dags/example_short_circuit_decorator.py
[2024-09-02T13:58:08.665+0000] {processor.py:840} INFO - DAG(s) 'example_short_circuit_decorator' retrieved from /home/airflow/.local/lib/python3.12/site-packages/airflow/example_dags/example_short_circuit_decorator.py
[2024-09-02T13:58:09.038+0000] {logging_mixin.py:188} INFO - [2024-09-02T13:58:09.038+0000] {dag.py:3096} INFO - Sync 1 DAGs
[2024-09-02T13:58:09.144+0000] {logging_mixin.py:188} INFO - [2024-09-02T13:58:09.144+0000] {dag.py:3954} INFO - Setting next_dagrun for example_short_circuit_decorator to 2024-09-01 00:00:00+00:00, run_after=2024-09-02 00:00:00+00:00
[2024-09-02T13:58:09.234+0000] {processor.py:183} INFO - Processing /home/airflow/.local/lib/python3.12/site-packages/airflow/example_dags/example_short_circuit_decorator.py took 0.626 seconds
[2024-09-02T13:58:39.920+0000] {processor.py:161} INFO - Started process (PID=146) to work on /home/airflow/.local/lib/python3.12/site-packages/airflow/example_dags/example_short_circuit_decorator.py
[2024-09-02T13:58:39.921+0000] {processor.py:830} INFO - Processing file /home/airflow/.local/lib/python3.12/site-packages/airflow/example_dags/example_short_circuit_decorator.py for tasks to queue
[2024-09-02T13:58:39.923+0000] {logging_mixin.py:188} INFO - [2024-09-02T13:58:39.923+0000] {dagbag.py:545} INFO - Filling up the DagBag from /home/airflow/.local/lib/python3.12/site-packages/airflow/example_dags/example_short_circuit_decorator.py
[2024-09-02T13:58:39.935+0000] {processor.py:840} INFO - DAG(s) 'example_short_circuit_decorator' retrieved from /home/airflow/.local/lib/python3.12/site-packages/airflow/example_dags/example_short_circuit_decorator.py
[2024-09-02T13:58:39.966+0000] {logging_mixin.py:188} INFO - [2024-09-02T13:58:39.965+0000] {dag.py:3096} INFO - Sync 1 DAGs
[2024-09-02T13:58:39.994+0000] {logging_mixin.py:188} INFO - [2024-09-02T13:58:39.993+0000] {dag.py:3954} INFO - Setting next_dagrun for example_short_circuit_decorator to 2024-09-01 00:00:00+00:00, run_after=2024-09-02 00:00:00+00:00
[2024-09-02T13:58:40.017+0000] {processor.py:183} INFO - Processing /home/airflow/.local/lib/python3.12/site-packages/airflow/example_dags/example_short_circuit_decorator.py took 0.103 seconds
[2024-09-02T13:59:11.662+0000] {processor.py:161} INFO - Started process (PID=204) to work on /home/airflow/.local/lib/python3.12/site-packages/airflow/example_dags/example_short_circuit_decorator.py
[2024-09-02T13:59:11.701+0000] {processor.py:830} INFO - Processing file /home/airflow/.local/lib/python3.12/site-packages/airflow/example_dags/example_short_circuit_decorator.py for tasks to queue
[2024-09-02T13:59:11.712+0000] {logging_mixin.py:188} INFO - [2024-09-02T13:59:11.711+0000] {dagbag.py:545} INFO - Filling up the DagBag from /home/airflow/.local/lib/python3.12/site-packages/airflow/example_dags/example_short_circuit_decorator.py
[2024-09-02T13:59:11.759+0000] {processor.py:840} INFO - DAG(s) 'example_short_circuit_decorator' retrieved from /home/airflow/.local/lib/python3.12/site-packages/airflow/example_dags/example_short_circuit_decorator.py
[2024-09-02T13:59:11.908+0000] {logging_mixin.py:188} INFO - [2024-09-02T13:59:11.908+0000] {dag.py:3096} INFO - Sync 1 DAGs
[2024-09-02T13:59:12.083+0000] {logging_mixin.py:188} INFO - [2024-09-02T13:59:12.083+0000] {dag.py:3954} INFO - Setting next_dagrun for example_short_circuit_decorator to 2024-09-01 00:00:00+00:00, run_after=2024-09-02 00:00:00+00:00
[2024-09-02T13:59:12.230+0000] {processor.py:183} INFO - Processing /home/airflow/.local/lib/python3.12/site-packages/airflow/example_dags/example_short_circuit_decorator.py took 0.619 seconds
[2024-09-02T13:59:42.439+0000] {processor.py:161} INFO - Started process (PID=262) to work on /home/airflow/.local/lib/python3.12/site-packages/airflow/example_dags/example_short_circuit_decorator.py
[2024-09-02T13:59:42.443+0000] {processor.py:830} INFO - Processing file /home/airflow/.local/lib/python3.12/site-packages/airflow/example_dags/example_short_circuit_decorator.py for tasks to queue
[2024-09-02T13:59:42.445+0000] {logging_mixin.py:188} INFO - [2024-09-02T13:59:42.444+0000] {dagbag.py:545} INFO - Filling up the DagBag from /home/airflow/.local/lib/python3.12/site-packages/airflow/example_dags/example_short_circuit_decorator.py
[2024-09-02T13:59:42.461+0000] {processor.py:840} INFO - DAG(s) 'example_short_circuit_decorator' retrieved from /home/airflow/.local/lib/python3.12/site-packages/airflow/example_dags/example_short_circuit_decorator.py
[2024-09-02T13:59:42.503+0000] {logging_mixin.py:188} INFO - [2024-09-02T13:59:42.503+0000] {dag.py:3096} INFO - Sync 1 DAGs
[2024-09-02T13:59:42.553+0000] {logging_mixin.py:188} INFO - [2024-09-02T13:59:42.553+0000] {dag.py:3954} INFO - Setting next_dagrun for example_short_circuit_decorator to 2024-09-01 00:00:00+00:00, run_after=2024-09-02 00:00:00+00:00
[2024-09-02T13:59:42.604+0000] {processor.py:183} INFO - Processing /home/airflow/.local/lib/python3.12/site-packages/airflow/example_dags/example_short_circuit_decorator.py took 0.176 seconds
[2024-09-02T14:00:12.746+0000] {processor.py:161} INFO - Started process (PID=319) to work on /home/airflow/.local/lib/python3.12/site-packages/airflow/example_dags/example_short_circuit_decorator.py
[2024-09-02T14:00:12.747+0000] {processor.py:830} INFO - Processing file /home/airflow/.local/lib/python3.12/site-packages/airflow/example_dags/example_short_circuit_decorator.py for tasks to queue
[2024-09-02T14:00:12.749+0000] {logging_mixin.py:188} INFO - [2024-09-02T14:00:12.749+0000] {dagbag.py:545} INFO - Filling up the DagBag from /home/airflow/.local/lib/python3.12/site-packages/airflow/example_dags/example_short_circuit_decorator.py
[2024-09-02T14:00:12.766+0000] {processor.py:840} INFO - DAG(s) 'example_short_circuit_decorator' retrieved from /home/airflow/.local/lib/python3.12/site-packages/airflow/example_dags/example_short_circuit_decorator.py
[2024-09-02T14:00:12.964+0000] {logging_mixin.py:188} INFO - [2024-09-02T14:00:12.963+0000] {dag.py:3096} INFO - Sync 1 DAGs
[2024-09-02T14:00:12.989+0000] {logging_mixin.py:188} INFO - [2024-09-02T14:00:12.989+0000] {dag.py:3954} INFO - Setting next_dagrun for example_short_circuit_decorator to 2024-09-01 00:00:00+00:00, run_after=2024-09-02 00:00:00+00:00
[2024-09-02T14:00:13.021+0000] {processor.py:183} INFO - Processing /home/airflow/.local/lib/python3.12/site-packages/airflow/example_dags/example_short_circuit_decorator.py took 0.289 seconds
[2024-09-02T14:01:00.320+0000] {processor.py:161} INFO - Started process (PID=377) to work on /home/airflow/.local/lib/python3.12/site-packages/airflow/example_dags/example_short_circuit_decorator.py
[2024-09-02T14:01:00.321+0000] {processor.py:830} INFO - Processing file /home/airflow/.local/lib/python3.12/site-packages/airflow/example_dags/example_short_circuit_decorator.py for tasks to queue
[2024-09-02T14:01:00.323+0000] {logging_mixin.py:188} INFO - [2024-09-02T14:01:00.323+0000] {dagbag.py:545} INFO - Filling up the DagBag from /home/airflow/.local/lib/python3.12/site-packages/airflow/example_dags/example_short_circuit_decorator.py
[2024-09-02T14:01:00.379+0000] {processor.py:840} INFO - DAG(s) 'example_short_circuit_decorator' retrieved from /home/airflow/.local/lib/python3.12/site-packages/airflow/example_dags/example_short_circuit_decorator.py
[2024-09-02T14:01:00.494+0000] {logging_mixin.py:188} INFO - [2024-09-02T14:01:00.493+0000] {dag.py:3096} INFO - Sync 1 DAGs
[2024-09-02T14:01:00.609+0000] {logging_mixin.py:188} INFO - [2024-09-02T14:01:00.608+0000] {dag.py:3954} INFO - Setting next_dagrun for example_short_circuit_decorator to 2024-09-01 00:00:00+00:00, run_after=2024-09-02 00:00:00+00:00
[2024-09-02T14:01:00.699+0000] {processor.py:183} INFO - Processing /home/airflow/.local/lib/python3.12/site-packages/airflow/example_dags/example_short_circuit_decorator.py took 0.414 seconds
[2024-09-02T14:01:31.804+0000] {processor.py:161} INFO - Started process (PID=434) to work on /home/airflow/.local/lib/python3.12/site-packages/airflow/example_dags/example_short_circuit_decorator.py
[2024-09-02T14:01:31.805+0000] {processor.py:830} INFO - Processing file /home/airflow/.local/lib/python3.12/site-packages/airflow/example_dags/example_short_circuit_decorator.py for tasks to queue
[2024-09-02T14:01:31.810+0000] {logging_mixin.py:188} INFO - [2024-09-02T14:01:31.809+0000] {dagbag.py:545} INFO - Filling up the DagBag from /home/airflow/.local/lib/python3.12/site-packages/airflow/example_dags/example_short_circuit_decorator.py
[2024-09-02T14:01:31.966+0000] {processor.py:840} INFO - DAG(s) 'example_short_circuit_decorator' retrieved from /home/airflow/.local/lib/python3.12/site-packages/airflow/example_dags/example_short_circuit_decorator.py
[2024-09-02T14:01:32.991+0000] {logging_mixin.py:188} INFO - [2024-09-02T14:01:32.991+0000] {dag.py:3096} INFO - Sync 1 DAGs
[2024-09-02T14:01:33.489+0000] {logging_mixin.py:188} INFO - [2024-09-02T14:01:33.489+0000] {dag.py:3954} INFO - Setting next_dagrun for example_short_circuit_decorator to 2024-09-01 00:00:00+00:00, run_after=2024-09-02 00:00:00+00:00
[2024-09-02T14:01:33.674+0000] {processor.py:183} INFO - Processing /home/airflow/.local/lib/python3.12/site-packages/airflow/example_dags/example_short_circuit_decorator.py took 1.931 seconds
[2024-09-02T14:02:04.680+0000] {processor.py:161} INFO - Started process (PID=499) to work on /home/airflow/.local/lib/python3.12/site-packages/airflow/example_dags/example_short_circuit_decorator.py
[2024-09-02T14:02:04.681+0000] {processor.py:830} INFO - Processing file /home/airflow/.local/lib/python3.12/site-packages/airflow/example_dags/example_short_circuit_decorator.py for tasks to queue
[2024-09-02T14:02:04.683+0000] {logging_mixin.py:188} INFO - [2024-09-02T14:02:04.683+0000] {dagbag.py:545} INFO - Filling up the DagBag from /home/airflow/.local/lib/python3.12/site-packages/airflow/example_dags/example_short_circuit_decorator.py
[2024-09-02T14:02:04.695+0000] {processor.py:840} INFO - DAG(s) 'example_short_circuit_decorator' retrieved from /home/airflow/.local/lib/python3.12/site-packages/airflow/example_dags/example_short_circuit_decorator.py
[2024-09-02T14:02:04.725+0000] {logging_mixin.py:188} INFO - [2024-09-02T14:02:04.725+0000] {dag.py:3096} INFO - Sync 1 DAGs
[2024-09-02T14:02:04.759+0000] {logging_mixin.py:188} INFO - [2024-09-02T14:02:04.758+0000] {dag.py:3954} INFO - Setting next_dagrun for example_short_circuit_decorator to 2024-09-01 00:00:00+00:00, run_after=2024-09-02 00:00:00+00:00
[2024-09-02T14:02:04.784+0000] {processor.py:183} INFO - Processing /home/airflow/.local/lib/python3.12/site-packages/airflow/example_dags/example_short_circuit_decorator.py took 0.110 seconds
[2024-09-02T14:02:35.583+0000] {processor.py:161} INFO - Started process (PID=557) to work on /home/airflow/.local/lib/python3.12/site-packages/airflow/example_dags/example_short_circuit_decorator.py
[2024-09-02T14:02:35.584+0000] {processor.py:830} INFO - Processing file /home/airflow/.local/lib/python3.12/site-packages/airflow/example_dags/example_short_circuit_decorator.py for tasks to queue
[2024-09-02T14:02:35.586+0000] {logging_mixin.py:188} INFO - [2024-09-02T14:02:35.586+0000] {dagbag.py:545} INFO - Filling up the DagBag from /home/airflow/.local/lib/python3.12/site-packages/airflow/example_dags/example_short_circuit_decorator.py
[2024-09-02T14:02:35.600+0000] {processor.py:840} INFO - DAG(s) 'example_short_circuit_decorator' retrieved from /home/airflow/.local/lib/python3.12/site-packages/airflow/example_dags/example_short_circuit_decorator.py
[2024-09-02T14:02:35.630+0000] {logging_mixin.py:188} INFO - [2024-09-02T14:02:35.629+0000] {dag.py:3096} INFO - Sync 1 DAGs
[2024-09-02T14:02:35.676+0000] {logging_mixin.py:188} INFO - [2024-09-02T14:02:35.675+0000] {dag.py:3954} INFO - Setting next_dagrun for example_short_circuit_decorator to 2024-09-01 00:00:00+00:00, run_after=2024-09-02 00:00:00+00:00
[2024-09-02T14:02:35.716+0000] {processor.py:183} INFO - Processing /home/airflow/.local/lib/python3.12/site-packages/airflow/example_dags/example_short_circuit_decorator.py took 0.139 seconds
[2024-09-02T14:03:06.037+0000] {processor.py:161} INFO - Started process (PID=614) to work on /home/airflow/.local/lib/python3.12/site-packages/airflow/example_dags/example_short_circuit_decorator.py
[2024-09-02T14:03:06.039+0000] {processor.py:830} INFO - Processing file /home/airflow/.local/lib/python3.12/site-packages/airflow/example_dags/example_short_circuit_decorator.py for tasks to queue
[2024-09-02T14:03:06.041+0000] {logging_mixin.py:188} INFO - [2024-09-02T14:03:06.041+0000] {dagbag.py:545} INFO - Filling up the DagBag from /home/airflow/.local/lib/python3.12/site-packages/airflow/example_dags/example_short_circuit_decorator.py
[2024-09-02T14:03:06.064+0000] {processor.py:840} INFO - DAG(s) 'example_short_circuit_decorator' retrieved from /home/airflow/.local/lib/python3.12/site-packages/airflow/example_dags/example_short_circuit_decorator.py
[2024-09-02T14:03:06.131+0000] {logging_mixin.py:188} INFO - [2024-09-02T14:03:06.131+0000] {dag.py:3096} INFO - Sync 1 DAGs
[2024-09-02T14:03:06.203+0000] {logging_mixin.py:188} INFO - [2024-09-02T14:03:06.203+0000] {dag.py:3954} INFO - Setting next_dagrun for example_short_circuit_decorator to 2024-09-01 00:00:00+00:00, run_after=2024-09-02 00:00:00+00:00
[2024-09-02T14:03:06.249+0000] {processor.py:183} INFO - Processing /home/airflow/.local/lib/python3.12/site-packages/airflow/example_dags/example_short_circuit_decorator.py took 0.227 seconds
[2024-09-02T14:03:36.798+0000] {processor.py:161} INFO - Started process (PID=672) to work on /home/airflow/.local/lib/python3.12/site-packages/airflow/example_dags/example_short_circuit_decorator.py
[2024-09-02T14:03:36.799+0000] {processor.py:830} INFO - Processing file /home/airflow/.local/lib/python3.12/site-packages/airflow/example_dags/example_short_circuit_decorator.py for tasks to queue
[2024-09-02T14:03:36.801+0000] {logging_mixin.py:188} INFO - [2024-09-02T14:03:36.801+0000] {dagbag.py:545} INFO - Filling up the DagBag from /home/airflow/.local/lib/python3.12/site-packages/airflow/example_dags/example_short_circuit_decorator.py
[2024-09-02T14:03:36.817+0000] {processor.py:840} INFO - DAG(s) 'example_short_circuit_decorator' retrieved from /home/airflow/.local/lib/python3.12/site-packages/airflow/example_dags/example_short_circuit_decorator.py
[2024-09-02T14:03:36.928+0000] {logging_mixin.py:188} INFO - [2024-09-02T14:03:36.927+0000] {dag.py:3096} INFO - Sync 1 DAGs
[2024-09-02T14:03:37.124+0000] {logging_mixin.py:188} INFO - [2024-09-02T14:03:37.124+0000] {dag.py:3954} INFO - Setting next_dagrun for example_short_circuit_decorator to 2024-09-01 00:00:00+00:00, run_after=2024-09-02 00:00:00+00:00
[2024-09-02T14:03:37.218+0000] {processor.py:183} INFO - Processing /home/airflow/.local/lib/python3.12/site-packages/airflow/example_dags/example_short_circuit_decorator.py took 0.436 seconds
[2024-09-02T14:04:07.303+0000] {processor.py:161} INFO - Started process (PID=731) to work on /home/airflow/.local/lib/python3.12/site-packages/airflow/example_dags/example_short_circuit_decorator.py
[2024-09-02T14:04:07.304+0000] {processor.py:830} INFO - Processing file /home/airflow/.local/lib/python3.12/site-packages/airflow/example_dags/example_short_circuit_decorator.py for tasks to queue
[2024-09-02T14:04:07.306+0000] {logging_mixin.py:188} INFO - [2024-09-02T14:04:07.306+0000] {dagbag.py:545} INFO - Filling up the DagBag from /home/airflow/.local/lib/python3.12/site-packages/airflow/example_dags/example_short_circuit_decorator.py
[2024-09-02T14:04:07.314+0000] {processor.py:840} INFO - DAG(s) 'example_short_circuit_decorator' retrieved from /home/airflow/.local/lib/python3.12/site-packages/airflow/example_dags/example_short_circuit_decorator.py
[2024-09-02T14:04:07.333+0000] {logging_mixin.py:188} INFO - [2024-09-02T14:04:07.333+0000] {dag.py:3096} INFO - Sync 1 DAGs
[2024-09-02T14:04:07.351+0000] {logging_mixin.py:188} INFO - [2024-09-02T14:04:07.351+0000] {dag.py:3954} INFO - Setting next_dagrun for example_short_circuit_decorator to 2024-09-01 00:00:00+00:00, run_after=2024-09-02 00:00:00+00:00
[2024-09-02T14:04:07.371+0000] {processor.py:183} INFO - Processing /home/airflow/.local/lib/python3.12/site-packages/airflow/example_dags/example_short_circuit_decorator.py took 0.074 seconds
