[2024-09-02T13:58:13.829+0000] {processor.py:161} INFO - Started process (PID=104) to work on /home/airflow/.local/lib/python3.12/site-packages/airflow/example_dags/example_setup_teardown.py
[2024-09-02T13:58:13.831+0000] {processor.py:830} INFO - Processing file /home/airflow/.local/lib/python3.12/site-packages/airflow/example_dags/example_setup_teardown.py for tasks to queue
[2024-09-02T13:58:13.834+0000] {logging_mixin.py:188} INFO - [2024-09-02T13:58:13.834+0000] {dagbag.py:545} INFO - Filling up the DagBag from /home/airflow/.local/lib/python3.12/site-packages/airflow/example_dags/example_setup_teardown.py
[2024-09-02T13:58:13.853+0000] {processor.py:840} INFO - DAG(s) 'example_setup_teardown' retrieved from /home/airflow/.local/lib/python3.12/site-packages/airflow/example_dags/example_setup_teardown.py
[2024-09-02T13:58:14.060+0000] {logging_mixin.py:188} INFO - [2024-09-02T13:58:14.059+0000] {dag.py:3096} INFO - Sync 1 DAGs
[2024-09-02T13:58:14.110+0000] {logging_mixin.py:188} INFO - [2024-09-02T13:58:14.110+0000] {dag.py:3954} INFO - Setting next_dagrun for example_setup_teardown to 2024-09-01 00:00:00+00:00, run_after=2024-09-02 00:00:00+00:00
[2024-09-02T13:58:14.163+0000] {processor.py:183} INFO - Processing /home/airflow/.local/lib/python3.12/site-packages/airflow/example_dags/example_setup_teardown.py took 0.363 seconds
[2024-09-02T13:58:45.018+0000] {processor.py:161} INFO - Started process (PID=162) to work on /home/airflow/.local/lib/python3.12/site-packages/airflow/example_dags/example_setup_teardown.py
[2024-09-02T13:58:45.019+0000] {processor.py:830} INFO - Processing file /home/airflow/.local/lib/python3.12/site-packages/airflow/example_dags/example_setup_teardown.py for tasks to queue
[2024-09-02T13:58:45.021+0000] {logging_mixin.py:188} INFO - [2024-09-02T13:58:45.021+0000] {dagbag.py:545} INFO - Filling up the DagBag from /home/airflow/.local/lib/python3.12/site-packages/airflow/example_dags/example_setup_teardown.py
[2024-09-02T13:58:45.032+0000] {processor.py:840} INFO - DAG(s) 'example_setup_teardown' retrieved from /home/airflow/.local/lib/python3.12/site-packages/airflow/example_dags/example_setup_teardown.py
[2024-09-02T13:58:45.058+0000] {logging_mixin.py:188} INFO - [2024-09-02T13:58:45.058+0000] {dag.py:3096} INFO - Sync 1 DAGs
[2024-09-02T13:58:45.089+0000] {logging_mixin.py:188} INFO - [2024-09-02T13:58:45.088+0000] {dag.py:3954} INFO - Setting next_dagrun for example_setup_teardown to 2024-09-01 00:00:00+00:00, run_after=2024-09-02 00:00:00+00:00
[2024-09-02T13:58:45.121+0000] {processor.py:183} INFO - Processing /home/airflow/.local/lib/python3.12/site-packages/airflow/example_dags/example_setup_teardown.py took 0.110 seconds
[2024-09-02T13:59:17.858+0000] {processor.py:161} INFO - Started process (PID=220) to work on /home/airflow/.local/lib/python3.12/site-packages/airflow/example_dags/example_setup_teardown.py
[2024-09-02T13:59:17.878+0000] {processor.py:830} INFO - Processing file /home/airflow/.local/lib/python3.12/site-packages/airflow/example_dags/example_setup_teardown.py for tasks to queue
[2024-09-02T13:59:17.880+0000] {logging_mixin.py:188} INFO - [2024-09-02T13:59:17.880+0000] {dagbag.py:545} INFO - Filling up the DagBag from /home/airflow/.local/lib/python3.12/site-packages/airflow/example_dags/example_setup_teardown.py
[2024-09-02T13:59:17.897+0000] {processor.py:840} INFO - DAG(s) 'example_setup_teardown' retrieved from /home/airflow/.local/lib/python3.12/site-packages/airflow/example_dags/example_setup_teardown.py
[2024-09-02T13:59:18.020+0000] {logging_mixin.py:188} INFO - [2024-09-02T13:59:18.019+0000] {dag.py:3096} INFO - Sync 1 DAGs
[2024-09-02T13:59:18.085+0000] {logging_mixin.py:188} INFO - [2024-09-02T13:59:18.085+0000] {dag.py:3954} INFO - Setting next_dagrun for example_setup_teardown to 2024-09-01 00:00:00+00:00, run_after=2024-09-02 00:00:00+00:00
[2024-09-02T13:59:18.180+0000] {processor.py:183} INFO - Processing /home/airflow/.local/lib/python3.12/site-packages/airflow/example_dags/example_setup_teardown.py took 0.354 seconds
[2024-09-02T13:59:48.608+0000] {processor.py:161} INFO - Started process (PID=278) to work on /home/airflow/.local/lib/python3.12/site-packages/airflow/example_dags/example_setup_teardown.py
[2024-09-02T13:59:48.618+0000] {processor.py:830} INFO - Processing file /home/airflow/.local/lib/python3.12/site-packages/airflow/example_dags/example_setup_teardown.py for tasks to queue
[2024-09-02T13:59:48.621+0000] {logging_mixin.py:188} INFO - [2024-09-02T13:59:48.620+0000] {dagbag.py:545} INFO - Filling up the DagBag from /home/airflow/.local/lib/python3.12/site-packages/airflow/example_dags/example_setup_teardown.py
[2024-09-02T13:59:48.669+0000] {processor.py:840} INFO - DAG(s) 'example_setup_teardown' retrieved from /home/airflow/.local/lib/python3.12/site-packages/airflow/example_dags/example_setup_teardown.py
[2024-09-02T13:59:48.698+0000] {logging_mixin.py:188} INFO - [2024-09-02T13:59:48.697+0000] {dag.py:3096} INFO - Sync 1 DAGs
[2024-09-02T13:59:48.755+0000] {logging_mixin.py:188} INFO - [2024-09-02T13:59:48.755+0000] {dag.py:3954} INFO - Setting next_dagrun for example_setup_teardown to 2024-09-01 00:00:00+00:00, run_after=2024-09-02 00:00:00+00:00
[2024-09-02T13:59:48.805+0000] {processor.py:183} INFO - Processing /home/airflow/.local/lib/python3.12/site-packages/airflow/example_dags/example_setup_teardown.py took 0.221 seconds
[2024-09-02T14:00:20.158+0000] {processor.py:161} INFO - Started process (PID=335) to work on /home/airflow/.local/lib/python3.12/site-packages/airflow/example_dags/example_setup_teardown.py
[2024-09-02T14:00:20.167+0000] {processor.py:830} INFO - Processing file /home/airflow/.local/lib/python3.12/site-packages/airflow/example_dags/example_setup_teardown.py for tasks to queue
[2024-09-02T14:00:20.181+0000] {logging_mixin.py:188} INFO - [2024-09-02T14:00:20.174+0000] {dagbag.py:545} INFO - Filling up the DagBag from /home/airflow/.local/lib/python3.12/site-packages/airflow/example_dags/example_setup_teardown.py
[2024-09-02T14:00:20.208+0000] {processor.py:840} INFO - DAG(s) 'example_setup_teardown' retrieved from /home/airflow/.local/lib/python3.12/site-packages/airflow/example_dags/example_setup_teardown.py
[2024-09-02T14:00:20.592+0000] {logging_mixin.py:188} INFO - [2024-09-02T14:00:20.589+0000] {dag.py:3096} INFO - Sync 1 DAGs
[2024-09-02T14:00:20.762+0000] {logging_mixin.py:188} INFO - [2024-09-02T14:00:20.762+0000] {dag.py:3954} INFO - Setting next_dagrun for example_setup_teardown to 2024-09-01 00:00:00+00:00, run_after=2024-09-02 00:00:00+00:00
[2024-09-02T14:00:20.834+0000] {processor.py:183} INFO - Processing /home/airflow/.local/lib/python3.12/site-packages/airflow/example_dags/example_setup_teardown.py took 0.693 seconds
[2024-09-02T14:01:04.735+0000] {processor.py:161} INFO - Started process (PID=402) to work on /home/airflow/.local/lib/python3.12/site-packages/airflow/example_dags/example_setup_teardown.py
[2024-09-02T14:01:04.737+0000] {processor.py:830} INFO - Processing file /home/airflow/.local/lib/python3.12/site-packages/airflow/example_dags/example_setup_teardown.py for tasks to queue
[2024-09-02T14:01:04.748+0000] {logging_mixin.py:188} INFO - [2024-09-02T14:01:04.747+0000] {dagbag.py:545} INFO - Filling up the DagBag from /home/airflow/.local/lib/python3.12/site-packages/airflow/example_dags/example_setup_teardown.py
[2024-09-02T14:01:04.756+0000] {processor.py:840} INFO - DAG(s) 'example_setup_teardown' retrieved from /home/airflow/.local/lib/python3.12/site-packages/airflow/example_dags/example_setup_teardown.py
[2024-09-02T14:01:04.814+0000] {logging_mixin.py:188} INFO - [2024-09-02T14:01:04.814+0000] {dag.py:3096} INFO - Sync 1 DAGs
[2024-09-02T14:01:04.872+0000] {logging_mixin.py:188} INFO - [2024-09-02T14:01:04.871+0000] {dag.py:3954} INFO - Setting next_dagrun for example_setup_teardown to 2024-09-01 00:00:00+00:00, run_after=2024-09-02 00:00:00+00:00
[2024-09-02T14:01:04.910+0000] {processor.py:183} INFO - Processing /home/airflow/.local/lib/python3.12/site-packages/airflow/example_dags/example_setup_teardown.py took 0.192 seconds
[2024-09-02T14:01:37.840+0000] {processor.py:161} INFO - Started process (PID=462) to work on /home/airflow/.local/lib/python3.12/site-packages/airflow/example_dags/example_setup_teardown.py
[2024-09-02T14:01:37.847+0000] {processor.py:830} INFO - Processing file /home/airflow/.local/lib/python3.12/site-packages/airflow/example_dags/example_setup_teardown.py for tasks to queue
[2024-09-02T14:01:37.860+0000] {logging_mixin.py:188} INFO - [2024-09-02T14:01:37.859+0000] {dagbag.py:545} INFO - Filling up the DagBag from /home/airflow/.local/lib/python3.12/site-packages/airflow/example_dags/example_setup_teardown.py
[2024-09-02T14:01:37.894+0000] {processor.py:840} INFO - DAG(s) 'example_setup_teardown' retrieved from /home/airflow/.local/lib/python3.12/site-packages/airflow/example_dags/example_setup_teardown.py
[2024-09-02T14:01:37.982+0000] {logging_mixin.py:188} INFO - [2024-09-02T14:01:37.980+0000] {dag.py:3096} INFO - Sync 1 DAGs
[2024-09-02T14:01:38.074+0000] {logging_mixin.py:188} INFO - [2024-09-02T14:01:38.067+0000] {dag.py:3954} INFO - Setting next_dagrun for example_setup_teardown to 2024-09-01 00:00:00+00:00, run_after=2024-09-02 00:00:00+00:00
[2024-09-02T14:01:38.163+0000] {processor.py:183} INFO - Processing /home/airflow/.local/lib/python3.12/site-packages/airflow/example_dags/example_setup_teardown.py took 0.331 seconds
[2024-09-02T14:02:08.310+0000] {processor.py:161} INFO - Started process (PID=520) to work on /home/airflow/.local/lib/python3.12/site-packages/airflow/example_dags/example_setup_teardown.py
[2024-09-02T14:02:08.311+0000] {processor.py:830} INFO - Processing file /home/airflow/.local/lib/python3.12/site-packages/airflow/example_dags/example_setup_teardown.py for tasks to queue
[2024-09-02T14:02:08.313+0000] {logging_mixin.py:188} INFO - [2024-09-02T14:02:08.312+0000] {dagbag.py:545} INFO - Filling up the DagBag from /home/airflow/.local/lib/python3.12/site-packages/airflow/example_dags/example_setup_teardown.py
[2024-09-02T14:02:08.322+0000] {processor.py:840} INFO - DAG(s) 'example_setup_teardown' retrieved from /home/airflow/.local/lib/python3.12/site-packages/airflow/example_dags/example_setup_teardown.py
[2024-09-02T14:02:08.347+0000] {logging_mixin.py:188} INFO - [2024-09-02T14:02:08.347+0000] {dag.py:3096} INFO - Sync 1 DAGs
[2024-09-02T14:02:08.373+0000] {logging_mixin.py:188} INFO - [2024-09-02T14:02:08.373+0000] {dag.py:3954} INFO - Setting next_dagrun for example_setup_teardown to 2024-09-01 00:00:00+00:00, run_after=2024-09-02 00:00:00+00:00
[2024-09-02T14:02:08.399+0000] {processor.py:183} INFO - Processing /home/airflow/.local/lib/python3.12/site-packages/airflow/example_dags/example_setup_teardown.py took 0.096 seconds
[2024-09-02T14:02:39.235+0000] {processor.py:161} INFO - Started process (PID=579) to work on /home/airflow/.local/lib/python3.12/site-packages/airflow/example_dags/example_setup_teardown.py
[2024-09-02T14:02:39.236+0000] {processor.py:830} INFO - Processing file /home/airflow/.local/lib/python3.12/site-packages/airflow/example_dags/example_setup_teardown.py for tasks to queue
[2024-09-02T14:02:39.238+0000] {logging_mixin.py:188} INFO - [2024-09-02T14:02:39.238+0000] {dagbag.py:545} INFO - Filling up the DagBag from /home/airflow/.local/lib/python3.12/site-packages/airflow/example_dags/example_setup_teardown.py
[2024-09-02T14:02:39.255+0000] {processor.py:840} INFO - DAG(s) 'example_setup_teardown' retrieved from /home/airflow/.local/lib/python3.12/site-packages/airflow/example_dags/example_setup_teardown.py
[2024-09-02T14:02:39.315+0000] {logging_mixin.py:188} INFO - [2024-09-02T14:02:39.314+0000] {dag.py:3096} INFO - Sync 1 DAGs
[2024-09-02T14:02:39.347+0000] {logging_mixin.py:188} INFO - [2024-09-02T14:02:39.347+0000] {dag.py:3954} INFO - Setting next_dagrun for example_setup_teardown to 2024-09-01 00:00:00+00:00, run_after=2024-09-02 00:00:00+00:00
[2024-09-02T14:02:39.387+0000] {processor.py:183} INFO - Processing /home/airflow/.local/lib/python3.12/site-packages/airflow/example_dags/example_setup_teardown.py took 0.177 seconds
[2024-09-02T14:03:10.164+0000] {processor.py:161} INFO - Started process (PID=636) to work on /home/airflow/.local/lib/python3.12/site-packages/airflow/example_dags/example_setup_teardown.py
[2024-09-02T14:03:10.167+0000] {processor.py:830} INFO - Processing file /home/airflow/.local/lib/python3.12/site-packages/airflow/example_dags/example_setup_teardown.py for tasks to queue
[2024-09-02T14:03:10.169+0000] {logging_mixin.py:188} INFO - [2024-09-02T14:03:10.169+0000] {dagbag.py:545} INFO - Filling up the DagBag from /home/airflow/.local/lib/python3.12/site-packages/airflow/example_dags/example_setup_teardown.py
[2024-09-02T14:03:10.186+0000] {processor.py:840} INFO - DAG(s) 'example_setup_teardown' retrieved from /home/airflow/.local/lib/python3.12/site-packages/airflow/example_dags/example_setup_teardown.py
[2024-09-02T14:03:10.244+0000] {logging_mixin.py:188} INFO - [2024-09-02T14:03:10.243+0000] {dag.py:3096} INFO - Sync 1 DAGs
[2024-09-02T14:03:10.308+0000] {logging_mixin.py:188} INFO - [2024-09-02T14:03:10.308+0000] {dag.py:3954} INFO - Setting next_dagrun for example_setup_teardown to 2024-09-01 00:00:00+00:00, run_after=2024-09-02 00:00:00+00:00
[2024-09-02T14:03:10.376+0000] {processor.py:183} INFO - Processing /home/airflow/.local/lib/python3.12/site-packages/airflow/example_dags/example_setup_teardown.py took 0.239 seconds
[2024-09-02T14:03:40.500+0000] {processor.py:161} INFO - Started process (PID=694) to work on /home/airflow/.local/lib/python3.12/site-packages/airflow/example_dags/example_setup_teardown.py
[2024-09-02T14:03:40.501+0000] {processor.py:830} INFO - Processing file /home/airflow/.local/lib/python3.12/site-packages/airflow/example_dags/example_setup_teardown.py for tasks to queue
[2024-09-02T14:03:40.504+0000] {logging_mixin.py:188} INFO - [2024-09-02T14:03:40.503+0000] {dagbag.py:545} INFO - Filling up the DagBag from /home/airflow/.local/lib/python3.12/site-packages/airflow/example_dags/example_setup_teardown.py
[2024-09-02T14:03:40.521+0000] {processor.py:840} INFO - DAG(s) 'example_setup_teardown' retrieved from /home/airflow/.local/lib/python3.12/site-packages/airflow/example_dags/example_setup_teardown.py
[2024-09-02T14:03:40.557+0000] {logging_mixin.py:188} INFO - [2024-09-02T14:03:40.557+0000] {dag.py:3096} INFO - Sync 1 DAGs
[2024-09-02T14:03:40.609+0000] {logging_mixin.py:188} INFO - [2024-09-02T14:03:40.608+0000] {dag.py:3954} INFO - Setting next_dagrun for example_setup_teardown to 2024-09-01 00:00:00+00:00, run_after=2024-09-02 00:00:00+00:00
[2024-09-02T14:03:40.637+0000] {processor.py:183} INFO - Processing /home/airflow/.local/lib/python3.12/site-packages/airflow/example_dags/example_setup_teardown.py took 0.144 seconds
[2024-09-02T14:04:14.272+0000] {processor.py:161} INFO - Started process (PID=755) to work on /home/airflow/.local/lib/python3.12/site-packages/airflow/example_dags/example_setup_teardown.py
[2024-09-02T14:04:14.272+0000] {processor.py:830} INFO - Processing file /home/airflow/.local/lib/python3.12/site-packages/airflow/example_dags/example_setup_teardown.py for tasks to queue
[2024-09-02T14:04:14.276+0000] {logging_mixin.py:188} INFO - [2024-09-02T14:04:14.276+0000] {dagbag.py:545} INFO - Filling up the DagBag from /home/airflow/.local/lib/python3.12/site-packages/airflow/example_dags/example_setup_teardown.py
[2024-09-02T14:04:14.290+0000] {processor.py:840} INFO - DAG(s) 'example_setup_teardown' retrieved from /home/airflow/.local/lib/python3.12/site-packages/airflow/example_dags/example_setup_teardown.py
[2024-09-02T14:04:14.323+0000] {logging_mixin.py:188} INFO - [2024-09-02T14:04:14.323+0000] {dag.py:3096} INFO - Sync 1 DAGs
[2024-09-02T14:04:14.373+0000] {logging_mixin.py:188} INFO - [2024-09-02T14:04:14.373+0000] {dag.py:3954} INFO - Setting next_dagrun for example_setup_teardown to 2024-09-01 00:00:00+00:00, run_after=2024-09-02 00:00:00+00:00
[2024-09-02T14:04:14.461+0000] {processor.py:183} INFO - Processing /home/airflow/.local/lib/python3.12/site-packages/airflow/example_dags/example_setup_teardown.py took 0.197 seconds
