[2024-09-02T13:57:59.706+0000] {processor.py:161} INFO - Started process (PID=67) to work on /home/airflow/.local/lib/python3.12/site-packages/airflow/example_dags/example_dag_decorator.py
[2024-09-02T13:57:59.709+0000] {processor.py:830} INFO - Processing file /home/airflow/.local/lib/python3.12/site-packages/airflow/example_dags/example_dag_decorator.py for tasks to queue
[2024-09-02T13:57:59.724+0000] {logging_mixin.py:188} INFO - [2024-09-02T13:57:59.723+0000] {dagbag.py:545} INFO - Filling up the DagBag from /home/airflow/.local/lib/python3.12/site-packages/airflow/example_dags/example_dag_decorator.py
[2024-09-02T13:58:02.227+0000] {processor.py:840} INFO - DAG(s) 'example_dag_decorator' retrieved from /home/airflow/.local/lib/python3.12/site-packages/airflow/example_dags/example_dag_decorator.py
[2024-09-02T13:58:02.946+0000] {logging_mixin.py:188} INFO - [2024-09-02T13:58:02.946+0000] {dag.py:3096} INFO - Sync 1 DAGs
[2024-09-02T13:58:02.997+0000] {logging_mixin.py:188} INFO - [2024-09-02T13:58:02.997+0000] {dag.py:3954} INFO - Setting next_dagrun for example_dag_decorator to None, run_after=None
[2024-09-02T13:58:03.049+0000] {processor.py:183} INFO - Processing /home/airflow/.local/lib/python3.12/site-packages/airflow/example_dags/example_dag_decorator.py took 3.359 seconds
[2024-09-02T13:58:33.143+0000] {processor.py:161} INFO - Started process (PID=127) to work on /home/airflow/.local/lib/python3.12/site-packages/airflow/example_dags/example_dag_decorator.py
[2024-09-02T13:58:33.144+0000] {processor.py:830} INFO - Processing file /home/airflow/.local/lib/python3.12/site-packages/airflow/example_dags/example_dag_decorator.py for tasks to queue
[2024-09-02T13:58:33.147+0000] {logging_mixin.py:188} INFO - [2024-09-02T13:58:33.146+0000] {dagbag.py:545} INFO - Filling up the DagBag from /home/airflow/.local/lib/python3.12/site-packages/airflow/example_dags/example_dag_decorator.py
[2024-09-02T13:58:33.837+0000] {processor.py:840} INFO - DAG(s) 'example_dag_decorator' retrieved from /home/airflow/.local/lib/python3.12/site-packages/airflow/example_dags/example_dag_decorator.py
[2024-09-02T13:58:34.539+0000] {logging_mixin.py:188} INFO - [2024-09-02T13:58:34.539+0000] {dag.py:3096} INFO - Sync 1 DAGs
[2024-09-02T13:58:34.559+0000] {logging_mixin.py:188} INFO - [2024-09-02T13:58:34.559+0000] {dag.py:3954} INFO - Setting next_dagrun for example_dag_decorator to None, run_after=None
[2024-09-02T13:58:34.630+0000] {processor.py:183} INFO - Processing /home/airflow/.local/lib/python3.12/site-packages/airflow/example_dags/example_dag_decorator.py took 1.495 seconds
[2024-09-02T13:59:05.085+0000] {processor.py:161} INFO - Started process (PID=185) to work on /home/airflow/.local/lib/python3.12/site-packages/airflow/example_dags/example_dag_decorator.py
[2024-09-02T13:59:05.097+0000] {processor.py:830} INFO - Processing file /home/airflow/.local/lib/python3.12/site-packages/airflow/example_dags/example_dag_decorator.py for tasks to queue
[2024-09-02T13:59:05.099+0000] {logging_mixin.py:188} INFO - [2024-09-02T13:59:05.099+0000] {dagbag.py:545} INFO - Filling up the DagBag from /home/airflow/.local/lib/python3.12/site-packages/airflow/example_dags/example_dag_decorator.py
[2024-09-02T13:59:05.916+0000] {processor.py:840} INFO - DAG(s) 'example_dag_decorator' retrieved from /home/airflow/.local/lib/python3.12/site-packages/airflow/example_dags/example_dag_decorator.py
[2024-09-02T13:59:06.767+0000] {logging_mixin.py:188} INFO - [2024-09-02T13:59:06.767+0000] {dag.py:3096} INFO - Sync 1 DAGs
[2024-09-02T13:59:06.832+0000] {logging_mixin.py:188} INFO - [2024-09-02T13:59:06.832+0000] {dag.py:3954} INFO - Setting next_dagrun for example_dag_decorator to None, run_after=None
[2024-09-02T13:59:06.955+0000] {processor.py:183} INFO - Processing /home/airflow/.local/lib/python3.12/site-packages/airflow/example_dags/example_dag_decorator.py took 1.889 seconds
[2024-09-02T13:59:37.417+0000] {processor.py:161} INFO - Started process (PID=245) to work on /home/airflow/.local/lib/python3.12/site-packages/airflow/example_dags/example_dag_decorator.py
[2024-09-02T13:59:37.419+0000] {processor.py:830} INFO - Processing file /home/airflow/.local/lib/python3.12/site-packages/airflow/example_dags/example_dag_decorator.py for tasks to queue
[2024-09-02T13:59:37.423+0000] {logging_mixin.py:188} INFO - [2024-09-02T13:59:37.423+0000] {dagbag.py:545} INFO - Filling up the DagBag from /home/airflow/.local/lib/python3.12/site-packages/airflow/example_dags/example_dag_decorator.py
[2024-09-02T13:59:37.669+0000] {processor.py:840} INFO - DAG(s) 'example_dag_decorator' retrieved from /home/airflow/.local/lib/python3.12/site-packages/airflow/example_dags/example_dag_decorator.py
[2024-09-02T13:59:37.688+0000] {logging_mixin.py:188} INFO - [2024-09-02T13:59:37.688+0000] {dag.py:3096} INFO - Sync 1 DAGs
[2024-09-02T13:59:37.706+0000] {logging_mixin.py:188} INFO - [2024-09-02T13:59:37.706+0000] {dag.py:3954} INFO - Setting next_dagrun for example_dag_decorator to None, run_after=None
[2024-09-02T13:59:37.734+0000] {processor.py:183} INFO - Processing /home/airflow/.local/lib/python3.12/site-packages/airflow/example_dags/example_dag_decorator.py took 0.326 seconds
[2024-09-02T14:00:07.960+0000] {processor.py:161} INFO - Started process (PID=302) to work on /home/airflow/.local/lib/python3.12/site-packages/airflow/example_dags/example_dag_decorator.py
[2024-09-02T14:00:07.961+0000] {processor.py:830} INFO - Processing file /home/airflow/.local/lib/python3.12/site-packages/airflow/example_dags/example_dag_decorator.py for tasks to queue
[2024-09-02T14:00:07.963+0000] {logging_mixin.py:188} INFO - [2024-09-02T14:00:07.962+0000] {dagbag.py:545} INFO - Filling up the DagBag from /home/airflow/.local/lib/python3.12/site-packages/airflow/example_dags/example_dag_decorator.py
[2024-09-02T14:00:08.370+0000] {processor.py:840} INFO - DAG(s) 'example_dag_decorator' retrieved from /home/airflow/.local/lib/python3.12/site-packages/airflow/example_dags/example_dag_decorator.py
[2024-09-02T14:00:08.693+0000] {logging_mixin.py:188} INFO - [2024-09-02T14:00:08.693+0000] {dag.py:3096} INFO - Sync 1 DAGs
[2024-09-02T14:00:08.723+0000] {logging_mixin.py:188} INFO - [2024-09-02T14:00:08.723+0000] {dag.py:3954} INFO - Setting next_dagrun for example_dag_decorator to None, run_after=None
[2024-09-02T14:00:08.771+0000] {processor.py:183} INFO - Processing /home/airflow/.local/lib/python3.12/site-packages/airflow/example_dags/example_dag_decorator.py took 0.833 seconds
[2024-09-02T14:00:39.746+0000] {processor.py:161} INFO - Started process (PID=360) to work on /home/airflow/.local/lib/python3.12/site-packages/airflow/example_dags/example_dag_decorator.py
[2024-09-02T14:00:39.765+0000] {processor.py:830} INFO - Processing file /home/airflow/.local/lib/python3.12/site-packages/airflow/example_dags/example_dag_decorator.py for tasks to queue
[2024-09-02T14:00:39.768+0000] {logging_mixin.py:188} INFO - [2024-09-02T14:00:39.767+0000] {dagbag.py:545} INFO - Filling up the DagBag from /home/airflow/.local/lib/python3.12/site-packages/airflow/example_dags/example_dag_decorator.py
[2024-09-02T14:00:40.885+0000] {processor.py:840} INFO - DAG(s) 'example_dag_decorator' retrieved from /home/airflow/.local/lib/python3.12/site-packages/airflow/example_dags/example_dag_decorator.py
[2024-09-02T14:00:50.473+0000] {logging_mixin.py:188} INFO - [2024-09-02T14:00:50.472+0000] {dag.py:3096} INFO - Sync 1 DAGs
[2024-09-02T14:00:50.495+0000] {logging_mixin.py:188} INFO - [2024-09-02T14:00:50.494+0000] {dag.py:3954} INFO - Setting next_dagrun for example_dag_decorator to None, run_after=None
[2024-09-02T14:00:50.529+0000] {processor.py:183} INFO - Processing /home/airflow/.local/lib/python3.12/site-packages/airflow/example_dags/example_dag_decorator.py took 10.957 seconds
[2024-09-02T14:01:21.023+0000] {processor.py:161} INFO - Started process (PID=419) to work on /home/airflow/.local/lib/python3.12/site-packages/airflow/example_dags/example_dag_decorator.py
[2024-09-02T14:01:21.026+0000] {processor.py:830} INFO - Processing file /home/airflow/.local/lib/python3.12/site-packages/airflow/example_dags/example_dag_decorator.py for tasks to queue
[2024-09-02T14:01:21.029+0000] {logging_mixin.py:188} INFO - [2024-09-02T14:01:21.028+0000] {dagbag.py:545} INFO - Filling up the DagBag from /home/airflow/.local/lib/python3.12/site-packages/airflow/example_dags/example_dag_decorator.py
[2024-09-02T14:01:21.308+0000] {processor.py:840} INFO - DAG(s) 'example_dag_decorator' retrieved from /home/airflow/.local/lib/python3.12/site-packages/airflow/example_dags/example_dag_decorator.py
[2024-09-02T14:01:21.650+0000] {logging_mixin.py:188} INFO - [2024-09-02T14:01:21.649+0000] {dag.py:3096} INFO - Sync 1 DAGs
[2024-09-02T14:01:21.675+0000] {logging_mixin.py:188} INFO - [2024-09-02T14:01:21.673+0000] {dag.py:3954} INFO - Setting next_dagrun for example_dag_decorator to None, run_after=None
[2024-09-02T14:01:21.729+0000] {processor.py:183} INFO - Processing /home/airflow/.local/lib/python3.12/site-packages/airflow/example_dags/example_dag_decorator.py took 0.720 seconds
[2024-09-02T14:01:52.589+0000] {processor.py:161} INFO - Started process (PID=477) to work on /home/airflow/.local/lib/python3.12/site-packages/airflow/example_dags/example_dag_decorator.py
[2024-09-02T14:01:52.590+0000] {processor.py:830} INFO - Processing file /home/airflow/.local/lib/python3.12/site-packages/airflow/example_dags/example_dag_decorator.py for tasks to queue
[2024-09-02T14:01:52.591+0000] {logging_mixin.py:188} INFO - [2024-09-02T14:01:52.591+0000] {dagbag.py:545} INFO - Filling up the DagBag from /home/airflow/.local/lib/python3.12/site-packages/airflow/example_dags/example_dag_decorator.py
[2024-09-02T14:01:52.713+0000] {processor.py:840} INFO - DAG(s) 'example_dag_decorator' retrieved from /home/airflow/.local/lib/python3.12/site-packages/airflow/example_dags/example_dag_decorator.py
[2024-09-02T14:01:52.832+0000] {logging_mixin.py:188} INFO - [2024-09-02T14:01:52.832+0000] {dag.py:3096} INFO - Sync 1 DAGs
[2024-09-02T14:01:52.842+0000] {logging_mixin.py:188} INFO - [2024-09-02T14:01:52.842+0000] {dag.py:3954} INFO - Setting next_dagrun for example_dag_decorator to None, run_after=None
[2024-09-02T14:01:52.863+0000] {processor.py:183} INFO - Processing /home/airflow/.local/lib/python3.12/site-packages/airflow/example_dags/example_dag_decorator.py took 0.279 seconds
[2024-09-02T14:02:23.237+0000] {processor.py:161} INFO - Started process (PID=536) to work on /home/airflow/.local/lib/python3.12/site-packages/airflow/example_dags/example_dag_decorator.py
[2024-09-02T14:02:23.237+0000] {processor.py:830} INFO - Processing file /home/airflow/.local/lib/python3.12/site-packages/airflow/example_dags/example_dag_decorator.py for tasks to queue
[2024-09-02T14:02:23.239+0000] {logging_mixin.py:188} INFO - [2024-09-02T14:02:23.239+0000] {dagbag.py:545} INFO - Filling up the DagBag from /home/airflow/.local/lib/python3.12/site-packages/airflow/example_dags/example_dag_decorator.py
[2024-09-02T14:02:23.339+0000] {processor.py:840} INFO - DAG(s) 'example_dag_decorator' retrieved from /home/airflow/.local/lib/python3.12/site-packages/airflow/example_dags/example_dag_decorator.py
[2024-09-02T14:02:23.446+0000] {logging_mixin.py:188} INFO - [2024-09-02T14:02:23.446+0000] {dag.py:3096} INFO - Sync 1 DAGs
[2024-09-02T14:02:23.455+0000] {logging_mixin.py:188} INFO - [2024-09-02T14:02:23.454+0000] {dag.py:3954} INFO - Setting next_dagrun for example_dag_decorator to None, run_after=None
[2024-09-02T14:02:23.476+0000] {processor.py:183} INFO - Processing /home/airflow/.local/lib/python3.12/site-packages/airflow/example_dags/example_dag_decorator.py took 0.244 seconds
[2024-09-02T14:02:53.639+0000] {processor.py:161} INFO - Started process (PID=594) to work on /home/airflow/.local/lib/python3.12/site-packages/airflow/example_dags/example_dag_decorator.py
[2024-09-02T14:02:53.640+0000] {processor.py:830} INFO - Processing file /home/airflow/.local/lib/python3.12/site-packages/airflow/example_dags/example_dag_decorator.py for tasks to queue
[2024-09-02T14:02:53.648+0000] {logging_mixin.py:188} INFO - [2024-09-02T14:02:53.646+0000] {dagbag.py:545} INFO - Filling up the DagBag from /home/airflow/.local/lib/python3.12/site-packages/airflow/example_dags/example_dag_decorator.py
[2024-09-02T14:02:54.046+0000] {processor.py:840} INFO - DAG(s) 'example_dag_decorator' retrieved from /home/airflow/.local/lib/python3.12/site-packages/airflow/example_dags/example_dag_decorator.py
[2024-09-02T14:02:54.243+0000] {logging_mixin.py:188} INFO - [2024-09-02T14:02:54.243+0000] {dag.py:3096} INFO - Sync 1 DAGs
[2024-09-02T14:02:54.289+0000] {logging_mixin.py:188} INFO - [2024-09-02T14:02:54.288+0000] {dag.py:3954} INFO - Setting next_dagrun for example_dag_decorator to None, run_after=None
[2024-09-02T14:02:54.349+0000] {processor.py:183} INFO - Processing /home/airflow/.local/lib/python3.12/site-packages/airflow/example_dags/example_dag_decorator.py took 0.765 seconds
[2024-09-02T14:03:24.694+0000] {processor.py:161} INFO - Started process (PID=651) to work on /home/airflow/.local/lib/python3.12/site-packages/airflow/example_dags/example_dag_decorator.py
[2024-09-02T14:03:24.695+0000] {processor.py:830} INFO - Processing file /home/airflow/.local/lib/python3.12/site-packages/airflow/example_dags/example_dag_decorator.py for tasks to queue
[2024-09-02T14:03:24.697+0000] {logging_mixin.py:188} INFO - [2024-09-02T14:03:24.697+0000] {dagbag.py:545} INFO - Filling up the DagBag from /home/airflow/.local/lib/python3.12/site-packages/airflow/example_dags/example_dag_decorator.py
[2024-09-02T14:03:25.132+0000] {processor.py:840} INFO - DAG(s) 'example_dag_decorator' retrieved from /home/airflow/.local/lib/python3.12/site-packages/airflow/example_dags/example_dag_decorator.py
[2024-09-02T14:03:25.491+0000] {logging_mixin.py:188} INFO - [2024-09-02T14:03:25.490+0000] {dag.py:3096} INFO - Sync 1 DAGs
[2024-09-02T14:03:25.501+0000] {logging_mixin.py:188} INFO - [2024-09-02T14:03:25.501+0000] {dag.py:3954} INFO - Setting next_dagrun for example_dag_decorator to None, run_after=None
[2024-09-02T14:03:25.763+0000] {processor.py:183} INFO - Processing /home/airflow/.local/lib/python3.12/site-packages/airflow/example_dags/example_dag_decorator.py took 1.075 seconds
[2024-09-02T14:03:56.248+0000] {processor.py:161} INFO - Started process (PID=709) to work on /home/airflow/.local/lib/python3.12/site-packages/airflow/example_dags/example_dag_decorator.py
[2024-09-02T14:03:56.250+0000] {processor.py:830} INFO - Processing file /home/airflow/.local/lib/python3.12/site-packages/airflow/example_dags/example_dag_decorator.py for tasks to queue
[2024-09-02T14:03:56.252+0000] {logging_mixin.py:188} INFO - [2024-09-02T14:03:56.251+0000] {dagbag.py:545} INFO - Filling up the DagBag from /home/airflow/.local/lib/python3.12/site-packages/airflow/example_dags/example_dag_decorator.py
[2024-09-02T14:03:56.534+0000] {processor.py:840} INFO - DAG(s) 'example_dag_decorator' retrieved from /home/airflow/.local/lib/python3.12/site-packages/airflow/example_dags/example_dag_decorator.py
[2024-09-02T14:03:56.823+0000] {logging_mixin.py:188} INFO - [2024-09-02T14:03:56.822+0000] {dag.py:3096} INFO - Sync 1 DAGs
[2024-09-02T14:03:56.870+0000] {logging_mixin.py:188} INFO - [2024-09-02T14:03:56.870+0000] {dag.py:3954} INFO - Setting next_dagrun for example_dag_decorator to None, run_after=None
[2024-09-02T14:03:56.941+0000] {processor.py:183} INFO - Processing /home/airflow/.local/lib/python3.12/site-packages/airflow/example_dags/example_dag_decorator.py took 0.699 seconds
[2024-09-02T14:04:27.500+0000] {processor.py:161} INFO - Started process (PID=767) to work on /home/airflow/.local/lib/python3.12/site-packages/airflow/example_dags/example_dag_decorator.py
[2024-09-02T14:04:27.501+0000] {processor.py:830} INFO - Processing file /home/airflow/.local/lib/python3.12/site-packages/airflow/example_dags/example_dag_decorator.py for tasks to queue
[2024-09-02T14:04:27.503+0000] {logging_mixin.py:188} INFO - [2024-09-02T14:04:27.502+0000] {dagbag.py:545} INFO - Filling up the DagBag from /home/airflow/.local/lib/python3.12/site-packages/airflow/example_dags/example_dag_decorator.py
[2024-09-02T14:04:27.667+0000] {processor.py:840} INFO - DAG(s) 'example_dag_decorator' retrieved from /home/airflow/.local/lib/python3.12/site-packages/airflow/example_dags/example_dag_decorator.py
[2024-09-02T14:04:27.771+0000] {logging_mixin.py:188} INFO - [2024-09-02T14:04:27.770+0000] {dag.py:3096} INFO - Sync 1 DAGs
[2024-09-02T14:04:27.784+0000] {logging_mixin.py:188} INFO - [2024-09-02T14:04:27.784+0000] {dag.py:3954} INFO - Setting next_dagrun for example_dag_decorator to None, run_after=None
[2024-09-02T14:04:27.811+0000] {processor.py:183} INFO - Processing /home/airflow/.local/lib/python3.12/site-packages/airflow/example_dags/example_dag_decorator.py took 0.318 seconds
