[2024-09-02T13:58:09.322+0000] {processor.py:161} INFO - Started process (PID=90) to work on /home/airflow/.local/lib/python3.12/site-packages/airflow/example_dags/example_branch_datetime_operator.py
[2024-09-02T13:58:09.323+0000] {processor.py:830} INFO - Processing file /home/airflow/.local/lib/python3.12/site-packages/airflow/example_dags/example_branch_datetime_operator.py for tasks to queue
[2024-09-02T13:58:09.326+0000] {logging_mixin.py:188} INFO - [2024-09-02T13:58:09.325+0000] {dagbag.py:545} INFO - Filling up the DagBag from /home/airflow/.local/lib/python3.12/site-packages/airflow/example_dags/example_branch_datetime_operator.py
[2024-09-02T13:58:09.387+0000] {processor.py:840} INFO - DAG(s) 'example_branch_datetime_operator_3', 'example_branch_datetime_operator', 'example_branch_datetime_operator_2' retrieved from /home/airflow/.local/lib/python3.12/site-packages/airflow/example_dags/example_branch_datetime_operator.py
[2024-09-02T13:58:09.684+0000] {logging_mixin.py:188} INFO - [2024-09-02T13:58:09.684+0000] {dag.py:3096} INFO - Sync 3 DAGs
[2024-09-02T13:58:09.742+0000] {logging_mixin.py:188} INFO - [2024-09-02T13:58:09.742+0000] {dag.py:3954} INFO - Setting next_dagrun for example_branch_datetime_operator to 2024-09-01 00:00:00+00:00, run_after=2024-09-02 00:00:00+00:00
[2024-09-02T13:58:09.752+0000] {logging_mixin.py:188} INFO - [2024-09-02T13:58:09.752+0000] {dag.py:3954} INFO - Setting next_dagrun for example_branch_datetime_operator_2 to 2024-09-01 00:00:00+00:00, run_after=2024-09-02 00:00:00+00:00
[2024-09-02T13:58:09.757+0000] {logging_mixin.py:188} INFO - [2024-09-02T13:58:09.757+0000] {dag.py:3954} INFO - Setting next_dagrun for example_branch_datetime_operator_3 to 2024-09-01 00:00:00+00:00, run_after=2024-09-02 00:00:00+00:00
[2024-09-02T13:58:09.803+0000] {processor.py:183} INFO - Processing /home/airflow/.local/lib/python3.12/site-packages/airflow/example_dags/example_branch_datetime_operator.py took 0.497 seconds
[2024-09-02T13:58:40.058+0000] {processor.py:161} INFO - Started process (PID=148) to work on /home/airflow/.local/lib/python3.12/site-packages/airflow/example_dags/example_branch_datetime_operator.py
[2024-09-02T13:58:40.059+0000] {processor.py:830} INFO - Processing file /home/airflow/.local/lib/python3.12/site-packages/airflow/example_dags/example_branch_datetime_operator.py for tasks to queue
[2024-09-02T13:58:40.061+0000] {logging_mixin.py:188} INFO - [2024-09-02T13:58:40.060+0000] {dagbag.py:545} INFO - Filling up the DagBag from /home/airflow/.local/lib/python3.12/site-packages/airflow/example_dags/example_branch_datetime_operator.py
[2024-09-02T13:58:40.071+0000] {processor.py:840} INFO - DAG(s) 'example_branch_datetime_operator_2', 'example_branch_datetime_operator', 'example_branch_datetime_operator_3' retrieved from /home/airflow/.local/lib/python3.12/site-packages/airflow/example_dags/example_branch_datetime_operator.py
[2024-09-02T13:58:40.095+0000] {logging_mixin.py:188} INFO - [2024-09-02T13:58:40.095+0000] {dag.py:3096} INFO - Sync 3 DAGs
[2024-09-02T13:58:40.115+0000] {logging_mixin.py:188} INFO - [2024-09-02T13:58:40.114+0000] {dag.py:3954} INFO - Setting next_dagrun for example_branch_datetime_operator to 2024-09-01 00:00:00+00:00, run_after=2024-09-02 00:00:00+00:00
[2024-09-02T13:58:40.119+0000] {logging_mixin.py:188} INFO - [2024-09-02T13:58:40.118+0000] {dag.py:3954} INFO - Setting next_dagrun for example_branch_datetime_operator_2 to 2024-09-01 00:00:00+00:00, run_after=2024-09-02 00:00:00+00:00
[2024-09-02T13:58:40.121+0000] {logging_mixin.py:188} INFO - [2024-09-02T13:58:40.121+0000] {dag.py:3954} INFO - Setting next_dagrun for example_branch_datetime_operator_3 to 2024-09-01 00:00:00+00:00, run_after=2024-09-02 00:00:00+00:00
[2024-09-02T13:58:40.141+0000] {processor.py:183} INFO - Processing /home/airflow/.local/lib/python3.12/site-packages/airflow/example_dags/example_branch_datetime_operator.py took 0.088 seconds
[2024-09-02T13:59:12.494+0000] {processor.py:161} INFO - Started process (PID=206) to work on /home/airflow/.local/lib/python3.12/site-packages/airflow/example_dags/example_branch_datetime_operator.py
[2024-09-02T13:59:12.498+0000] {processor.py:830} INFO - Processing file /home/airflow/.local/lib/python3.12/site-packages/airflow/example_dags/example_branch_datetime_operator.py for tasks to queue
[2024-09-02T13:59:12.504+0000] {logging_mixin.py:188} INFO - [2024-09-02T13:59:12.503+0000] {dagbag.py:545} INFO - Filling up the DagBag from /home/airflow/.local/lib/python3.12/site-packages/airflow/example_dags/example_branch_datetime_operator.py
[2024-09-02T13:59:12.662+0000] {processor.py:840} INFO - DAG(s) 'example_branch_datetime_operator_3', 'example_branch_datetime_operator_2', 'example_branch_datetime_operator' retrieved from /home/airflow/.local/lib/python3.12/site-packages/airflow/example_dags/example_branch_datetime_operator.py
[2024-09-02T13:59:12.915+0000] {logging_mixin.py:188} INFO - [2024-09-02T13:59:12.901+0000] {dag.py:3096} INFO - Sync 3 DAGs
[2024-09-02T13:59:13.068+0000] {logging_mixin.py:188} INFO - [2024-09-02T13:59:13.068+0000] {dag.py:3954} INFO - Setting next_dagrun for example_branch_datetime_operator to 2024-09-01 00:00:00+00:00, run_after=2024-09-02 00:00:00+00:00
[2024-09-02T13:59:13.104+0000] {logging_mixin.py:188} INFO - [2024-09-02T13:59:13.104+0000] {dag.py:3954} INFO - Setting next_dagrun for example_branch_datetime_operator_2 to 2024-09-01 00:00:00+00:00, run_after=2024-09-02 00:00:00+00:00
[2024-09-02T13:59:13.116+0000] {logging_mixin.py:188} INFO - [2024-09-02T13:59:13.115+0000] {dag.py:3954} INFO - Setting next_dagrun for example_branch_datetime_operator_3 to 2024-09-01 00:00:00+00:00, run_after=2024-09-02 00:00:00+00:00
[2024-09-02T13:59:13.220+0000] {processor.py:183} INFO - Processing /home/airflow/.local/lib/python3.12/site-packages/airflow/example_dags/example_branch_datetime_operator.py took 0.775 seconds
[2024-09-02T13:59:43.538+0000] {processor.py:161} INFO - Started process (PID=264) to work on /home/airflow/.local/lib/python3.12/site-packages/airflow/example_dags/example_branch_datetime_operator.py
[2024-09-02T13:59:43.546+0000] {processor.py:830} INFO - Processing file /home/airflow/.local/lib/python3.12/site-packages/airflow/example_dags/example_branch_datetime_operator.py for tasks to queue
[2024-09-02T13:59:43.560+0000] {logging_mixin.py:188} INFO - [2024-09-02T13:59:43.559+0000] {dagbag.py:545} INFO - Filling up the DagBag from /home/airflow/.local/lib/python3.12/site-packages/airflow/example_dags/example_branch_datetime_operator.py
[2024-09-02T13:59:43.633+0000] {processor.py:840} INFO - DAG(s) 'example_branch_datetime_operator_3', 'example_branch_datetime_operator', 'example_branch_datetime_operator_2' retrieved from /home/airflow/.local/lib/python3.12/site-packages/airflow/example_dags/example_branch_datetime_operator.py
[2024-09-02T13:59:43.718+0000] {logging_mixin.py:188} INFO - [2024-09-02T13:59:43.718+0000] {dag.py:3096} INFO - Sync 3 DAGs
[2024-09-02T13:59:43.962+0000] {logging_mixin.py:188} INFO - [2024-09-02T13:59:43.961+0000] {dag.py:3954} INFO - Setting next_dagrun for example_branch_datetime_operator to 2024-09-01 00:00:00+00:00, run_after=2024-09-02 00:00:00+00:00
[2024-09-02T13:59:44.010+0000] {logging_mixin.py:188} INFO - [2024-09-02T13:59:44.010+0000] {dag.py:3954} INFO - Setting next_dagrun for example_branch_datetime_operator_2 to 2024-09-01 00:00:00+00:00, run_after=2024-09-02 00:00:00+00:00
[2024-09-02T13:59:44.025+0000] {logging_mixin.py:188} INFO - [2024-09-02T13:59:44.025+0000] {dag.py:3954} INFO - Setting next_dagrun for example_branch_datetime_operator_3 to 2024-09-01 00:00:00+00:00, run_after=2024-09-02 00:00:00+00:00
[2024-09-02T13:59:44.249+0000] {processor.py:183} INFO - Processing /home/airflow/.local/lib/python3.12/site-packages/airflow/example_dags/example_branch_datetime_operator.py took 0.752 seconds
[2024-09-02T14:00:15.089+0000] {processor.py:161} INFO - Started process (PID=321) to work on /home/airflow/.local/lib/python3.12/site-packages/airflow/example_dags/example_branch_datetime_operator.py
[2024-09-02T14:00:15.090+0000] {processor.py:830} INFO - Processing file /home/airflow/.local/lib/python3.12/site-packages/airflow/example_dags/example_branch_datetime_operator.py for tasks to queue
[2024-09-02T14:00:15.096+0000] {logging_mixin.py:188} INFO - [2024-09-02T14:00:15.095+0000] {dagbag.py:545} INFO - Filling up the DagBag from /home/airflow/.local/lib/python3.12/site-packages/airflow/example_dags/example_branch_datetime_operator.py
[2024-09-02T14:00:15.135+0000] {processor.py:840} INFO - DAG(s) 'example_branch_datetime_operator_2', 'example_branch_datetime_operator', 'example_branch_datetime_operator_3' retrieved from /home/airflow/.local/lib/python3.12/site-packages/airflow/example_dags/example_branch_datetime_operator.py
[2024-09-02T14:00:15.679+0000] {logging_mixin.py:188} INFO - [2024-09-02T14:00:15.679+0000] {dag.py:3096} INFO - Sync 3 DAGs
[2024-09-02T14:00:15.734+0000] {logging_mixin.py:188} INFO - [2024-09-02T14:00:15.733+0000] {dag.py:3954} INFO - Setting next_dagrun for example_branch_datetime_operator to 2024-09-01 00:00:00+00:00, run_after=2024-09-02 00:00:00+00:00
[2024-09-02T14:00:15.744+0000] {logging_mixin.py:188} INFO - [2024-09-02T14:00:15.744+0000] {dag.py:3954} INFO - Setting next_dagrun for example_branch_datetime_operator_2 to 2024-09-01 00:00:00+00:00, run_after=2024-09-02 00:00:00+00:00
[2024-09-02T14:00:15.749+0000] {logging_mixin.py:188} INFO - [2024-09-02T14:00:15.749+0000] {dag.py:3954} INFO - Setting next_dagrun for example_branch_datetime_operator_3 to 2024-09-01 00:00:00+00:00, run_after=2024-09-02 00:00:00+00:00
[2024-09-02T14:00:15.795+0000] {processor.py:183} INFO - Processing /home/airflow/.local/lib/python3.12/site-packages/airflow/example_dags/example_branch_datetime_operator.py took 0.722 seconds
[2024-09-02T14:01:00.826+0000] {processor.py:161} INFO - Started process (PID=379) to work on /home/airflow/.local/lib/python3.12/site-packages/airflow/example_dags/example_branch_datetime_operator.py
[2024-09-02T14:01:00.832+0000] {processor.py:830} INFO - Processing file /home/airflow/.local/lib/python3.12/site-packages/airflow/example_dags/example_branch_datetime_operator.py for tasks to queue
[2024-09-02T14:01:00.864+0000] {logging_mixin.py:188} INFO - [2024-09-02T14:01:00.864+0000] {dagbag.py:545} INFO - Filling up the DagBag from /home/airflow/.local/lib/python3.12/site-packages/airflow/example_dags/example_branch_datetime_operator.py
[2024-09-02T14:01:01.313+0000] {processor.py:840} INFO - DAG(s) 'example_branch_datetime_operator_2', 'example_branch_datetime_operator_3', 'example_branch_datetime_operator' retrieved from /home/airflow/.local/lib/python3.12/site-packages/airflow/example_dags/example_branch_datetime_operator.py
[2024-09-02T14:01:01.527+0000] {logging_mixin.py:188} INFO - [2024-09-02T14:01:01.526+0000] {dag.py:3096} INFO - Sync 3 DAGs
[2024-09-02T14:01:01.722+0000] {logging_mixin.py:188} INFO - [2024-09-02T14:01:01.722+0000] {dag.py:3954} INFO - Setting next_dagrun for example_branch_datetime_operator to 2024-09-01 00:00:00+00:00, run_after=2024-09-02 00:00:00+00:00
[2024-09-02T14:01:01.750+0000] {logging_mixin.py:188} INFO - [2024-09-02T14:01:01.750+0000] {dag.py:3954} INFO - Setting next_dagrun for example_branch_datetime_operator_2 to 2024-09-01 00:00:00+00:00, run_after=2024-09-02 00:00:00+00:00
[2024-09-02T14:01:01.757+0000] {logging_mixin.py:188} INFO - [2024-09-02T14:01:01.757+0000] {dag.py:3954} INFO - Setting next_dagrun for example_branch_datetime_operator_3 to 2024-09-01 00:00:00+00:00, run_after=2024-09-02 00:00:00+00:00
[2024-09-02T14:01:01.809+0000] {processor.py:183} INFO - Processing /home/airflow/.local/lib/python3.12/site-packages/airflow/example_dags/example_branch_datetime_operator.py took 1.002 seconds
[2024-09-02T14:01:33.870+0000] {processor.py:161} INFO - Started process (PID=442) to work on /home/airflow/.local/lib/python3.12/site-packages/airflow/example_dags/example_branch_datetime_operator.py
[2024-09-02T14:01:33.882+0000] {processor.py:830} INFO - Processing file /home/airflow/.local/lib/python3.12/site-packages/airflow/example_dags/example_branch_datetime_operator.py for tasks to queue
[2024-09-02T14:01:33.894+0000] {logging_mixin.py:188} INFO - [2024-09-02T14:01:33.893+0000] {dagbag.py:545} INFO - Filling up the DagBag from /home/airflow/.local/lib/python3.12/site-packages/airflow/example_dags/example_branch_datetime_operator.py
[2024-09-02T14:01:33.960+0000] {processor.py:840} INFO - DAG(s) 'example_branch_datetime_operator_3', 'example_branch_datetime_operator', 'example_branch_datetime_operator_2' retrieved from /home/airflow/.local/lib/python3.12/site-packages/airflow/example_dags/example_branch_datetime_operator.py
[2024-09-02T14:01:34.248+0000] {logging_mixin.py:188} INFO - [2024-09-02T14:01:34.248+0000] {dag.py:3096} INFO - Sync 3 DAGs
[2024-09-02T14:01:34.351+0000] {logging_mixin.py:188} INFO - [2024-09-02T14:01:34.351+0000] {dag.py:3954} INFO - Setting next_dagrun for example_branch_datetime_operator to 2024-09-01 00:00:00+00:00, run_after=2024-09-02 00:00:00+00:00
[2024-09-02T14:01:34.382+0000] {logging_mixin.py:188} INFO - [2024-09-02T14:01:34.382+0000] {dag.py:3954} INFO - Setting next_dagrun for example_branch_datetime_operator_2 to 2024-09-01 00:00:00+00:00, run_after=2024-09-02 00:00:00+00:00
[2024-09-02T14:01:34.402+0000] {logging_mixin.py:188} INFO - [2024-09-02T14:01:34.402+0000] {dag.py:3954} INFO - Setting next_dagrun for example_branch_datetime_operator_3 to 2024-09-01 00:00:00+00:00, run_after=2024-09-02 00:00:00+00:00
[2024-09-02T14:01:34.496+0000] {processor.py:183} INFO - Processing /home/airflow/.local/lib/python3.12/site-packages/airflow/example_dags/example_branch_datetime_operator.py took 0.658 seconds
[2024-09-02T14:02:04.808+0000] {processor.py:161} INFO - Started process (PID=501) to work on /home/airflow/.local/lib/python3.12/site-packages/airflow/example_dags/example_branch_datetime_operator.py
[2024-09-02T14:02:04.808+0000] {processor.py:830} INFO - Processing file /home/airflow/.local/lib/python3.12/site-packages/airflow/example_dags/example_branch_datetime_operator.py for tasks to queue
[2024-09-02T14:02:04.810+0000] {logging_mixin.py:188} INFO - [2024-09-02T14:02:04.810+0000] {dagbag.py:545} INFO - Filling up the DagBag from /home/airflow/.local/lib/python3.12/site-packages/airflow/example_dags/example_branch_datetime_operator.py
[2024-09-02T14:02:04.823+0000] {processor.py:840} INFO - DAG(s) 'example_branch_datetime_operator_3', 'example_branch_datetime_operator_2', 'example_branch_datetime_operator' retrieved from /home/airflow/.local/lib/python3.12/site-packages/airflow/example_dags/example_branch_datetime_operator.py
[2024-09-02T14:02:04.860+0000] {logging_mixin.py:188} INFO - [2024-09-02T14:02:04.860+0000] {dag.py:3096} INFO - Sync 3 DAGs
[2024-09-02T14:02:04.903+0000] {logging_mixin.py:188} INFO - [2024-09-02T14:02:04.903+0000] {dag.py:3954} INFO - Setting next_dagrun for example_branch_datetime_operator to 2024-09-01 00:00:00+00:00, run_after=2024-09-02 00:00:00+00:00
[2024-09-02T14:02:04.912+0000] {logging_mixin.py:188} INFO - [2024-09-02T14:02:04.912+0000] {dag.py:3954} INFO - Setting next_dagrun for example_branch_datetime_operator_2 to 2024-09-01 00:00:00+00:00, run_after=2024-09-02 00:00:00+00:00
[2024-09-02T14:02:04.917+0000] {logging_mixin.py:188} INFO - [2024-09-02T14:02:04.917+0000] {dag.py:3954} INFO - Setting next_dagrun for example_branch_datetime_operator_3 to 2024-09-01 00:00:00+00:00, run_after=2024-09-02 00:00:00+00:00
[2024-09-02T14:02:04.945+0000] {processor.py:183} INFO - Processing /home/airflow/.local/lib/python3.12/site-packages/airflow/example_dags/example_branch_datetime_operator.py took 0.147 seconds
[2024-09-02T14:02:35.758+0000] {processor.py:161} INFO - Started process (PID=559) to work on /home/airflow/.local/lib/python3.12/site-packages/airflow/example_dags/example_branch_datetime_operator.py
[2024-09-02T14:02:35.762+0000] {processor.py:830} INFO - Processing file /home/airflow/.local/lib/python3.12/site-packages/airflow/example_dags/example_branch_datetime_operator.py for tasks to queue
[2024-09-02T14:02:35.765+0000] {logging_mixin.py:188} INFO - [2024-09-02T14:02:35.764+0000] {dagbag.py:545} INFO - Filling up the DagBag from /home/airflow/.local/lib/python3.12/site-packages/airflow/example_dags/example_branch_datetime_operator.py
[2024-09-02T14:02:35.792+0000] {processor.py:840} INFO - DAG(s) 'example_branch_datetime_operator_3', 'example_branch_datetime_operator_2', 'example_branch_datetime_operator' retrieved from /home/airflow/.local/lib/python3.12/site-packages/airflow/example_dags/example_branch_datetime_operator.py
[2024-09-02T14:02:35.832+0000] {logging_mixin.py:188} INFO - [2024-09-02T14:02:35.831+0000] {dag.py:3096} INFO - Sync 3 DAGs
[2024-09-02T14:02:35.862+0000] {logging_mixin.py:188} INFO - [2024-09-02T14:02:35.862+0000] {dag.py:3954} INFO - Setting next_dagrun for example_branch_datetime_operator to 2024-09-01 00:00:00+00:00, run_after=2024-09-02 00:00:00+00:00
[2024-09-02T14:02:35.869+0000] {logging_mixin.py:188} INFO - [2024-09-02T14:02:35.869+0000] {dag.py:3954} INFO - Setting next_dagrun for example_branch_datetime_operator_2 to 2024-09-01 00:00:00+00:00, run_after=2024-09-02 00:00:00+00:00
[2024-09-02T14:02:35.871+0000] {logging_mixin.py:188} INFO - [2024-09-02T14:02:35.871+0000] {dag.py:3954} INFO - Setting next_dagrun for example_branch_datetime_operator_3 to 2024-09-01 00:00:00+00:00, run_after=2024-09-02 00:00:00+00:00
[2024-09-02T14:02:35.894+0000] {processor.py:183} INFO - Processing /home/airflow/.local/lib/python3.12/site-packages/airflow/example_dags/example_branch_datetime_operator.py took 0.157 seconds
[2024-09-02T14:03:06.217+0000] {processor.py:161} INFO - Started process (PID=616) to work on /home/airflow/.local/lib/python3.12/site-packages/airflow/example_dags/example_branch_datetime_operator.py
[2024-09-02T14:03:06.218+0000] {processor.py:830} INFO - Processing file /home/airflow/.local/lib/python3.12/site-packages/airflow/example_dags/example_branch_datetime_operator.py for tasks to queue
[2024-09-02T14:03:06.220+0000] {logging_mixin.py:188} INFO - [2024-09-02T14:03:06.220+0000] {dagbag.py:545} INFO - Filling up the DagBag from /home/airflow/.local/lib/python3.12/site-packages/airflow/example_dags/example_branch_datetime_operator.py
[2024-09-02T14:03:06.234+0000] {processor.py:840} INFO - DAG(s) 'example_branch_datetime_operator_2', 'example_branch_datetime_operator_3', 'example_branch_datetime_operator' retrieved from /home/airflow/.local/lib/python3.12/site-packages/airflow/example_dags/example_branch_datetime_operator.py
[2024-09-02T14:03:06.268+0000] {logging_mixin.py:188} INFO - [2024-09-02T14:03:06.267+0000] {dag.py:3096} INFO - Sync 3 DAGs
[2024-09-02T14:03:06.380+0000] {logging_mixin.py:188} INFO - [2024-09-02T14:03:06.380+0000] {dag.py:3954} INFO - Setting next_dagrun for example_branch_datetime_operator to 2024-09-01 00:00:00+00:00, run_after=2024-09-02 00:00:00+00:00
[2024-09-02T14:03:06.414+0000] {logging_mixin.py:188} INFO - [2024-09-02T14:03:06.414+0000] {dag.py:3954} INFO - Setting next_dagrun for example_branch_datetime_operator_2 to 2024-09-01 00:00:00+00:00, run_after=2024-09-02 00:00:00+00:00
[2024-09-02T14:03:06.433+0000] {logging_mixin.py:188} INFO - [2024-09-02T14:03:06.433+0000] {dag.py:3954} INFO - Setting next_dagrun for example_branch_datetime_operator_3 to 2024-09-01 00:00:00+00:00, run_after=2024-09-02 00:00:00+00:00
[2024-09-02T14:03:06.539+0000] {processor.py:183} INFO - Processing /home/airflow/.local/lib/python3.12/site-packages/airflow/example_dags/example_branch_datetime_operator.py took 0.341 seconds
[2024-09-02T14:03:37.177+0000] {processor.py:161} INFO - Started process (PID=674) to work on /home/airflow/.local/lib/python3.12/site-packages/airflow/example_dags/example_branch_datetime_operator.py
[2024-09-02T14:03:37.178+0000] {processor.py:830} INFO - Processing file /home/airflow/.local/lib/python3.12/site-packages/airflow/example_dags/example_branch_datetime_operator.py for tasks to queue
[2024-09-02T14:03:37.181+0000] {logging_mixin.py:188} INFO - [2024-09-02T14:03:37.181+0000] {dagbag.py:545} INFO - Filling up the DagBag from /home/airflow/.local/lib/python3.12/site-packages/airflow/example_dags/example_branch_datetime_operator.py
[2024-09-02T14:03:37.210+0000] {processor.py:840} INFO - DAG(s) 'example_branch_datetime_operator', 'example_branch_datetime_operator_3', 'example_branch_datetime_operator_2' retrieved from /home/airflow/.local/lib/python3.12/site-packages/airflow/example_dags/example_branch_datetime_operator.py
[2024-09-02T14:03:37.301+0000] {logging_mixin.py:188} INFO - [2024-09-02T14:03:37.301+0000] {dag.py:3096} INFO - Sync 3 DAGs
[2024-09-02T14:03:37.358+0000] {logging_mixin.py:188} INFO - [2024-09-02T14:03:37.358+0000] {dag.py:3954} INFO - Setting next_dagrun for example_branch_datetime_operator to 2024-09-01 00:00:00+00:00, run_after=2024-09-02 00:00:00+00:00
[2024-09-02T14:03:37.426+0000] {logging_mixin.py:188} INFO - [2024-09-02T14:03:37.426+0000] {dag.py:3954} INFO - Setting next_dagrun for example_branch_datetime_operator_2 to 2024-09-01 00:00:00+00:00, run_after=2024-09-02 00:00:00+00:00
[2024-09-02T14:03:37.450+0000] {logging_mixin.py:188} INFO - [2024-09-02T14:03:37.449+0000] {dag.py:3954} INFO - Setting next_dagrun for example_branch_datetime_operator_3 to 2024-09-01 00:00:00+00:00, run_after=2024-09-02 00:00:00+00:00
[2024-09-02T14:03:37.515+0000] {processor.py:183} INFO - Processing /home/airflow/.local/lib/python3.12/site-packages/airflow/example_dags/example_branch_datetime_operator.py took 0.382 seconds
[2024-09-02T14:04:08.324+0000] {processor.py:161} INFO - Started process (PID=732) to work on /home/airflow/.local/lib/python3.12/site-packages/airflow/example_dags/example_branch_datetime_operator.py
[2024-09-02T14:04:08.325+0000] {processor.py:830} INFO - Processing file /home/airflow/.local/lib/python3.12/site-packages/airflow/example_dags/example_branch_datetime_operator.py for tasks to queue
[2024-09-02T14:04:08.327+0000] {logging_mixin.py:188} INFO - [2024-09-02T14:04:08.326+0000] {dagbag.py:545} INFO - Filling up the DagBag from /home/airflow/.local/lib/python3.12/site-packages/airflow/example_dags/example_branch_datetime_operator.py
[2024-09-02T14:04:08.339+0000] {processor.py:840} INFO - DAG(s) 'example_branch_datetime_operator_2', 'example_branch_datetime_operator_3', 'example_branch_datetime_operator' retrieved from /home/airflow/.local/lib/python3.12/site-packages/airflow/example_dags/example_branch_datetime_operator.py
[2024-09-02T14:04:08.377+0000] {logging_mixin.py:188} INFO - [2024-09-02T14:04:08.376+0000] {dag.py:3096} INFO - Sync 3 DAGs
[2024-09-02T14:04:08.426+0000] {logging_mixin.py:188} INFO - [2024-09-02T14:04:08.426+0000] {dag.py:3954} INFO - Setting next_dagrun for example_branch_datetime_operator to 2024-09-01 00:00:00+00:00, run_after=2024-09-02 00:00:00+00:00
[2024-09-02T14:04:08.433+0000] {logging_mixin.py:188} INFO - [2024-09-02T14:04:08.433+0000] {dag.py:3954} INFO - Setting next_dagrun for example_branch_datetime_operator_2 to 2024-09-01 00:00:00+00:00, run_after=2024-09-02 00:00:00+00:00
[2024-09-02T14:04:08.437+0000] {logging_mixin.py:188} INFO - [2024-09-02T14:04:08.437+0000] {dag.py:3954} INFO - Setting next_dagrun for example_branch_datetime_operator_3 to 2024-09-01 00:00:00+00:00, run_after=2024-09-02 00:00:00+00:00
[2024-09-02T14:04:08.479+0000] {processor.py:183} INFO - Processing /home/airflow/.local/lib/python3.12/site-packages/airflow/example_dags/example_branch_datetime_operator.py took 0.161 seconds
