[2024-09-02T13:58:01.813+0000] {processor.py:161} INFO - Started process (PID=69) to work on /home/airflow/.local/lib/python3.12/site-packages/airflow/example_dags/example_display_name.py
[2024-09-02T13:58:01.835+0000] {processor.py:830} INFO - Processing file /home/airflow/.local/lib/python3.12/site-packages/airflow/example_dags/example_display_name.py for tasks to queue
[2024-09-02T13:58:01.844+0000] {logging_mixin.py:188} INFO - [2024-09-02T13:58:01.843+0000] {dagbag.py:545} INFO - Filling up the DagBag from /home/airflow/.local/lib/python3.12/site-packages/airflow/example_dags/example_display_name.py
[2024-09-02T13:58:01.887+0000] {processor.py:840} INFO - DAG(s) 'example_display_name' retrieved from /home/airflow/.local/lib/python3.12/site-packages/airflow/example_dags/example_display_name.py
[2024-09-02T13:58:02.569+0000] {logging_mixin.py:188} INFO - [2024-09-02T13:58:02.568+0000] {dag.py:3096} INFO - Sync 1 DAGs
[2024-09-02T13:58:02.606+0000] {logging_mixin.py:188} INFO - [2024-09-02T13:58:02.606+0000] {dag.py:3954} INFO - Setting next_dagrun for example_display_name to None, run_after=None
[2024-09-02T13:58:02.656+0000] {processor.py:183} INFO - Processing /home/airflow/.local/lib/python3.12/site-packages/airflow/example_dags/example_display_name.py took 0.855 seconds
[2024-09-02T13:58:32.807+0000] {processor.py:161} INFO - Started process (PID=126) to work on /home/airflow/.local/lib/python3.12/site-packages/airflow/example_dags/example_display_name.py
[2024-09-02T13:58:32.854+0000] {processor.py:830} INFO - Processing file /home/airflow/.local/lib/python3.12/site-packages/airflow/example_dags/example_display_name.py for tasks to queue
[2024-09-02T13:58:32.879+0000] {logging_mixin.py:188} INFO - [2024-09-02T13:58:32.879+0000] {dagbag.py:545} INFO - Filling up the DagBag from /home/airflow/.local/lib/python3.12/site-packages/airflow/example_dags/example_display_name.py
[2024-09-02T13:58:32.921+0000] {processor.py:840} INFO - DAG(s) 'example_display_name' retrieved from /home/airflow/.local/lib/python3.12/site-packages/airflow/example_dags/example_display_name.py
[2024-09-02T13:58:33.060+0000] {logging_mixin.py:188} INFO - [2024-09-02T13:58:33.059+0000] {dag.py:3096} INFO - Sync 1 DAGs
[2024-09-02T13:58:33.131+0000] {logging_mixin.py:188} INFO - [2024-09-02T13:58:33.131+0000] {dag.py:3954} INFO - Setting next_dagrun for example_display_name to None, run_after=None
[2024-09-02T13:58:33.165+0000] {processor.py:183} INFO - Processing /home/airflow/.local/lib/python3.12/site-packages/airflow/example_dags/example_display_name.py took 0.387 seconds
[2024-09-02T13:59:03.446+0000] {processor.py:161} INFO - Started process (PID=184) to work on /home/airflow/.local/lib/python3.12/site-packages/airflow/example_dags/example_display_name.py
[2024-09-02T13:59:03.448+0000] {processor.py:830} INFO - Processing file /home/airflow/.local/lib/python3.12/site-packages/airflow/example_dags/example_display_name.py for tasks to queue
[2024-09-02T13:59:03.450+0000] {logging_mixin.py:188} INFO - [2024-09-02T13:59:03.450+0000] {dagbag.py:545} INFO - Filling up the DagBag from /home/airflow/.local/lib/python3.12/site-packages/airflow/example_dags/example_display_name.py
[2024-09-02T13:59:03.464+0000] {processor.py:840} INFO - DAG(s) 'example_display_name' retrieved from /home/airflow/.local/lib/python3.12/site-packages/airflow/example_dags/example_display_name.py
[2024-09-02T13:59:03.544+0000] {logging_mixin.py:188} INFO - [2024-09-02T13:59:03.544+0000] {dag.py:3096} INFO - Sync 1 DAGs
[2024-09-02T13:59:03.672+0000] {logging_mixin.py:188} INFO - [2024-09-02T13:59:03.672+0000] {dag.py:3954} INFO - Setting next_dagrun for example_display_name to None, run_after=None
[2024-09-02T13:59:03.867+0000] {processor.py:183} INFO - Processing /home/airflow/.local/lib/python3.12/site-packages/airflow/example_dags/example_display_name.py took 0.436 seconds
[2024-09-02T13:59:34.077+0000] {processor.py:161} INFO - Started process (PID=241) to work on /home/airflow/.local/lib/python3.12/site-packages/airflow/example_dags/example_display_name.py
[2024-09-02T13:59:34.089+0000] {processor.py:830} INFO - Processing file /home/airflow/.local/lib/python3.12/site-packages/airflow/example_dags/example_display_name.py for tasks to queue
[2024-09-02T13:59:34.092+0000] {logging_mixin.py:188} INFO - [2024-09-02T13:59:34.092+0000] {dagbag.py:545} INFO - Filling up the DagBag from /home/airflow/.local/lib/python3.12/site-packages/airflow/example_dags/example_display_name.py
[2024-09-02T13:59:34.112+0000] {processor.py:840} INFO - DAG(s) 'example_display_name' retrieved from /home/airflow/.local/lib/python3.12/site-packages/airflow/example_dags/example_display_name.py
[2024-09-02T13:59:34.136+0000] {logging_mixin.py:188} INFO - [2024-09-02T13:59:34.136+0000] {dag.py:3096} INFO - Sync 1 DAGs
[2024-09-02T13:59:34.168+0000] {logging_mixin.py:188} INFO - [2024-09-02T13:59:34.168+0000] {dag.py:3954} INFO - Setting next_dagrun for example_display_name to None, run_after=None
[2024-09-02T13:59:34.216+0000] {processor.py:183} INFO - Processing /home/airflow/.local/lib/python3.12/site-packages/airflow/example_dags/example_display_name.py took 0.158 seconds
[2024-09-02T14:00:04.294+0000] {processor.py:161} INFO - Started process (PID=298) to work on /home/airflow/.local/lib/python3.12/site-packages/airflow/example_dags/example_display_name.py
[2024-09-02T14:00:04.295+0000] {processor.py:830} INFO - Processing file /home/airflow/.local/lib/python3.12/site-packages/airflow/example_dags/example_display_name.py for tasks to queue
[2024-09-02T14:00:04.297+0000] {logging_mixin.py:188} INFO - [2024-09-02T14:00:04.297+0000] {dagbag.py:545} INFO - Filling up the DagBag from /home/airflow/.local/lib/python3.12/site-packages/airflow/example_dags/example_display_name.py
[2024-09-02T14:00:04.303+0000] {processor.py:840} INFO - DAG(s) 'example_display_name' retrieved from /home/airflow/.local/lib/python3.12/site-packages/airflow/example_dags/example_display_name.py
[2024-09-02T14:00:04.487+0000] {logging_mixin.py:188} INFO - [2024-09-02T14:00:04.487+0000] {dag.py:3096} INFO - Sync 1 DAGs
[2024-09-02T14:00:04.504+0000] {logging_mixin.py:188} INFO - [2024-09-02T14:00:04.504+0000] {dag.py:3954} INFO - Setting next_dagrun for example_display_name to None, run_after=None
[2024-09-02T14:00:04.539+0000] {processor.py:183} INFO - Processing /home/airflow/.local/lib/python3.12/site-packages/airflow/example_dags/example_display_name.py took 0.253 seconds
[2024-09-02T14:00:35.223+0000] {processor.py:161} INFO - Started process (PID=356) to work on /home/airflow/.local/lib/python3.12/site-packages/airflow/example_dags/example_display_name.py
[2024-09-02T14:00:35.230+0000] {processor.py:830} INFO - Processing file /home/airflow/.local/lib/python3.12/site-packages/airflow/example_dags/example_display_name.py for tasks to queue
[2024-09-02T14:00:35.232+0000] {logging_mixin.py:188} INFO - [2024-09-02T14:00:35.232+0000] {dagbag.py:545} INFO - Filling up the DagBag from /home/airflow/.local/lib/python3.12/site-packages/airflow/example_dags/example_display_name.py
[2024-09-02T14:00:35.250+0000] {processor.py:840} INFO - DAG(s) 'example_display_name' retrieved from /home/airflow/.local/lib/python3.12/site-packages/airflow/example_dags/example_display_name.py
[2024-09-02T14:00:35.335+0000] {logging_mixin.py:188} INFO - [2024-09-02T14:00:35.335+0000] {dag.py:3096} INFO - Sync 1 DAGs
[2024-09-02T14:00:35.377+0000] {logging_mixin.py:188} INFO - [2024-09-02T14:00:35.374+0000] {dag.py:3954} INFO - Setting next_dagrun for example_display_name to None, run_after=None
[2024-09-02T14:00:35.517+0000] {processor.py:183} INFO - Processing /home/airflow/.local/lib/python3.12/site-packages/airflow/example_dags/example_display_name.py took 0.313 seconds
[2024-09-02T14:01:06.035+0000] {processor.py:161} INFO - Started process (PID=412) to work on /home/airflow/.local/lib/python3.12/site-packages/airflow/example_dags/example_display_name.py
[2024-09-02T14:01:06.040+0000] {processor.py:830} INFO - Processing file /home/airflow/.local/lib/python3.12/site-packages/airflow/example_dags/example_display_name.py for tasks to queue
[2024-09-02T14:01:06.042+0000] {logging_mixin.py:188} INFO - [2024-09-02T14:01:06.042+0000] {dagbag.py:545} INFO - Filling up the DagBag from /home/airflow/.local/lib/python3.12/site-packages/airflow/example_dags/example_display_name.py
[2024-09-02T14:01:06.060+0000] {processor.py:840} INFO - DAG(s) 'example_display_name' retrieved from /home/airflow/.local/lib/python3.12/site-packages/airflow/example_dags/example_display_name.py
[2024-09-02T14:01:06.095+0000] {logging_mixin.py:188} INFO - [2024-09-02T14:01:06.095+0000] {dag.py:3096} INFO - Sync 1 DAGs
[2024-09-02T14:01:06.134+0000] {logging_mixin.py:188} INFO - [2024-09-02T14:01:06.134+0000] {dag.py:3954} INFO - Setting next_dagrun for example_display_name to None, run_after=None
[2024-09-02T14:01:06.185+0000] {processor.py:183} INFO - Processing /home/airflow/.local/lib/python3.12/site-packages/airflow/example_dags/example_display_name.py took 0.156 seconds
[2024-09-02T14:01:37.484+0000] {processor.py:161} INFO - Started process (PID=459) to work on /home/airflow/.local/lib/python3.12/site-packages/airflow/example_dags/example_display_name.py
[2024-09-02T14:01:37.486+0000] {processor.py:830} INFO - Processing file /home/airflow/.local/lib/python3.12/site-packages/airflow/example_dags/example_display_name.py for tasks to queue
[2024-09-02T14:01:37.488+0000] {logging_mixin.py:188} INFO - [2024-09-02T14:01:37.488+0000] {dagbag.py:545} INFO - Filling up the DagBag from /home/airflow/.local/lib/python3.12/site-packages/airflow/example_dags/example_display_name.py
[2024-09-02T14:01:37.503+0000] {processor.py:840} INFO - DAG(s) 'example_display_name' retrieved from /home/airflow/.local/lib/python3.12/site-packages/airflow/example_dags/example_display_name.py
[2024-09-02T14:01:37.573+0000] {logging_mixin.py:188} INFO - [2024-09-02T14:01:37.573+0000] {dag.py:3096} INFO - Sync 1 DAGs
[2024-09-02T14:01:37.607+0000] {logging_mixin.py:188} INFO - [2024-09-02T14:01:37.607+0000] {dag.py:3954} INFO - Setting next_dagrun for example_display_name to None, run_after=None
[2024-09-02T14:01:37.643+0000] {processor.py:183} INFO - Processing /home/airflow/.local/lib/python3.12/site-packages/airflow/example_dags/example_display_name.py took 0.180 seconds
[2024-09-02T14:02:08.128+0000] {processor.py:161} INFO - Started process (PID=518) to work on /home/airflow/.local/lib/python3.12/site-packages/airflow/example_dags/example_display_name.py
[2024-09-02T14:02:08.129+0000] {processor.py:830} INFO - Processing file /home/airflow/.local/lib/python3.12/site-packages/airflow/example_dags/example_display_name.py for tasks to queue
[2024-09-02T14:02:08.130+0000] {logging_mixin.py:188} INFO - [2024-09-02T14:02:08.130+0000] {dagbag.py:545} INFO - Filling up the DagBag from /home/airflow/.local/lib/python3.12/site-packages/airflow/example_dags/example_display_name.py
[2024-09-02T14:02:08.136+0000] {processor.py:840} INFO - DAG(s) 'example_display_name' retrieved from /home/airflow/.local/lib/python3.12/site-packages/airflow/example_dags/example_display_name.py
[2024-09-02T14:02:08.157+0000] {logging_mixin.py:188} INFO - [2024-09-02T14:02:08.157+0000] {dag.py:3096} INFO - Sync 1 DAGs
[2024-09-02T14:02:08.173+0000] {logging_mixin.py:188} INFO - [2024-09-02T14:02:08.172+0000] {dag.py:3954} INFO - Setting next_dagrun for example_display_name to None, run_after=None
[2024-09-02T14:02:08.218+0000] {processor.py:183} INFO - Processing /home/airflow/.local/lib/python3.12/site-packages/airflow/example_dags/example_display_name.py took 0.097 seconds
[2024-09-02T14:02:38.952+0000] {processor.py:161} INFO - Started process (PID=576) to work on /home/airflow/.local/lib/python3.12/site-packages/airflow/example_dags/example_display_name.py
[2024-09-02T14:02:38.953+0000] {processor.py:830} INFO - Processing file /home/airflow/.local/lib/python3.12/site-packages/airflow/example_dags/example_display_name.py for tasks to queue
[2024-09-02T14:02:38.955+0000] {logging_mixin.py:188} INFO - [2024-09-02T14:02:38.955+0000] {dagbag.py:545} INFO - Filling up the DagBag from /home/airflow/.local/lib/python3.12/site-packages/airflow/example_dags/example_display_name.py
[2024-09-02T14:02:38.961+0000] {processor.py:840} INFO - DAG(s) 'example_display_name' retrieved from /home/airflow/.local/lib/python3.12/site-packages/airflow/example_dags/example_display_name.py
[2024-09-02T14:02:38.985+0000] {logging_mixin.py:188} INFO - [2024-09-02T14:02:38.985+0000] {dag.py:3096} INFO - Sync 1 DAGs
[2024-09-02T14:02:39.001+0000] {logging_mixin.py:188} INFO - [2024-09-02T14:02:39.001+0000] {dag.py:3954} INFO - Setting next_dagrun for example_display_name to None, run_after=None
[2024-09-02T14:02:39.048+0000] {processor.py:183} INFO - Processing /home/airflow/.local/lib/python3.12/site-packages/airflow/example_dags/example_display_name.py took 0.102 seconds
[2024-09-02T14:03:09.798+0000] {processor.py:161} INFO - Started process (PID=633) to work on /home/airflow/.local/lib/python3.12/site-packages/airflow/example_dags/example_display_name.py
[2024-09-02T14:03:09.807+0000] {processor.py:830} INFO - Processing file /home/airflow/.local/lib/python3.12/site-packages/airflow/example_dags/example_display_name.py for tasks to queue
[2024-09-02T14:03:09.816+0000] {logging_mixin.py:188} INFO - [2024-09-02T14:03:09.815+0000] {dagbag.py:545} INFO - Filling up the DagBag from /home/airflow/.local/lib/python3.12/site-packages/airflow/example_dags/example_display_name.py
[2024-09-02T14:03:09.823+0000] {processor.py:840} INFO - DAG(s) 'example_display_name' retrieved from /home/airflow/.local/lib/python3.12/site-packages/airflow/example_dags/example_display_name.py
[2024-09-02T14:03:09.850+0000] {logging_mixin.py:188} INFO - [2024-09-02T14:03:09.849+0000] {dag.py:3096} INFO - Sync 1 DAGs
[2024-09-02T14:03:09.868+0000] {logging_mixin.py:188} INFO - [2024-09-02T14:03:09.867+0000] {dag.py:3954} INFO - Setting next_dagrun for example_display_name to None, run_after=None
[2024-09-02T14:03:09.896+0000] {processor.py:183} INFO - Processing /home/airflow/.local/lib/python3.12/site-packages/airflow/example_dags/example_display_name.py took 0.111 seconds
[2024-09-02T14:03:40.283+0000] {processor.py:161} INFO - Started process (PID=691) to work on /home/airflow/.local/lib/python3.12/site-packages/airflow/example_dags/example_display_name.py
[2024-09-02T14:03:40.284+0000] {processor.py:830} INFO - Processing file /home/airflow/.local/lib/python3.12/site-packages/airflow/example_dags/example_display_name.py for tasks to queue
[2024-09-02T14:03:40.286+0000] {logging_mixin.py:188} INFO - [2024-09-02T14:03:40.285+0000] {dagbag.py:545} INFO - Filling up the DagBag from /home/airflow/.local/lib/python3.12/site-packages/airflow/example_dags/example_display_name.py
[2024-09-02T14:03:40.292+0000] {processor.py:840} INFO - DAG(s) 'example_display_name' retrieved from /home/airflow/.local/lib/python3.12/site-packages/airflow/example_dags/example_display_name.py
[2024-09-02T14:03:40.319+0000] {logging_mixin.py:188} INFO - [2024-09-02T14:03:40.319+0000] {dag.py:3096} INFO - Sync 1 DAGs
[2024-09-02T14:03:40.332+0000] {logging_mixin.py:188} INFO - [2024-09-02T14:03:40.332+0000] {dag.py:3954} INFO - Setting next_dagrun for example_display_name to None, run_after=None
[2024-09-02T14:03:40.359+0000] {processor.py:183} INFO - Processing /home/airflow/.local/lib/python3.12/site-packages/airflow/example_dags/example_display_name.py took 0.083 seconds
[2024-09-02T14:04:11.437+0000] {processor.py:161} INFO - Started process (PID=742) to work on /home/airflow/.local/lib/python3.12/site-packages/airflow/example_dags/example_display_name.py
[2024-09-02T14:04:11.438+0000] {processor.py:830} INFO - Processing file /home/airflow/.local/lib/python3.12/site-packages/airflow/example_dags/example_display_name.py for tasks to queue
[2024-09-02T14:04:11.440+0000] {logging_mixin.py:188} INFO - [2024-09-02T14:04:11.439+0000] {dagbag.py:545} INFO - Filling up the DagBag from /home/airflow/.local/lib/python3.12/site-packages/airflow/example_dags/example_display_name.py
[2024-09-02T14:04:11.460+0000] {processor.py:840} INFO - DAG(s) 'example_display_name' retrieved from /home/airflow/.local/lib/python3.12/site-packages/airflow/example_dags/example_display_name.py
[2024-09-02T14:04:11.511+0000] {logging_mixin.py:188} INFO - [2024-09-02T14:04:11.511+0000] {dag.py:3096} INFO - Sync 1 DAGs
[2024-09-02T14:04:11.594+0000] {logging_mixin.py:188} INFO - [2024-09-02T14:04:11.593+0000] {dag.py:3954} INFO - Setting next_dagrun for example_display_name to None, run_after=None
[2024-09-02T14:04:11.743+0000] {processor.py:183} INFO - Processing /home/airflow/.local/lib/python3.12/site-packages/airflow/example_dags/example_display_name.py took 0.317 seconds
