[2024-09-02T13:58:08.508+0000] {processor.py:161} INFO - Started process (PID=87) to work on /home/airflow/.local/lib/python3.12/site-packages/airflow/example_dags/example_latest_only.py
[2024-09-02T13:58:08.515+0000] {processor.py:830} INFO - Processing file /home/airflow/.local/lib/python3.12/site-packages/airflow/example_dags/example_latest_only.py for tasks to queue
[2024-09-02T13:58:08.517+0000] {logging_mixin.py:188} INFO - [2024-09-02T13:58:08.516+0000] {dagbag.py:545} INFO - Filling up the DagBag from /home/airflow/.local/lib/python3.12/site-packages/airflow/example_dags/example_latest_only.py
[2024-09-02T13:58:08.525+0000] {processor.py:840} INFO - DAG(s) 'latest_only' retrieved from /home/airflow/.local/lib/python3.12/site-packages/airflow/example_dags/example_latest_only.py
[2024-09-02T13:58:08.776+0000] {logging_mixin.py:188} INFO - [2024-09-02T13:58:08.776+0000] {dag.py:3096} INFO - Sync 1 DAGs
[2024-09-02T13:58:08.848+0000] {logging_mixin.py:188} INFO - [2024-09-02T13:58:08.848+0000] {dag.py:3954} INFO - Setting next_dagrun for latest_only to 2024-09-02 08:00:00+00:00, run_after=2024-09-02 12:00:00+00:00
[2024-09-02T13:58:08.904+0000] {processor.py:183} INFO - Processing /home/airflow/.local/lib/python3.12/site-packages/airflow/example_dags/example_latest_only.py took 0.409 seconds
[2024-09-02T13:58:39.784+0000] {processor.py:161} INFO - Started process (PID=145) to work on /home/airflow/.local/lib/python3.12/site-packages/airflow/example_dags/example_latest_only.py
[2024-09-02T13:58:39.785+0000] {processor.py:830} INFO - Processing file /home/airflow/.local/lib/python3.12/site-packages/airflow/example_dags/example_latest_only.py for tasks to queue
[2024-09-02T13:58:39.787+0000] {logging_mixin.py:188} INFO - [2024-09-02T13:58:39.787+0000] {dagbag.py:545} INFO - Filling up the DagBag from /home/airflow/.local/lib/python3.12/site-packages/airflow/example_dags/example_latest_only.py
[2024-09-02T13:58:39.808+0000] {processor.py:840} INFO - DAG(s) 'latest_only' retrieved from /home/airflow/.local/lib/python3.12/site-packages/airflow/example_dags/example_latest_only.py
[2024-09-02T13:58:39.834+0000] {logging_mixin.py:188} INFO - [2024-09-02T13:58:39.834+0000] {dag.py:3096} INFO - Sync 1 DAGs
[2024-09-02T13:58:39.860+0000] {logging_mixin.py:188} INFO - [2024-09-02T13:58:39.860+0000] {dag.py:3954} INFO - Setting next_dagrun for latest_only to 2024-09-02 08:00:00+00:00, run_after=2024-09-02 12:00:00+00:00
[2024-09-02T13:58:39.892+0000] {processor.py:183} INFO - Processing /home/airflow/.local/lib/python3.12/site-packages/airflow/example_dags/example_latest_only.py took 0.121 seconds
[2024-09-02T13:59:11.588+0000] {processor.py:161} INFO - Started process (PID=203) to work on /home/airflow/.local/lib/python3.12/site-packages/airflow/example_dags/example_latest_only.py
[2024-09-02T13:59:11.602+0000] {processor.py:830} INFO - Processing file /home/airflow/.local/lib/python3.12/site-packages/airflow/example_dags/example_latest_only.py for tasks to queue
[2024-09-02T13:59:11.614+0000] {logging_mixin.py:188} INFO - [2024-09-02T13:59:11.614+0000] {dagbag.py:545} INFO - Filling up the DagBag from /home/airflow/.local/lib/python3.12/site-packages/airflow/example_dags/example_latest_only.py
[2024-09-02T13:59:11.640+0000] {processor.py:840} INFO - DAG(s) 'latest_only' retrieved from /home/airflow/.local/lib/python3.12/site-packages/airflow/example_dags/example_latest_only.py
[2024-09-02T13:59:11.744+0000] {logging_mixin.py:188} INFO - [2024-09-02T13:59:11.743+0000] {dag.py:3096} INFO - Sync 1 DAGs
[2024-09-02T13:59:11.885+0000] {logging_mixin.py:188} INFO - [2024-09-02T13:59:11.885+0000] {dag.py:3954} INFO - Setting next_dagrun for latest_only to 2024-09-02 08:00:00+00:00, run_after=2024-09-02 12:00:00+00:00
[2024-09-02T13:59:12.020+0000] {processor.py:183} INFO - Processing /home/airflow/.local/lib/python3.12/site-packages/airflow/example_dags/example_latest_only.py took 0.489 seconds
[2024-09-02T13:59:42.240+0000] {processor.py:161} INFO - Started process (PID=261) to work on /home/airflow/.local/lib/python3.12/site-packages/airflow/example_dags/example_latest_only.py
[2024-09-02T13:59:42.240+0000] {processor.py:830} INFO - Processing file /home/airflow/.local/lib/python3.12/site-packages/airflow/example_dags/example_latest_only.py for tasks to queue
[2024-09-02T13:59:42.242+0000] {logging_mixin.py:188} INFO - [2024-09-02T13:59:42.242+0000] {dagbag.py:545} INFO - Filling up the DagBag from /home/airflow/.local/lib/python3.12/site-packages/airflow/example_dags/example_latest_only.py
[2024-09-02T13:59:42.254+0000] {processor.py:840} INFO - DAG(s) 'latest_only' retrieved from /home/airflow/.local/lib/python3.12/site-packages/airflow/example_dags/example_latest_only.py
[2024-09-02T13:59:42.290+0000] {logging_mixin.py:188} INFO - [2024-09-02T13:59:42.289+0000] {dag.py:3096} INFO - Sync 1 DAGs
[2024-09-02T13:59:42.337+0000] {logging_mixin.py:188} INFO - [2024-09-02T13:59:42.337+0000] {dag.py:3954} INFO - Setting next_dagrun for latest_only to 2024-09-02 08:00:00+00:00, run_after=2024-09-02 12:00:00+00:00
[2024-09-02T13:59:42.373+0000] {processor.py:183} INFO - Processing /home/airflow/.local/lib/python3.12/site-packages/airflow/example_dags/example_latest_only.py took 0.150 seconds
[2024-09-02T14:00:12.552+0000] {processor.py:161} INFO - Started process (PID=318) to work on /home/airflow/.local/lib/python3.12/site-packages/airflow/example_dags/example_latest_only.py
[2024-09-02T14:00:12.553+0000] {processor.py:830} INFO - Processing file /home/airflow/.local/lib/python3.12/site-packages/airflow/example_dags/example_latest_only.py for tasks to queue
[2024-09-02T14:00:12.555+0000] {logging_mixin.py:188} INFO - [2024-09-02T14:00:12.555+0000] {dagbag.py:545} INFO - Filling up the DagBag from /home/airflow/.local/lib/python3.12/site-packages/airflow/example_dags/example_latest_only.py
[2024-09-02T14:00:12.561+0000] {processor.py:840} INFO - DAG(s) 'latest_only' retrieved from /home/airflow/.local/lib/python3.12/site-packages/airflow/example_dags/example_latest_only.py
[2024-09-02T14:00:12.782+0000] {logging_mixin.py:188} INFO - [2024-09-02T14:00:12.782+0000] {dag.py:3096} INFO - Sync 1 DAGs
[2024-09-02T14:00:12.816+0000] {logging_mixin.py:188} INFO - [2024-09-02T14:00:12.816+0000] {dag.py:3954} INFO - Setting next_dagrun for latest_only to 2024-09-02 08:00:00+00:00, run_after=2024-09-02 12:00:00+00:00
[2024-09-02T14:00:12.860+0000] {processor.py:183} INFO - Processing /home/airflow/.local/lib/python3.12/site-packages/airflow/example_dags/example_latest_only.py took 0.315 seconds
[2024-09-02T14:01:00.193+0000] {processor.py:161} INFO - Started process (PID=376) to work on /home/airflow/.local/lib/python3.12/site-packages/airflow/example_dags/example_latest_only.py
[2024-09-02T14:01:00.197+0000] {processor.py:830} INFO - Processing file /home/airflow/.local/lib/python3.12/site-packages/airflow/example_dags/example_latest_only.py for tasks to queue
[2024-09-02T14:01:00.200+0000] {logging_mixin.py:188} INFO - [2024-09-02T14:01:00.199+0000] {dagbag.py:545} INFO - Filling up the DagBag from /home/airflow/.local/lib/python3.12/site-packages/airflow/example_dags/example_latest_only.py
[2024-09-02T14:01:00.213+0000] {processor.py:840} INFO - DAG(s) 'latest_only' retrieved from /home/airflow/.local/lib/python3.12/site-packages/airflow/example_dags/example_latest_only.py
[2024-09-02T14:01:00.244+0000] {logging_mixin.py:188} INFO - [2024-09-02T14:01:00.243+0000] {dag.py:3096} INFO - Sync 1 DAGs
[2024-09-02T14:01:00.272+0000] {logging_mixin.py:188} INFO - [2024-09-02T14:01:00.272+0000] {dag.py:3954} INFO - Setting next_dagrun for latest_only to 2024-09-02 08:00:00+00:00, run_after=2024-09-02 12:00:00+00:00
[2024-09-02T14:01:00.302+0000] {processor.py:183} INFO - Processing /home/airflow/.local/lib/python3.12/site-packages/airflow/example_dags/example_latest_only.py took 0.122 seconds
[2024-09-02T14:01:31.762+0000] {processor.py:161} INFO - Started process (PID=433) to work on /home/airflow/.local/lib/python3.12/site-packages/airflow/example_dags/example_latest_only.py
[2024-09-02T14:01:31.763+0000] {processor.py:830} INFO - Processing file /home/airflow/.local/lib/python3.12/site-packages/airflow/example_dags/example_latest_only.py for tasks to queue
[2024-09-02T14:01:31.796+0000] {logging_mixin.py:188} INFO - [2024-09-02T14:01:31.795+0000] {dagbag.py:545} INFO - Filling up the DagBag from /home/airflow/.local/lib/python3.12/site-packages/airflow/example_dags/example_latest_only.py
[2024-09-02T14:01:31.867+0000] {processor.py:840} INFO - DAG(s) 'latest_only' retrieved from /home/airflow/.local/lib/python3.12/site-packages/airflow/example_dags/example_latest_only.py
[2024-09-02T14:01:31.971+0000] {logging_mixin.py:188} INFO - [2024-09-02T14:01:31.971+0000] {dag.py:3096} INFO - Sync 1 DAGs
[2024-09-02T14:01:32.618+0000] {logging_mixin.py:188} INFO - [2024-09-02T14:01:32.617+0000] {dag.py:3954} INFO - Setting next_dagrun for latest_only to 2024-09-02 08:00:00+00:00, run_after=2024-09-02 12:00:00+00:00
[2024-09-02T14:01:33.376+0000] {processor.py:183} INFO - Processing /home/airflow/.local/lib/python3.12/site-packages/airflow/example_dags/example_latest_only.py took 1.664 seconds
[2024-09-02T14:02:03.591+0000] {processor.py:161} INFO - Started process (PID=498) to work on /home/airflow/.local/lib/python3.12/site-packages/airflow/example_dags/example_latest_only.py
[2024-09-02T14:02:03.592+0000] {processor.py:830} INFO - Processing file /home/airflow/.local/lib/python3.12/site-packages/airflow/example_dags/example_latest_only.py for tasks to queue
[2024-09-02T14:02:03.594+0000] {logging_mixin.py:188} INFO - [2024-09-02T14:02:03.594+0000] {dagbag.py:545} INFO - Filling up the DagBag from /home/airflow/.local/lib/python3.12/site-packages/airflow/example_dags/example_latest_only.py
[2024-09-02T14:02:03.599+0000] {processor.py:840} INFO - DAG(s) 'latest_only' retrieved from /home/airflow/.local/lib/python3.12/site-packages/airflow/example_dags/example_latest_only.py
[2024-09-02T14:02:03.654+0000] {logging_mixin.py:188} INFO - [2024-09-02T14:02:03.654+0000] {dag.py:3096} INFO - Sync 1 DAGs
[2024-09-02T14:02:03.699+0000] {logging_mixin.py:188} INFO - [2024-09-02T14:02:03.698+0000] {dag.py:3954} INFO - Setting next_dagrun for latest_only to 2024-09-02 08:00:00+00:00, run_after=2024-09-02 12:00:00+00:00
[2024-09-02T14:02:03.720+0000] {processor.py:183} INFO - Processing /home/airflow/.local/lib/python3.12/site-packages/airflow/example_dags/example_latest_only.py took 0.135 seconds
[2024-09-02T14:02:34.493+0000] {processor.py:161} INFO - Started process (PID=556) to work on /home/airflow/.local/lib/python3.12/site-packages/airflow/example_dags/example_latest_only.py
[2024-09-02T14:02:34.493+0000] {processor.py:830} INFO - Processing file /home/airflow/.local/lib/python3.12/site-packages/airflow/example_dags/example_latest_only.py for tasks to queue
[2024-09-02T14:02:34.495+0000] {logging_mixin.py:188} INFO - [2024-09-02T14:02:34.495+0000] {dagbag.py:545} INFO - Filling up the DagBag from /home/airflow/.local/lib/python3.12/site-packages/airflow/example_dags/example_latest_only.py
[2024-09-02T14:02:34.501+0000] {processor.py:840} INFO - DAG(s) 'latest_only' retrieved from /home/airflow/.local/lib/python3.12/site-packages/airflow/example_dags/example_latest_only.py
[2024-09-02T14:02:34.527+0000] {logging_mixin.py:188} INFO - [2024-09-02T14:02:34.526+0000] {dag.py:3096} INFO - Sync 1 DAGs
[2024-09-02T14:02:34.578+0000] {logging_mixin.py:188} INFO - [2024-09-02T14:02:34.578+0000] {dag.py:3954} INFO - Setting next_dagrun for latest_only to 2024-09-02 08:00:00+00:00, run_after=2024-09-02 12:00:00+00:00
[2024-09-02T14:02:34.650+0000] {processor.py:183} INFO - Processing /home/airflow/.local/lib/python3.12/site-packages/airflow/example_dags/example_latest_only.py took 0.163 seconds
[2024-09-02T14:03:04.900+0000] {processor.py:161} INFO - Started process (PID=613) to work on /home/airflow/.local/lib/python3.12/site-packages/airflow/example_dags/example_latest_only.py
[2024-09-02T14:03:04.907+0000] {processor.py:830} INFO - Processing file /home/airflow/.local/lib/python3.12/site-packages/airflow/example_dags/example_latest_only.py for tasks to queue
[2024-09-02T14:03:04.910+0000] {logging_mixin.py:188} INFO - [2024-09-02T14:03:04.910+0000] {dagbag.py:545} INFO - Filling up the DagBag from /home/airflow/.local/lib/python3.12/site-packages/airflow/example_dags/example_latest_only.py
[2024-09-02T14:03:04.922+0000] {processor.py:840} INFO - DAG(s) 'latest_only' retrieved from /home/airflow/.local/lib/python3.12/site-packages/airflow/example_dags/example_latest_only.py
[2024-09-02T14:03:04.971+0000] {logging_mixin.py:188} INFO - [2024-09-02T14:03:04.970+0000] {dag.py:3096} INFO - Sync 1 DAGs
[2024-09-02T14:03:05.141+0000] {logging_mixin.py:188} INFO - [2024-09-02T14:03:05.141+0000] {dag.py:3954} INFO - Setting next_dagrun for latest_only to 2024-09-02 08:00:00+00:00, run_after=2024-09-02 12:00:00+00:00
[2024-09-02T14:03:05.275+0000] {processor.py:183} INFO - Processing /home/airflow/.local/lib/python3.12/site-packages/airflow/example_dags/example_latest_only.py took 0.393 seconds
[2024-09-02T14:03:35.691+0000] {processor.py:161} INFO - Started process (PID=671) to work on /home/airflow/.local/lib/python3.12/site-packages/airflow/example_dags/example_latest_only.py
[2024-09-02T14:03:35.692+0000] {processor.py:830} INFO - Processing file /home/airflow/.local/lib/python3.12/site-packages/airflow/example_dags/example_latest_only.py for tasks to queue
[2024-09-02T14:03:35.694+0000] {logging_mixin.py:188} INFO - [2024-09-02T14:03:35.694+0000] {dagbag.py:545} INFO - Filling up the DagBag from /home/airflow/.local/lib/python3.12/site-packages/airflow/example_dags/example_latest_only.py
[2024-09-02T14:03:35.715+0000] {processor.py:840} INFO - DAG(s) 'latest_only' retrieved from /home/airflow/.local/lib/python3.12/site-packages/airflow/example_dags/example_latest_only.py
[2024-09-02T14:03:35.752+0000] {logging_mixin.py:188} INFO - [2024-09-02T14:03:35.751+0000] {dag.py:3096} INFO - Sync 1 DAGs
[2024-09-02T14:03:35.782+0000] {logging_mixin.py:188} INFO - [2024-09-02T14:03:35.782+0000] {dag.py:3954} INFO - Setting next_dagrun for latest_only to 2024-09-02 08:00:00+00:00, run_after=2024-09-02 12:00:00+00:00
[2024-09-02T14:03:35.827+0000] {processor.py:183} INFO - Processing /home/airflow/.local/lib/python3.12/site-packages/airflow/example_dags/example_latest_only.py took 0.144 seconds
[2024-09-02T14:04:06.208+0000] {processor.py:161} INFO - Started process (PID=729) to work on /home/airflow/.local/lib/python3.12/site-packages/airflow/example_dags/example_latest_only.py
[2024-09-02T14:04:06.208+0000] {processor.py:830} INFO - Processing file /home/airflow/.local/lib/python3.12/site-packages/airflow/example_dags/example_latest_only.py for tasks to queue
[2024-09-02T14:04:06.210+0000] {logging_mixin.py:188} INFO - [2024-09-02T14:04:06.210+0000] {dagbag.py:545} INFO - Filling up the DagBag from /home/airflow/.local/lib/python3.12/site-packages/airflow/example_dags/example_latest_only.py
[2024-09-02T14:04:06.214+0000] {processor.py:840} INFO - DAG(s) 'latest_only' retrieved from /home/airflow/.local/lib/python3.12/site-packages/airflow/example_dags/example_latest_only.py
[2024-09-02T14:04:06.230+0000] {logging_mixin.py:188} INFO - [2024-09-02T14:04:06.230+0000] {dag.py:3096} INFO - Sync 1 DAGs
[2024-09-02T14:04:06.248+0000] {logging_mixin.py:188} INFO - [2024-09-02T14:04:06.248+0000] {dag.py:3954} INFO - Setting next_dagrun for latest_only to 2024-09-02 08:00:00+00:00, run_after=2024-09-02 12:00:00+00:00
[2024-09-02T14:04:06.269+0000] {processor.py:183} INFO - Processing /home/airflow/.local/lib/python3.12/site-packages/airflow/example_dags/example_latest_only.py took 0.067 seconds
