[2024-09-02T13:58:02.790+0000] {processor.py:161} INFO - Started process (PID=70) to work on /home/airflow/.local/lib/python3.12/site-packages/airflow/example_dags/example_latest_only_with_trigger.py
[2024-09-02T13:58:02.798+0000] {processor.py:830} INFO - Processing file /home/airflow/.local/lib/python3.12/site-packages/airflow/example_dags/example_latest_only_with_trigger.py for tasks to queue
[2024-09-02T13:58:02.801+0000] {logging_mixin.py:188} INFO - [2024-09-02T13:58:02.800+0000] {dagbag.py:545} INFO - Filling up the DagBag from /home/airflow/.local/lib/python3.12/site-packages/airflow/example_dags/example_latest_only_with_trigger.py
[2024-09-02T13:58:02.839+0000] {processor.py:840} INFO - DAG(s) 'latest_only_with_trigger' retrieved from /home/airflow/.local/lib/python3.12/site-packages/airflow/example_dags/example_latest_only_with_trigger.py
[2024-09-02T13:58:03.407+0000] {logging_mixin.py:188} INFO - [2024-09-02T13:58:03.406+0000] {dag.py:3096} INFO - Sync 1 DAGs
[2024-09-02T13:58:03.492+0000] {logging_mixin.py:188} INFO - [2024-09-02T13:58:03.492+0000] {dag.py:3954} INFO - Setting next_dagrun for latest_only_with_trigger to 2024-09-02 08:00:00+00:00, run_after=2024-09-02 12:00:00+00:00
[2024-09-02T13:58:03.544+0000] {processor.py:183} INFO - Processing /home/airflow/.local/lib/python3.12/site-packages/airflow/example_dags/example_latest_only_with_trigger.py took 0.766 seconds
[2024-09-02T13:58:34.238+0000] {processor.py:161} INFO - Started process (PID=128) to work on /home/airflow/.local/lib/python3.12/site-packages/airflow/example_dags/example_latest_only_with_trigger.py
[2024-09-02T13:58:34.239+0000] {processor.py:830} INFO - Processing file /home/airflow/.local/lib/python3.12/site-packages/airflow/example_dags/example_latest_only_with_trigger.py for tasks to queue
[2024-09-02T13:58:34.243+0000] {logging_mixin.py:188} INFO - [2024-09-02T13:58:34.243+0000] {dagbag.py:545} INFO - Filling up the DagBag from /home/airflow/.local/lib/python3.12/site-packages/airflow/example_dags/example_latest_only_with_trigger.py
[2024-09-02T13:58:34.256+0000] {processor.py:840} INFO - DAG(s) 'latest_only_with_trigger' retrieved from /home/airflow/.local/lib/python3.12/site-packages/airflow/example_dags/example_latest_only_with_trigger.py
[2024-09-02T13:58:34.308+0000] {logging_mixin.py:188} INFO - [2024-09-02T13:58:34.308+0000] {dag.py:3096} INFO - Sync 1 DAGs
[2024-09-02T13:58:34.369+0000] {logging_mixin.py:188} INFO - [2024-09-02T13:58:34.368+0000] {dag.py:3954} INFO - Setting next_dagrun for latest_only_with_trigger to 2024-09-02 08:00:00+00:00, run_after=2024-09-02 12:00:00+00:00
[2024-09-02T13:58:34.427+0000] {processor.py:183} INFO - Processing /home/airflow/.local/lib/python3.12/site-packages/airflow/example_dags/example_latest_only_with_trigger.py took 0.196 seconds
[2024-09-02T13:59:05.158+0000] {processor.py:161} INFO - Started process (PID=186) to work on /home/airflow/.local/lib/python3.12/site-packages/airflow/example_dags/example_latest_only_with_trigger.py
[2024-09-02T13:59:05.162+0000] {processor.py:830} INFO - Processing file /home/airflow/.local/lib/python3.12/site-packages/airflow/example_dags/example_latest_only_with_trigger.py for tasks to queue
[2024-09-02T13:59:05.166+0000] {logging_mixin.py:188} INFO - [2024-09-02T13:59:05.166+0000] {dagbag.py:545} INFO - Filling up the DagBag from /home/airflow/.local/lib/python3.12/site-packages/airflow/example_dags/example_latest_only_with_trigger.py
[2024-09-02T13:59:05.189+0000] {processor.py:840} INFO - DAG(s) 'latest_only_with_trigger' retrieved from /home/airflow/.local/lib/python3.12/site-packages/airflow/example_dags/example_latest_only_with_trigger.py
[2024-09-02T13:59:05.284+0000] {logging_mixin.py:188} INFO - [2024-09-02T13:59:05.283+0000] {dag.py:3096} INFO - Sync 1 DAGs
[2024-09-02T13:59:05.404+0000] {logging_mixin.py:188} INFO - [2024-09-02T13:59:05.404+0000] {dag.py:3954} INFO - Setting next_dagrun for latest_only_with_trigger to 2024-09-02 08:00:00+00:00, run_after=2024-09-02 12:00:00+00:00
[2024-09-02T13:59:05.521+0000] {processor.py:183} INFO - Processing /home/airflow/.local/lib/python3.12/site-packages/airflow/example_dags/example_latest_only_with_trigger.py took 0.392 seconds
[2024-09-02T13:59:36.276+0000] {processor.py:161} INFO - Started process (PID=243) to work on /home/airflow/.local/lib/python3.12/site-packages/airflow/example_dags/example_latest_only_with_trigger.py
[2024-09-02T13:59:36.279+0000] {processor.py:830} INFO - Processing file /home/airflow/.local/lib/python3.12/site-packages/airflow/example_dags/example_latest_only_with_trigger.py for tasks to queue
[2024-09-02T13:59:36.282+0000] {logging_mixin.py:188} INFO - [2024-09-02T13:59:36.282+0000] {dagbag.py:545} INFO - Filling up the DagBag from /home/airflow/.local/lib/python3.12/site-packages/airflow/example_dags/example_latest_only_with_trigger.py
[2024-09-02T13:59:36.293+0000] {processor.py:840} INFO - DAG(s) 'latest_only_with_trigger' retrieved from /home/airflow/.local/lib/python3.12/site-packages/airflow/example_dags/example_latest_only_with_trigger.py
[2024-09-02T13:59:36.311+0000] {logging_mixin.py:188} INFO - [2024-09-02T13:59:36.310+0000] {dag.py:3096} INFO - Sync 1 DAGs
[2024-09-02T13:59:36.379+0000] {logging_mixin.py:188} INFO - [2024-09-02T13:59:36.379+0000] {dag.py:3954} INFO - Setting next_dagrun for latest_only_with_trigger to 2024-09-02 08:00:00+00:00, run_after=2024-09-02 12:00:00+00:00
[2024-09-02T13:59:36.404+0000] {processor.py:183} INFO - Processing /home/airflow/.local/lib/python3.12/site-packages/airflow/example_dags/example_latest_only_with_trigger.py took 0.151 seconds
[2024-09-02T14:00:06.592+0000] {processor.py:161} INFO - Started process (PID=300) to work on /home/airflow/.local/lib/python3.12/site-packages/airflow/example_dags/example_latest_only_with_trigger.py
[2024-09-02T14:00:06.593+0000] {processor.py:830} INFO - Processing file /home/airflow/.local/lib/python3.12/site-packages/airflow/example_dags/example_latest_only_with_trigger.py for tasks to queue
[2024-09-02T14:00:06.601+0000] {logging_mixin.py:188} INFO - [2024-09-02T14:00:06.599+0000] {dagbag.py:545} INFO - Filling up the DagBag from /home/airflow/.local/lib/python3.12/site-packages/airflow/example_dags/example_latest_only_with_trigger.py
[2024-09-02T14:00:06.608+0000] {processor.py:840} INFO - DAG(s) 'latest_only_with_trigger' retrieved from /home/airflow/.local/lib/python3.12/site-packages/airflow/example_dags/example_latest_only_with_trigger.py
[2024-09-02T14:00:06.805+0000] {logging_mixin.py:188} INFO - [2024-09-02T14:00:06.805+0000] {dag.py:3096} INFO - Sync 1 DAGs
[2024-09-02T14:00:06.836+0000] {logging_mixin.py:188} INFO - [2024-09-02T14:00:06.836+0000] {dag.py:3954} INFO - Setting next_dagrun for latest_only_with_trigger to 2024-09-02 08:00:00+00:00, run_after=2024-09-02 12:00:00+00:00
[2024-09-02T14:00:06.869+0000] {processor.py:183} INFO - Processing /home/airflow/.local/lib/python3.12/site-packages/airflow/example_dags/example_latest_only_with_trigger.py took 0.284 seconds
[2024-09-02T14:00:37.413+0000] {processor.py:161} INFO - Started process (PID=358) to work on /home/airflow/.local/lib/python3.12/site-packages/airflow/example_dags/example_latest_only_with_trigger.py
[2024-09-02T14:00:37.424+0000] {processor.py:830} INFO - Processing file /home/airflow/.local/lib/python3.12/site-packages/airflow/example_dags/example_latest_only_with_trigger.py for tasks to queue
[2024-09-02T14:00:37.426+0000] {logging_mixin.py:188} INFO - [2024-09-02T14:00:37.425+0000] {dagbag.py:545} INFO - Filling up the DagBag from /home/airflow/.local/lib/python3.12/site-packages/airflow/example_dags/example_latest_only_with_trigger.py
[2024-09-02T14:00:37.444+0000] {processor.py:840} INFO - DAG(s) 'latest_only_with_trigger' retrieved from /home/airflow/.local/lib/python3.12/site-packages/airflow/example_dags/example_latest_only_with_trigger.py
[2024-09-02T14:00:37.868+0000] {logging_mixin.py:188} INFO - [2024-09-02T14:00:37.868+0000] {dag.py:3096} INFO - Sync 1 DAGs
[2024-09-02T14:00:38.164+0000] {logging_mixin.py:188} INFO - [2024-09-02T14:00:38.163+0000] {dag.py:3954} INFO - Setting next_dagrun for latest_only_with_trigger to 2024-09-02 08:00:00+00:00, run_after=2024-09-02 12:00:00+00:00
[2024-09-02T14:00:38.299+0000] {processor.py:183} INFO - Processing /home/airflow/.local/lib/python3.12/site-packages/airflow/example_dags/example_latest_only_with_trigger.py took 0.925 seconds
[2024-09-02T14:01:08.556+0000] {processor.py:161} INFO - Started process (PID=415) to work on /home/airflow/.local/lib/python3.12/site-packages/airflow/example_dags/example_latest_only_with_trigger.py
[2024-09-02T14:01:08.560+0000] {processor.py:830} INFO - Processing file /home/airflow/.local/lib/python3.12/site-packages/airflow/example_dags/example_latest_only_with_trigger.py for tasks to queue
[2024-09-02T14:01:08.562+0000] {logging_mixin.py:188} INFO - [2024-09-02T14:01:08.562+0000] {dagbag.py:545} INFO - Filling up the DagBag from /home/airflow/.local/lib/python3.12/site-packages/airflow/example_dags/example_latest_only_with_trigger.py
[2024-09-02T14:01:08.577+0000] {processor.py:840} INFO - DAG(s) 'latest_only_with_trigger' retrieved from /home/airflow/.local/lib/python3.12/site-packages/airflow/example_dags/example_latest_only_with_trigger.py
[2024-09-02T14:01:08.651+0000] {logging_mixin.py:188} INFO - [2024-09-02T14:01:08.650+0000] {dag.py:3096} INFO - Sync 1 DAGs
[2024-09-02T14:01:08.719+0000] {logging_mixin.py:188} INFO - [2024-09-02T14:01:08.719+0000] {dag.py:3954} INFO - Setting next_dagrun for latest_only_with_trigger to 2024-09-02 08:00:00+00:00, run_after=2024-09-02 12:00:00+00:00
[2024-09-02T14:01:08.800+0000] {processor.py:183} INFO - Processing /home/airflow/.local/lib/python3.12/site-packages/airflow/example_dags/example_latest_only_with_trigger.py took 0.261 seconds
[2024-09-02T14:01:39.419+0000] {processor.py:161} INFO - Started process (PID=471) to work on /home/airflow/.local/lib/python3.12/site-packages/airflow/example_dags/example_latest_only_with_trigger.py
[2024-09-02T14:01:39.425+0000] {processor.py:830} INFO - Processing file /home/airflow/.local/lib/python3.12/site-packages/airflow/example_dags/example_latest_only_with_trigger.py for tasks to queue
[2024-09-02T14:01:39.436+0000] {logging_mixin.py:188} INFO - [2024-09-02T14:01:39.435+0000] {dagbag.py:545} INFO - Filling up the DagBag from /home/airflow/.local/lib/python3.12/site-packages/airflow/example_dags/example_latest_only_with_trigger.py
[2024-09-02T14:01:39.442+0000] {processor.py:840} INFO - DAG(s) 'latest_only_with_trigger' retrieved from /home/airflow/.local/lib/python3.12/site-packages/airflow/example_dags/example_latest_only_with_trigger.py
[2024-09-02T14:01:39.561+0000] {logging_mixin.py:188} INFO - [2024-09-02T14:01:39.561+0000] {dag.py:3096} INFO - Sync 1 DAGs
[2024-09-02T14:01:39.625+0000] {logging_mixin.py:188} INFO - [2024-09-02T14:01:39.624+0000] {dag.py:3954} INFO - Setting next_dagrun for latest_only_with_trigger to 2024-09-02 08:00:00+00:00, run_after=2024-09-02 12:00:00+00:00
[2024-09-02T14:01:39.706+0000] {processor.py:183} INFO - Processing /home/airflow/.local/lib/python3.12/site-packages/airflow/example_dags/example_latest_only_with_trigger.py took 0.334 seconds
[2024-09-02T14:02:10.490+0000] {processor.py:161} INFO - Started process (PID=530) to work on /home/airflow/.local/lib/python3.12/site-packages/airflow/example_dags/example_latest_only_with_trigger.py
[2024-09-02T14:02:10.500+0000] {processor.py:830} INFO - Processing file /home/airflow/.local/lib/python3.12/site-packages/airflow/example_dags/example_latest_only_with_trigger.py for tasks to queue
[2024-09-02T14:02:10.517+0000] {logging_mixin.py:188} INFO - [2024-09-02T14:02:10.516+0000] {dagbag.py:545} INFO - Filling up the DagBag from /home/airflow/.local/lib/python3.12/site-packages/airflow/example_dags/example_latest_only_with_trigger.py
[2024-09-02T14:02:10.526+0000] {processor.py:840} INFO - DAG(s) 'latest_only_with_trigger' retrieved from /home/airflow/.local/lib/python3.12/site-packages/airflow/example_dags/example_latest_only_with_trigger.py
[2024-09-02T14:02:10.596+0000] {logging_mixin.py:188} INFO - [2024-09-02T14:02:10.596+0000] {dag.py:3096} INFO - Sync 1 DAGs
[2024-09-02T14:02:10.673+0000] {logging_mixin.py:188} INFO - [2024-09-02T14:02:10.672+0000] {dag.py:3954} INFO - Setting next_dagrun for latest_only_with_trigger to 2024-09-02 08:00:00+00:00, run_after=2024-09-02 12:00:00+00:00
[2024-09-02T14:02:10.730+0000] {processor.py:183} INFO - Processing /home/airflow/.local/lib/python3.12/site-packages/airflow/example_dags/example_latest_only_with_trigger.py took 0.248 seconds
[2024-09-02T14:02:41.699+0000] {processor.py:161} INFO - Started process (PID=588) to work on /home/airflow/.local/lib/python3.12/site-packages/airflow/example_dags/example_latest_only_with_trigger.py
[2024-09-02T14:02:41.700+0000] {processor.py:830} INFO - Processing file /home/airflow/.local/lib/python3.12/site-packages/airflow/example_dags/example_latest_only_with_trigger.py for tasks to queue
[2024-09-02T14:02:41.702+0000] {logging_mixin.py:188} INFO - [2024-09-02T14:02:41.702+0000] {dagbag.py:545} INFO - Filling up the DagBag from /home/airflow/.local/lib/python3.12/site-packages/airflow/example_dags/example_latest_only_with_trigger.py
[2024-09-02T14:02:41.708+0000] {processor.py:840} INFO - DAG(s) 'latest_only_with_trigger' retrieved from /home/airflow/.local/lib/python3.12/site-packages/airflow/example_dags/example_latest_only_with_trigger.py
[2024-09-02T14:02:41.731+0000] {logging_mixin.py:188} INFO - [2024-09-02T14:02:41.731+0000] {dag.py:3096} INFO - Sync 1 DAGs
[2024-09-02T14:02:41.757+0000] {logging_mixin.py:188} INFO - [2024-09-02T14:02:41.757+0000] {dag.py:3954} INFO - Setting next_dagrun for latest_only_with_trigger to 2024-09-02 08:00:00+00:00, run_after=2024-09-02 12:00:00+00:00
[2024-09-02T14:02:41.782+0000] {processor.py:183} INFO - Processing /home/airflow/.local/lib/python3.12/site-packages/airflow/example_dags/example_latest_only_with_trigger.py took 0.093 seconds
[2024-09-02T14:03:12.296+0000] {processor.py:161} INFO - Started process (PID=645) to work on /home/airflow/.local/lib/python3.12/site-packages/airflow/example_dags/example_latest_only_with_trigger.py
[2024-09-02T14:03:12.299+0000] {processor.py:830} INFO - Processing file /home/airflow/.local/lib/python3.12/site-packages/airflow/example_dags/example_latest_only_with_trigger.py for tasks to queue
[2024-09-02T14:03:12.301+0000] {logging_mixin.py:188} INFO - [2024-09-02T14:03:12.301+0000] {dagbag.py:545} INFO - Filling up the DagBag from /home/airflow/.local/lib/python3.12/site-packages/airflow/example_dags/example_latest_only_with_trigger.py
[2024-09-02T14:03:12.316+0000] {processor.py:840} INFO - DAG(s) 'latest_only_with_trigger' retrieved from /home/airflow/.local/lib/python3.12/site-packages/airflow/example_dags/example_latest_only_with_trigger.py
[2024-09-02T14:03:12.360+0000] {logging_mixin.py:188} INFO - [2024-09-02T14:03:12.359+0000] {dag.py:3096} INFO - Sync 1 DAGs
[2024-09-02T14:03:12.416+0000] {logging_mixin.py:188} INFO - [2024-09-02T14:03:12.416+0000] {dag.py:3954} INFO - Setting next_dagrun for latest_only_with_trigger to 2024-09-02 08:00:00+00:00, run_after=2024-09-02 12:00:00+00:00
[2024-09-02T14:03:12.464+0000] {processor.py:183} INFO - Processing /home/airflow/.local/lib/python3.12/site-packages/airflow/example_dags/example_latest_only_with_trigger.py took 0.194 seconds
[2024-09-02T14:03:42.948+0000] {processor.py:161} INFO - Started process (PID=703) to work on /home/airflow/.local/lib/python3.12/site-packages/airflow/example_dags/example_latest_only_with_trigger.py
[2024-09-02T14:03:42.949+0000] {processor.py:830} INFO - Processing file /home/airflow/.local/lib/python3.12/site-packages/airflow/example_dags/example_latest_only_with_trigger.py for tasks to queue
[2024-09-02T14:03:42.951+0000] {logging_mixin.py:188} INFO - [2024-09-02T14:03:42.950+0000] {dagbag.py:545} INFO - Filling up the DagBag from /home/airflow/.local/lib/python3.12/site-packages/airflow/example_dags/example_latest_only_with_trigger.py
[2024-09-02T14:03:42.963+0000] {processor.py:840} INFO - DAG(s) 'latest_only_with_trigger' retrieved from /home/airflow/.local/lib/python3.12/site-packages/airflow/example_dags/example_latest_only_with_trigger.py
[2024-09-02T14:03:42.998+0000] {logging_mixin.py:188} INFO - [2024-09-02T14:03:42.998+0000] {dag.py:3096} INFO - Sync 1 DAGs
[2024-09-02T14:03:43.026+0000] {logging_mixin.py:188} INFO - [2024-09-02T14:03:43.025+0000] {dag.py:3954} INFO - Setting next_dagrun for latest_only_with_trigger to 2024-09-02 08:00:00+00:00, run_after=2024-09-02 12:00:00+00:00
[2024-09-02T14:03:43.052+0000] {processor.py:183} INFO - Processing /home/airflow/.local/lib/python3.12/site-packages/airflow/example_dags/example_latest_only_with_trigger.py took 0.120 seconds
[2024-09-02T14:04:13.459+0000] {processor.py:161} INFO - Started process (PID=751) to work on /home/airflow/.local/lib/python3.12/site-packages/airflow/example_dags/example_latest_only_with_trigger.py
[2024-09-02T14:04:13.466+0000] {processor.py:830} INFO - Processing file /home/airflow/.local/lib/python3.12/site-packages/airflow/example_dags/example_latest_only_with_trigger.py for tasks to queue
[2024-09-02T14:04:13.469+0000] {logging_mixin.py:188} INFO - [2024-09-02T14:04:13.468+0000] {dagbag.py:545} INFO - Filling up the DagBag from /home/airflow/.local/lib/python3.12/site-packages/airflow/example_dags/example_latest_only_with_trigger.py
[2024-09-02T14:04:13.482+0000] {processor.py:840} INFO - DAG(s) 'latest_only_with_trigger' retrieved from /home/airflow/.local/lib/python3.12/site-packages/airflow/example_dags/example_latest_only_with_trigger.py
[2024-09-02T14:04:13.512+0000] {logging_mixin.py:188} INFO - [2024-09-02T14:04:13.511+0000] {dag.py:3096} INFO - Sync 1 DAGs
[2024-09-02T14:04:13.539+0000] {logging_mixin.py:188} INFO - [2024-09-02T14:04:13.539+0000] {dag.py:3954} INFO - Setting next_dagrun for latest_only_with_trigger to 2024-09-02 08:00:00+00:00, run_after=2024-09-02 12:00:00+00:00
[2024-09-02T14:04:13.599+0000] {processor.py:183} INFO - Processing /home/airflow/.local/lib/python3.12/site-packages/airflow/example_dags/example_latest_only_with_trigger.py took 0.153 seconds
