[2024-09-02T13:58:11.260+0000] {processor.py:161} INFO - Started process (PID=96) to work on /home/airflow/.local/lib/python3.12/site-packages/airflow/example_dags/example_subdag_operator.py
[2024-09-02T13:58:11.261+0000] {processor.py:830} INFO - Processing file /home/airflow/.local/lib/python3.12/site-packages/airflow/example_dags/example_subdag_operator.py for tasks to queue
[2024-09-02T13:58:11.263+0000] {logging_mixin.py:188} INFO - [2024-09-02T13:58:11.263+0000] {dagbag.py:545} INFO - Filling up the DagBag from /home/airflow/.local/lib/python3.12/site-packages/airflow/example_dags/example_subdag_operator.py
[2024-09-02T13:58:11.315+0000] {processor.py:840} INFO - DAG(s) 'example_subdag_operator.section-1', 'example_subdag_operator.section-2', 'example_subdag_operator' retrieved from /home/airflow/.local/lib/python3.12/site-packages/airflow/example_dags/example_subdag_operator.py
[2024-09-02T13:58:11.737+0000] {logging_mixin.py:188} INFO - [2024-09-02T13:58:11.736+0000] {dag.py:3096} INFO - Sync 3 DAGs
[2024-09-02T13:58:11.873+0000] {logging_mixin.py:188} INFO - [2024-09-02T13:58:11.871+0000] {dag.py:3954} INFO - Setting next_dagrun for example_subdag_operator to 2022-01-01 00:00:00+00:00, run_after=2022-01-01 00:00:00+00:00
[2024-09-02T13:58:11.898+0000] {logging_mixin.py:188} INFO - [2024-09-02T13:58:11.897+0000] {dag.py:3954} INFO - Setting next_dagrun for example_subdag_operator.section-1 to None, run_after=None
[2024-09-02T13:58:11.904+0000] {logging_mixin.py:188} INFO - [2024-09-02T13:58:11.904+0000] {dag.py:3954} INFO - Setting next_dagrun for example_subdag_operator.section-2 to None, run_after=None
[2024-09-02T13:58:11.989+0000] {logging_mixin.py:188} INFO - [2024-09-02T13:58:11.954+0000] {dag.py:3096} INFO - Sync 2 DAGs
[2024-09-02T13:58:12.000+0000] {logging_mixin.py:188} INFO - [2024-09-02T13:58:12.000+0000] {dag.py:3954} INFO - Setting next_dagrun for example_subdag_operator.section-1 to None, run_after=None
[2024-09-02T13:58:12.019+0000] {logging_mixin.py:188} INFO - [2024-09-02T13:58:12.019+0000] {dag.py:3954} INFO - Setting next_dagrun for example_subdag_operator.section-2 to None, run_after=None
[2024-09-02T13:58:12.056+0000] {processor.py:183} INFO - Processing /home/airflow/.local/lib/python3.12/site-packages/airflow/example_dags/example_subdag_operator.py took 0.803 seconds
[2024-09-02T13:58:42.368+0000] {processor.py:161} INFO - Started process (PID=154) to work on /home/airflow/.local/lib/python3.12/site-packages/airflow/example_dags/example_subdag_operator.py
[2024-09-02T13:58:42.369+0000] {processor.py:830} INFO - Processing file /home/airflow/.local/lib/python3.12/site-packages/airflow/example_dags/example_subdag_operator.py for tasks to queue
[2024-09-02T13:58:42.371+0000] {logging_mixin.py:188} INFO - [2024-09-02T13:58:42.370+0000] {dagbag.py:545} INFO - Filling up the DagBag from /home/airflow/.local/lib/python3.12/site-packages/airflow/example_dags/example_subdag_operator.py
[2024-09-02T13:58:42.404+0000] {processor.py:840} INFO - DAG(s) 'example_subdag_operator.section-1', 'example_subdag_operator.section-2', 'example_subdag_operator' retrieved from /home/airflow/.local/lib/python3.12/site-packages/airflow/example_dags/example_subdag_operator.py
[2024-09-02T13:58:42.425+0000] {logging_mixin.py:188} INFO - [2024-09-02T13:58:42.425+0000] {dag.py:3096} INFO - Sync 3 DAGs
[2024-09-02T13:58:42.457+0000] {logging_mixin.py:188} INFO - [2024-09-02T13:58:42.456+0000] {dag.py:3954} INFO - Setting next_dagrun for example_subdag_operator to 2022-01-01 00:00:00+00:00, run_after=2022-01-01 00:00:00+00:00
[2024-09-02T13:58:42.461+0000] {logging_mixin.py:188} INFO - [2024-09-02T13:58:42.461+0000] {dag.py:3954} INFO - Setting next_dagrun for example_subdag_operator.section-1 to None, run_after=None
[2024-09-02T13:58:42.463+0000] {logging_mixin.py:188} INFO - [2024-09-02T13:58:42.462+0000] {dag.py:3954} INFO - Setting next_dagrun for example_subdag_operator.section-2 to None, run_after=None
[2024-09-02T13:58:42.474+0000] {logging_mixin.py:188} INFO - [2024-09-02T13:58:42.474+0000] {dag.py:3096} INFO - Sync 2 DAGs
[2024-09-02T13:58:42.480+0000] {logging_mixin.py:188} INFO - [2024-09-02T13:58:42.480+0000] {dag.py:3954} INFO - Setting next_dagrun for example_subdag_operator.section-1 to None, run_after=None
[2024-09-02T13:58:42.481+0000] {logging_mixin.py:188} INFO - [2024-09-02T13:58:42.481+0000] {dag.py:3954} INFO - Setting next_dagrun for example_subdag_operator.section-2 to None, run_after=None
[2024-09-02T13:58:42.514+0000] {processor.py:183} INFO - Processing /home/airflow/.local/lib/python3.12/site-packages/airflow/example_dags/example_subdag_operator.py took 0.154 seconds
[2024-09-02T13:59:14.985+0000] {processor.py:161} INFO - Started process (PID=212) to work on /home/airflow/.local/lib/python3.12/site-packages/airflow/example_dags/example_subdag_operator.py
[2024-09-02T13:59:14.992+0000] {processor.py:830} INFO - Processing file /home/airflow/.local/lib/python3.12/site-packages/airflow/example_dags/example_subdag_operator.py for tasks to queue
[2024-09-02T13:59:14.996+0000] {logging_mixin.py:188} INFO - [2024-09-02T13:59:14.996+0000] {dagbag.py:545} INFO - Filling up the DagBag from /home/airflow/.local/lib/python3.12/site-packages/airflow/example_dags/example_subdag_operator.py
[2024-09-02T13:59:15.183+0000] {processor.py:840} INFO - DAG(s) 'example_subdag_operator.section-1', 'example_subdag_operator.section-2', 'example_subdag_operator' retrieved from /home/airflow/.local/lib/python3.12/site-packages/airflow/example_dags/example_subdag_operator.py
[2024-09-02T13:59:15.260+0000] {logging_mixin.py:188} INFO - [2024-09-02T13:59:15.260+0000] {dag.py:3096} INFO - Sync 3 DAGs
[2024-09-02T13:59:15.380+0000] {logging_mixin.py:188} INFO - [2024-09-02T13:59:15.380+0000] {dag.py:3954} INFO - Setting next_dagrun for example_subdag_operator to 2022-01-01 00:00:00+00:00, run_after=2022-01-01 00:00:00+00:00
[2024-09-02T13:59:15.396+0000] {logging_mixin.py:188} INFO - [2024-09-02T13:59:15.396+0000] {dag.py:3954} INFO - Setting next_dagrun for example_subdag_operator.section-1 to None, run_after=None
[2024-09-02T13:59:15.402+0000] {logging_mixin.py:188} INFO - [2024-09-02T13:59:15.401+0000] {dag.py:3954} INFO - Setting next_dagrun for example_subdag_operator.section-2 to None, run_after=None
[2024-09-02T13:59:15.435+0000] {logging_mixin.py:188} INFO - [2024-09-02T13:59:15.435+0000] {dag.py:3096} INFO - Sync 2 DAGs
[2024-09-02T13:59:15.462+0000] {logging_mixin.py:188} INFO - [2024-09-02T13:59:15.461+0000] {dag.py:3954} INFO - Setting next_dagrun for example_subdag_operator.section-1 to None, run_after=None
[2024-09-02T13:59:15.463+0000] {logging_mixin.py:188} INFO - [2024-09-02T13:59:15.462+0000] {dag.py:3954} INFO - Setting next_dagrun for example_subdag_operator.section-2 to None, run_after=None
[2024-09-02T13:59:15.603+0000] {processor.py:183} INFO - Processing /home/airflow/.local/lib/python3.12/site-packages/airflow/example_dags/example_subdag_operator.py took 0.633 seconds
[2024-09-02T13:59:46.012+0000] {processor.py:161} INFO - Started process (PID=271) to work on /home/airflow/.local/lib/python3.12/site-packages/airflow/example_dags/example_subdag_operator.py
[2024-09-02T13:59:46.019+0000] {processor.py:830} INFO - Processing file /home/airflow/.local/lib/python3.12/site-packages/airflow/example_dags/example_subdag_operator.py for tasks to queue
[2024-09-02T13:59:46.024+0000] {logging_mixin.py:188} INFO - [2024-09-02T13:59:46.023+0000] {dagbag.py:545} INFO - Filling up the DagBag from /home/airflow/.local/lib/python3.12/site-packages/airflow/example_dags/example_subdag_operator.py
[2024-09-02T13:59:46.124+0000] {processor.py:840} INFO - DAG(s) 'example_subdag_operator.section-1', 'example_subdag_operator.section-2', 'example_subdag_operator' retrieved from /home/airflow/.local/lib/python3.12/site-packages/airflow/example_dags/example_subdag_operator.py
[2024-09-02T13:59:46.145+0000] {logging_mixin.py:188} INFO - [2024-09-02T13:59:46.145+0000] {dag.py:3096} INFO - Sync 3 DAGs
[2024-09-02T13:59:46.278+0000] {logging_mixin.py:188} INFO - [2024-09-02T13:59:46.277+0000] {dag.py:3954} INFO - Setting next_dagrun for example_subdag_operator to 2022-01-01 00:00:00+00:00, run_after=2022-01-01 00:00:00+00:00
[2024-09-02T13:59:46.305+0000] {logging_mixin.py:188} INFO - [2024-09-02T13:59:46.304+0000] {dag.py:3954} INFO - Setting next_dagrun for example_subdag_operator.section-1 to None, run_after=None
[2024-09-02T13:59:46.315+0000] {logging_mixin.py:188} INFO - [2024-09-02T13:59:46.315+0000] {dag.py:3954} INFO - Setting next_dagrun for example_subdag_operator.section-2 to None, run_after=None
[2024-09-02T13:59:46.338+0000] {logging_mixin.py:188} INFO - [2024-09-02T13:59:46.338+0000] {dag.py:3096} INFO - Sync 2 DAGs
[2024-09-02T13:59:46.378+0000] {logging_mixin.py:188} INFO - [2024-09-02T13:59:46.378+0000] {dag.py:3954} INFO - Setting next_dagrun for example_subdag_operator.section-1 to None, run_after=None
[2024-09-02T13:59:46.387+0000] {logging_mixin.py:188} INFO - [2024-09-02T13:59:46.387+0000] {dag.py:3954} INFO - Setting next_dagrun for example_subdag_operator.section-2 to None, run_after=None
[2024-09-02T13:59:46.471+0000] {processor.py:183} INFO - Processing /home/airflow/.local/lib/python3.12/site-packages/airflow/example_dags/example_subdag_operator.py took 0.503 seconds
[2024-09-02T14:00:17.261+0000] {processor.py:161} INFO - Started process (PID=328) to work on /home/airflow/.local/lib/python3.12/site-packages/airflow/example_dags/example_subdag_operator.py
[2024-09-02T14:00:17.263+0000] {processor.py:830} INFO - Processing file /home/airflow/.local/lib/python3.12/site-packages/airflow/example_dags/example_subdag_operator.py for tasks to queue
[2024-09-02T14:00:17.267+0000] {logging_mixin.py:188} INFO - [2024-09-02T14:00:17.266+0000] {dagbag.py:545} INFO - Filling up the DagBag from /home/airflow/.local/lib/python3.12/site-packages/airflow/example_dags/example_subdag_operator.py
[2024-09-02T14:00:17.315+0000] {processor.py:840} INFO - DAG(s) 'example_subdag_operator.section-1', 'example_subdag_operator.section-2', 'example_subdag_operator' retrieved from /home/airflow/.local/lib/python3.12/site-packages/airflow/example_dags/example_subdag_operator.py
[2024-09-02T14:00:17.479+0000] {logging_mixin.py:188} INFO - [2024-09-02T14:00:17.479+0000] {dag.py:3096} INFO - Sync 3 DAGs
[2024-09-02T14:00:17.569+0000] {logging_mixin.py:188} INFO - [2024-09-02T14:00:17.568+0000] {dag.py:3954} INFO - Setting next_dagrun for example_subdag_operator to 2022-01-01 00:00:00+00:00, run_after=2022-01-01 00:00:00+00:00
[2024-09-02T14:00:17.592+0000] {logging_mixin.py:188} INFO - [2024-09-02T14:00:17.592+0000] {dag.py:3954} INFO - Setting next_dagrun for example_subdag_operator.section-1 to None, run_after=None
[2024-09-02T14:00:17.605+0000] {logging_mixin.py:188} INFO - [2024-09-02T14:00:17.604+0000] {dag.py:3954} INFO - Setting next_dagrun for example_subdag_operator.section-2 to None, run_after=None
[2024-09-02T14:00:17.666+0000] {logging_mixin.py:188} INFO - [2024-09-02T14:00:17.666+0000] {dag.py:3096} INFO - Sync 2 DAGs
[2024-09-02T14:00:17.693+0000] {logging_mixin.py:188} INFO - [2024-09-02T14:00:17.693+0000] {dag.py:3954} INFO - Setting next_dagrun for example_subdag_operator.section-1 to None, run_after=None
[2024-09-02T14:00:17.706+0000] {logging_mixin.py:188} INFO - [2024-09-02T14:00:17.705+0000] {dag.py:3954} INFO - Setting next_dagrun for example_subdag_operator.section-2 to None, run_after=None
[2024-09-02T14:00:17.850+0000] {processor.py:183} INFO - Processing /home/airflow/.local/lib/python3.12/site-packages/airflow/example_dags/example_subdag_operator.py took 0.616 seconds
[2024-09-02T14:01:02.275+0000] {processor.py:161} INFO - Started process (PID=390) to work on /home/airflow/.local/lib/python3.12/site-packages/airflow/example_dags/example_subdag_operator.py
[2024-09-02T14:01:02.280+0000] {processor.py:830} INFO - Processing file /home/airflow/.local/lib/python3.12/site-packages/airflow/example_dags/example_subdag_operator.py for tasks to queue
[2024-09-02T14:01:02.282+0000] {logging_mixin.py:188} INFO - [2024-09-02T14:01:02.282+0000] {dagbag.py:545} INFO - Filling up the DagBag from /home/airflow/.local/lib/python3.12/site-packages/airflow/example_dags/example_subdag_operator.py
[2024-09-02T14:01:02.353+0000] {processor.py:840} INFO - DAG(s) 'example_subdag_operator.section-1', 'example_subdag_operator.section-2', 'example_subdag_operator' retrieved from /home/airflow/.local/lib/python3.12/site-packages/airflow/example_dags/example_subdag_operator.py
[2024-09-02T14:01:02.451+0000] {logging_mixin.py:188} INFO - [2024-09-02T14:01:02.451+0000] {dag.py:3096} INFO - Sync 3 DAGs
[2024-09-02T14:01:02.504+0000] {logging_mixin.py:188} INFO - [2024-09-02T14:01:02.504+0000] {dag.py:3954} INFO - Setting next_dagrun for example_subdag_operator to 2022-01-01 00:00:00+00:00, run_after=2022-01-01 00:00:00+00:00
[2024-09-02T14:01:02.538+0000] {logging_mixin.py:188} INFO - [2024-09-02T14:01:02.538+0000] {dag.py:3954} INFO - Setting next_dagrun for example_subdag_operator.section-1 to None, run_after=None
[2024-09-02T14:01:02.541+0000] {logging_mixin.py:188} INFO - [2024-09-02T14:01:02.541+0000] {dag.py:3954} INFO - Setting next_dagrun for example_subdag_operator.section-2 to None, run_after=None
[2024-09-02T14:01:02.579+0000] {logging_mixin.py:188} INFO - [2024-09-02T14:01:02.578+0000] {dag.py:3096} INFO - Sync 2 DAGs
[2024-09-02T14:01:02.660+0000] {logging_mixin.py:188} INFO - [2024-09-02T14:01:02.659+0000] {dag.py:3954} INFO - Setting next_dagrun for example_subdag_operator.section-1 to None, run_after=None
[2024-09-02T14:01:02.672+0000] {logging_mixin.py:188} INFO - [2024-09-02T14:01:02.672+0000] {dag.py:3954} INFO - Setting next_dagrun for example_subdag_operator.section-2 to None, run_after=None
[2024-09-02T14:01:02.726+0000] {processor.py:183} INFO - Processing /home/airflow/.local/lib/python3.12/site-packages/airflow/example_dags/example_subdag_operator.py took 0.458 seconds
[2024-09-02T14:01:35.308+0000] {processor.py:161} INFO - Started process (PID=448) to work on /home/airflow/.local/lib/python3.12/site-packages/airflow/example_dags/example_subdag_operator.py
[2024-09-02T14:01:35.323+0000] {processor.py:830} INFO - Processing file /home/airflow/.local/lib/python3.12/site-packages/airflow/example_dags/example_subdag_operator.py for tasks to queue
[2024-09-02T14:01:35.325+0000] {logging_mixin.py:188} INFO - [2024-09-02T14:01:35.325+0000] {dagbag.py:545} INFO - Filling up the DagBag from /home/airflow/.local/lib/python3.12/site-packages/airflow/example_dags/example_subdag_operator.py
[2024-09-02T14:01:35.372+0000] {processor.py:840} INFO - DAG(s) 'example_subdag_operator.section-1', 'example_subdag_operator.section-2', 'example_subdag_operator' retrieved from /home/airflow/.local/lib/python3.12/site-packages/airflow/example_dags/example_subdag_operator.py
[2024-09-02T14:01:35.425+0000] {logging_mixin.py:188} INFO - [2024-09-02T14:01:35.424+0000] {dag.py:3096} INFO - Sync 3 DAGs
[2024-09-02T14:01:35.560+0000] {logging_mixin.py:188} INFO - [2024-09-02T14:01:35.559+0000] {dag.py:3954} INFO - Setting next_dagrun for example_subdag_operator to 2022-01-01 00:00:00+00:00, run_after=2022-01-01 00:00:00+00:00
[2024-09-02T14:01:35.577+0000] {logging_mixin.py:188} INFO - [2024-09-02T14:01:35.577+0000] {dag.py:3954} INFO - Setting next_dagrun for example_subdag_operator.section-1 to None, run_after=None
[2024-09-02T14:01:35.583+0000] {logging_mixin.py:188} INFO - [2024-09-02T14:01:35.583+0000] {dag.py:3954} INFO - Setting next_dagrun for example_subdag_operator.section-2 to None, run_after=None
[2024-09-02T14:01:35.594+0000] {logging_mixin.py:188} INFO - [2024-09-02T14:01:35.593+0000] {dag.py:3096} INFO - Sync 2 DAGs
[2024-09-02T14:01:35.613+0000] {logging_mixin.py:188} INFO - [2024-09-02T14:01:35.612+0000] {dag.py:3954} INFO - Setting next_dagrun for example_subdag_operator.section-1 to None, run_after=None
[2024-09-02T14:01:35.620+0000] {logging_mixin.py:188} INFO - [2024-09-02T14:01:35.619+0000] {dag.py:3954} INFO - Setting next_dagrun for example_subdag_operator.section-2 to None, run_after=None
[2024-09-02T14:01:35.714+0000] {processor.py:183} INFO - Processing /home/airflow/.local/lib/python3.12/site-packages/airflow/example_dags/example_subdag_operator.py took 0.436 seconds
[2024-09-02T14:02:06.311+0000] {processor.py:161} INFO - Started process (PID=507) to work on /home/airflow/.local/lib/python3.12/site-packages/airflow/example_dags/example_subdag_operator.py
[2024-09-02T14:02:06.312+0000] {processor.py:830} INFO - Processing file /home/airflow/.local/lib/python3.12/site-packages/airflow/example_dags/example_subdag_operator.py for tasks to queue
[2024-09-02T14:02:06.317+0000] {logging_mixin.py:188} INFO - [2024-09-02T14:02:06.316+0000] {dagbag.py:545} INFO - Filling up the DagBag from /home/airflow/.local/lib/python3.12/site-packages/airflow/example_dags/example_subdag_operator.py
[2024-09-02T14:02:06.346+0000] {processor.py:840} INFO - DAG(s) 'example_subdag_operator.section-1', 'example_subdag_operator.section-2', 'example_subdag_operator' retrieved from /home/airflow/.local/lib/python3.12/site-packages/airflow/example_dags/example_subdag_operator.py
[2024-09-02T14:02:06.368+0000] {logging_mixin.py:188} INFO - [2024-09-02T14:02:06.368+0000] {dag.py:3096} INFO - Sync 3 DAGs
[2024-09-02T14:02:06.393+0000] {logging_mixin.py:188} INFO - [2024-09-02T14:02:06.392+0000] {dag.py:3954} INFO - Setting next_dagrun for example_subdag_operator to 2022-01-01 00:00:00+00:00, run_after=2022-01-01 00:00:00+00:00
[2024-09-02T14:02:06.397+0000] {logging_mixin.py:188} INFO - [2024-09-02T14:02:06.397+0000] {dag.py:3954} INFO - Setting next_dagrun for example_subdag_operator.section-1 to None, run_after=None
[2024-09-02T14:02:06.398+0000] {logging_mixin.py:188} INFO - [2024-09-02T14:02:06.398+0000] {dag.py:3954} INFO - Setting next_dagrun for example_subdag_operator.section-2 to None, run_after=None
[2024-09-02T14:02:06.405+0000] {logging_mixin.py:188} INFO - [2024-09-02T14:02:06.405+0000] {dag.py:3096} INFO - Sync 2 DAGs
[2024-09-02T14:02:06.411+0000] {logging_mixin.py:188} INFO - [2024-09-02T14:02:06.411+0000] {dag.py:3954} INFO - Setting next_dagrun for example_subdag_operator.section-1 to None, run_after=None
[2024-09-02T14:02:06.411+0000] {logging_mixin.py:188} INFO - [2024-09-02T14:02:06.411+0000] {dag.py:3954} INFO - Setting next_dagrun for example_subdag_operator.section-2 to None, run_after=None
[2024-09-02T14:02:06.429+0000] {processor.py:183} INFO - Processing /home/airflow/.local/lib/python3.12/site-packages/airflow/example_dags/example_subdag_operator.py took 0.124 seconds
[2024-09-02T14:02:37.167+0000] {processor.py:161} INFO - Started process (PID=566) to work on /home/airflow/.local/lib/python3.12/site-packages/airflow/example_dags/example_subdag_operator.py
[2024-09-02T14:02:37.168+0000] {processor.py:830} INFO - Processing file /home/airflow/.local/lib/python3.12/site-packages/airflow/example_dags/example_subdag_operator.py for tasks to queue
[2024-09-02T14:02:37.170+0000] {logging_mixin.py:188} INFO - [2024-09-02T14:02:37.170+0000] {dagbag.py:545} INFO - Filling up the DagBag from /home/airflow/.local/lib/python3.12/site-packages/airflow/example_dags/example_subdag_operator.py
[2024-09-02T14:02:37.202+0000] {processor.py:840} INFO - DAG(s) 'example_subdag_operator.section-1', 'example_subdag_operator.section-2', 'example_subdag_operator' retrieved from /home/airflow/.local/lib/python3.12/site-packages/airflow/example_dags/example_subdag_operator.py
[2024-09-02T14:02:37.237+0000] {logging_mixin.py:188} INFO - [2024-09-02T14:02:37.237+0000] {dag.py:3096} INFO - Sync 3 DAGs
[2024-09-02T14:02:37.269+0000] {logging_mixin.py:188} INFO - [2024-09-02T14:02:37.269+0000] {dag.py:3954} INFO - Setting next_dagrun for example_subdag_operator to 2022-01-01 00:00:00+00:00, run_after=2022-01-01 00:00:00+00:00
[2024-09-02T14:02:37.274+0000] {logging_mixin.py:188} INFO - [2024-09-02T14:02:37.273+0000] {dag.py:3954} INFO - Setting next_dagrun for example_subdag_operator.section-1 to None, run_after=None
[2024-09-02T14:02:37.275+0000] {logging_mixin.py:188} INFO - [2024-09-02T14:02:37.275+0000] {dag.py:3954} INFO - Setting next_dagrun for example_subdag_operator.section-2 to None, run_after=None
[2024-09-02T14:02:37.283+0000] {logging_mixin.py:188} INFO - [2024-09-02T14:02:37.283+0000] {dag.py:3096} INFO - Sync 2 DAGs
[2024-09-02T14:02:37.289+0000] {logging_mixin.py:188} INFO - [2024-09-02T14:02:37.289+0000] {dag.py:3954} INFO - Setting next_dagrun for example_subdag_operator.section-1 to None, run_after=None
[2024-09-02T14:02:37.290+0000] {logging_mixin.py:188} INFO - [2024-09-02T14:02:37.290+0000] {dag.py:3954} INFO - Setting next_dagrun for example_subdag_operator.section-2 to None, run_after=None
[2024-09-02T14:02:37.310+0000] {processor.py:183} INFO - Processing /home/airflow/.local/lib/python3.12/site-packages/airflow/example_dags/example_subdag_operator.py took 0.149 seconds
[2024-09-02T14:03:08.300+0000] {processor.py:161} INFO - Started process (PID=623) to work on /home/airflow/.local/lib/python3.12/site-packages/airflow/example_dags/example_subdag_operator.py
[2024-09-02T14:03:08.304+0000] {processor.py:830} INFO - Processing file /home/airflow/.local/lib/python3.12/site-packages/airflow/example_dags/example_subdag_operator.py for tasks to queue
[2024-09-02T14:03:08.306+0000] {logging_mixin.py:188} INFO - [2024-09-02T14:03:08.306+0000] {dagbag.py:545} INFO - Filling up the DagBag from /home/airflow/.local/lib/python3.12/site-packages/airflow/example_dags/example_subdag_operator.py
[2024-09-02T14:03:08.343+0000] {processor.py:840} INFO - DAG(s) 'example_subdag_operator.section-1', 'example_subdag_operator.section-2', 'example_subdag_operator' retrieved from /home/airflow/.local/lib/python3.12/site-packages/airflow/example_dags/example_subdag_operator.py
[2024-09-02T14:03:08.392+0000] {logging_mixin.py:188} INFO - [2024-09-02T14:03:08.391+0000] {dag.py:3096} INFO - Sync 3 DAGs
[2024-09-02T14:03:08.516+0000] {logging_mixin.py:188} INFO - [2024-09-02T14:03:08.515+0000] {dag.py:3954} INFO - Setting next_dagrun for example_subdag_operator to 2022-01-01 00:00:00+00:00, run_after=2022-01-01 00:00:00+00:00
[2024-09-02T14:03:08.540+0000] {logging_mixin.py:188} INFO - [2024-09-02T14:03:08.540+0000] {dag.py:3954} INFO - Setting next_dagrun for example_subdag_operator.section-1 to None, run_after=None
[2024-09-02T14:03:08.546+0000] {logging_mixin.py:188} INFO - [2024-09-02T14:03:08.546+0000] {dag.py:3954} INFO - Setting next_dagrun for example_subdag_operator.section-2 to None, run_after=None
[2024-09-02T14:03:08.577+0000] {logging_mixin.py:188} INFO - [2024-09-02T14:03:08.577+0000] {dag.py:3096} INFO - Sync 2 DAGs
[2024-09-02T14:03:08.605+0000] {logging_mixin.py:188} INFO - [2024-09-02T14:03:08.605+0000] {dag.py:3954} INFO - Setting next_dagrun for example_subdag_operator.section-1 to None, run_after=None
[2024-09-02T14:03:08.606+0000] {logging_mixin.py:188} INFO - [2024-09-02T14:03:08.606+0000] {dag.py:3954} INFO - Setting next_dagrun for example_subdag_operator.section-2 to None, run_after=None
[2024-09-02T14:03:08.645+0000] {processor.py:183} INFO - Processing /home/airflow/.local/lib/python3.12/site-packages/airflow/example_dags/example_subdag_operator.py took 0.360 seconds
[2024-09-02T14:03:39.455+0000] {processor.py:161} INFO - Started process (PID=681) to work on /home/airflow/.local/lib/python3.12/site-packages/airflow/example_dags/example_subdag_operator.py
[2024-09-02T14:03:39.456+0000] {processor.py:830} INFO - Processing file /home/airflow/.local/lib/python3.12/site-packages/airflow/example_dags/example_subdag_operator.py for tasks to queue
[2024-09-02T14:03:39.458+0000] {logging_mixin.py:188} INFO - [2024-09-02T14:03:39.457+0000] {dagbag.py:545} INFO - Filling up the DagBag from /home/airflow/.local/lib/python3.12/site-packages/airflow/example_dags/example_subdag_operator.py
[2024-09-02T14:03:39.507+0000] {processor.py:840} INFO - DAG(s) 'example_subdag_operator.section-1', 'example_subdag_operator.section-2', 'example_subdag_operator' retrieved from /home/airflow/.local/lib/python3.12/site-packages/airflow/example_dags/example_subdag_operator.py
[2024-09-02T14:03:39.530+0000] {logging_mixin.py:188} INFO - [2024-09-02T14:03:39.530+0000] {dag.py:3096} INFO - Sync 3 DAGs
[2024-09-02T14:03:39.556+0000] {logging_mixin.py:188} INFO - [2024-09-02T14:03:39.556+0000] {dag.py:3954} INFO - Setting next_dagrun for example_subdag_operator to 2022-01-01 00:00:00+00:00, run_after=2022-01-01 00:00:00+00:00
[2024-09-02T14:03:39.561+0000] {logging_mixin.py:188} INFO - [2024-09-02T14:03:39.561+0000] {dag.py:3954} INFO - Setting next_dagrun for example_subdag_operator.section-1 to None, run_after=None
[2024-09-02T14:03:39.562+0000] {logging_mixin.py:188} INFO - [2024-09-02T14:03:39.562+0000] {dag.py:3954} INFO - Setting next_dagrun for example_subdag_operator.section-2 to None, run_after=None
[2024-09-02T14:03:39.573+0000] {logging_mixin.py:188} INFO - [2024-09-02T14:03:39.572+0000] {dag.py:3096} INFO - Sync 2 DAGs
[2024-09-02T14:03:39.580+0000] {logging_mixin.py:188} INFO - [2024-09-02T14:03:39.580+0000] {dag.py:3954} INFO - Setting next_dagrun for example_subdag_operator.section-1 to None, run_after=None
[2024-09-02T14:03:39.580+0000] {logging_mixin.py:188} INFO - [2024-09-02T14:03:39.580+0000] {dag.py:3954} INFO - Setting next_dagrun for example_subdag_operator.section-2 to None, run_after=None
[2024-09-02T14:03:39.598+0000] {processor.py:183} INFO - Processing /home/airflow/.local/lib/python3.12/site-packages/airflow/example_dags/example_subdag_operator.py took 0.148 seconds
[2024-09-02T14:04:11.799+0000] {processor.py:161} INFO - Started process (PID=744) to work on /home/airflow/.local/lib/python3.12/site-packages/airflow/example_dags/example_subdag_operator.py
[2024-09-02T14:04:11.800+0000] {processor.py:830} INFO - Processing file /home/airflow/.local/lib/python3.12/site-packages/airflow/example_dags/example_subdag_operator.py for tasks to queue
[2024-09-02T14:04:11.802+0000] {logging_mixin.py:188} INFO - [2024-09-02T14:04:11.802+0000] {dagbag.py:545} INFO - Filling up the DagBag from /home/airflow/.local/lib/python3.12/site-packages/airflow/example_dags/example_subdag_operator.py
[2024-09-02T14:04:11.909+0000] {processor.py:840} INFO - DAG(s) 'example_subdag_operator.section-1', 'example_subdag_operator.section-2', 'example_subdag_operator' retrieved from /home/airflow/.local/lib/python3.12/site-packages/airflow/example_dags/example_subdag_operator.py
[2024-09-02T14:04:11.981+0000] {logging_mixin.py:188} INFO - [2024-09-02T14:04:11.981+0000] {dag.py:3096} INFO - Sync 3 DAGs
[2024-09-02T14:04:12.039+0000] {logging_mixin.py:188} INFO - [2024-09-02T14:04:12.038+0000] {dag.py:3954} INFO - Setting next_dagrun for example_subdag_operator to 2022-01-01 00:00:00+00:00, run_after=2022-01-01 00:00:00+00:00
[2024-09-02T14:04:12.048+0000] {logging_mixin.py:188} INFO - [2024-09-02T14:04:12.048+0000] {dag.py:3954} INFO - Setting next_dagrun for example_subdag_operator.section-1 to None, run_after=None
[2024-09-02T14:04:12.054+0000] {logging_mixin.py:188} INFO - [2024-09-02T14:04:12.054+0000] {dag.py:3954} INFO - Setting next_dagrun for example_subdag_operator.section-2 to None, run_after=None
[2024-09-02T14:04:12.104+0000] {logging_mixin.py:188} INFO - [2024-09-02T14:04:12.103+0000] {dag.py:3096} INFO - Sync 2 DAGs
[2024-09-02T14:04:12.130+0000] {logging_mixin.py:188} INFO - [2024-09-02T14:04:12.130+0000] {dag.py:3954} INFO - Setting next_dagrun for example_subdag_operator.section-1 to None, run_after=None
[2024-09-02T14:04:12.133+0000] {logging_mixin.py:188} INFO - [2024-09-02T14:04:12.133+0000] {dag.py:3954} INFO - Setting next_dagrun for example_subdag_operator.section-2 to None, run_after=None
[2024-09-02T14:04:12.181+0000] {processor.py:183} INFO - Processing /home/airflow/.local/lib/python3.12/site-packages/airflow/example_dags/example_subdag_operator.py took 0.389 seconds
