[2024-09-02T13:58:00.282+0000] {processor.py:161} INFO - Started process (PID=68) to work on /home/airflow/.local/lib/python3.12/site-packages/airflow/example_dags/example_task_group_decorator.py
[2024-09-02T13:58:00.291+0000] {processor.py:830} INFO - Processing file /home/airflow/.local/lib/python3.12/site-packages/airflow/example_dags/example_task_group_decorator.py for tasks to queue
[2024-09-02T13:58:00.294+0000] {logging_mixin.py:188} INFO - [2024-09-02T13:58:00.293+0000] {dagbag.py:545} INFO - Filling up the DagBag from /home/airflow/.local/lib/python3.12/site-packages/airflow/example_dags/example_task_group_decorator.py
[2024-09-02T13:58:00.409+0000] {processor.py:840} INFO - DAG(s) 'example_task_group_decorator' retrieved from /home/airflow/.local/lib/python3.12/site-packages/airflow/example_dags/example_task_group_decorator.py
[2024-09-02T13:58:01.128+0000] {logging_mixin.py:188} INFO - [2024-09-02T13:58:01.127+0000] {dag.py:3096} INFO - Sync 1 DAGs
[2024-09-02T13:58:01.312+0000] {logging_mixin.py:188} INFO - [2024-09-02T13:58:01.311+0000] {dag.py:3954} INFO - Setting next_dagrun for example_task_group_decorator to 2024-09-01 00:00:00+00:00, run_after=2024-09-02 00:00:00+00:00
[2024-09-02T13:58:01.639+0000] {processor.py:183} INFO - Processing /home/airflow/.local/lib/python3.12/site-packages/airflow/example_dags/example_task_group_decorator.py took 1.383 seconds
[2024-09-02T13:58:32.529+0000] {processor.py:161} INFO - Started process (PID=125) to work on /home/airflow/.local/lib/python3.12/site-packages/airflow/example_dags/example_task_group_decorator.py
[2024-09-02T13:58:32.530+0000] {processor.py:830} INFO - Processing file /home/airflow/.local/lib/python3.12/site-packages/airflow/example_dags/example_task_group_decorator.py for tasks to queue
[2024-09-02T13:58:32.532+0000] {logging_mixin.py:188} INFO - [2024-09-02T13:58:32.531+0000] {dagbag.py:545} INFO - Filling up the DagBag from /home/airflow/.local/lib/python3.12/site-packages/airflow/example_dags/example_task_group_decorator.py
[2024-09-02T13:58:32.552+0000] {processor.py:840} INFO - DAG(s) 'example_task_group_decorator' retrieved from /home/airflow/.local/lib/python3.12/site-packages/airflow/example_dags/example_task_group_decorator.py
[2024-09-02T13:58:32.672+0000] {logging_mixin.py:188} INFO - [2024-09-02T13:58:32.672+0000] {dag.py:3096} INFO - Sync 1 DAGs
[2024-09-02T13:58:32.837+0000] {logging_mixin.py:188} INFO - [2024-09-02T13:58:32.836+0000] {dag.py:3954} INFO - Setting next_dagrun for example_task_group_decorator to 2024-09-01 00:00:00+00:00, run_after=2024-09-02 00:00:00+00:00
[2024-09-02T13:58:33.063+0000] {processor.py:183} INFO - Processing /home/airflow/.local/lib/python3.12/site-packages/airflow/example_dags/example_task_group_decorator.py took 0.542 seconds
[2024-09-02T13:59:03.429+0000] {processor.py:161} INFO - Started process (PID=183) to work on /home/airflow/.local/lib/python3.12/site-packages/airflow/example_dags/example_task_group_decorator.py
[2024-09-02T13:59:03.444+0000] {processor.py:830} INFO - Processing file /home/airflow/.local/lib/python3.12/site-packages/airflow/example_dags/example_task_group_decorator.py for tasks to queue
[2024-09-02T13:59:03.454+0000] {logging_mixin.py:188} INFO - [2024-09-02T13:59:03.454+0000] {dagbag.py:545} INFO - Filling up the DagBag from /home/airflow/.local/lib/python3.12/site-packages/airflow/example_dags/example_task_group_decorator.py
[2024-09-02T13:59:03.619+0000] {processor.py:840} INFO - DAG(s) 'example_task_group_decorator' retrieved from /home/airflow/.local/lib/python3.12/site-packages/airflow/example_dags/example_task_group_decorator.py
[2024-09-02T13:59:03.936+0000] {logging_mixin.py:188} INFO - [2024-09-02T13:59:03.935+0000] {dag.py:3096} INFO - Sync 1 DAGs
[2024-09-02T13:59:04.147+0000] {logging_mixin.py:188} INFO - [2024-09-02T13:59:04.146+0000] {dag.py:3954} INFO - Setting next_dagrun for example_task_group_decorator to 2024-09-01 00:00:00+00:00, run_after=2024-09-02 00:00:00+00:00
[2024-09-02T13:59:04.309+0000] {processor.py:183} INFO - Processing /home/airflow/.local/lib/python3.12/site-packages/airflow/example_dags/example_task_group_decorator.py took 0.904 seconds
[2024-09-02T13:59:35.078+0000] {processor.py:161} INFO - Started process (PID=242) to work on /home/airflow/.local/lib/python3.12/site-packages/airflow/example_dags/example_task_group_decorator.py
[2024-09-02T13:59:35.080+0000] {processor.py:830} INFO - Processing file /home/airflow/.local/lib/python3.12/site-packages/airflow/example_dags/example_task_group_decorator.py for tasks to queue
[2024-09-02T13:59:35.082+0000] {logging_mixin.py:188} INFO - [2024-09-02T13:59:35.082+0000] {dagbag.py:545} INFO - Filling up the DagBag from /home/airflow/.local/lib/python3.12/site-packages/airflow/example_dags/example_task_group_decorator.py
[2024-09-02T13:59:35.127+0000] {processor.py:840} INFO - DAG(s) 'example_task_group_decorator' retrieved from /home/airflow/.local/lib/python3.12/site-packages/airflow/example_dags/example_task_group_decorator.py
[2024-09-02T13:59:35.149+0000] {logging_mixin.py:188} INFO - [2024-09-02T13:59:35.148+0000] {dag.py:3096} INFO - Sync 1 DAGs
[2024-09-02T13:59:35.205+0000] {logging_mixin.py:188} INFO - [2024-09-02T13:59:35.204+0000] {dag.py:3954} INFO - Setting next_dagrun for example_task_group_decorator to 2024-09-01 00:00:00+00:00, run_after=2024-09-02 00:00:00+00:00
[2024-09-02T13:59:35.252+0000] {processor.py:183} INFO - Processing /home/airflow/.local/lib/python3.12/site-packages/airflow/example_dags/example_task_group_decorator.py took 0.180 seconds
[2024-09-02T14:00:05.306+0000] {processor.py:161} INFO - Started process (PID=299) to work on /home/airflow/.local/lib/python3.12/site-packages/airflow/example_dags/example_task_group_decorator.py
[2024-09-02T14:00:05.307+0000] {processor.py:830} INFO - Processing file /home/airflow/.local/lib/python3.12/site-packages/airflow/example_dags/example_task_group_decorator.py for tasks to queue
[2024-09-02T14:00:05.309+0000] {logging_mixin.py:188} INFO - [2024-09-02T14:00:05.309+0000] {dagbag.py:545} INFO - Filling up the DagBag from /home/airflow/.local/lib/python3.12/site-packages/airflow/example_dags/example_task_group_decorator.py
[2024-09-02T14:00:05.329+0000] {processor.py:840} INFO - DAG(s) 'example_task_group_decorator' retrieved from /home/airflow/.local/lib/python3.12/site-packages/airflow/example_dags/example_task_group_decorator.py
[2024-09-02T14:00:05.475+0000] {logging_mixin.py:188} INFO - [2024-09-02T14:00:05.474+0000] {dag.py:3096} INFO - Sync 1 DAGs
[2024-09-02T14:00:05.502+0000] {logging_mixin.py:188} INFO - [2024-09-02T14:00:05.502+0000] {dag.py:3954} INFO - Setting next_dagrun for example_task_group_decorator to 2024-09-01 00:00:00+00:00, run_after=2024-09-02 00:00:00+00:00
[2024-09-02T14:00:05.540+0000] {processor.py:183} INFO - Processing /home/airflow/.local/lib/python3.12/site-packages/airflow/example_dags/example_task_group_decorator.py took 0.241 seconds
[2024-09-02T14:00:35.660+0000] {processor.py:161} INFO - Started process (PID=357) to work on /home/airflow/.local/lib/python3.12/site-packages/airflow/example_dags/example_task_group_decorator.py
[2024-09-02T14:00:35.665+0000] {processor.py:830} INFO - Processing file /home/airflow/.local/lib/python3.12/site-packages/airflow/example_dags/example_task_group_decorator.py for tasks to queue
[2024-09-02T14:00:35.667+0000] {logging_mixin.py:188} INFO - [2024-09-02T14:00:35.667+0000] {dagbag.py:545} INFO - Filling up the DagBag from /home/airflow/.local/lib/python3.12/site-packages/airflow/example_dags/example_task_group_decorator.py
[2024-09-02T14:00:35.736+0000] {processor.py:840} INFO - DAG(s) 'example_task_group_decorator' retrieved from /home/airflow/.local/lib/python3.12/site-packages/airflow/example_dags/example_task_group_decorator.py
[2024-09-02T14:00:35.830+0000] {logging_mixin.py:188} INFO - [2024-09-02T14:00:35.827+0000] {dag.py:3096} INFO - Sync 1 DAGs
[2024-09-02T14:00:36.050+0000] {logging_mixin.py:188} INFO - [2024-09-02T14:00:36.050+0000] {dag.py:3954} INFO - Setting next_dagrun for example_task_group_decorator to 2024-09-01 00:00:00+00:00, run_after=2024-09-02 00:00:00+00:00
[2024-09-02T14:00:36.206+0000] {processor.py:183} INFO - Processing /home/airflow/.local/lib/python3.12/site-packages/airflow/example_dags/example_task_group_decorator.py took 0.569 seconds
[2024-09-02T14:01:07.108+0000] {processor.py:161} INFO - Started process (PID=414) to work on /home/airflow/.local/lib/python3.12/site-packages/airflow/example_dags/example_task_group_decorator.py
[2024-09-02T14:01:07.159+0000] {processor.py:830} INFO - Processing file /home/airflow/.local/lib/python3.12/site-packages/airflow/example_dags/example_task_group_decorator.py for tasks to queue
[2024-09-02T14:01:07.162+0000] {logging_mixin.py:188} INFO - [2024-09-02T14:01:07.161+0000] {dagbag.py:545} INFO - Filling up the DagBag from /home/airflow/.local/lib/python3.12/site-packages/airflow/example_dags/example_task_group_decorator.py
[2024-09-02T14:01:07.200+0000] {processor.py:840} INFO - DAG(s) 'example_task_group_decorator' retrieved from /home/airflow/.local/lib/python3.12/site-packages/airflow/example_dags/example_task_group_decorator.py
[2024-09-02T14:01:07.257+0000] {logging_mixin.py:188} INFO - [2024-09-02T14:01:07.257+0000] {dag.py:3096} INFO - Sync 1 DAGs
[2024-09-02T14:01:07.289+0000] {logging_mixin.py:188} INFO - [2024-09-02T14:01:07.288+0000] {dag.py:3954} INFO - Setting next_dagrun for example_task_group_decorator to 2024-09-01 00:00:00+00:00, run_after=2024-09-02 00:00:00+00:00
[2024-09-02T14:01:07.318+0000] {processor.py:183} INFO - Processing /home/airflow/.local/lib/python3.12/site-packages/airflow/example_dags/example_task_group_decorator.py took 0.216 seconds
[2024-09-02T14:01:39.316+0000] {processor.py:161} INFO - Started process (PID=470) to work on /home/airflow/.local/lib/python3.12/site-packages/airflow/example_dags/example_task_group_decorator.py
[2024-09-02T14:01:39.319+0000] {processor.py:830} INFO - Processing file /home/airflow/.local/lib/python3.12/site-packages/airflow/example_dags/example_task_group_decorator.py for tasks to queue
[2024-09-02T14:01:39.321+0000] {logging_mixin.py:188} INFO - [2024-09-02T14:01:39.321+0000] {dagbag.py:545} INFO - Filling up the DagBag from /home/airflow/.local/lib/python3.12/site-packages/airflow/example_dags/example_task_group_decorator.py
[2024-09-02T14:01:39.360+0000] {processor.py:840} INFO - DAG(s) 'example_task_group_decorator' retrieved from /home/airflow/.local/lib/python3.12/site-packages/airflow/example_dags/example_task_group_decorator.py
[2024-09-02T14:01:39.456+0000] {logging_mixin.py:188} INFO - [2024-09-02T14:01:39.455+0000] {dag.py:3096} INFO - Sync 1 DAGs
[2024-09-02T14:01:39.556+0000] {logging_mixin.py:188} INFO - [2024-09-02T14:01:39.556+0000] {dag.py:3954} INFO - Setting next_dagrun for example_task_group_decorator to 2024-09-01 00:00:00+00:00, run_after=2024-09-02 00:00:00+00:00
[2024-09-02T14:01:39.611+0000] {processor.py:183} INFO - Processing /home/airflow/.local/lib/python3.12/site-packages/airflow/example_dags/example_task_group_decorator.py took 0.318 seconds
[2024-09-02T14:02:10.407+0000] {processor.py:161} INFO - Started process (PID=529) to work on /home/airflow/.local/lib/python3.12/site-packages/airflow/example_dags/example_task_group_decorator.py
[2024-09-02T14:02:10.412+0000] {processor.py:830} INFO - Processing file /home/airflow/.local/lib/python3.12/site-packages/airflow/example_dags/example_task_group_decorator.py for tasks to queue
[2024-09-02T14:02:10.414+0000] {logging_mixin.py:188} INFO - [2024-09-02T14:02:10.414+0000] {dagbag.py:545} INFO - Filling up the DagBag from /home/airflow/.local/lib/python3.12/site-packages/airflow/example_dags/example_task_group_decorator.py
[2024-09-02T14:02:10.472+0000] {processor.py:840} INFO - DAG(s) 'example_task_group_decorator' retrieved from /home/airflow/.local/lib/python3.12/site-packages/airflow/example_dags/example_task_group_decorator.py
[2024-09-02T14:02:10.616+0000] {logging_mixin.py:188} INFO - [2024-09-02T14:02:10.615+0000] {dag.py:3096} INFO - Sync 1 DAGs
[2024-09-02T14:02:10.690+0000] {logging_mixin.py:188} INFO - [2024-09-02T14:02:10.690+0000] {dag.py:3954} INFO - Setting next_dagrun for example_task_group_decorator to 2024-09-01 00:00:00+00:00, run_after=2024-09-02 00:00:00+00:00
[2024-09-02T14:02:10.754+0000] {processor.py:183} INFO - Processing /home/airflow/.local/lib/python3.12/site-packages/airflow/example_dags/example_task_group_decorator.py took 0.360 seconds
[2024-09-02T14:02:41.685+0000] {processor.py:161} INFO - Started process (PID=587) to work on /home/airflow/.local/lib/python3.12/site-packages/airflow/example_dags/example_task_group_decorator.py
[2024-09-02T14:02:41.686+0000] {processor.py:830} INFO - Processing file /home/airflow/.local/lib/python3.12/site-packages/airflow/example_dags/example_task_group_decorator.py for tasks to queue
[2024-09-02T14:02:41.688+0000] {logging_mixin.py:188} INFO - [2024-09-02T14:02:41.688+0000] {dagbag.py:545} INFO - Filling up the DagBag from /home/airflow/.local/lib/python3.12/site-packages/airflow/example_dags/example_task_group_decorator.py
[2024-09-02T14:02:41.708+0000] {processor.py:840} INFO - DAG(s) 'example_task_group_decorator' retrieved from /home/airflow/.local/lib/python3.12/site-packages/airflow/example_dags/example_task_group_decorator.py
[2024-09-02T14:02:41.741+0000] {logging_mixin.py:188} INFO - [2024-09-02T14:02:41.740+0000] {dag.py:3096} INFO - Sync 1 DAGs
[2024-09-02T14:02:41.768+0000] {logging_mixin.py:188} INFO - [2024-09-02T14:02:41.767+0000] {dag.py:3954} INFO - Setting next_dagrun for example_task_group_decorator to 2024-09-01 00:00:00+00:00, run_after=2024-09-02 00:00:00+00:00
[2024-09-02T14:02:41.793+0000] {processor.py:183} INFO - Processing /home/airflow/.local/lib/python3.12/site-packages/airflow/example_dags/example_task_group_decorator.py took 0.113 seconds
[2024-09-02T14:03:12.270+0000] {processor.py:161} INFO - Started process (PID=644) to work on /home/airflow/.local/lib/python3.12/site-packages/airflow/example_dags/example_task_group_decorator.py
[2024-09-02T14:03:12.274+0000] {processor.py:830} INFO - Processing file /home/airflow/.local/lib/python3.12/site-packages/airflow/example_dags/example_task_group_decorator.py for tasks to queue
[2024-09-02T14:03:12.276+0000] {logging_mixin.py:188} INFO - [2024-09-02T14:03:12.275+0000] {dagbag.py:545} INFO - Filling up the DagBag from /home/airflow/.local/lib/python3.12/site-packages/airflow/example_dags/example_task_group_decorator.py
[2024-09-02T14:03:12.293+0000] {processor.py:840} INFO - DAG(s) 'example_task_group_decorator' retrieved from /home/airflow/.local/lib/python3.12/site-packages/airflow/example_dags/example_task_group_decorator.py
[2024-09-02T14:03:12.348+0000] {logging_mixin.py:188} INFO - [2024-09-02T14:03:12.347+0000] {dag.py:3096} INFO - Sync 1 DAGs
[2024-09-02T14:03:12.412+0000] {logging_mixin.py:188} INFO - [2024-09-02T14:03:12.412+0000] {dag.py:3954} INFO - Setting next_dagrun for example_task_group_decorator to 2024-09-01 00:00:00+00:00, run_after=2024-09-02 00:00:00+00:00
[2024-09-02T14:03:12.440+0000] {processor.py:183} INFO - Processing /home/airflow/.local/lib/python3.12/site-packages/airflow/example_dags/example_task_group_decorator.py took 0.178 seconds
[2024-09-02T14:03:42.917+0000] {processor.py:161} INFO - Started process (PID=702) to work on /home/airflow/.local/lib/python3.12/site-packages/airflow/example_dags/example_task_group_decorator.py
[2024-09-02T14:03:42.918+0000] {processor.py:830} INFO - Processing file /home/airflow/.local/lib/python3.12/site-packages/airflow/example_dags/example_task_group_decorator.py for tasks to queue
[2024-09-02T14:03:42.920+0000] {logging_mixin.py:188} INFO - [2024-09-02T14:03:42.920+0000] {dagbag.py:545} INFO - Filling up the DagBag from /home/airflow/.local/lib/python3.12/site-packages/airflow/example_dags/example_task_group_decorator.py
[2024-09-02T14:03:42.949+0000] {processor.py:840} INFO - DAG(s) 'example_task_group_decorator' retrieved from /home/airflow/.local/lib/python3.12/site-packages/airflow/example_dags/example_task_group_decorator.py
[2024-09-02T14:03:43.000+0000] {logging_mixin.py:188} INFO - [2024-09-02T14:03:43.000+0000] {dag.py:3096} INFO - Sync 1 DAGs
[2024-09-02T14:03:43.027+0000] {logging_mixin.py:188} INFO - [2024-09-02T14:03:43.026+0000] {dag.py:3954} INFO - Setting next_dagrun for example_task_group_decorator to 2024-09-01 00:00:00+00:00, run_after=2024-09-02 00:00:00+00:00
[2024-09-02T14:03:43.052+0000] {processor.py:183} INFO - Processing /home/airflow/.local/lib/python3.12/site-packages/airflow/example_dags/example_task_group_decorator.py took 0.145 seconds
[2024-09-02T14:04:13.452+0000] {processor.py:161} INFO - Started process (PID=750) to work on /home/airflow/.local/lib/python3.12/site-packages/airflow/example_dags/example_task_group_decorator.py
[2024-09-02T14:04:13.460+0000] {processor.py:830} INFO - Processing file /home/airflow/.local/lib/python3.12/site-packages/airflow/example_dags/example_task_group_decorator.py for tasks to queue
[2024-09-02T14:04:13.462+0000] {logging_mixin.py:188} INFO - [2024-09-02T14:04:13.461+0000] {dagbag.py:545} INFO - Filling up the DagBag from /home/airflow/.local/lib/python3.12/site-packages/airflow/example_dags/example_task_group_decorator.py
[2024-09-02T14:04:13.540+0000] {processor.py:840} INFO - DAG(s) 'example_task_group_decorator' retrieved from /home/airflow/.local/lib/python3.12/site-packages/airflow/example_dags/example_task_group_decorator.py
[2024-09-02T14:04:13.630+0000] {logging_mixin.py:188} INFO - [2024-09-02T14:04:13.629+0000] {dag.py:3096} INFO - Sync 1 DAGs
[2024-09-02T14:04:13.664+0000] {logging_mixin.py:188} INFO - [2024-09-02T14:04:13.664+0000] {dag.py:3954} INFO - Setting next_dagrun for example_task_group_decorator to 2024-09-01 00:00:00+00:00, run_after=2024-09-02 00:00:00+00:00
[2024-09-02T14:04:13.719+0000] {processor.py:183} INFO - Processing /home/airflow/.local/lib/python3.12/site-packages/airflow/example_dags/example_task_group_decorator.py took 0.278 seconds
