[2024-09-02T13:58:06.063+0000] {processor.py:161} INFO - Started process (PID=79) to work on /home/airflow/.local/lib/python3.12/site-packages/airflow/example_dags/example_python_operator.py
[2024-09-02T13:58:06.076+0000] {processor.py:830} INFO - Processing file /home/airflow/.local/lib/python3.12/site-packages/airflow/example_dags/example_python_operator.py for tasks to queue
[2024-09-02T13:58:06.078+0000] {logging_mixin.py:188} INFO - [2024-09-02T13:58:06.078+0000] {dagbag.py:545} INFO - Filling up the DagBag from /home/airflow/.local/lib/python3.12/site-packages/airflow/example_dags/example_python_operator.py
[2024-09-02T13:58:06.108+0000] {processor.py:840} INFO - DAG(s) 'example_python_operator' retrieved from /home/airflow/.local/lib/python3.12/site-packages/airflow/example_dags/example_python_operator.py
[2024-09-02T13:58:06.481+0000] {logging_mixin.py:188} INFO - [2024-09-02T13:58:06.480+0000] {dag.py:3096} INFO - Sync 1 DAGs
[2024-09-02T13:58:06.512+0000] {logging_mixin.py:188} INFO - [2024-09-02T13:58:06.512+0000] {dag.py:3954} INFO - Setting next_dagrun for example_python_operator to None, run_after=None
[2024-09-02T13:58:06.580+0000] {processor.py:183} INFO - Processing /home/airflow/.local/lib/python3.12/site-packages/airflow/example_dags/example_python_operator.py took 0.524 seconds
[2024-09-02T13:58:36.795+0000] {processor.py:161} INFO - Started process (PID=137) to work on /home/airflow/.local/lib/python3.12/site-packages/airflow/example_dags/example_python_operator.py
[2024-09-02T13:58:36.811+0000] {processor.py:830} INFO - Processing file /home/airflow/.local/lib/python3.12/site-packages/airflow/example_dags/example_python_operator.py for tasks to queue
[2024-09-02T13:58:36.816+0000] {logging_mixin.py:188} INFO - [2024-09-02T13:58:36.815+0000] {dagbag.py:545} INFO - Filling up the DagBag from /home/airflow/.local/lib/python3.12/site-packages/airflow/example_dags/example_python_operator.py
[2024-09-02T13:58:36.914+0000] {processor.py:840} INFO - DAG(s) 'example_python_operator' retrieved from /home/airflow/.local/lib/python3.12/site-packages/airflow/example_dags/example_python_operator.py
[2024-09-02T13:58:37.032+0000] {logging_mixin.py:188} INFO - [2024-09-02T13:58:37.032+0000] {dag.py:3096} INFO - Sync 1 DAGs
[2024-09-02T13:58:37.126+0000] {logging_mixin.py:188} INFO - [2024-09-02T13:58:37.126+0000] {dag.py:3954} INFO - Setting next_dagrun for example_python_operator to None, run_after=None
[2024-09-02T13:58:37.194+0000] {processor.py:183} INFO - Processing /home/airflow/.local/lib/python3.12/site-packages/airflow/example_dags/example_python_operator.py took 0.475 seconds
[2024-09-02T13:59:08.253+0000] {processor.py:161} INFO - Started process (PID=195) to work on /home/airflow/.local/lib/python3.12/site-packages/airflow/example_dags/example_python_operator.py
[2024-09-02T13:59:08.256+0000] {processor.py:830} INFO - Processing file /home/airflow/.local/lib/python3.12/site-packages/airflow/example_dags/example_python_operator.py for tasks to queue
[2024-09-02T13:59:08.258+0000] {logging_mixin.py:188} INFO - [2024-09-02T13:59:08.258+0000] {dagbag.py:545} INFO - Filling up the DagBag from /home/airflow/.local/lib/python3.12/site-packages/airflow/example_dags/example_python_operator.py
[2024-09-02T13:59:08.277+0000] {processor.py:840} INFO - DAG(s) 'example_python_operator' retrieved from /home/airflow/.local/lib/python3.12/site-packages/airflow/example_dags/example_python_operator.py
[2024-09-02T13:59:08.334+0000] {logging_mixin.py:188} INFO - [2024-09-02T13:59:08.334+0000] {dag.py:3096} INFO - Sync 1 DAGs
[2024-09-02T13:59:08.351+0000] {logging_mixin.py:188} INFO - [2024-09-02T13:59:08.351+0000] {dag.py:3954} INFO - Setting next_dagrun for example_python_operator to None, run_after=None
[2024-09-02T13:59:08.386+0000] {processor.py:183} INFO - Processing /home/airflow/.local/lib/python3.12/site-packages/airflow/example_dags/example_python_operator.py took 0.157 seconds
[2024-09-02T13:59:38.576+0000] {processor.py:161} INFO - Started process (PID=253) to work on /home/airflow/.local/lib/python3.12/site-packages/airflow/example_dags/example_python_operator.py
[2024-09-02T13:59:38.576+0000] {processor.py:830} INFO - Processing file /home/airflow/.local/lib/python3.12/site-packages/airflow/example_dags/example_python_operator.py for tasks to queue
[2024-09-02T13:59:38.578+0000] {logging_mixin.py:188} INFO - [2024-09-02T13:59:38.578+0000] {dagbag.py:545} INFO - Filling up the DagBag from /home/airflow/.local/lib/python3.12/site-packages/airflow/example_dags/example_python_operator.py
[2024-09-02T13:59:38.589+0000] {processor.py:840} INFO - DAG(s) 'example_python_operator' retrieved from /home/airflow/.local/lib/python3.12/site-packages/airflow/example_dags/example_python_operator.py
[2024-09-02T13:59:38.601+0000] {logging_mixin.py:188} INFO - [2024-09-02T13:59:38.600+0000] {dag.py:3096} INFO - Sync 1 DAGs
[2024-09-02T13:59:38.617+0000] {logging_mixin.py:188} INFO - [2024-09-02T13:59:38.617+0000] {dag.py:3954} INFO - Setting next_dagrun for example_python_operator to None, run_after=None
[2024-09-02T13:59:38.648+0000] {processor.py:183} INFO - Processing /home/airflow/.local/lib/python3.12/site-packages/airflow/example_dags/example_python_operator.py took 0.078 seconds
[2024-09-02T14:00:10.024+0000] {processor.py:161} INFO - Started process (PID=310) to work on /home/airflow/.local/lib/python3.12/site-packages/airflow/example_dags/example_python_operator.py
[2024-09-02T14:00:10.026+0000] {processor.py:830} INFO - Processing file /home/airflow/.local/lib/python3.12/site-packages/airflow/example_dags/example_python_operator.py for tasks to queue
[2024-09-02T14:00:10.031+0000] {logging_mixin.py:188} INFO - [2024-09-02T14:00:10.030+0000] {dagbag.py:545} INFO - Filling up the DagBag from /home/airflow/.local/lib/python3.12/site-packages/airflow/example_dags/example_python_operator.py
[2024-09-02T14:00:10.052+0000] {processor.py:840} INFO - DAG(s) 'example_python_operator' retrieved from /home/airflow/.local/lib/python3.12/site-packages/airflow/example_dags/example_python_operator.py
[2024-09-02T14:00:10.319+0000] {logging_mixin.py:188} INFO - [2024-09-02T14:00:10.318+0000] {dag.py:3096} INFO - Sync 1 DAGs
[2024-09-02T14:00:10.364+0000] {logging_mixin.py:188} INFO - [2024-09-02T14:00:10.363+0000] {dag.py:3954} INFO - Setting next_dagrun for example_python_operator to None, run_after=None
[2024-09-02T14:00:10.400+0000] {processor.py:183} INFO - Processing /home/airflow/.local/lib/python3.12/site-packages/airflow/example_dags/example_python_operator.py took 0.386 seconds
[2024-09-02T14:00:59.088+0000] {processor.py:161} INFO - Started process (PID=368) to work on /home/airflow/.local/lib/python3.12/site-packages/airflow/example_dags/example_python_operator.py
[2024-09-02T14:00:59.110+0000] {processor.py:830} INFO - Processing file /home/airflow/.local/lib/python3.12/site-packages/airflow/example_dags/example_python_operator.py for tasks to queue
[2024-09-02T14:00:59.137+0000] {logging_mixin.py:188} INFO - [2024-09-02T14:00:59.137+0000] {dagbag.py:545} INFO - Filling up the DagBag from /home/airflow/.local/lib/python3.12/site-packages/airflow/example_dags/example_python_operator.py
[2024-09-02T14:00:59.173+0000] {processor.py:840} INFO - DAG(s) 'example_python_operator' retrieved from /home/airflow/.local/lib/python3.12/site-packages/airflow/example_dags/example_python_operator.py
[2024-09-02T14:00:59.220+0000] {logging_mixin.py:188} INFO - [2024-09-02T14:00:59.219+0000] {dag.py:3096} INFO - Sync 1 DAGs
[2024-09-02T14:00:59.239+0000] {logging_mixin.py:188} INFO - [2024-09-02T14:00:59.238+0000] {dag.py:3954} INFO - Setting next_dagrun for example_python_operator to None, run_after=None
[2024-09-02T14:00:59.326+0000] {processor.py:183} INFO - Processing /home/airflow/.local/lib/python3.12/site-packages/airflow/example_dags/example_python_operator.py took 0.248 seconds
[2024-09-02T14:01:29.670+0000] {processor.py:161} INFO - Started process (PID=425) to work on /home/airflow/.local/lib/python3.12/site-packages/airflow/example_dags/example_python_operator.py
[2024-09-02T14:01:29.676+0000] {processor.py:830} INFO - Processing file /home/airflow/.local/lib/python3.12/site-packages/airflow/example_dags/example_python_operator.py for tasks to queue
[2024-09-02T14:01:29.682+0000] {logging_mixin.py:188} INFO - [2024-09-02T14:01:29.679+0000] {dagbag.py:545} INFO - Filling up the DagBag from /home/airflow/.local/lib/python3.12/site-packages/airflow/example_dags/example_python_operator.py
[2024-09-02T14:01:29.716+0000] {processor.py:840} INFO - DAG(s) 'example_python_operator' retrieved from /home/airflow/.local/lib/python3.12/site-packages/airflow/example_dags/example_python_operator.py
[2024-09-02T14:01:29.808+0000] {logging_mixin.py:188} INFO - [2024-09-02T14:01:29.807+0000] {dag.py:3096} INFO - Sync 1 DAGs
[2024-09-02T14:01:29.852+0000] {logging_mixin.py:188} INFO - [2024-09-02T14:01:29.851+0000] {dag.py:3954} INFO - Setting next_dagrun for example_python_operator to None, run_after=None
[2024-09-02T14:01:29.913+0000] {processor.py:183} INFO - Processing /home/airflow/.local/lib/python3.12/site-packages/airflow/example_dags/example_python_operator.py took 0.255 seconds
[2024-09-02T14:02:00.017+0000] {processor.py:161} INFO - Started process (PID=483) to work on /home/airflow/.local/lib/python3.12/site-packages/airflow/example_dags/example_python_operator.py
[2024-09-02T14:02:00.018+0000] {processor.py:830} INFO - Processing file /home/airflow/.local/lib/python3.12/site-packages/airflow/example_dags/example_python_operator.py for tasks to queue
[2024-09-02T14:02:00.021+0000] {logging_mixin.py:188} INFO - [2024-09-02T14:02:00.021+0000] {dagbag.py:545} INFO - Filling up the DagBag from /home/airflow/.local/lib/python3.12/site-packages/airflow/example_dags/example_python_operator.py
[2024-09-02T14:02:00.096+0000] {processor.py:840} INFO - DAG(s) 'example_python_operator' retrieved from /home/airflow/.local/lib/python3.12/site-packages/airflow/example_dags/example_python_operator.py
[2024-09-02T14:02:00.170+0000] {logging_mixin.py:188} INFO - [2024-09-02T14:02:00.169+0000] {dag.py:3096} INFO - Sync 1 DAGs
[2024-09-02T14:02:00.186+0000] {logging_mixin.py:188} INFO - [2024-09-02T14:02:00.185+0000] {dag.py:3954} INFO - Setting next_dagrun for example_python_operator to None, run_after=None
[2024-09-02T14:02:00.207+0000] {processor.py:183} INFO - Processing /home/airflow/.local/lib/python3.12/site-packages/airflow/example_dags/example_python_operator.py took 0.197 seconds
[2024-09-02T14:02:30.836+0000] {processor.py:161} INFO - Started process (PID=542) to work on /home/airflow/.local/lib/python3.12/site-packages/airflow/example_dags/example_python_operator.py
[2024-09-02T14:02:30.837+0000] {processor.py:830} INFO - Processing file /home/airflow/.local/lib/python3.12/site-packages/airflow/example_dags/example_python_operator.py for tasks to queue
[2024-09-02T14:02:30.840+0000] {logging_mixin.py:188} INFO - [2024-09-02T14:02:30.840+0000] {dagbag.py:545} INFO - Filling up the DagBag from /home/airflow/.local/lib/python3.12/site-packages/airflow/example_dags/example_python_operator.py
[2024-09-02T14:02:30.858+0000] {processor.py:840} INFO - DAG(s) 'example_python_operator' retrieved from /home/airflow/.local/lib/python3.12/site-packages/airflow/example_dags/example_python_operator.py
[2024-09-02T14:02:30.890+0000] {logging_mixin.py:188} INFO - [2024-09-02T14:02:30.890+0000] {dag.py:3096} INFO - Sync 1 DAGs
[2024-09-02T14:02:30.916+0000] {logging_mixin.py:188} INFO - [2024-09-02T14:02:30.915+0000] {dag.py:3954} INFO - Setting next_dagrun for example_python_operator to None, run_after=None
[2024-09-02T14:02:30.953+0000] {processor.py:183} INFO - Processing /home/airflow/.local/lib/python3.12/site-packages/airflow/example_dags/example_python_operator.py took 0.129 seconds
[2024-09-02T14:03:01.189+0000] {processor.py:161} INFO - Started process (PID=600) to work on /home/airflow/.local/lib/python3.12/site-packages/airflow/example_dags/example_python_operator.py
[2024-09-02T14:03:01.190+0000] {processor.py:830} INFO - Processing file /home/airflow/.local/lib/python3.12/site-packages/airflow/example_dags/example_python_operator.py for tasks to queue
[2024-09-02T14:03:01.194+0000] {logging_mixin.py:188} INFO - [2024-09-02T14:03:01.193+0000] {dagbag.py:545} INFO - Filling up the DagBag from /home/airflow/.local/lib/python3.12/site-packages/airflow/example_dags/example_python_operator.py
[2024-09-02T14:03:01.208+0000] {processor.py:840} INFO - DAG(s) 'example_python_operator' retrieved from /home/airflow/.local/lib/python3.12/site-packages/airflow/example_dags/example_python_operator.py
[2024-09-02T14:03:01.234+0000] {logging_mixin.py:188} INFO - [2024-09-02T14:03:01.234+0000] {dag.py:3096} INFO - Sync 1 DAGs
[2024-09-02T14:03:01.261+0000] {logging_mixin.py:188} INFO - [2024-09-02T14:03:01.261+0000] {dag.py:3954} INFO - Setting next_dagrun for example_python_operator to None, run_after=None
[2024-09-02T14:03:01.289+0000] {processor.py:183} INFO - Processing /home/airflow/.local/lib/python3.12/site-packages/airflow/example_dags/example_python_operator.py took 0.115 seconds
[2024-09-02T14:03:32.731+0000] {processor.py:161} INFO - Started process (PID=657) to work on /home/airflow/.local/lib/python3.12/site-packages/airflow/example_dags/example_python_operator.py
[2024-09-02T14:03:32.732+0000] {processor.py:830} INFO - Processing file /home/airflow/.local/lib/python3.12/site-packages/airflow/example_dags/example_python_operator.py for tasks to queue
[2024-09-02T14:03:32.734+0000] {logging_mixin.py:188} INFO - [2024-09-02T14:03:32.733+0000] {dagbag.py:545} INFO - Filling up the DagBag from /home/airflow/.local/lib/python3.12/site-packages/airflow/example_dags/example_python_operator.py
[2024-09-02T14:03:32.747+0000] {processor.py:840} INFO - DAG(s) 'example_python_operator' retrieved from /home/airflow/.local/lib/python3.12/site-packages/airflow/example_dags/example_python_operator.py
[2024-09-02T14:03:32.800+0000] {logging_mixin.py:188} INFO - [2024-09-02T14:03:32.800+0000] {dag.py:3096} INFO - Sync 1 DAGs
[2024-09-02T14:03:32.814+0000] {logging_mixin.py:188} INFO - [2024-09-02T14:03:32.813+0000] {dag.py:3954} INFO - Setting next_dagrun for example_python_operator to None, run_after=None
[2024-09-02T14:03:32.863+0000] {processor.py:183} INFO - Processing /home/airflow/.local/lib/python3.12/site-packages/airflow/example_dags/example_python_operator.py took 0.140 seconds
[2024-09-02T14:04:03.636+0000] {processor.py:161} INFO - Started process (PID=715) to work on /home/airflow/.local/lib/python3.12/site-packages/airflow/example_dags/example_python_operator.py
[2024-09-02T14:04:03.637+0000] {processor.py:830} INFO - Processing file /home/airflow/.local/lib/python3.12/site-packages/airflow/example_dags/example_python_operator.py for tasks to queue
[2024-09-02T14:04:03.640+0000] {logging_mixin.py:188} INFO - [2024-09-02T14:04:03.640+0000] {dagbag.py:545} INFO - Filling up the DagBag from /home/airflow/.local/lib/python3.12/site-packages/airflow/example_dags/example_python_operator.py
[2024-09-02T14:04:03.655+0000] {processor.py:840} INFO - DAG(s) 'example_python_operator' retrieved from /home/airflow/.local/lib/python3.12/site-packages/airflow/example_dags/example_python_operator.py
[2024-09-02T14:04:03.686+0000] {logging_mixin.py:188} INFO - [2024-09-02T14:04:03.686+0000] {dag.py:3096} INFO - Sync 1 DAGs
[2024-09-02T14:04:03.702+0000] {logging_mixin.py:188} INFO - [2024-09-02T14:04:03.702+0000] {dag.py:3954} INFO - Setting next_dagrun for example_python_operator to None, run_after=None
[2024-09-02T14:04:03.727+0000] {processor.py:183} INFO - Processing /home/airflow/.local/lib/python3.12/site-packages/airflow/example_dags/example_python_operator.py took 0.098 seconds
