[2024-09-02T13:58:12.449+0000] {processor.py:161} INFO - Started process (PID=99) to work on /home/airflow/.local/lib/python3.12/site-packages/airflow/example_dags/example_branch_python_dop_operator_3.py
[2024-09-02T13:58:12.450+0000] {processor.py:830} INFO - Processing file /home/airflow/.local/lib/python3.12/site-packages/airflow/example_dags/example_branch_python_dop_operator_3.py for tasks to queue
[2024-09-02T13:58:12.456+0000] {logging_mixin.py:188} INFO - [2024-09-02T13:58:12.455+0000] {dagbag.py:545} INFO - Filling up the DagBag from /home/airflow/.local/lib/python3.12/site-packages/airflow/example_dags/example_branch_python_dop_operator_3.py
[2024-09-02T13:58:12.478+0000] {processor.py:840} INFO - DAG(s) 'example_branch_dop_operator_v3' retrieved from /home/airflow/.local/lib/python3.12/site-packages/airflow/example_dags/example_branch_python_dop_operator_3.py
[2024-09-02T13:58:12.752+0000] {logging_mixin.py:188} INFO - [2024-09-02T13:58:12.751+0000] {dag.py:3096} INFO - Sync 1 DAGs
[2024-09-02T13:58:12.802+0000] {logging_mixin.py:188} INFO - [2024-09-02T13:58:12.802+0000] {dag.py:3954} INFO - Setting next_dagrun for example_branch_dop_operator_v3 to 2024-09-02 13:57:00+00:00, run_after=2024-09-02 13:58:00+00:00
[2024-09-02T13:58:12.854+0000] {processor.py:183} INFO - Processing /home/airflow/.local/lib/python3.12/site-packages/airflow/example_dags/example_branch_python_dop_operator_3.py took 0.412 seconds
[2024-09-02T13:58:43.729+0000] {processor.py:161} INFO - Started process (PID=157) to work on /home/airflow/.local/lib/python3.12/site-packages/airflow/example_dags/example_branch_python_dop_operator_3.py
[2024-09-02T13:58:43.730+0000] {processor.py:830} INFO - Processing file /home/airflow/.local/lib/python3.12/site-packages/airflow/example_dags/example_branch_python_dop_operator_3.py for tasks to queue
[2024-09-02T13:58:43.732+0000] {logging_mixin.py:188} INFO - [2024-09-02T13:58:43.732+0000] {dagbag.py:545} INFO - Filling up the DagBag from /home/airflow/.local/lib/python3.12/site-packages/airflow/example_dags/example_branch_python_dop_operator_3.py
[2024-09-02T13:58:43.741+0000] {processor.py:840} INFO - DAG(s) 'example_branch_dop_operator_v3' retrieved from /home/airflow/.local/lib/python3.12/site-packages/airflow/example_dags/example_branch_python_dop_operator_3.py
[2024-09-02T13:58:43.764+0000] {logging_mixin.py:188} INFO - [2024-09-02T13:58:43.764+0000] {dag.py:3096} INFO - Sync 1 DAGs
[2024-09-02T13:58:43.797+0000] {logging_mixin.py:188} INFO - [2024-09-02T13:58:43.797+0000] {dag.py:3954} INFO - Setting next_dagrun for example_branch_dop_operator_v3 to 2024-09-02 13:57:00+00:00, run_after=2024-09-02 13:58:00+00:00
[2024-09-02T13:58:43.824+0000] {processor.py:183} INFO - Processing /home/airflow/.local/lib/python3.12/site-packages/airflow/example_dags/example_branch_python_dop_operator_3.py took 0.099 seconds
[2024-09-02T13:59:15.931+0000] {processor.py:161} INFO - Started process (PID=215) to work on /home/airflow/.local/lib/python3.12/site-packages/airflow/example_dags/example_branch_python_dop_operator_3.py
[2024-09-02T13:59:15.944+0000] {processor.py:830} INFO - Processing file /home/airflow/.local/lib/python3.12/site-packages/airflow/example_dags/example_branch_python_dop_operator_3.py for tasks to queue
[2024-09-02T13:59:15.955+0000] {logging_mixin.py:188} INFO - [2024-09-02T13:59:15.955+0000] {dagbag.py:545} INFO - Filling up the DagBag from /home/airflow/.local/lib/python3.12/site-packages/airflow/example_dags/example_branch_python_dop_operator_3.py
[2024-09-02T13:59:16.052+0000] {processor.py:840} INFO - DAG(s) 'example_branch_dop_operator_v3' retrieved from /home/airflow/.local/lib/python3.12/site-packages/airflow/example_dags/example_branch_python_dop_operator_3.py
[2024-09-02T13:59:16.176+0000] {logging_mixin.py:188} INFO - [2024-09-02T13:59:16.176+0000] {dag.py:3096} INFO - Sync 1 DAGs
[2024-09-02T13:59:16.299+0000] {logging_mixin.py:188} INFO - [2024-09-02T13:59:16.298+0000] {dag.py:3954} INFO - Setting next_dagrun for example_branch_dop_operator_v3 to 2024-09-02 13:58:00+00:00, run_after=2024-09-02 13:59:00+00:00
[2024-09-02T13:59:16.485+0000] {processor.py:183} INFO - Processing /home/airflow/.local/lib/python3.12/site-packages/airflow/example_dags/example_branch_python_dop_operator_3.py took 0.627 seconds
[2024-09-02T13:59:46.693+0000] {processor.py:161} INFO - Started process (PID=273) to work on /home/airflow/.local/lib/python3.12/site-packages/airflow/example_dags/example_branch_python_dop_operator_3.py
[2024-09-02T13:59:46.699+0000] {processor.py:830} INFO - Processing file /home/airflow/.local/lib/python3.12/site-packages/airflow/example_dags/example_branch_python_dop_operator_3.py for tasks to queue
[2024-09-02T13:59:46.702+0000] {logging_mixin.py:188} INFO - [2024-09-02T13:59:46.701+0000] {dagbag.py:545} INFO - Filling up the DagBag from /home/airflow/.local/lib/python3.12/site-packages/airflow/example_dags/example_branch_python_dop_operator_3.py
[2024-09-02T13:59:46.717+0000] {processor.py:840} INFO - DAG(s) 'example_branch_dop_operator_v3' retrieved from /home/airflow/.local/lib/python3.12/site-packages/airflow/example_dags/example_branch_python_dop_operator_3.py
[2024-09-02T13:59:46.740+0000] {logging_mixin.py:188} INFO - [2024-09-02T13:59:46.740+0000] {dag.py:3096} INFO - Sync 1 DAGs
[2024-09-02T13:59:46.854+0000] {logging_mixin.py:188} INFO - [2024-09-02T13:59:46.854+0000] {dag.py:3954} INFO - Setting next_dagrun for example_branch_dop_operator_v3 to 2024-09-02 13:58:00+00:00, run_after=2024-09-02 13:59:00+00:00
[2024-09-02T13:59:46.909+0000] {processor.py:183} INFO - Processing /home/airflow/.local/lib/python3.12/site-packages/airflow/example_dags/example_branch_python_dop_operator_3.py took 0.233 seconds
[2024-09-02T14:00:18.018+0000] {processor.py:161} INFO - Started process (PID=330) to work on /home/airflow/.local/lib/python3.12/site-packages/airflow/example_dags/example_branch_python_dop_operator_3.py
[2024-09-02T14:00:18.030+0000] {processor.py:830} INFO - Processing file /home/airflow/.local/lib/python3.12/site-packages/airflow/example_dags/example_branch_python_dop_operator_3.py for tasks to queue
[2024-09-02T14:00:18.032+0000] {logging_mixin.py:188} INFO - [2024-09-02T14:00:18.032+0000] {dagbag.py:545} INFO - Filling up the DagBag from /home/airflow/.local/lib/python3.12/site-packages/airflow/example_dags/example_branch_python_dop_operator_3.py
[2024-09-02T14:00:18.058+0000] {processor.py:840} INFO - DAG(s) 'example_branch_dop_operator_v3' retrieved from /home/airflow/.local/lib/python3.12/site-packages/airflow/example_dags/example_branch_python_dop_operator_3.py
[2024-09-02T14:00:18.425+0000] {logging_mixin.py:188} INFO - [2024-09-02T14:00:18.424+0000] {dag.py:3096} INFO - Sync 1 DAGs
[2024-09-02T14:00:18.485+0000] {logging_mixin.py:188} INFO - [2024-09-02T14:00:18.485+0000] {dag.py:3954} INFO - Setting next_dagrun for example_branch_dop_operator_v3 to 2024-09-02 13:59:00+00:00, run_after=2024-09-02 14:00:00+00:00
[2024-09-02T14:00:18.547+0000] {processor.py:183} INFO - Processing /home/airflow/.local/lib/python3.12/site-packages/airflow/example_dags/example_branch_python_dop_operator_3.py took 0.545 seconds
[2024-09-02T14:01:03.148+0000] {processor.py:161} INFO - Started process (PID=393) to work on /home/airflow/.local/lib/python3.12/site-packages/airflow/example_dags/example_branch_python_dop_operator_3.py
[2024-09-02T14:01:03.153+0000] {processor.py:830} INFO - Processing file /home/airflow/.local/lib/python3.12/site-packages/airflow/example_dags/example_branch_python_dop_operator_3.py for tasks to queue
[2024-09-02T14:01:03.156+0000] {logging_mixin.py:188} INFO - [2024-09-02T14:01:03.156+0000] {dagbag.py:545} INFO - Filling up the DagBag from /home/airflow/.local/lib/python3.12/site-packages/airflow/example_dags/example_branch_python_dop_operator_3.py
[2024-09-02T14:01:03.233+0000] {processor.py:840} INFO - DAG(s) 'example_branch_dop_operator_v3' retrieved from /home/airflow/.local/lib/python3.12/site-packages/airflow/example_dags/example_branch_python_dop_operator_3.py
[2024-09-02T14:01:03.285+0000] {logging_mixin.py:188} INFO - [2024-09-02T14:01:03.285+0000] {dag.py:3096} INFO - Sync 1 DAGs
[2024-09-02T14:01:03.484+0000] {logging_mixin.py:188} INFO - [2024-09-02T14:01:03.484+0000] {dag.py:3954} INFO - Setting next_dagrun for example_branch_dop_operator_v3 to 2024-09-02 14:00:00+00:00, run_after=2024-09-02 14:01:00+00:00
[2024-09-02T14:01:03.556+0000] {processor.py:183} INFO - Processing /home/airflow/.local/lib/python3.12/site-packages/airflow/example_dags/example_branch_python_dop_operator_3.py took 0.433 seconds
[2024-09-02T14:01:35.935+0000] {processor.py:161} INFO - Started process (PID=451) to work on /home/airflow/.local/lib/python3.12/site-packages/airflow/example_dags/example_branch_python_dop_operator_3.py
[2024-09-02T14:01:35.943+0000] {processor.py:830} INFO - Processing file /home/airflow/.local/lib/python3.12/site-packages/airflow/example_dags/example_branch_python_dop_operator_3.py for tasks to queue
[2024-09-02T14:01:35.945+0000] {logging_mixin.py:188} INFO - [2024-09-02T14:01:35.945+0000] {dagbag.py:545} INFO - Filling up the DagBag from /home/airflow/.local/lib/python3.12/site-packages/airflow/example_dags/example_branch_python_dop_operator_3.py
[2024-09-02T14:01:35.972+0000] {processor.py:840} INFO - DAG(s) 'example_branch_dop_operator_v3' retrieved from /home/airflow/.local/lib/python3.12/site-packages/airflow/example_dags/example_branch_python_dop_operator_3.py
[2024-09-02T14:01:36.064+0000] {logging_mixin.py:188} INFO - [2024-09-02T14:01:36.064+0000] {dag.py:3096} INFO - Sync 1 DAGs
[2024-09-02T14:01:36.163+0000] {logging_mixin.py:188} INFO - [2024-09-02T14:01:36.163+0000] {dag.py:3954} INFO - Setting next_dagrun for example_branch_dop_operator_v3 to 2024-09-02 14:00:00+00:00, run_after=2024-09-02 14:01:00+00:00
[2024-09-02T14:01:36.231+0000] {processor.py:183} INFO - Processing /home/airflow/.local/lib/python3.12/site-packages/airflow/example_dags/example_branch_python_dop_operator_3.py took 0.323 seconds
[2024-09-02T14:02:06.566+0000] {processor.py:161} INFO - Started process (PID=510) to work on /home/airflow/.local/lib/python3.12/site-packages/airflow/example_dags/example_branch_python_dop_operator_3.py
[2024-09-02T14:02:06.567+0000] {processor.py:830} INFO - Processing file /home/airflow/.local/lib/python3.12/site-packages/airflow/example_dags/example_branch_python_dop_operator_3.py for tasks to queue
[2024-09-02T14:02:06.569+0000] {logging_mixin.py:188} INFO - [2024-09-02T14:02:06.568+0000] {dagbag.py:545} INFO - Filling up the DagBag from /home/airflow/.local/lib/python3.12/site-packages/airflow/example_dags/example_branch_python_dop_operator_3.py
[2024-09-02T14:02:06.578+0000] {processor.py:840} INFO - DAG(s) 'example_branch_dop_operator_v3' retrieved from /home/airflow/.local/lib/python3.12/site-packages/airflow/example_dags/example_branch_python_dop_operator_3.py
[2024-09-02T14:02:06.601+0000] {logging_mixin.py:188} INFO - [2024-09-02T14:02:06.601+0000] {dag.py:3096} INFO - Sync 1 DAGs
[2024-09-02T14:02:06.634+0000] {logging_mixin.py:188} INFO - [2024-09-02T14:02:06.633+0000] {dag.py:3954} INFO - Setting next_dagrun for example_branch_dop_operator_v3 to 2024-09-02 14:01:00+00:00, run_after=2024-09-02 14:02:00+00:00
[2024-09-02T14:02:06.662+0000] {processor.py:183} INFO - Processing /home/airflow/.local/lib/python3.12/site-packages/airflow/example_dags/example_branch_python_dop_operator_3.py took 0.102 seconds
[2024-09-02T14:02:37.497+0000] {processor.py:161} INFO - Started process (PID=569) to work on /home/airflow/.local/lib/python3.12/site-packages/airflow/example_dags/example_branch_python_dop_operator_3.py
[2024-09-02T14:02:37.498+0000] {processor.py:830} INFO - Processing file /home/airflow/.local/lib/python3.12/site-packages/airflow/example_dags/example_branch_python_dop_operator_3.py for tasks to queue
[2024-09-02T14:02:37.500+0000] {logging_mixin.py:188} INFO - [2024-09-02T14:02:37.500+0000] {dagbag.py:545} INFO - Filling up the DagBag from /home/airflow/.local/lib/python3.12/site-packages/airflow/example_dags/example_branch_python_dop_operator_3.py
[2024-09-02T14:02:37.509+0000] {processor.py:840} INFO - DAG(s) 'example_branch_dop_operator_v3' retrieved from /home/airflow/.local/lib/python3.12/site-packages/airflow/example_dags/example_branch_python_dop_operator_3.py
[2024-09-02T14:02:37.534+0000] {logging_mixin.py:188} INFO - [2024-09-02T14:02:37.534+0000] {dag.py:3096} INFO - Sync 1 DAGs
[2024-09-02T14:02:37.572+0000] {logging_mixin.py:188} INFO - [2024-09-02T14:02:37.571+0000] {dag.py:3954} INFO - Setting next_dagrun for example_branch_dop_operator_v3 to 2024-09-02 14:01:00+00:00, run_after=2024-09-02 14:02:00+00:00
[2024-09-02T14:02:37.598+0000] {processor.py:183} INFO - Processing /home/airflow/.local/lib/python3.12/site-packages/airflow/example_dags/example_branch_python_dop_operator_3.py took 0.108 seconds
[2024-09-02T14:03:08.969+0000] {processor.py:161} INFO - Started process (PID=626) to work on /home/airflow/.local/lib/python3.12/site-packages/airflow/example_dags/example_branch_python_dop_operator_3.py
[2024-09-02T14:03:08.975+0000] {processor.py:830} INFO - Processing file /home/airflow/.local/lib/python3.12/site-packages/airflow/example_dags/example_branch_python_dop_operator_3.py for tasks to queue
[2024-09-02T14:03:08.977+0000] {logging_mixin.py:188} INFO - [2024-09-02T14:03:08.977+0000] {dagbag.py:545} INFO - Filling up the DagBag from /home/airflow/.local/lib/python3.12/site-packages/airflow/example_dags/example_branch_python_dop_operator_3.py
[2024-09-02T14:03:08.989+0000] {processor.py:840} INFO - DAG(s) 'example_branch_dop_operator_v3' retrieved from /home/airflow/.local/lib/python3.12/site-packages/airflow/example_dags/example_branch_python_dop_operator_3.py
[2024-09-02T14:03:09.017+0000] {logging_mixin.py:188} INFO - [2024-09-02T14:03:09.016+0000] {dag.py:3096} INFO - Sync 1 DAGs
[2024-09-02T14:03:09.076+0000] {logging_mixin.py:188} INFO - [2024-09-02T14:03:09.075+0000] {dag.py:3954} INFO - Setting next_dagrun for example_branch_dop_operator_v3 to 2024-09-02 14:02:00+00:00, run_after=2024-09-02 14:03:00+00:00
[2024-09-02T14:03:09.140+0000] {processor.py:183} INFO - Processing /home/airflow/.local/lib/python3.12/site-packages/airflow/example_dags/example_branch_python_dop_operator_3.py took 0.198 seconds
[2024-09-02T14:03:39.786+0000] {processor.py:161} INFO - Started process (PID=684) to work on /home/airflow/.local/lib/python3.12/site-packages/airflow/example_dags/example_branch_python_dop_operator_3.py
[2024-09-02T14:03:39.787+0000] {processor.py:830} INFO - Processing file /home/airflow/.local/lib/python3.12/site-packages/airflow/example_dags/example_branch_python_dop_operator_3.py for tasks to queue
[2024-09-02T14:03:39.789+0000] {logging_mixin.py:188} INFO - [2024-09-02T14:03:39.789+0000] {dagbag.py:545} INFO - Filling up the DagBag from /home/airflow/.local/lib/python3.12/site-packages/airflow/example_dags/example_branch_python_dop_operator_3.py
[2024-09-02T14:03:39.799+0000] {processor.py:840} INFO - DAG(s) 'example_branch_dop_operator_v3' retrieved from /home/airflow/.local/lib/python3.12/site-packages/airflow/example_dags/example_branch_python_dop_operator_3.py
[2024-09-02T14:03:39.821+0000] {logging_mixin.py:188} INFO - [2024-09-02T14:03:39.821+0000] {dag.py:3096} INFO - Sync 1 DAGs
[2024-09-02T14:03:39.855+0000] {logging_mixin.py:188} INFO - [2024-09-02T14:03:39.855+0000] {dag.py:3954} INFO - Setting next_dagrun for example_branch_dop_operator_v3 to 2024-09-02 14:02:00+00:00, run_after=2024-09-02 14:03:00+00:00
[2024-09-02T14:03:39.886+0000] {processor.py:183} INFO - Processing /home/airflow/.local/lib/python3.12/site-packages/airflow/example_dags/example_branch_python_dop_operator_3.py took 0.106 seconds
[2024-09-02T14:04:12.476+0000] {processor.py:161} INFO - Started process (PID=747) to work on /home/airflow/.local/lib/python3.12/site-packages/airflow/example_dags/example_branch_python_dop_operator_3.py
[2024-09-02T14:04:12.477+0000] {processor.py:830} INFO - Processing file /home/airflow/.local/lib/python3.12/site-packages/airflow/example_dags/example_branch_python_dop_operator_3.py for tasks to queue
[2024-09-02T14:04:12.482+0000] {logging_mixin.py:188} INFO - [2024-09-02T14:04:12.482+0000] {dagbag.py:545} INFO - Filling up the DagBag from /home/airflow/.local/lib/python3.12/site-packages/airflow/example_dags/example_branch_python_dop_operator_3.py
[2024-09-02T14:04:12.503+0000] {processor.py:840} INFO - DAG(s) 'example_branch_dop_operator_v3' retrieved from /home/airflow/.local/lib/python3.12/site-packages/airflow/example_dags/example_branch_python_dop_operator_3.py
[2024-09-02T14:04:12.560+0000] {logging_mixin.py:188} INFO - [2024-09-02T14:04:12.555+0000] {dag.py:3096} INFO - Sync 1 DAGs
[2024-09-02T14:04:12.679+0000] {logging_mixin.py:188} INFO - [2024-09-02T14:04:12.678+0000] {dag.py:3954} INFO - Setting next_dagrun for example_branch_dop_operator_v3 to 2024-09-02 14:03:00+00:00, run_after=2024-09-02 14:04:00+00:00
[2024-09-02T14:04:12.809+0000] {processor.py:183} INFO - Processing /home/airflow/.local/lib/python3.12/site-packages/airflow/example_dags/example_branch_python_dop_operator_3.py took 0.342 seconds
