[2024-09-02T13:58:07.550+0000] {processor.py:161} INFO - Started process (PID=84) to work on /home/airflow/.local/lib/python3.12/site-packages/airflow/example_dags/example_local_kubernetes_executor.py
[2024-09-02T13:58:07.559+0000] {processor.py:830} INFO - Processing file /home/airflow/.local/lib/python3.12/site-packages/airflow/example_dags/example_local_kubernetes_executor.py for tasks to queue
[2024-09-02T13:58:07.561+0000] {logging_mixin.py:188} INFO - [2024-09-02T13:58:07.560+0000] {dagbag.py:545} INFO - Filling up the DagBag from /home/airflow/.local/lib/python3.12/site-packages/airflow/example_dags/example_local_kubernetes_executor.py
[2024-09-02T13:58:07.582+0000] {processor.py:840} INFO - DAG(s) 'example_local_kubernetes_executor' retrieved from /home/airflow/.local/lib/python3.12/site-packages/airflow/example_dags/example_local_kubernetes_executor.py
[2024-09-02T13:58:07.931+0000] {logging_mixin.py:188} INFO - [2024-09-02T13:58:07.931+0000] {dag.py:3096} INFO - Sync 1 DAGs
[2024-09-02T13:58:07.957+0000] {logging_mixin.py:188} INFO - [2024-09-02T13:58:07.957+0000] {dag.py:3954} INFO - Setting next_dagrun for example_local_kubernetes_executor to None, run_after=None
[2024-09-02T13:58:08.034+0000] {processor.py:183} INFO - Processing /home/airflow/.local/lib/python3.12/site-packages/airflow/example_dags/example_local_kubernetes_executor.py took 0.499 seconds
[2024-09-02T13:58:38.925+0000] {processor.py:161} INFO - Started process (PID=142) to work on /home/airflow/.local/lib/python3.12/site-packages/airflow/example_dags/example_local_kubernetes_executor.py
[2024-09-02T13:58:38.942+0000] {processor.py:830} INFO - Processing file /home/airflow/.local/lib/python3.12/site-packages/airflow/example_dags/example_local_kubernetes_executor.py for tasks to queue
[2024-09-02T13:58:38.960+0000] {logging_mixin.py:188} INFO - [2024-09-02T13:58:38.959+0000] {dagbag.py:545} INFO - Filling up the DagBag from /home/airflow/.local/lib/python3.12/site-packages/airflow/example_dags/example_local_kubernetes_executor.py
[2024-09-02T13:58:38.994+0000] {processor.py:840} INFO - DAG(s) 'example_local_kubernetes_executor' retrieved from /home/airflow/.local/lib/python3.12/site-packages/airflow/example_dags/example_local_kubernetes_executor.py
[2024-09-02T13:58:39.200+0000] {logging_mixin.py:188} INFO - [2024-09-02T13:58:39.200+0000] {dag.py:3096} INFO - Sync 1 DAGs
[2024-09-02T13:58:39.328+0000] {logging_mixin.py:188} INFO - [2024-09-02T13:58:39.328+0000] {dag.py:3954} INFO - Setting next_dagrun for example_local_kubernetes_executor to None, run_after=None
[2024-09-02T13:58:39.388+0000] {processor.py:183} INFO - Processing /home/airflow/.local/lib/python3.12/site-packages/airflow/example_dags/example_local_kubernetes_executor.py took 0.522 seconds
[2024-09-02T13:59:09.824+0000] {processor.py:161} INFO - Started process (PID=200) to work on /home/airflow/.local/lib/python3.12/site-packages/airflow/example_dags/example_local_kubernetes_executor.py
[2024-09-02T13:59:09.827+0000] {processor.py:830} INFO - Processing file /home/airflow/.local/lib/python3.12/site-packages/airflow/example_dags/example_local_kubernetes_executor.py for tasks to queue
[2024-09-02T13:59:09.831+0000] {logging_mixin.py:188} INFO - [2024-09-02T13:59:09.831+0000] {dagbag.py:545} INFO - Filling up the DagBag from /home/airflow/.local/lib/python3.12/site-packages/airflow/example_dags/example_local_kubernetes_executor.py
[2024-09-02T13:59:09.861+0000] {processor.py:840} INFO - DAG(s) 'example_local_kubernetes_executor' retrieved from /home/airflow/.local/lib/python3.12/site-packages/airflow/example_dags/example_local_kubernetes_executor.py
[2024-09-02T13:59:10.064+0000] {logging_mixin.py:188} INFO - [2024-09-02T13:59:10.063+0000] {dag.py:3096} INFO - Sync 1 DAGs
[2024-09-02T13:59:10.230+0000] {logging_mixin.py:188} INFO - [2024-09-02T13:59:10.227+0000] {dag.py:3954} INFO - Setting next_dagrun for example_local_kubernetes_executor to None, run_after=None
[2024-09-02T13:59:10.435+0000] {processor.py:183} INFO - Processing /home/airflow/.local/lib/python3.12/site-packages/airflow/example_dags/example_local_kubernetes_executor.py took 0.628 seconds
[2024-09-02T13:59:41.375+0000] {processor.py:161} INFO - Started process (PID=258) to work on /home/airflow/.local/lib/python3.12/site-packages/airflow/example_dags/example_local_kubernetes_executor.py
[2024-09-02T13:59:41.406+0000] {processor.py:830} INFO - Processing file /home/airflow/.local/lib/python3.12/site-packages/airflow/example_dags/example_local_kubernetes_executor.py for tasks to queue
[2024-09-02T13:59:41.416+0000] {logging_mixin.py:188} INFO - [2024-09-02T13:59:41.416+0000] {dagbag.py:545} INFO - Filling up the DagBag from /home/airflow/.local/lib/python3.12/site-packages/airflow/example_dags/example_local_kubernetes_executor.py
[2024-09-02T13:59:41.473+0000] {processor.py:840} INFO - DAG(s) 'example_local_kubernetes_executor' retrieved from /home/airflow/.local/lib/python3.12/site-packages/airflow/example_dags/example_local_kubernetes_executor.py
[2024-09-02T13:59:41.574+0000] {logging_mixin.py:188} INFO - [2024-09-02T13:59:41.571+0000] {dag.py:3096} INFO - Sync 1 DAGs
[2024-09-02T13:59:41.658+0000] {logging_mixin.py:188} INFO - [2024-09-02T13:59:41.658+0000] {dag.py:3954} INFO - Setting next_dagrun for example_local_kubernetes_executor to None, run_after=None
[2024-09-02T13:59:41.751+0000] {processor.py:183} INFO - Processing /home/airflow/.local/lib/python3.12/site-packages/airflow/example_dags/example_local_kubernetes_executor.py took 0.435 seconds
[2024-09-02T14:00:11.922+0000] {processor.py:161} INFO - Started process (PID=315) to work on /home/airflow/.local/lib/python3.12/site-packages/airflow/example_dags/example_local_kubernetes_executor.py
[2024-09-02T14:00:11.923+0000] {processor.py:830} INFO - Processing file /home/airflow/.local/lib/python3.12/site-packages/airflow/example_dags/example_local_kubernetes_executor.py for tasks to queue
[2024-09-02T14:00:11.928+0000] {logging_mixin.py:188} INFO - [2024-09-02T14:00:11.928+0000] {dagbag.py:545} INFO - Filling up the DagBag from /home/airflow/.local/lib/python3.12/site-packages/airflow/example_dags/example_local_kubernetes_executor.py
[2024-09-02T14:00:11.936+0000] {processor.py:840} INFO - DAG(s) 'example_local_kubernetes_executor' retrieved from /home/airflow/.local/lib/python3.12/site-packages/airflow/example_dags/example_local_kubernetes_executor.py
[2024-09-02T14:00:12.154+0000] {logging_mixin.py:188} INFO - [2024-09-02T14:00:12.153+0000] {dag.py:3096} INFO - Sync 1 DAGs
[2024-09-02T14:00:12.190+0000] {logging_mixin.py:188} INFO - [2024-09-02T14:00:12.189+0000] {dag.py:3954} INFO - Setting next_dagrun for example_local_kubernetes_executor to None, run_after=None
[2024-09-02T14:00:12.234+0000] {processor.py:183} INFO - Processing /home/airflow/.local/lib/python3.12/site-packages/airflow/example_dags/example_local_kubernetes_executor.py took 0.318 seconds
[2024-09-02T14:00:59.786+0000] {processor.py:161} INFO - Started process (PID=373) to work on /home/airflow/.local/lib/python3.12/site-packages/airflow/example_dags/example_local_kubernetes_executor.py
[2024-09-02T14:00:59.787+0000] {processor.py:830} INFO - Processing file /home/airflow/.local/lib/python3.12/site-packages/airflow/example_dags/example_local_kubernetes_executor.py for tasks to queue
[2024-09-02T14:00:59.789+0000] {logging_mixin.py:188} INFO - [2024-09-02T14:00:59.789+0000] {dagbag.py:545} INFO - Filling up the DagBag from /home/airflow/.local/lib/python3.12/site-packages/airflow/example_dags/example_local_kubernetes_executor.py
[2024-09-02T14:00:59.799+0000] {processor.py:840} INFO - DAG(s) 'example_local_kubernetes_executor' retrieved from /home/airflow/.local/lib/python3.12/site-packages/airflow/example_dags/example_local_kubernetes_executor.py
[2024-09-02T14:00:59.925+0000] {logging_mixin.py:188} INFO - [2024-09-02T14:00:59.925+0000] {dag.py:3096} INFO - Sync 1 DAGs
[2024-09-02T14:00:59.952+0000] {logging_mixin.py:188} INFO - [2024-09-02T14:00:59.952+0000] {dag.py:3954} INFO - Setting next_dagrun for example_local_kubernetes_executor to None, run_after=None
[2024-09-02T14:00:59.982+0000] {processor.py:183} INFO - Processing /home/airflow/.local/lib/python3.12/site-packages/airflow/example_dags/example_local_kubernetes_executor.py took 0.202 seconds
[2024-09-02T14:01:30.941+0000] {processor.py:161} INFO - Started process (PID=430) to work on /home/airflow/.local/lib/python3.12/site-packages/airflow/example_dags/example_local_kubernetes_executor.py
[2024-09-02T14:01:30.942+0000] {processor.py:830} INFO - Processing file /home/airflow/.local/lib/python3.12/site-packages/airflow/example_dags/example_local_kubernetes_executor.py for tasks to queue
[2024-09-02T14:01:30.944+0000] {logging_mixin.py:188} INFO - [2024-09-02T14:01:30.944+0000] {dagbag.py:545} INFO - Filling up the DagBag from /home/airflow/.local/lib/python3.12/site-packages/airflow/example_dags/example_local_kubernetes_executor.py
[2024-09-02T14:01:30.969+0000] {processor.py:840} INFO - DAG(s) 'example_local_kubernetes_executor' retrieved from /home/airflow/.local/lib/python3.12/site-packages/airflow/example_dags/example_local_kubernetes_executor.py
[2024-09-02T14:01:31.116+0000] {logging_mixin.py:188} INFO - [2024-09-02T14:01:31.116+0000] {dag.py:3096} INFO - Sync 1 DAGs
[2024-09-02T14:01:31.165+0000] {logging_mixin.py:188} INFO - [2024-09-02T14:01:31.165+0000] {dag.py:3954} INFO - Setting next_dagrun for example_local_kubernetes_executor to None, run_after=None
[2024-09-02T14:01:31.243+0000] {processor.py:183} INFO - Processing /home/airflow/.local/lib/python3.12/site-packages/airflow/example_dags/example_local_kubernetes_executor.py took 0.316 seconds
[2024-09-02T14:02:01.456+0000] {processor.py:161} INFO - Started process (PID=488) to work on /home/airflow/.local/lib/python3.12/site-packages/airflow/example_dags/example_local_kubernetes_executor.py
[2024-09-02T14:02:01.457+0000] {processor.py:830} INFO - Processing file /home/airflow/.local/lib/python3.12/site-packages/airflow/example_dags/example_local_kubernetes_executor.py for tasks to queue
[2024-09-02T14:02:01.458+0000] {logging_mixin.py:188} INFO - [2024-09-02T14:02:01.458+0000] {dagbag.py:545} INFO - Filling up the DagBag from /home/airflow/.local/lib/python3.12/site-packages/airflow/example_dags/example_local_kubernetes_executor.py
[2024-09-02T14:02:01.464+0000] {processor.py:840} INFO - DAG(s) 'example_local_kubernetes_executor' retrieved from /home/airflow/.local/lib/python3.12/site-packages/airflow/example_dags/example_local_kubernetes_executor.py
[2024-09-02T14:02:01.492+0000] {logging_mixin.py:188} INFO - [2024-09-02T14:02:01.492+0000] {dag.py:3096} INFO - Sync 1 DAGs
[2024-09-02T14:02:01.504+0000] {logging_mixin.py:188} INFO - [2024-09-02T14:02:01.504+0000] {dag.py:3954} INFO - Setting next_dagrun for example_local_kubernetes_executor to None, run_after=None
[2024-09-02T14:02:01.525+0000] {processor.py:183} INFO - Processing /home/airflow/.local/lib/python3.12/site-packages/airflow/example_dags/example_local_kubernetes_executor.py took 0.073 seconds
[2024-09-02T14:02:32.228+0000] {processor.py:161} INFO - Started process (PID=547) to work on /home/airflow/.local/lib/python3.12/site-packages/airflow/example_dags/example_local_kubernetes_executor.py
[2024-09-02T14:02:32.229+0000] {processor.py:830} INFO - Processing file /home/airflow/.local/lib/python3.12/site-packages/airflow/example_dags/example_local_kubernetes_executor.py for tasks to queue
[2024-09-02T14:02:32.231+0000] {logging_mixin.py:188} INFO - [2024-09-02T14:02:32.231+0000] {dagbag.py:545} INFO - Filling up the DagBag from /home/airflow/.local/lib/python3.12/site-packages/airflow/example_dags/example_local_kubernetes_executor.py
[2024-09-02T14:02:32.240+0000] {processor.py:840} INFO - DAG(s) 'example_local_kubernetes_executor' retrieved from /home/airflow/.local/lib/python3.12/site-packages/airflow/example_dags/example_local_kubernetes_executor.py
[2024-09-02T14:02:32.285+0000] {logging_mixin.py:188} INFO - [2024-09-02T14:02:32.284+0000] {dag.py:3096} INFO - Sync 1 DAGs
[2024-09-02T14:02:32.298+0000] {logging_mixin.py:188} INFO - [2024-09-02T14:02:32.298+0000] {dag.py:3954} INFO - Setting next_dagrun for example_local_kubernetes_executor to None, run_after=None
[2024-09-02T14:02:32.326+0000] {processor.py:183} INFO - Processing /home/airflow/.local/lib/python3.12/site-packages/airflow/example_dags/example_local_kubernetes_executor.py took 0.105 seconds
[2024-09-02T14:03:02.623+0000] {processor.py:161} INFO - Started process (PID=605) to work on /home/airflow/.local/lib/python3.12/site-packages/airflow/example_dags/example_local_kubernetes_executor.py
[2024-09-02T14:03:02.624+0000] {processor.py:830} INFO - Processing file /home/airflow/.local/lib/python3.12/site-packages/airflow/example_dags/example_local_kubernetes_executor.py for tasks to queue
[2024-09-02T14:03:02.625+0000] {logging_mixin.py:188} INFO - [2024-09-02T14:03:02.625+0000] {dagbag.py:545} INFO - Filling up the DagBag from /home/airflow/.local/lib/python3.12/site-packages/airflow/example_dags/example_local_kubernetes_executor.py
[2024-09-02T14:03:02.631+0000] {processor.py:840} INFO - DAG(s) 'example_local_kubernetes_executor' retrieved from /home/airflow/.local/lib/python3.12/site-packages/airflow/example_dags/example_local_kubernetes_executor.py
[2024-09-02T14:03:02.661+0000] {logging_mixin.py:188} INFO - [2024-09-02T14:03:02.661+0000] {dag.py:3096} INFO - Sync 1 DAGs
[2024-09-02T14:03:02.673+0000] {logging_mixin.py:188} INFO - [2024-09-02T14:03:02.673+0000] {dag.py:3954} INFO - Setting next_dagrun for example_local_kubernetes_executor to None, run_after=None
[2024-09-02T14:03:02.696+0000] {processor.py:183} INFO - Processing /home/airflow/.local/lib/python3.12/site-packages/airflow/example_dags/example_local_kubernetes_executor.py took 0.078 seconds
[2024-09-02T14:03:33.665+0000] {processor.py:161} INFO - Started process (PID=662) to work on /home/airflow/.local/lib/python3.12/site-packages/airflow/example_dags/example_local_kubernetes_executor.py
[2024-09-02T14:03:33.672+0000] {processor.py:830} INFO - Processing file /home/airflow/.local/lib/python3.12/site-packages/airflow/example_dags/example_local_kubernetes_executor.py for tasks to queue
[2024-09-02T14:03:33.674+0000] {logging_mixin.py:188} INFO - [2024-09-02T14:03:33.673+0000] {dagbag.py:545} INFO - Filling up the DagBag from /home/airflow/.local/lib/python3.12/site-packages/airflow/example_dags/example_local_kubernetes_executor.py
[2024-09-02T14:03:33.708+0000] {processor.py:840} INFO - DAG(s) 'example_local_kubernetes_executor' retrieved from /home/airflow/.local/lib/python3.12/site-packages/airflow/example_dags/example_local_kubernetes_executor.py
[2024-09-02T14:03:33.938+0000] {logging_mixin.py:188} INFO - [2024-09-02T14:03:33.938+0000] {dag.py:3096} INFO - Sync 1 DAGs
[2024-09-02T14:03:34.077+0000] {logging_mixin.py:188} INFO - [2024-09-02T14:03:34.077+0000] {dag.py:3954} INFO - Setting next_dagrun for example_local_kubernetes_executor to None, run_after=None
[2024-09-02T14:03:34.274+0000] {processor.py:183} INFO - Processing /home/airflow/.local/lib/python3.12/site-packages/airflow/example_dags/example_local_kubernetes_executor.py took 0.623 seconds
[2024-09-02T14:04:04.907+0000] {processor.py:161} INFO - Started process (PID=726) to work on /home/airflow/.local/lib/python3.12/site-packages/airflow/example_dags/example_local_kubernetes_executor.py
[2024-09-02T14:04:04.908+0000] {processor.py:830} INFO - Processing file /home/airflow/.local/lib/python3.12/site-packages/airflow/example_dags/example_local_kubernetes_executor.py for tasks to queue
[2024-09-02T14:04:04.910+0000] {logging_mixin.py:188} INFO - [2024-09-02T14:04:04.909+0000] {dagbag.py:545} INFO - Filling up the DagBag from /home/airflow/.local/lib/python3.12/site-packages/airflow/example_dags/example_local_kubernetes_executor.py
[2024-09-02T14:04:04.918+0000] {processor.py:840} INFO - DAG(s) 'example_local_kubernetes_executor' retrieved from /home/airflow/.local/lib/python3.12/site-packages/airflow/example_dags/example_local_kubernetes_executor.py
[2024-09-02T14:04:04.962+0000] {logging_mixin.py:188} INFO - [2024-09-02T14:04:04.961+0000] {dag.py:3096} INFO - Sync 1 DAGs
[2024-09-02T14:04:04.982+0000] {logging_mixin.py:188} INFO - [2024-09-02T14:04:04.982+0000] {dag.py:3954} INFO - Setting next_dagrun for example_local_kubernetes_executor to None, run_after=None
[2024-09-02T14:04:05.008+0000] {processor.py:183} INFO - Processing /home/airflow/.local/lib/python3.12/site-packages/airflow/example_dags/example_local_kubernetes_executor.py took 0.108 seconds
