[2024-09-02T13:58:13.171+0000] {processor.py:161} INFO - Started process (PID=102) to work on /home/airflow/.local/lib/python3.12/site-packages/airflow/example_dags/example_branch_day_of_week_operator.py
[2024-09-02T13:58:13.174+0000] {processor.py:830} INFO - Processing file /home/airflow/.local/lib/python3.12/site-packages/airflow/example_dags/example_branch_day_of_week_operator.py for tasks to queue
[2024-09-02T13:58:13.182+0000] {logging_mixin.py:188} INFO - [2024-09-02T13:58:13.182+0000] {dagbag.py:545} INFO - Filling up the DagBag from /home/airflow/.local/lib/python3.12/site-packages/airflow/example_dags/example_branch_day_of_week_operator.py
[2024-09-02T13:58:13.201+0000] {processor.py:840} INFO - DAG(s) 'example_weekday_branch_operator' retrieved from /home/airflow/.local/lib/python3.12/site-packages/airflow/example_dags/example_branch_day_of_week_operator.py
[2024-09-02T13:58:13.588+0000] {logging_mixin.py:188} INFO - [2024-09-02T13:58:13.587+0000] {dag.py:3096} INFO - Sync 1 DAGs
[2024-09-02T13:58:13.671+0000] {logging_mixin.py:188} INFO - [2024-09-02T13:58:13.671+0000] {dag.py:3954} INFO - Setting next_dagrun for example_weekday_branch_operator to 2024-09-01 00:00:00+00:00, run_after=2024-09-02 00:00:00+00:00
[2024-09-02T13:58:13.715+0000] {processor.py:183} INFO - Processing /home/airflow/.local/lib/python3.12/site-packages/airflow/example_dags/example_branch_day_of_week_operator.py took 0.558 seconds
[2024-09-02T13:58:43.928+0000] {processor.py:161} INFO - Started process (PID=160) to work on /home/airflow/.local/lib/python3.12/site-packages/airflow/example_dags/example_branch_day_of_week_operator.py
[2024-09-02T13:58:43.929+0000] {processor.py:830} INFO - Processing file /home/airflow/.local/lib/python3.12/site-packages/airflow/example_dags/example_branch_day_of_week_operator.py for tasks to queue
[2024-09-02T13:58:43.931+0000] {logging_mixin.py:188} INFO - [2024-09-02T13:58:43.931+0000] {dagbag.py:545} INFO - Filling up the DagBag from /home/airflow/.local/lib/python3.12/site-packages/airflow/example_dags/example_branch_day_of_week_operator.py
[2024-09-02T13:58:43.941+0000] {processor.py:840} INFO - DAG(s) 'example_weekday_branch_operator' retrieved from /home/airflow/.local/lib/python3.12/site-packages/airflow/example_dags/example_branch_day_of_week_operator.py
[2024-09-02T13:58:43.964+0000] {logging_mixin.py:188} INFO - [2024-09-02T13:58:43.964+0000] {dag.py:3096} INFO - Sync 1 DAGs
[2024-09-02T13:58:43.988+0000] {logging_mixin.py:188} INFO - [2024-09-02T13:58:43.988+0000] {dag.py:3954} INFO - Setting next_dagrun for example_weekday_branch_operator to 2024-09-01 00:00:00+00:00, run_after=2024-09-02 00:00:00+00:00
[2024-09-02T13:58:44.012+0000] {processor.py:183} INFO - Processing /home/airflow/.local/lib/python3.12/site-packages/airflow/example_dags/example_branch_day_of_week_operator.py took 0.090 seconds
[2024-09-02T13:59:17.143+0000] {processor.py:161} INFO - Started process (PID=218) to work on /home/airflow/.local/lib/python3.12/site-packages/airflow/example_dags/example_branch_day_of_week_operator.py
[2024-09-02T13:59:17.158+0000] {processor.py:830} INFO - Processing file /home/airflow/.local/lib/python3.12/site-packages/airflow/example_dags/example_branch_day_of_week_operator.py for tasks to queue
[2024-09-02T13:59:17.162+0000] {logging_mixin.py:188} INFO - [2024-09-02T13:59:17.161+0000] {dagbag.py:545} INFO - Filling up the DagBag from /home/airflow/.local/lib/python3.12/site-packages/airflow/example_dags/example_branch_day_of_week_operator.py
[2024-09-02T13:59:17.217+0000] {processor.py:840} INFO - DAG(s) 'example_weekday_branch_operator' retrieved from /home/airflow/.local/lib/python3.12/site-packages/airflow/example_dags/example_branch_day_of_week_operator.py
[2024-09-02T13:59:17.335+0000] {logging_mixin.py:188} INFO - [2024-09-02T13:59:17.335+0000] {dag.py:3096} INFO - Sync 1 DAGs
[2024-09-02T13:59:17.500+0000] {logging_mixin.py:188} INFO - [2024-09-02T13:59:17.499+0000] {dag.py:3954} INFO - Setting next_dagrun for example_weekday_branch_operator to 2024-09-01 00:00:00+00:00, run_after=2024-09-02 00:00:00+00:00
[2024-09-02T13:59:17.678+0000] {processor.py:183} INFO - Processing /home/airflow/.local/lib/python3.12/site-packages/airflow/example_dags/example_branch_day_of_week_operator.py took 0.562 seconds
[2024-09-02T13:59:48.118+0000] {processor.py:161} INFO - Started process (PID=276) to work on /home/airflow/.local/lib/python3.12/site-packages/airflow/example_dags/example_branch_day_of_week_operator.py
[2024-09-02T13:59:48.121+0000] {processor.py:830} INFO - Processing file /home/airflow/.local/lib/python3.12/site-packages/airflow/example_dags/example_branch_day_of_week_operator.py for tasks to queue
[2024-09-02T13:59:48.125+0000] {logging_mixin.py:188} INFO - [2024-09-02T13:59:48.124+0000] {dagbag.py:545} INFO - Filling up the DagBag from /home/airflow/.local/lib/python3.12/site-packages/airflow/example_dags/example_branch_day_of_week_operator.py
[2024-09-02T13:59:48.137+0000] {processor.py:840} INFO - DAG(s) 'example_weekday_branch_operator' retrieved from /home/airflow/.local/lib/python3.12/site-packages/airflow/example_dags/example_branch_day_of_week_operator.py
[2024-09-02T13:59:48.215+0000] {logging_mixin.py:188} INFO - [2024-09-02T13:59:48.215+0000] {dag.py:3096} INFO - Sync 1 DAGs
[2024-09-02T13:59:48.334+0000] {logging_mixin.py:188} INFO - [2024-09-02T13:59:48.334+0000] {dag.py:3954} INFO - Setting next_dagrun for example_weekday_branch_operator to 2024-09-01 00:00:00+00:00, run_after=2024-09-02 00:00:00+00:00
[2024-09-02T13:59:48.453+0000] {processor.py:183} INFO - Processing /home/airflow/.local/lib/python3.12/site-packages/airflow/example_dags/example_branch_day_of_week_operator.py took 0.342 seconds
[2024-09-02T14:00:19.045+0000] {processor.py:161} INFO - Started process (PID=333) to work on /home/airflow/.local/lib/python3.12/site-packages/airflow/example_dags/example_branch_day_of_week_operator.py
[2024-09-02T14:00:19.066+0000] {processor.py:830} INFO - Processing file /home/airflow/.local/lib/python3.12/site-packages/airflow/example_dags/example_branch_day_of_week_operator.py for tasks to queue
[2024-09-02T14:00:19.068+0000] {logging_mixin.py:188} INFO - [2024-09-02T14:00:19.068+0000] {dagbag.py:545} INFO - Filling up the DagBag from /home/airflow/.local/lib/python3.12/site-packages/airflow/example_dags/example_branch_day_of_week_operator.py
[2024-09-02T14:00:19.111+0000] {processor.py:840} INFO - DAG(s) 'example_weekday_branch_operator' retrieved from /home/airflow/.local/lib/python3.12/site-packages/airflow/example_dags/example_branch_day_of_week_operator.py
[2024-09-02T14:00:19.609+0000] {logging_mixin.py:188} INFO - [2024-09-02T14:00:19.608+0000] {dag.py:3096} INFO - Sync 1 DAGs
[2024-09-02T14:00:19.672+0000] {logging_mixin.py:188} INFO - [2024-09-02T14:00:19.672+0000] {dag.py:3954} INFO - Setting next_dagrun for example_weekday_branch_operator to 2024-09-01 00:00:00+00:00, run_after=2024-09-02 00:00:00+00:00
[2024-09-02T14:00:19.721+0000] {processor.py:183} INFO - Processing /home/airflow/.local/lib/python3.12/site-packages/airflow/example_dags/example_branch_day_of_week_operator.py took 0.729 seconds
[2024-09-02T14:01:03.788+0000] {processor.py:161} INFO - Started process (PID=396) to work on /home/airflow/.local/lib/python3.12/site-packages/airflow/example_dags/example_branch_day_of_week_operator.py
[2024-09-02T14:01:03.790+0000] {processor.py:830} INFO - Processing file /home/airflow/.local/lib/python3.12/site-packages/airflow/example_dags/example_branch_day_of_week_operator.py for tasks to queue
[2024-09-02T14:01:03.795+0000] {logging_mixin.py:188} INFO - [2024-09-02T14:01:03.794+0000] {dagbag.py:545} INFO - Filling up the DagBag from /home/airflow/.local/lib/python3.12/site-packages/airflow/example_dags/example_branch_day_of_week_operator.py
[2024-09-02T14:01:03.810+0000] {processor.py:840} INFO - DAG(s) 'example_weekday_branch_operator' retrieved from /home/airflow/.local/lib/python3.12/site-packages/airflow/example_dags/example_branch_day_of_week_operator.py
[2024-09-02T14:01:03.904+0000] {logging_mixin.py:188} INFO - [2024-09-02T14:01:03.903+0000] {dag.py:3096} INFO - Sync 1 DAGs
[2024-09-02T14:01:03.991+0000] {logging_mixin.py:188} INFO - [2024-09-02T14:01:03.979+0000] {dag.py:3954} INFO - Setting next_dagrun for example_weekday_branch_operator to 2024-09-01 00:00:00+00:00, run_after=2024-09-02 00:00:00+00:00
[2024-09-02T14:01:04.080+0000] {processor.py:183} INFO - Processing /home/airflow/.local/lib/python3.12/site-packages/airflow/example_dags/example_branch_day_of_week_operator.py took 0.310 seconds
[2024-09-02T14:01:37.585+0000] {processor.py:161} INFO - Started process (PID=460) to work on /home/airflow/.local/lib/python3.12/site-packages/airflow/example_dags/example_branch_day_of_week_operator.py
[2024-09-02T14:01:37.587+0000] {processor.py:830} INFO - Processing file /home/airflow/.local/lib/python3.12/site-packages/airflow/example_dags/example_branch_day_of_week_operator.py for tasks to queue
[2024-09-02T14:01:37.589+0000] {logging_mixin.py:188} INFO - [2024-09-02T14:01:37.589+0000] {dagbag.py:545} INFO - Filling up the DagBag from /home/airflow/.local/lib/python3.12/site-packages/airflow/example_dags/example_branch_day_of_week_operator.py
[2024-09-02T14:01:37.615+0000] {processor.py:840} INFO - DAG(s) 'example_weekday_branch_operator' retrieved from /home/airflow/.local/lib/python3.12/site-packages/airflow/example_dags/example_branch_day_of_week_operator.py
[2024-09-02T14:01:37.694+0000] {logging_mixin.py:188} INFO - [2024-09-02T14:01:37.694+0000] {dag.py:3096} INFO - Sync 1 DAGs
[2024-09-02T14:01:37.755+0000] {logging_mixin.py:188} INFO - [2024-09-02T14:01:37.755+0000] {dag.py:3954} INFO - Setting next_dagrun for example_weekday_branch_operator to 2024-09-01 00:00:00+00:00, run_after=2024-09-02 00:00:00+00:00
[2024-09-02T14:01:37.796+0000] {processor.py:183} INFO - Processing /home/airflow/.local/lib/python3.12/site-packages/airflow/example_dags/example_branch_day_of_week_operator.py took 0.220 seconds
[2024-09-02T14:02:08.284+0000] {processor.py:161} INFO - Started process (PID=519) to work on /home/airflow/.local/lib/python3.12/site-packages/airflow/example_dags/example_branch_day_of_week_operator.py
[2024-09-02T14:02:08.285+0000] {processor.py:830} INFO - Processing file /home/airflow/.local/lib/python3.12/site-packages/airflow/example_dags/example_branch_day_of_week_operator.py for tasks to queue
[2024-09-02T14:02:08.288+0000] {logging_mixin.py:188} INFO - [2024-09-02T14:02:08.287+0000] {dagbag.py:545} INFO - Filling up the DagBag from /home/airflow/.local/lib/python3.12/site-packages/airflow/example_dags/example_branch_day_of_week_operator.py
[2024-09-02T14:02:08.305+0000] {processor.py:840} INFO - DAG(s) 'example_weekday_branch_operator' retrieved from /home/airflow/.local/lib/python3.12/site-packages/airflow/example_dags/example_branch_day_of_week_operator.py
[2024-09-02T14:02:08.347+0000] {logging_mixin.py:188} INFO - [2024-09-02T14:02:08.346+0000] {dag.py:3096} INFO - Sync 1 DAGs
[2024-09-02T14:02:08.376+0000] {logging_mixin.py:188} INFO - [2024-09-02T14:02:08.375+0000] {dag.py:3954} INFO - Setting next_dagrun for example_weekday_branch_operator to 2024-09-01 00:00:00+00:00, run_after=2024-09-02 00:00:00+00:00
[2024-09-02T14:02:08.407+0000] {processor.py:183} INFO - Processing /home/airflow/.local/lib/python3.12/site-packages/airflow/example_dags/example_branch_day_of_week_operator.py took 0.131 seconds
[2024-09-02T14:02:39.070+0000] {processor.py:161} INFO - Started process (PID=577) to work on /home/airflow/.local/lib/python3.12/site-packages/airflow/example_dags/example_branch_day_of_week_operator.py
[2024-09-02T14:02:39.071+0000] {processor.py:830} INFO - Processing file /home/airflow/.local/lib/python3.12/site-packages/airflow/example_dags/example_branch_day_of_week_operator.py for tasks to queue
[2024-09-02T14:02:39.072+0000] {logging_mixin.py:188} INFO - [2024-09-02T14:02:39.072+0000] {dagbag.py:545} INFO - Filling up the DagBag from /home/airflow/.local/lib/python3.12/site-packages/airflow/example_dags/example_branch_day_of_week_operator.py
[2024-09-02T14:02:39.078+0000] {processor.py:840} INFO - DAG(s) 'example_weekday_branch_operator' retrieved from /home/airflow/.local/lib/python3.12/site-packages/airflow/example_dags/example_branch_day_of_week_operator.py
[2024-09-02T14:02:39.096+0000] {logging_mixin.py:188} INFO - [2024-09-02T14:02:39.096+0000] {dag.py:3096} INFO - Sync 1 DAGs
[2024-09-02T14:02:39.130+0000] {logging_mixin.py:188} INFO - [2024-09-02T14:02:39.129+0000] {dag.py:3954} INFO - Setting next_dagrun for example_weekday_branch_operator to 2024-09-01 00:00:00+00:00, run_after=2024-09-02 00:00:00+00:00
[2024-09-02T14:02:39.162+0000] {processor.py:183} INFO - Processing /home/airflow/.local/lib/python3.12/site-packages/airflow/example_dags/example_branch_day_of_week_operator.py took 0.097 seconds
[2024-09-02T14:03:09.966+0000] {processor.py:161} INFO - Started process (PID=634) to work on /home/airflow/.local/lib/python3.12/site-packages/airflow/example_dags/example_branch_day_of_week_operator.py
[2024-09-02T14:03:09.967+0000] {processor.py:830} INFO - Processing file /home/airflow/.local/lib/python3.12/site-packages/airflow/example_dags/example_branch_day_of_week_operator.py for tasks to queue
[2024-09-02T14:03:09.970+0000] {logging_mixin.py:188} INFO - [2024-09-02T14:03:09.969+0000] {dagbag.py:545} INFO - Filling up the DagBag from /home/airflow/.local/lib/python3.12/site-packages/airflow/example_dags/example_branch_day_of_week_operator.py
[2024-09-02T14:03:09.980+0000] {processor.py:840} INFO - DAG(s) 'example_weekday_branch_operator' retrieved from /home/airflow/.local/lib/python3.12/site-packages/airflow/example_dags/example_branch_day_of_week_operator.py
[2024-09-02T14:03:10.014+0000] {logging_mixin.py:188} INFO - [2024-09-02T14:03:10.014+0000] {dag.py:3096} INFO - Sync 1 DAGs
[2024-09-02T14:03:10.045+0000] {logging_mixin.py:188} INFO - [2024-09-02T14:03:10.045+0000] {dag.py:3954} INFO - Setting next_dagrun for example_weekday_branch_operator to 2024-09-01 00:00:00+00:00, run_after=2024-09-02 00:00:00+00:00
[2024-09-02T14:03:10.082+0000] {processor.py:183} INFO - Processing /home/airflow/.local/lib/python3.12/site-packages/airflow/example_dags/example_branch_day_of_week_operator.py took 0.141 seconds
[2024-09-02T14:03:40.367+0000] {processor.py:161} INFO - Started process (PID=692) to work on /home/airflow/.local/lib/python3.12/site-packages/airflow/example_dags/example_branch_day_of_week_operator.py
[2024-09-02T14:03:40.368+0000] {processor.py:830} INFO - Processing file /home/airflow/.local/lib/python3.12/site-packages/airflow/example_dags/example_branch_day_of_week_operator.py for tasks to queue
[2024-09-02T14:03:40.369+0000] {logging_mixin.py:188} INFO - [2024-09-02T14:03:40.369+0000] {dagbag.py:545} INFO - Filling up the DagBag from /home/airflow/.local/lib/python3.12/site-packages/airflow/example_dags/example_branch_day_of_week_operator.py
[2024-09-02T14:03:40.378+0000] {processor.py:840} INFO - DAG(s) 'example_weekday_branch_operator' retrieved from /home/airflow/.local/lib/python3.12/site-packages/airflow/example_dags/example_branch_day_of_week_operator.py
[2024-09-02T14:03:40.403+0000] {logging_mixin.py:188} INFO - [2024-09-02T14:03:40.403+0000] {dag.py:3096} INFO - Sync 1 DAGs
[2024-09-02T14:03:40.433+0000] {logging_mixin.py:188} INFO - [2024-09-02T14:03:40.433+0000] {dag.py:3954} INFO - Setting next_dagrun for example_weekday_branch_operator to 2024-09-01 00:00:00+00:00, run_after=2024-09-02 00:00:00+00:00
[2024-09-02T14:03:40.461+0000] {processor.py:183} INFO - Processing /home/airflow/.local/lib/python3.12/site-packages/airflow/example_dags/example_branch_day_of_week_operator.py took 0.101 seconds
[2024-09-02T14:04:13.800+0000] {processor.py:161} INFO - Started process (PID=753) to work on /home/airflow/.local/lib/python3.12/site-packages/airflow/example_dags/example_branch_day_of_week_operator.py
[2024-09-02T14:04:13.808+0000] {processor.py:830} INFO - Processing file /home/airflow/.local/lib/python3.12/site-packages/airflow/example_dags/example_branch_day_of_week_operator.py for tasks to queue
[2024-09-02T14:04:13.817+0000] {logging_mixin.py:188} INFO - [2024-09-02T14:04:13.813+0000] {dagbag.py:545} INFO - Filling up the DagBag from /home/airflow/.local/lib/python3.12/site-packages/airflow/example_dags/example_branch_day_of_week_operator.py
[2024-09-02T14:04:13.833+0000] {processor.py:840} INFO - DAG(s) 'example_weekday_branch_operator' retrieved from /home/airflow/.local/lib/python3.12/site-packages/airflow/example_dags/example_branch_day_of_week_operator.py
[2024-09-02T14:04:13.871+0000] {logging_mixin.py:188} INFO - [2024-09-02T14:04:13.870+0000] {dag.py:3096} INFO - Sync 1 DAGs
[2024-09-02T14:04:13.901+0000] {logging_mixin.py:188} INFO - [2024-09-02T14:04:13.900+0000] {dag.py:3954} INFO - Setting next_dagrun for example_weekday_branch_operator to 2024-09-01 00:00:00+00:00, run_after=2024-09-02 00:00:00+00:00
[2024-09-02T14:04:13.948+0000] {processor.py:183} INFO - Processing /home/airflow/.local/lib/python3.12/site-packages/airflow/example_dags/example_branch_day_of_week_operator.py took 0.158 seconds
