[2024-09-02T13:58:10.447+0000] {processor.py:161} INFO - Started process (PID=94) to work on /home/airflow/.local/lib/python3.12/site-packages/airflow/example_dags/example_external_task_marker_dag.py
[2024-09-02T13:58:10.455+0000] {processor.py:830} INFO - Processing file /home/airflow/.local/lib/python3.12/site-packages/airflow/example_dags/example_external_task_marker_dag.py for tasks to queue
[2024-09-02T13:58:10.459+0000] {logging_mixin.py:188} INFO - [2024-09-02T13:58:10.458+0000] {dagbag.py:545} INFO - Filling up the DagBag from /home/airflow/.local/lib/python3.12/site-packages/airflow/example_dags/example_external_task_marker_dag.py
[2024-09-02T13:58:10.500+0000] {processor.py:840} INFO - DAG(s) 'example_external_task_marker_child', 'example_external_task_marker_parent' retrieved from /home/airflow/.local/lib/python3.12/site-packages/airflow/example_dags/example_external_task_marker_dag.py
[2024-09-02T13:58:11.139+0000] {logging_mixin.py:188} INFO - [2024-09-02T13:58:11.139+0000] {dag.py:3096} INFO - Sync 2 DAGs
[2024-09-02T13:58:11.163+0000] {logging_mixin.py:188} INFO - [2024-09-02T13:58:11.163+0000] {dag.py:3954} INFO - Setting next_dagrun for example_external_task_marker_child to None, run_after=None
[2024-09-02T13:58:11.174+0000] {logging_mixin.py:188} INFO - [2024-09-02T13:58:11.174+0000] {dag.py:3954} INFO - Setting next_dagrun for example_external_task_marker_parent to None, run_after=None
[2024-09-02T13:58:11.217+0000] {processor.py:183} INFO - Processing /home/airflow/.local/lib/python3.12/site-packages/airflow/example_dags/example_external_task_marker_dag.py took 0.791 seconds
[2024-09-02T13:58:41.309+0000] {processor.py:161} INFO - Started process (PID=152) to work on /home/airflow/.local/lib/python3.12/site-packages/airflow/example_dags/example_external_task_marker_dag.py
[2024-09-02T13:58:41.310+0000] {processor.py:830} INFO - Processing file /home/airflow/.local/lib/python3.12/site-packages/airflow/example_dags/example_external_task_marker_dag.py for tasks to queue
[2024-09-02T13:58:41.312+0000] {logging_mixin.py:188} INFO - [2024-09-02T13:58:41.312+0000] {dagbag.py:545} INFO - Filling up the DagBag from /home/airflow/.local/lib/python3.12/site-packages/airflow/example_dags/example_external_task_marker_dag.py
[2024-09-02T13:58:41.318+0000] {processor.py:840} INFO - DAG(s) 'example_external_task_marker_child', 'example_external_task_marker_parent' retrieved from /home/airflow/.local/lib/python3.12/site-packages/airflow/example_dags/example_external_task_marker_dag.py
[2024-09-02T13:58:41.337+0000] {logging_mixin.py:188} INFO - [2024-09-02T13:58:41.337+0000] {dag.py:3096} INFO - Sync 2 DAGs
[2024-09-02T13:58:41.348+0000] {logging_mixin.py:188} INFO - [2024-09-02T13:58:41.348+0000] {dag.py:3954} INFO - Setting next_dagrun for example_external_task_marker_child to None, run_after=None
[2024-09-02T13:58:41.351+0000] {logging_mixin.py:188} INFO - [2024-09-02T13:58:41.351+0000] {dag.py:3954} INFO - Setting next_dagrun for example_external_task_marker_parent to None, run_after=None
[2024-09-02T13:58:41.370+0000] {processor.py:183} INFO - Processing /home/airflow/.local/lib/python3.12/site-packages/airflow/example_dags/example_external_task_marker_dag.py took 0.067 seconds
[2024-09-02T13:59:14.187+0000] {processor.py:161} INFO - Started process (PID=210) to work on /home/airflow/.local/lib/python3.12/site-packages/airflow/example_dags/example_external_task_marker_dag.py
[2024-09-02T13:59:14.195+0000] {processor.py:830} INFO - Processing file /home/airflow/.local/lib/python3.12/site-packages/airflow/example_dags/example_external_task_marker_dag.py for tasks to queue
[2024-09-02T13:59:14.202+0000] {logging_mixin.py:188} INFO - [2024-09-02T13:59:14.200+0000] {dagbag.py:545} INFO - Filling up the DagBag from /home/airflow/.local/lib/python3.12/site-packages/airflow/example_dags/example_external_task_marker_dag.py
[2024-09-02T13:59:14.238+0000] {processor.py:840} INFO - DAG(s) 'example_external_task_marker_parent', 'example_external_task_marker_child' retrieved from /home/airflow/.local/lib/python3.12/site-packages/airflow/example_dags/example_external_task_marker_dag.py
[2024-09-02T13:59:14.471+0000] {logging_mixin.py:188} INFO - [2024-09-02T13:59:14.470+0000] {dag.py:3096} INFO - Sync 2 DAGs
[2024-09-02T13:59:14.548+0000] {logging_mixin.py:188} INFO - [2024-09-02T13:59:14.547+0000] {dag.py:3954} INFO - Setting next_dagrun for example_external_task_marker_child to None, run_after=None
[2024-09-02T13:59:14.554+0000] {logging_mixin.py:188} INFO - [2024-09-02T13:59:14.554+0000] {dag.py:3954} INFO - Setting next_dagrun for example_external_task_marker_parent to None, run_after=None
[2024-09-02T13:59:14.598+0000] {processor.py:183} INFO - Processing /home/airflow/.local/lib/python3.12/site-packages/airflow/example_dags/example_external_task_marker_dag.py took 0.467 seconds
[2024-09-02T13:59:45.029+0000] {processor.py:161} INFO - Started process (PID=268) to work on /home/airflow/.local/lib/python3.12/site-packages/airflow/example_dags/example_external_task_marker_dag.py
[2024-09-02T13:59:45.047+0000] {processor.py:830} INFO - Processing file /home/airflow/.local/lib/python3.12/site-packages/airflow/example_dags/example_external_task_marker_dag.py for tasks to queue
[2024-09-02T13:59:45.049+0000] {logging_mixin.py:188} INFO - [2024-09-02T13:59:45.049+0000] {dagbag.py:545} INFO - Filling up the DagBag from /home/airflow/.local/lib/python3.12/site-packages/airflow/example_dags/example_external_task_marker_dag.py
[2024-09-02T13:59:45.093+0000] {processor.py:840} INFO - DAG(s) 'example_external_task_marker_parent', 'example_external_task_marker_child' retrieved from /home/airflow/.local/lib/python3.12/site-packages/airflow/example_dags/example_external_task_marker_dag.py
[2024-09-02T13:59:45.177+0000] {logging_mixin.py:188} INFO - [2024-09-02T13:59:45.177+0000] {dag.py:3096} INFO - Sync 2 DAGs
[2024-09-02T13:59:45.248+0000] {logging_mixin.py:188} INFO - [2024-09-02T13:59:45.240+0000] {dag.py:3954} INFO - Setting next_dagrun for example_external_task_marker_child to None, run_after=None
[2024-09-02T13:59:45.254+0000] {logging_mixin.py:188} INFO - [2024-09-02T13:59:45.254+0000] {dag.py:3954} INFO - Setting next_dagrun for example_external_task_marker_parent to None, run_after=None
[2024-09-02T13:59:45.319+0000] {processor.py:183} INFO - Processing /home/airflow/.local/lib/python3.12/site-packages/airflow/example_dags/example_external_task_marker_dag.py took 0.341 seconds
[2024-09-02T14:00:16.187+0000] {processor.py:161} INFO - Started process (PID=325) to work on /home/airflow/.local/lib/python3.12/site-packages/airflow/example_dags/example_external_task_marker_dag.py
[2024-09-02T14:00:16.188+0000] {processor.py:830} INFO - Processing file /home/airflow/.local/lib/python3.12/site-packages/airflow/example_dags/example_external_task_marker_dag.py for tasks to queue
[2024-09-02T14:00:16.191+0000] {logging_mixin.py:188} INFO - [2024-09-02T14:00:16.191+0000] {dagbag.py:545} INFO - Filling up the DagBag from /home/airflow/.local/lib/python3.12/site-packages/airflow/example_dags/example_external_task_marker_dag.py
[2024-09-02T14:00:16.202+0000] {processor.py:840} INFO - DAG(s) 'example_external_task_marker_child', 'example_external_task_marker_parent' retrieved from /home/airflow/.local/lib/python3.12/site-packages/airflow/example_dags/example_external_task_marker_dag.py
[2024-09-02T14:00:16.440+0000] {logging_mixin.py:188} INFO - [2024-09-02T14:00:16.439+0000] {dag.py:3096} INFO - Sync 2 DAGs
[2024-09-02T14:00:16.465+0000] {logging_mixin.py:188} INFO - [2024-09-02T14:00:16.465+0000] {dag.py:3954} INFO - Setting next_dagrun for example_external_task_marker_child to None, run_after=None
[2024-09-02T14:00:16.470+0000] {logging_mixin.py:188} INFO - [2024-09-02T14:00:16.470+0000] {dag.py:3954} INFO - Setting next_dagrun for example_external_task_marker_parent to None, run_after=None
[2024-09-02T14:00:16.525+0000] {processor.py:183} INFO - Processing /home/airflow/.local/lib/python3.12/site-packages/airflow/example_dags/example_external_task_marker_dag.py took 0.344 seconds
[2024-09-02T14:01:02.118+0000] {processor.py:161} INFO - Started process (PID=388) to work on /home/airflow/.local/lib/python3.12/site-packages/airflow/example_dags/example_external_task_marker_dag.py
[2024-09-02T14:01:02.119+0000] {processor.py:830} INFO - Processing file /home/airflow/.local/lib/python3.12/site-packages/airflow/example_dags/example_external_task_marker_dag.py for tasks to queue
[2024-09-02T14:01:02.121+0000] {logging_mixin.py:188} INFO - [2024-09-02T14:01:02.121+0000] {dagbag.py:545} INFO - Filling up the DagBag from /home/airflow/.local/lib/python3.12/site-packages/airflow/example_dags/example_external_task_marker_dag.py
[2024-09-02T14:01:02.127+0000] {processor.py:840} INFO - DAG(s) 'example_external_task_marker_child', 'example_external_task_marker_parent' retrieved from /home/airflow/.local/lib/python3.12/site-packages/airflow/example_dags/example_external_task_marker_dag.py
[2024-09-02T14:01:02.156+0000] {logging_mixin.py:188} INFO - [2024-09-02T14:01:02.156+0000] {dag.py:3096} INFO - Sync 2 DAGs
[2024-09-02T14:01:02.181+0000] {logging_mixin.py:188} INFO - [2024-09-02T14:01:02.181+0000] {dag.py:3954} INFO - Setting next_dagrun for example_external_task_marker_child to None, run_after=None
[2024-09-02T14:01:02.185+0000] {logging_mixin.py:188} INFO - [2024-09-02T14:01:02.185+0000] {dag.py:3954} INFO - Setting next_dagrun for example_external_task_marker_parent to None, run_after=None
[2024-09-02T14:01:02.213+0000] {processor.py:183} INFO - Processing /home/airflow/.local/lib/python3.12/site-packages/airflow/example_dags/example_external_task_marker_dag.py took 0.105 seconds
[2024-09-02T14:01:34.918+0000] {processor.py:161} INFO - Started process (PID=446) to work on /home/airflow/.local/lib/python3.12/site-packages/airflow/example_dags/example_external_task_marker_dag.py
[2024-09-02T14:01:34.919+0000] {processor.py:830} INFO - Processing file /home/airflow/.local/lib/python3.12/site-packages/airflow/example_dags/example_external_task_marker_dag.py for tasks to queue
[2024-09-02T14:01:34.921+0000] {logging_mixin.py:188} INFO - [2024-09-02T14:01:34.921+0000] {dagbag.py:545} INFO - Filling up the DagBag from /home/airflow/.local/lib/python3.12/site-packages/airflow/example_dags/example_external_task_marker_dag.py
[2024-09-02T14:01:34.946+0000] {processor.py:840} INFO - DAG(s) 'example_external_task_marker_parent', 'example_external_task_marker_child' retrieved from /home/airflow/.local/lib/python3.12/site-packages/airflow/example_dags/example_external_task_marker_dag.py
[2024-09-02T14:01:35.009+0000] {logging_mixin.py:188} INFO - [2024-09-02T14:01:35.008+0000] {dag.py:3096} INFO - Sync 2 DAGs
[2024-09-02T14:01:35.104+0000] {logging_mixin.py:188} INFO - [2024-09-02T14:01:35.104+0000] {dag.py:3954} INFO - Setting next_dagrun for example_external_task_marker_child to None, run_after=None
[2024-09-02T14:01:35.134+0000] {logging_mixin.py:188} INFO - [2024-09-02T14:01:35.133+0000] {dag.py:3954} INFO - Setting next_dagrun for example_external_task_marker_parent to None, run_after=None
[2024-09-02T14:01:35.221+0000] {processor.py:183} INFO - Processing /home/airflow/.local/lib/python3.12/site-packages/airflow/example_dags/example_external_task_marker_dag.py took 0.310 seconds
[2024-09-02T14:02:06.188+0000] {processor.py:161} INFO - Started process (PID=505) to work on /home/airflow/.local/lib/python3.12/site-packages/airflow/example_dags/example_external_task_marker_dag.py
[2024-09-02T14:02:06.189+0000] {processor.py:830} INFO - Processing file /home/airflow/.local/lib/python3.12/site-packages/airflow/example_dags/example_external_task_marker_dag.py for tasks to queue
[2024-09-02T14:02:06.191+0000] {logging_mixin.py:188} INFO - [2024-09-02T14:02:06.190+0000] {dagbag.py:545} INFO - Filling up the DagBag from /home/airflow/.local/lib/python3.12/site-packages/airflow/example_dags/example_external_task_marker_dag.py
[2024-09-02T14:02:06.198+0000] {processor.py:840} INFO - DAG(s) 'example_external_task_marker_parent', 'example_external_task_marker_child' retrieved from /home/airflow/.local/lib/python3.12/site-packages/airflow/example_dags/example_external_task_marker_dag.py
[2024-09-02T14:02:06.226+0000] {logging_mixin.py:188} INFO - [2024-09-02T14:02:06.226+0000] {dag.py:3096} INFO - Sync 2 DAGs
[2024-09-02T14:02:06.243+0000] {logging_mixin.py:188} INFO - [2024-09-02T14:02:06.243+0000] {dag.py:3954} INFO - Setting next_dagrun for example_external_task_marker_child to None, run_after=None
[2024-09-02T14:02:06.249+0000] {logging_mixin.py:188} INFO - [2024-09-02T14:02:06.249+0000] {dag.py:3954} INFO - Setting next_dagrun for example_external_task_marker_parent to None, run_after=None
[2024-09-02T14:02:06.274+0000] {processor.py:183} INFO - Processing /home/airflow/.local/lib/python3.12/site-packages/airflow/example_dags/example_external_task_marker_dag.py took 0.092 seconds
[2024-09-02T14:02:37.037+0000] {processor.py:161} INFO - Started process (PID=564) to work on /home/airflow/.local/lib/python3.12/site-packages/airflow/example_dags/example_external_task_marker_dag.py
[2024-09-02T14:02:37.038+0000] {processor.py:830} INFO - Processing file /home/airflow/.local/lib/python3.12/site-packages/airflow/example_dags/example_external_task_marker_dag.py for tasks to queue
[2024-09-02T14:02:37.041+0000] {logging_mixin.py:188} INFO - [2024-09-02T14:02:37.039+0000] {dagbag.py:545} INFO - Filling up the DagBag from /home/airflow/.local/lib/python3.12/site-packages/airflow/example_dags/example_external_task_marker_dag.py
[2024-09-02T14:02:37.049+0000] {processor.py:840} INFO - DAG(s) 'example_external_task_marker_child', 'example_external_task_marker_parent' retrieved from /home/airflow/.local/lib/python3.12/site-packages/airflow/example_dags/example_external_task_marker_dag.py
[2024-09-02T14:02:37.075+0000] {logging_mixin.py:188} INFO - [2024-09-02T14:02:37.075+0000] {dag.py:3096} INFO - Sync 2 DAGs
[2024-09-02T14:02:37.092+0000] {logging_mixin.py:188} INFO - [2024-09-02T14:02:37.091+0000] {dag.py:3954} INFO - Setting next_dagrun for example_external_task_marker_child to None, run_after=None
[2024-09-02T14:02:37.096+0000] {logging_mixin.py:188} INFO - [2024-09-02T14:02:37.096+0000] {dag.py:3954} INFO - Setting next_dagrun for example_external_task_marker_parent to None, run_after=None
[2024-09-02T14:02:37.122+0000] {processor.py:183} INFO - Processing /home/airflow/.local/lib/python3.12/site-packages/airflow/example_dags/example_external_task_marker_dag.py took 0.092 seconds
[2024-09-02T14:03:07.993+0000] {processor.py:161} INFO - Started process (PID=621) to work on /home/airflow/.local/lib/python3.12/site-packages/airflow/example_dags/example_external_task_marker_dag.py
[2024-09-02T14:03:08.003+0000] {processor.py:830} INFO - Processing file /home/airflow/.local/lib/python3.12/site-packages/airflow/example_dags/example_external_task_marker_dag.py for tasks to queue
[2024-09-02T14:03:08.005+0000] {logging_mixin.py:188} INFO - [2024-09-02T14:03:08.005+0000] {dagbag.py:545} INFO - Filling up the DagBag from /home/airflow/.local/lib/python3.12/site-packages/airflow/example_dags/example_external_task_marker_dag.py
[2024-09-02T14:03:08.012+0000] {processor.py:840} INFO - DAG(s) 'example_external_task_marker_parent', 'example_external_task_marker_child' retrieved from /home/airflow/.local/lib/python3.12/site-packages/airflow/example_dags/example_external_task_marker_dag.py
[2024-09-02T14:03:08.078+0000] {logging_mixin.py:188} INFO - [2024-09-02T14:03:08.077+0000] {dag.py:3096} INFO - Sync 2 DAGs
[2024-09-02T14:03:08.114+0000] {logging_mixin.py:188} INFO - [2024-09-02T14:03:08.113+0000] {dag.py:3954} INFO - Setting next_dagrun for example_external_task_marker_child to None, run_after=None
[2024-09-02T14:03:08.126+0000] {logging_mixin.py:188} INFO - [2024-09-02T14:03:08.126+0000] {dag.py:3954} INFO - Setting next_dagrun for example_external_task_marker_parent to None, run_after=None
[2024-09-02T14:03:08.155+0000] {processor.py:183} INFO - Processing /home/airflow/.local/lib/python3.12/site-packages/airflow/example_dags/example_external_task_marker_dag.py took 0.172 seconds
[2024-09-02T14:03:38.262+0000] {processor.py:161} INFO - Started process (PID=678) to work on /home/airflow/.local/lib/python3.12/site-packages/airflow/example_dags/example_external_task_marker_dag.py
[2024-09-02T14:03:38.271+0000] {processor.py:830} INFO - Processing file /home/airflow/.local/lib/python3.12/site-packages/airflow/example_dags/example_external_task_marker_dag.py for tasks to queue
[2024-09-02T14:03:38.273+0000] {logging_mixin.py:188} INFO - [2024-09-02T14:03:38.273+0000] {dagbag.py:545} INFO - Filling up the DagBag from /home/airflow/.local/lib/python3.12/site-packages/airflow/example_dags/example_external_task_marker_dag.py
[2024-09-02T14:03:38.300+0000] {processor.py:840} INFO - DAG(s) 'example_external_task_marker_parent', 'example_external_task_marker_child' retrieved from /home/airflow/.local/lib/python3.12/site-packages/airflow/example_dags/example_external_task_marker_dag.py
[2024-09-02T14:03:38.352+0000] {logging_mixin.py:188} INFO - [2024-09-02T14:03:38.352+0000] {dag.py:3096} INFO - Sync 2 DAGs
[2024-09-02T14:03:38.371+0000] {logging_mixin.py:188} INFO - [2024-09-02T14:03:38.370+0000] {dag.py:3954} INFO - Setting next_dagrun for example_external_task_marker_child to None, run_after=None
[2024-09-02T14:03:38.375+0000] {logging_mixin.py:188} INFO - [2024-09-02T14:03:38.375+0000] {dag.py:3954} INFO - Setting next_dagrun for example_external_task_marker_parent to None, run_after=None
[2024-09-02T14:03:38.400+0000] {processor.py:183} INFO - Processing /home/airflow/.local/lib/python3.12/site-packages/airflow/example_dags/example_external_task_marker_dag.py took 0.152 seconds
[2024-09-02T14:04:09.129+0000] {processor.py:161} INFO - Started process (PID=737) to work on /home/airflow/.local/lib/python3.12/site-packages/airflow/example_dags/example_external_task_marker_dag.py
[2024-09-02T14:04:09.130+0000] {processor.py:830} INFO - Processing file /home/airflow/.local/lib/python3.12/site-packages/airflow/example_dags/example_external_task_marker_dag.py for tasks to queue
[2024-09-02T14:04:09.145+0000] {logging_mixin.py:188} INFO - [2024-09-02T14:04:09.144+0000] {dagbag.py:545} INFO - Filling up the DagBag from /home/airflow/.local/lib/python3.12/site-packages/airflow/example_dags/example_external_task_marker_dag.py
[2024-09-02T14:04:09.157+0000] {processor.py:840} INFO - DAG(s) 'example_external_task_marker_parent', 'example_external_task_marker_child' retrieved from /home/airflow/.local/lib/python3.12/site-packages/airflow/example_dags/example_external_task_marker_dag.py
[2024-09-02T14:04:09.261+0000] {logging_mixin.py:188} INFO - [2024-09-02T14:04:09.261+0000] {dag.py:3096} INFO - Sync 2 DAGs
[2024-09-02T14:04:09.304+0000] {logging_mixin.py:188} INFO - [2024-09-02T14:04:09.304+0000] {dag.py:3954} INFO - Setting next_dagrun for example_external_task_marker_child to None, run_after=None
[2024-09-02T14:04:09.320+0000] {logging_mixin.py:188} INFO - [2024-09-02T14:04:09.319+0000] {dag.py:3954} INFO - Setting next_dagrun for example_external_task_marker_parent to None, run_after=None
[2024-09-02T14:04:09.388+0000] {processor.py:183} INFO - Processing /home/airflow/.local/lib/python3.12/site-packages/airflow/example_dags/example_external_task_marker_dag.py took 0.286 seconds
