[2024-09-02T13:58:08.127+0000] {processor.py:161} INFO - Started process (PID=86) to work on /home/airflow/.local/lib/python3.12/site-packages/airflow/example_dags/tutorial_dag.py
[2024-09-02T13:58:08.128+0000] {processor.py:830} INFO - Processing file /home/airflow/.local/lib/python3.12/site-packages/airflow/example_dags/tutorial_dag.py for tasks to queue
[2024-09-02T13:58:08.140+0000] {logging_mixin.py:188} INFO - [2024-09-02T13:58:08.139+0000] {dagbag.py:545} INFO - Filling up the DagBag from /home/airflow/.local/lib/python3.12/site-packages/airflow/example_dags/tutorial_dag.py
[2024-09-02T13:58:08.154+0000] {processor.py:840} INFO - DAG(s) 'tutorial_dag' retrieved from /home/airflow/.local/lib/python3.12/site-packages/airflow/example_dags/tutorial_dag.py
[2024-09-02T13:58:08.466+0000] {logging_mixin.py:188} INFO - [2024-09-02T13:58:08.466+0000] {dag.py:3096} INFO - Sync 1 DAGs
[2024-09-02T13:58:08.493+0000] {logging_mixin.py:188} INFO - [2024-09-02T13:58:08.493+0000] {dag.py:3954} INFO - Setting next_dagrun for tutorial_dag to None, run_after=None
[2024-09-02T13:58:08.561+0000] {processor.py:183} INFO - Processing /home/airflow/.local/lib/python3.12/site-packages/airflow/example_dags/tutorial_dag.py took 0.449 seconds
[2024-09-02T13:58:39.497+0000] {processor.py:161} INFO - Started process (PID=144) to work on /home/airflow/.local/lib/python3.12/site-packages/airflow/example_dags/tutorial_dag.py
[2024-09-02T13:58:39.497+0000] {processor.py:830} INFO - Processing file /home/airflow/.local/lib/python3.12/site-packages/airflow/example_dags/tutorial_dag.py for tasks to queue
[2024-09-02T13:58:39.504+0000] {logging_mixin.py:188} INFO - [2024-09-02T13:58:39.503+0000] {dagbag.py:545} INFO - Filling up the DagBag from /home/airflow/.local/lib/python3.12/site-packages/airflow/example_dags/tutorial_dag.py
[2024-09-02T13:58:39.541+0000] {processor.py:840} INFO - DAG(s) 'tutorial_dag' retrieved from /home/airflow/.local/lib/python3.12/site-packages/airflow/example_dags/tutorial_dag.py
[2024-09-02T13:58:39.620+0000] {logging_mixin.py:188} INFO - [2024-09-02T13:58:39.619+0000] {dag.py:3096} INFO - Sync 1 DAGs
[2024-09-02T13:58:39.657+0000] {logging_mixin.py:188} INFO - [2024-09-02T13:58:39.657+0000] {dag.py:3954} INFO - Setting next_dagrun for tutorial_dag to None, run_after=None
[2024-09-02T13:58:39.728+0000] {processor.py:183} INFO - Processing /home/airflow/.local/lib/python3.12/site-packages/airflow/example_dags/tutorial_dag.py took 0.270 seconds
[2024-09-02T13:59:10.857+0000] {processor.py:161} INFO - Started process (PID=202) to work on /home/airflow/.local/lib/python3.12/site-packages/airflow/example_dags/tutorial_dag.py
[2024-09-02T13:59:10.872+0000] {processor.py:830} INFO - Processing file /home/airflow/.local/lib/python3.12/site-packages/airflow/example_dags/tutorial_dag.py for tasks to queue
[2024-09-02T13:59:10.902+0000] {logging_mixin.py:188} INFO - [2024-09-02T13:59:10.902+0000] {dagbag.py:545} INFO - Filling up the DagBag from /home/airflow/.local/lib/python3.12/site-packages/airflow/example_dags/tutorial_dag.py
[2024-09-02T13:59:10.945+0000] {processor.py:840} INFO - DAG(s) 'tutorial_dag' retrieved from /home/airflow/.local/lib/python3.12/site-packages/airflow/example_dags/tutorial_dag.py
[2024-09-02T13:59:11.040+0000] {logging_mixin.py:188} INFO - [2024-09-02T13:59:11.039+0000] {dag.py:3096} INFO - Sync 1 DAGs
[2024-09-02T13:59:11.227+0000] {logging_mixin.py:188} INFO - [2024-09-02T13:59:11.219+0000] {dag.py:3954} INFO - Setting next_dagrun for tutorial_dag to None, run_after=None
[2024-09-02T13:59:11.373+0000] {processor.py:183} INFO - Processing /home/airflow/.local/lib/python3.12/site-packages/airflow/example_dags/tutorial_dag.py took 0.565 seconds
[2024-09-02T13:59:41.801+0000] {processor.py:161} INFO - Started process (PID=259) to work on /home/airflow/.local/lib/python3.12/site-packages/airflow/example_dags/tutorial_dag.py
[2024-09-02T13:59:41.803+0000] {processor.py:830} INFO - Processing file /home/airflow/.local/lib/python3.12/site-packages/airflow/example_dags/tutorial_dag.py for tasks to queue
[2024-09-02T13:59:41.812+0000] {logging_mixin.py:188} INFO - [2024-09-02T13:59:41.811+0000] {dagbag.py:545} INFO - Filling up the DagBag from /home/airflow/.local/lib/python3.12/site-packages/airflow/example_dags/tutorial_dag.py
[2024-09-02T13:59:41.817+0000] {processor.py:840} INFO - DAG(s) 'tutorial_dag' retrieved from /home/airflow/.local/lib/python3.12/site-packages/airflow/example_dags/tutorial_dag.py
[2024-09-02T13:59:41.844+0000] {logging_mixin.py:188} INFO - [2024-09-02T13:59:41.844+0000] {dag.py:3096} INFO - Sync 1 DAGs
[2024-09-02T13:59:41.889+0000] {logging_mixin.py:188} INFO - [2024-09-02T13:59:41.883+0000] {dag.py:3954} INFO - Setting next_dagrun for tutorial_dag to None, run_after=None
[2024-09-02T13:59:41.927+0000] {processor.py:183} INFO - Processing /home/airflow/.local/lib/python3.12/site-packages/airflow/example_dags/tutorial_dag.py took 0.141 seconds
[2024-09-02T14:00:12.267+0000] {processor.py:161} INFO - Started process (PID=316) to work on /home/airflow/.local/lib/python3.12/site-packages/airflow/example_dags/tutorial_dag.py
[2024-09-02T14:00:12.272+0000] {processor.py:830} INFO - Processing file /home/airflow/.local/lib/python3.12/site-packages/airflow/example_dags/tutorial_dag.py for tasks to queue
[2024-09-02T14:00:12.275+0000] {logging_mixin.py:188} INFO - [2024-09-02T14:00:12.275+0000] {dagbag.py:545} INFO - Filling up the DagBag from /home/airflow/.local/lib/python3.12/site-packages/airflow/example_dags/tutorial_dag.py
[2024-09-02T14:00:12.288+0000] {processor.py:840} INFO - DAG(s) 'tutorial_dag' retrieved from /home/airflow/.local/lib/python3.12/site-packages/airflow/example_dags/tutorial_dag.py
[2024-09-02T14:00:12.447+0000] {logging_mixin.py:188} INFO - [2024-09-02T14:00:12.447+0000] {dag.py:3096} INFO - Sync 1 DAGs
[2024-09-02T14:00:12.461+0000] {logging_mixin.py:188} INFO - [2024-09-02T14:00:12.461+0000] {dag.py:3954} INFO - Setting next_dagrun for tutorial_dag to None, run_after=None
[2024-09-02T14:00:12.505+0000] {processor.py:183} INFO - Processing /home/airflow/.local/lib/python3.12/site-packages/airflow/example_dags/tutorial_dag.py took 0.245 seconds
[2024-09-02T14:01:00.047+0000] {processor.py:161} INFO - Started process (PID=375) to work on /home/airflow/.local/lib/python3.12/site-packages/airflow/example_dags/tutorial_dag.py
[2024-09-02T14:01:00.050+0000] {processor.py:830} INFO - Processing file /home/airflow/.local/lib/python3.12/site-packages/airflow/example_dags/tutorial_dag.py for tasks to queue
[2024-09-02T14:01:00.053+0000] {logging_mixin.py:188} INFO - [2024-09-02T14:01:00.052+0000] {dagbag.py:545} INFO - Filling up the DagBag from /home/airflow/.local/lib/python3.12/site-packages/airflow/example_dags/tutorial_dag.py
[2024-09-02T14:01:00.071+0000] {processor.py:840} INFO - DAG(s) 'tutorial_dag' retrieved from /home/airflow/.local/lib/python3.12/site-packages/airflow/example_dags/tutorial_dag.py
[2024-09-02T14:01:00.154+0000] {logging_mixin.py:188} INFO - [2024-09-02T14:01:00.154+0000] {dag.py:3096} INFO - Sync 1 DAGs
[2024-09-02T14:01:00.188+0000] {logging_mixin.py:188} INFO - [2024-09-02T14:01:00.188+0000] {dag.py:3954} INFO - Setting next_dagrun for tutorial_dag to None, run_after=None
[2024-09-02T14:01:00.251+0000] {processor.py:183} INFO - Processing /home/airflow/.local/lib/python3.12/site-packages/airflow/example_dags/tutorial_dag.py took 0.217 seconds
[2024-09-02T14:01:31.346+0000] {processor.py:161} INFO - Started process (PID=432) to work on /home/airflow/.local/lib/python3.12/site-packages/airflow/example_dags/tutorial_dag.py
[2024-09-02T14:01:31.347+0000] {processor.py:830} INFO - Processing file /home/airflow/.local/lib/python3.12/site-packages/airflow/example_dags/tutorial_dag.py for tasks to queue
[2024-09-02T14:01:31.351+0000] {logging_mixin.py:188} INFO - [2024-09-02T14:01:31.350+0000] {dagbag.py:545} INFO - Filling up the DagBag from /home/airflow/.local/lib/python3.12/site-packages/airflow/example_dags/tutorial_dag.py
[2024-09-02T14:01:31.357+0000] {processor.py:840} INFO - DAG(s) 'tutorial_dag' retrieved from /home/airflow/.local/lib/python3.12/site-packages/airflow/example_dags/tutorial_dag.py
[2024-09-02T14:01:31.438+0000] {logging_mixin.py:188} INFO - [2024-09-02T14:01:31.438+0000] {dag.py:3096} INFO - Sync 1 DAGs
[2024-09-02T14:01:31.489+0000] {logging_mixin.py:188} INFO - [2024-09-02T14:01:31.489+0000] {dag.py:3954} INFO - Setting next_dagrun for tutorial_dag to None, run_after=None
[2024-09-02T14:01:31.574+0000] {processor.py:183} INFO - Processing /home/airflow/.local/lib/python3.12/site-packages/airflow/example_dags/tutorial_dag.py took 0.239 seconds
[2024-09-02T14:02:02.564+0000] {processor.py:161} INFO - Started process (PID=490) to work on /home/airflow/.local/lib/python3.12/site-packages/airflow/example_dags/tutorial_dag.py
[2024-09-02T14:02:02.564+0000] {processor.py:830} INFO - Processing file /home/airflow/.local/lib/python3.12/site-packages/airflow/example_dags/tutorial_dag.py for tasks to queue
[2024-09-02T14:02:02.566+0000] {logging_mixin.py:188} INFO - [2024-09-02T14:02:02.566+0000] {dagbag.py:545} INFO - Filling up the DagBag from /home/airflow/.local/lib/python3.12/site-packages/airflow/example_dags/tutorial_dag.py
[2024-09-02T14:02:02.570+0000] {processor.py:840} INFO - DAG(s) 'tutorial_dag' retrieved from /home/airflow/.local/lib/python3.12/site-packages/airflow/example_dags/tutorial_dag.py
[2024-09-02T14:02:02.587+0000] {logging_mixin.py:188} INFO - [2024-09-02T14:02:02.587+0000] {dag.py:3096} INFO - Sync 1 DAGs
[2024-09-02T14:02:02.598+0000] {logging_mixin.py:188} INFO - [2024-09-02T14:02:02.598+0000] {dag.py:3954} INFO - Setting next_dagrun for tutorial_dag to None, run_after=None
[2024-09-02T14:02:02.626+0000] {processor.py:183} INFO - Processing /home/airflow/.local/lib/python3.12/site-packages/airflow/example_dags/tutorial_dag.py took 0.067 seconds
[2024-09-02T14:02:33.374+0000] {processor.py:161} INFO - Started process (PID=549) to work on /home/airflow/.local/lib/python3.12/site-packages/airflow/example_dags/tutorial_dag.py
[2024-09-02T14:02:33.377+0000] {processor.py:830} INFO - Processing file /home/airflow/.local/lib/python3.12/site-packages/airflow/example_dags/tutorial_dag.py for tasks to queue
[2024-09-02T14:02:33.385+0000] {logging_mixin.py:188} INFO - [2024-09-02T14:02:33.384+0000] {dagbag.py:545} INFO - Filling up the DagBag from /home/airflow/.local/lib/python3.12/site-packages/airflow/example_dags/tutorial_dag.py
[2024-09-02T14:02:33.393+0000] {processor.py:840} INFO - DAG(s) 'tutorial_dag' retrieved from /home/airflow/.local/lib/python3.12/site-packages/airflow/example_dags/tutorial_dag.py
[2024-09-02T14:02:33.479+0000] {logging_mixin.py:188} INFO - [2024-09-02T14:02:33.479+0000] {dag.py:3096} INFO - Sync 1 DAGs
[2024-09-02T14:02:33.511+0000] {logging_mixin.py:188} INFO - [2024-09-02T14:02:33.510+0000] {dag.py:3954} INFO - Setting next_dagrun for tutorial_dag to None, run_after=None
[2024-09-02T14:02:33.543+0000] {processor.py:183} INFO - Processing /home/airflow/.local/lib/python3.12/site-packages/airflow/example_dags/tutorial_dag.py took 0.177 seconds
[2024-09-02T14:03:03.807+0000] {processor.py:161} INFO - Started process (PID=612) to work on /home/airflow/.local/lib/python3.12/site-packages/airflow/example_dags/tutorial_dag.py
[2024-09-02T14:03:03.832+0000] {processor.py:830} INFO - Processing file /home/airflow/.local/lib/python3.12/site-packages/airflow/example_dags/tutorial_dag.py for tasks to queue
[2024-09-02T14:03:03.846+0000] {logging_mixin.py:188} INFO - [2024-09-02T14:03:03.845+0000] {dagbag.py:545} INFO - Filling up the DagBag from /home/airflow/.local/lib/python3.12/site-packages/airflow/example_dags/tutorial_dag.py
[2024-09-02T14:03:03.860+0000] {processor.py:840} INFO - DAG(s) 'tutorial_dag' retrieved from /home/airflow/.local/lib/python3.12/site-packages/airflow/example_dags/tutorial_dag.py
[2024-09-02T14:03:03.910+0000] {logging_mixin.py:188} INFO - [2024-09-02T14:03:03.910+0000] {dag.py:3096} INFO - Sync 1 DAGs
[2024-09-02T14:03:03.927+0000] {logging_mixin.py:188} INFO - [2024-09-02T14:03:03.926+0000] {dag.py:3954} INFO - Setting next_dagrun for tutorial_dag to None, run_after=None
[2024-09-02T14:03:03.955+0000] {processor.py:183} INFO - Processing /home/airflow/.local/lib/python3.12/site-packages/airflow/example_dags/tutorial_dag.py took 0.190 seconds
[2024-09-02T14:03:34.428+0000] {processor.py:161} INFO - Started process (PID=670) to work on /home/airflow/.local/lib/python3.12/site-packages/airflow/example_dags/tutorial_dag.py
[2024-09-02T14:03:34.444+0000] {processor.py:830} INFO - Processing file /home/airflow/.local/lib/python3.12/site-packages/airflow/example_dags/tutorial_dag.py for tasks to queue
[2024-09-02T14:03:34.448+0000] {logging_mixin.py:188} INFO - [2024-09-02T14:03:34.447+0000] {dagbag.py:545} INFO - Filling up the DagBag from /home/airflow/.local/lib/python3.12/site-packages/airflow/example_dags/tutorial_dag.py
[2024-09-02T14:03:34.473+0000] {processor.py:840} INFO - DAG(s) 'tutorial_dag' retrieved from /home/airflow/.local/lib/python3.12/site-packages/airflow/example_dags/tutorial_dag.py
[2024-09-02T14:03:34.560+0000] {logging_mixin.py:188} INFO - [2024-09-02T14:03:34.559+0000] {dag.py:3096} INFO - Sync 1 DAGs
[2024-09-02T14:03:34.616+0000] {logging_mixin.py:188} INFO - [2024-09-02T14:03:34.610+0000] {dag.py:3954} INFO - Setting next_dagrun for tutorial_dag to None, run_after=None
[2024-09-02T14:03:34.708+0000] {processor.py:183} INFO - Processing /home/airflow/.local/lib/python3.12/site-packages/airflow/example_dags/tutorial_dag.py took 0.311 seconds
[2024-09-02T14:04:05.068+0000] {processor.py:161} INFO - Started process (PID=728) to work on /home/airflow/.local/lib/python3.12/site-packages/airflow/example_dags/tutorial_dag.py
[2024-09-02T14:04:05.071+0000] {processor.py:830} INFO - Processing file /home/airflow/.local/lib/python3.12/site-packages/airflow/example_dags/tutorial_dag.py for tasks to queue
[2024-09-02T14:04:05.073+0000] {logging_mixin.py:188} INFO - [2024-09-02T14:04:05.073+0000] {dagbag.py:545} INFO - Filling up the DagBag from /home/airflow/.local/lib/python3.12/site-packages/airflow/example_dags/tutorial_dag.py
[2024-09-02T14:04:05.080+0000] {processor.py:840} INFO - DAG(s) 'tutorial_dag' retrieved from /home/airflow/.local/lib/python3.12/site-packages/airflow/example_dags/tutorial_dag.py
[2024-09-02T14:04:05.106+0000] {logging_mixin.py:188} INFO - [2024-09-02T14:04:05.106+0000] {dag.py:3096} INFO - Sync 1 DAGs
[2024-09-02T14:04:05.132+0000] {logging_mixin.py:188} INFO - [2024-09-02T14:04:05.132+0000] {dag.py:3954} INFO - Setting next_dagrun for tutorial_dag to None, run_after=None
[2024-09-02T14:04:05.177+0000] {processor.py:183} INFO - Processing /home/airflow/.local/lib/python3.12/site-packages/airflow/example_dags/tutorial_dag.py took 0.128 seconds
