[2024-09-02T13:58:07.903+0000] {processor.py:161} INFO - Started process (PID=85) to work on /home/airflow/.local/lib/python3.12/site-packages/airflow/example_dags/tutorial.py
[2024-09-02T13:58:07.912+0000] {processor.py:830} INFO - Processing file /home/airflow/.local/lib/python3.12/site-packages/airflow/example_dags/tutorial.py for tasks to queue
[2024-09-02T13:58:07.915+0000] {logging_mixin.py:188} INFO - [2024-09-02T13:58:07.915+0000] {dagbag.py:545} INFO - Filling up the DagBag from /home/airflow/.local/lib/python3.12/site-packages/airflow/example_dags/tutorial.py
[2024-09-02T13:58:07.947+0000] {processor.py:840} INFO - DAG(s) 'tutorial' retrieved from /home/airflow/.local/lib/python3.12/site-packages/airflow/example_dags/tutorial.py
[2024-09-02T13:58:08.333+0000] {logging_mixin.py:188} INFO - [2024-09-02T13:58:08.333+0000] {dag.py:3096} INFO - Sync 1 DAGs
[2024-09-02T13:58:08.380+0000] {logging_mixin.py:188} INFO - [2024-09-02T13:58:08.380+0000] {dag.py:3954} INFO - Setting next_dagrun for tutorial to 2024-09-01 00:00:00+00:00, run_after=2024-09-02 00:00:00+00:00
[2024-09-02T13:58:08.448+0000] {processor.py:183} INFO - Processing /home/airflow/.local/lib/python3.12/site-packages/airflow/example_dags/tutorial.py took 0.552 seconds
[2024-09-02T13:58:39.348+0000] {processor.py:161} INFO - Started process (PID=143) to work on /home/airflow/.local/lib/python3.12/site-packages/airflow/example_dags/tutorial.py
[2024-09-02T13:58:39.349+0000] {processor.py:830} INFO - Processing file /home/airflow/.local/lib/python3.12/site-packages/airflow/example_dags/tutorial.py for tasks to queue
[2024-09-02T13:58:39.360+0000] {logging_mixin.py:188} INFO - [2024-09-02T13:58:39.359+0000] {dagbag.py:545} INFO - Filling up the DagBag from /home/airflow/.local/lib/python3.12/site-packages/airflow/example_dags/tutorial.py
[2024-09-02T13:58:39.386+0000] {processor.py:840} INFO - DAG(s) 'tutorial' retrieved from /home/airflow/.local/lib/python3.12/site-packages/airflow/example_dags/tutorial.py
[2024-09-02T13:58:39.524+0000] {logging_mixin.py:188} INFO - [2024-09-02T13:58:39.524+0000] {dag.py:3096} INFO - Sync 1 DAGs
[2024-09-02T13:58:39.640+0000] {logging_mixin.py:188} INFO - [2024-09-02T13:58:39.640+0000] {dag.py:3954} INFO - Setting next_dagrun for tutorial to 2024-09-01 00:00:00+00:00, run_after=2024-09-02 00:00:00+00:00
[2024-09-02T13:58:39.703+0000] {processor.py:183} INFO - Processing /home/airflow/.local/lib/python3.12/site-packages/airflow/example_dags/tutorial.py took 0.387 seconds
[2024-09-02T13:59:10.731+0000] {processor.py:161} INFO - Started process (PID=201) to work on /home/airflow/.local/lib/python3.12/site-packages/airflow/example_dags/tutorial.py
[2024-09-02T13:59:10.743+0000] {processor.py:830} INFO - Processing file /home/airflow/.local/lib/python3.12/site-packages/airflow/example_dags/tutorial.py for tasks to queue
[2024-09-02T13:59:10.773+0000] {logging_mixin.py:188} INFO - [2024-09-02T13:59:10.771+0000] {dagbag.py:545} INFO - Filling up the DagBag from /home/airflow/.local/lib/python3.12/site-packages/airflow/example_dags/tutorial.py
[2024-09-02T13:59:10.846+0000] {processor.py:840} INFO - DAG(s) 'tutorial' retrieved from /home/airflow/.local/lib/python3.12/site-packages/airflow/example_dags/tutorial.py
[2024-09-02T13:59:10.974+0000] {logging_mixin.py:188} INFO - [2024-09-02T13:59:10.974+0000] {dag.py:3096} INFO - Sync 1 DAGs
[2024-09-02T13:59:11.286+0000] {logging_mixin.py:188} INFO - [2024-09-02T13:59:11.286+0000] {dag.py:3954} INFO - Setting next_dagrun for tutorial to 2024-09-01 00:00:00+00:00, run_after=2024-09-02 00:00:00+00:00
[2024-09-02T13:59:11.451+0000] {processor.py:183} INFO - Processing /home/airflow/.local/lib/python3.12/site-packages/airflow/example_dags/tutorial.py took 0.774 seconds
[2024-09-02T13:59:41.972+0000] {processor.py:161} INFO - Started process (PID=260) to work on /home/airflow/.local/lib/python3.12/site-packages/airflow/example_dags/tutorial.py
[2024-09-02T13:59:41.973+0000] {processor.py:830} INFO - Processing file /home/airflow/.local/lib/python3.12/site-packages/airflow/example_dags/tutorial.py for tasks to queue
[2024-09-02T13:59:41.974+0000] {logging_mixin.py:188} INFO - [2024-09-02T13:59:41.974+0000] {dagbag.py:545} INFO - Filling up the DagBag from /home/airflow/.local/lib/python3.12/site-packages/airflow/example_dags/tutorial.py
[2024-09-02T13:59:41.981+0000] {processor.py:840} INFO - DAG(s) 'tutorial' retrieved from /home/airflow/.local/lib/python3.12/site-packages/airflow/example_dags/tutorial.py
[2024-09-02T13:59:42.006+0000] {logging_mixin.py:188} INFO - [2024-09-02T13:59:42.005+0000] {dag.py:3096} INFO - Sync 1 DAGs
[2024-09-02T13:59:42.098+0000] {logging_mixin.py:188} INFO - [2024-09-02T13:59:42.098+0000] {dag.py:3954} INFO - Setting next_dagrun for tutorial to 2024-09-01 00:00:00+00:00, run_after=2024-09-02 00:00:00+00:00
[2024-09-02T13:59:42.157+0000] {processor.py:183} INFO - Processing /home/airflow/.local/lib/python3.12/site-packages/airflow/example_dags/tutorial.py took 0.192 seconds
[2024-09-02T14:00:12.328+0000] {processor.py:161} INFO - Started process (PID=317) to work on /home/airflow/.local/lib/python3.12/site-packages/airflow/example_dags/tutorial.py
[2024-09-02T14:00:12.329+0000] {processor.py:830} INFO - Processing file /home/airflow/.local/lib/python3.12/site-packages/airflow/example_dags/tutorial.py for tasks to queue
[2024-09-02T14:00:12.331+0000] {logging_mixin.py:188} INFO - [2024-09-02T14:00:12.331+0000] {dagbag.py:545} INFO - Filling up the DagBag from /home/airflow/.local/lib/python3.12/site-packages/airflow/example_dags/tutorial.py
[2024-09-02T14:00:12.338+0000] {processor.py:840} INFO - DAG(s) 'tutorial' retrieved from /home/airflow/.local/lib/python3.12/site-packages/airflow/example_dags/tutorial.py
[2024-09-02T14:00:12.495+0000] {logging_mixin.py:188} INFO - [2024-09-02T14:00:12.490+0000] {dag.py:3096} INFO - Sync 1 DAGs
[2024-09-02T14:00:12.588+0000] {logging_mixin.py:188} INFO - [2024-09-02T14:00:12.588+0000] {dag.py:3954} INFO - Setting next_dagrun for tutorial to 2024-09-01 00:00:00+00:00, run_after=2024-09-02 00:00:00+00:00
[2024-09-02T14:00:12.673+0000] {processor.py:183} INFO - Processing /home/airflow/.local/lib/python3.12/site-packages/airflow/example_dags/tutorial.py took 0.352 seconds
[2024-09-02T14:00:59.977+0000] {processor.py:161} INFO - Started process (PID=374) to work on /home/airflow/.local/lib/python3.12/site-packages/airflow/example_dags/tutorial.py
[2024-09-02T14:00:59.981+0000] {processor.py:830} INFO - Processing file /home/airflow/.local/lib/python3.12/site-packages/airflow/example_dags/tutorial.py for tasks to queue
[2024-09-02T14:00:59.983+0000] {logging_mixin.py:188} INFO - [2024-09-02T14:00:59.983+0000] {dagbag.py:545} INFO - Filling up the DagBag from /home/airflow/.local/lib/python3.12/site-packages/airflow/example_dags/tutorial.py
[2024-09-02T14:00:59.992+0000] {processor.py:840} INFO - DAG(s) 'tutorial' retrieved from /home/airflow/.local/lib/python3.12/site-packages/airflow/example_dags/tutorial.py
[2024-09-02T14:01:00.022+0000] {logging_mixin.py:188} INFO - [2024-09-02T14:01:00.021+0000] {dag.py:3096} INFO - Sync 1 DAGs
[2024-09-02T14:01:00.061+0000] {logging_mixin.py:188} INFO - [2024-09-02T14:01:00.061+0000] {dag.py:3954} INFO - Setting next_dagrun for tutorial to 2024-09-01 00:00:00+00:00, run_after=2024-09-02 00:00:00+00:00
[2024-09-02T14:01:00.107+0000] {processor.py:183} INFO - Processing /home/airflow/.local/lib/python3.12/site-packages/airflow/example_dags/tutorial.py took 0.137 seconds
[2024-09-02T14:01:30.999+0000] {processor.py:161} INFO - Started process (PID=431) to work on /home/airflow/.local/lib/python3.12/site-packages/airflow/example_dags/tutorial.py
[2024-09-02T14:01:31.013+0000] {processor.py:830} INFO - Processing file /home/airflow/.local/lib/python3.12/site-packages/airflow/example_dags/tutorial.py for tasks to queue
[2024-09-02T14:01:31.023+0000] {logging_mixin.py:188} INFO - [2024-09-02T14:01:31.023+0000] {dagbag.py:545} INFO - Filling up the DagBag from /home/airflow/.local/lib/python3.12/site-packages/airflow/example_dags/tutorial.py
[2024-09-02T14:01:31.043+0000] {processor.py:840} INFO - DAG(s) 'tutorial' retrieved from /home/airflow/.local/lib/python3.12/site-packages/airflow/example_dags/tutorial.py
[2024-09-02T14:01:31.089+0000] {logging_mixin.py:188} INFO - [2024-09-02T14:01:31.088+0000] {dag.py:3096} INFO - Sync 1 DAGs
[2024-09-02T14:01:31.168+0000] {logging_mixin.py:188} INFO - [2024-09-02T14:01:31.167+0000] {dag.py:3954} INFO - Setting next_dagrun for tutorial to 2024-09-01 00:00:00+00:00, run_after=2024-09-02 00:00:00+00:00
[2024-09-02T14:01:31.229+0000] {processor.py:183} INFO - Processing /home/airflow/.local/lib/python3.12/site-packages/airflow/example_dags/tutorial.py took 0.250 seconds
[2024-09-02T14:02:01.552+0000] {processor.py:161} INFO - Started process (PID=489) to work on /home/airflow/.local/lib/python3.12/site-packages/airflow/example_dags/tutorial.py
[2024-09-02T14:02:01.553+0000] {processor.py:830} INFO - Processing file /home/airflow/.local/lib/python3.12/site-packages/airflow/example_dags/tutorial.py for tasks to queue
[2024-09-02T14:02:01.554+0000] {logging_mixin.py:188} INFO - [2024-09-02T14:02:01.554+0000] {dagbag.py:545} INFO - Filling up the DagBag from /home/airflow/.local/lib/python3.12/site-packages/airflow/example_dags/tutorial.py
[2024-09-02T14:02:01.559+0000] {processor.py:840} INFO - DAG(s) 'tutorial' retrieved from /home/airflow/.local/lib/python3.12/site-packages/airflow/example_dags/tutorial.py
[2024-09-02T14:02:01.576+0000] {logging_mixin.py:188} INFO - [2024-09-02T14:02:01.575+0000] {dag.py:3096} INFO - Sync 1 DAGs
[2024-09-02T14:02:01.600+0000] {logging_mixin.py:188} INFO - [2024-09-02T14:02:01.599+0000] {dag.py:3954} INFO - Setting next_dagrun for tutorial to 2024-09-01 00:00:00+00:00, run_after=2024-09-02 00:00:00+00:00
[2024-09-02T14:02:01.621+0000] {processor.py:183} INFO - Processing /home/airflow/.local/lib/python3.12/site-packages/airflow/example_dags/tutorial.py took 0.073 seconds
[2024-09-02T14:02:32.344+0000] {processor.py:161} INFO - Started process (PID=548) to work on /home/airflow/.local/lib/python3.12/site-packages/airflow/example_dags/tutorial.py
[2024-09-02T14:02:32.345+0000] {processor.py:830} INFO - Processing file /home/airflow/.local/lib/python3.12/site-packages/airflow/example_dags/tutorial.py for tasks to queue
[2024-09-02T14:02:32.348+0000] {logging_mixin.py:188} INFO - [2024-09-02T14:02:32.347+0000] {dagbag.py:545} INFO - Filling up the DagBag from /home/airflow/.local/lib/python3.12/site-packages/airflow/example_dags/tutorial.py
[2024-09-02T14:02:32.353+0000] {processor.py:840} INFO - DAG(s) 'tutorial' retrieved from /home/airflow/.local/lib/python3.12/site-packages/airflow/example_dags/tutorial.py
[2024-09-02T14:02:32.371+0000] {logging_mixin.py:188} INFO - [2024-09-02T14:02:32.371+0000] {dag.py:3096} INFO - Sync 1 DAGs
[2024-09-02T14:02:32.398+0000] {logging_mixin.py:188} INFO - [2024-09-02T14:02:32.398+0000] {dag.py:3954} INFO - Setting next_dagrun for tutorial to 2024-09-01 00:00:00+00:00, run_after=2024-09-02 00:00:00+00:00
[2024-09-02T14:02:32.425+0000] {processor.py:183} INFO - Processing /home/airflow/.local/lib/python3.12/site-packages/airflow/example_dags/tutorial.py took 0.089 seconds
[2024-09-02T14:03:02.722+0000] {processor.py:161} INFO - Started process (PID=606) to work on /home/airflow/.local/lib/python3.12/site-packages/airflow/example_dags/tutorial.py
[2024-09-02T14:03:02.723+0000] {processor.py:830} INFO - Processing file /home/airflow/.local/lib/python3.12/site-packages/airflow/example_dags/tutorial.py for tasks to queue
[2024-09-02T14:03:02.725+0000] {logging_mixin.py:188} INFO - [2024-09-02T14:03:02.724+0000] {dagbag.py:545} INFO - Filling up the DagBag from /home/airflow/.local/lib/python3.12/site-packages/airflow/example_dags/tutorial.py
[2024-09-02T14:03:02.730+0000] {processor.py:840} INFO - DAG(s) 'tutorial' retrieved from /home/airflow/.local/lib/python3.12/site-packages/airflow/example_dags/tutorial.py
[2024-09-02T14:03:02.764+0000] {logging_mixin.py:188} INFO - [2024-09-02T14:03:02.764+0000] {dag.py:3096} INFO - Sync 1 DAGs
[2024-09-02T14:03:02.785+0000] {logging_mixin.py:188} INFO - [2024-09-02T14:03:02.785+0000] {dag.py:3954} INFO - Setting next_dagrun for tutorial to 2024-09-01 00:00:00+00:00, run_after=2024-09-02 00:00:00+00:00
[2024-09-02T14:03:02.808+0000] {processor.py:183} INFO - Processing /home/airflow/.local/lib/python3.12/site-packages/airflow/example_dags/tutorial.py took 0.091 seconds
[2024-09-02T14:03:34.309+0000] {processor.py:161} INFO - Started process (PID=669) to work on /home/airflow/.local/lib/python3.12/site-packages/airflow/example_dags/tutorial.py
[2024-09-02T14:03:34.318+0000] {processor.py:830} INFO - Processing file /home/airflow/.local/lib/python3.12/site-packages/airflow/example_dags/tutorial.py for tasks to queue
[2024-09-02T14:03:34.347+0000] {logging_mixin.py:188} INFO - [2024-09-02T14:03:34.347+0000] {dagbag.py:545} INFO - Filling up the DagBag from /home/airflow/.local/lib/python3.12/site-packages/airflow/example_dags/tutorial.py
[2024-09-02T14:03:34.364+0000] {processor.py:840} INFO - DAG(s) 'tutorial' retrieved from /home/airflow/.local/lib/python3.12/site-packages/airflow/example_dags/tutorial.py
[2024-09-02T14:03:34.447+0000] {logging_mixin.py:188} INFO - [2024-09-02T14:03:34.446+0000] {dag.py:3096} INFO - Sync 1 DAGs
[2024-09-02T14:03:34.544+0000] {logging_mixin.py:188} INFO - [2024-09-02T14:03:34.544+0000] {dag.py:3954} INFO - Setting next_dagrun for tutorial to 2024-09-01 00:00:00+00:00, run_after=2024-09-02 00:00:00+00:00
[2024-09-02T14:03:34.615+0000] {processor.py:183} INFO - Processing /home/airflow/.local/lib/python3.12/site-packages/airflow/example_dags/tutorial.py took 0.349 seconds
[2024-09-02T14:04:05.029+0000] {processor.py:161} INFO - Started process (PID=727) to work on /home/airflow/.local/lib/python3.12/site-packages/airflow/example_dags/tutorial.py
[2024-09-02T14:04:05.029+0000] {processor.py:830} INFO - Processing file /home/airflow/.local/lib/python3.12/site-packages/airflow/example_dags/tutorial.py for tasks to queue
[2024-09-02T14:04:05.031+0000] {logging_mixin.py:188} INFO - [2024-09-02T14:04:05.031+0000] {dagbag.py:545} INFO - Filling up the DagBag from /home/airflow/.local/lib/python3.12/site-packages/airflow/example_dags/tutorial.py
[2024-09-02T14:04:05.038+0000] {processor.py:840} INFO - DAG(s) 'tutorial' retrieved from /home/airflow/.local/lib/python3.12/site-packages/airflow/example_dags/tutorial.py
[2024-09-02T14:04:05.116+0000] {logging_mixin.py:188} INFO - [2024-09-02T14:04:05.115+0000] {dag.py:3096} INFO - Sync 1 DAGs
[2024-09-02T14:04:05.165+0000] {logging_mixin.py:188} INFO - [2024-09-02T14:04:05.165+0000] {dag.py:3954} INFO - Setting next_dagrun for tutorial to 2024-09-01 00:00:00+00:00, run_after=2024-09-02 00:00:00+00:00
[2024-09-02T14:04:05.192+0000] {processor.py:183} INFO - Processing /home/airflow/.local/lib/python3.12/site-packages/airflow/example_dags/tutorial.py took 0.170 seconds
