[2024-09-03T13:55:44.106+0000] {local_task_job_runner.py:120} INFO - ::group::Pre task execution logs
[2024-09-03T13:55:44.133+0000] {taskinstance.py:2076} INFO - Dependencies all met for dep_context=non-requeueable deps ti=<TaskInstance: cryptocurrencies_etl.run_pipeline_task scheduled__2024-09-02T00:00:00+00:00 [queued]>
[2024-09-03T13:55:44.141+0000] {taskinstance.py:2076} INFO - Dependencies all met for dep_context=requeueable deps ti=<TaskInstance: cryptocurrencies_etl.run_pipeline_task scheduled__2024-09-02T00:00:00+00:00 [queued]>
[2024-09-03T13:55:44.141+0000] {taskinstance.py:2306} INFO - Starting attempt 1 of 2
[2024-09-03T13:55:44.162+0000] {taskinstance.py:2330} INFO - Executing <Task(PythonOperator): run_pipeline_task> on 2024-09-02 00:00:00+00:00
[2024-09-03T13:55:44.186+0000] {warnings.py:112} WARNING - /home/***/.local/lib/python3.12/site-packages/***/task/task_runner/standard_task_runner.py:61: DeprecationWarning: This process (pid=158) is multi-threaded, use of fork() may lead to deadlocks in the child.
  pid = os.fork()

[2024-09-03T13:55:44.189+0000] {standard_task_runner.py:63} INFO - Started process 167 to run task
[2024-09-03T13:55:44.191+0000] {standard_task_runner.py:90} INFO - Running: ['***', 'tasks', 'run', 'cryptocurrencies_etl', 'run_pipeline_task', 'scheduled__2024-09-02T00:00:00+00:00', '--job-id', '3', '--raw', '--subdir', 'DAGS_FOLDER/dag_etl.py', '--cfg-path', '/tmp/tmp5qpiufmf']
[2024-09-03T13:55:44.194+0000] {standard_task_runner.py:91} INFO - Job 3: Subtask run_pipeline_task
[2024-09-03T13:55:44.258+0000] {task_command.py:426} INFO - Running <TaskInstance: cryptocurrencies_etl.run_pipeline_task scheduled__2024-09-02T00:00:00+00:00 [running]> on host 65832726db39
[2024-09-03T13:55:44.384+0000] {taskinstance.py:2648} INFO - Exporting env vars: AIRFLOW_CTX_DAG_OWNER='***' AIRFLOW_CTX_DAG_ID='cryptocurrencies_etl' AIRFLOW_CTX_TASK_ID='run_pipeline_task' AIRFLOW_CTX_EXECUTION_DATE='2024-09-02T00:00:00+00:00' AIRFLOW_CTX_TRY_NUMBER='1' AIRFLOW_CTX_DAG_RUN_ID='scheduled__2024-09-02T00:00:00+00:00'
[2024-09-03T13:55:44.385+0000] {taskinstance.py:430} INFO - ::endgroup::
[2024-09-03T13:55:46.427+0000] {logging_mixin.py:188} INFO - La Api me extrae un total de filas de: 5000
[2024-09-03T13:55:46.461+0000] {logging_mixin.py:188} INFO -      id         name symbol  market_cap         price     volume_24
0     1      Bitcoin    BTC         NaN  58398.433878  2.378844e+10
1  1027     Ethereum    ETH         NaN   2464.648153  9.814199e+09
2   825  Tether USDt   USDT         NaN      0.999947  4.032020e+10
3  1839          BNB    BNB         NaN    527.891857  1.522652e+09
4  5426       Solana    SOL         NaN    131.616609  1.629236e+09
[2024-09-03T13:59:50.382+0000] {logging_mixin.py:188} INFO - Datos guardados exitosamente en la base de datos.
[2024-09-03T13:59:50.382+0000] {logging_mixin.py:188} INFO - Se han registrado en la base de datos un total de filas de: 2000
[2024-09-03T13:59:50.390+0000] {python.py:237} INFO - Done. Returned value was: None
[2024-09-03T13:59:50.391+0000] {taskinstance.py:441} INFO - ::group::Post task execution logs
[2024-09-03T13:59:50.398+0000] {taskinstance.py:1206} INFO - Marking task as SUCCESS. dag_id=cryptocurrencies_etl, task_id=run_pipeline_task, run_id=scheduled__2024-09-02T00:00:00+00:00, execution_date=20240902T000000, start_date=20240903T135544, end_date=20240903T135950
[2024-09-03T13:59:50.433+0000] {local_task_job_runner.py:240} INFO - Task exited with return code 0
[2024-09-03T13:59:50.447+0000] {taskinstance.py:3503} INFO - 0 downstream tasks scheduled from follow-on schedule check
[2024-09-03T13:59:50.456+0000] {local_task_job_runner.py:222} INFO - ::endgroup::
